<?xml version="1.0" encoding="UTF-8"?>
<testsuites name="brokenLinksImages" time="47" tests="2" failures="0" errors="0">
   <testsuite name="brokenLinksImages" tests="2" failures="0" errors="0" time="47" timestamp="2019-04-03 09:21:59" hostname="ASHA$ - Asha.jmandigital.in" id="Test Suites/REALrating/brokenLinksImages">
      <properties>
         <property name="deviceName" value=""/>
         <property name="devicePlatform" value=""/>
         <property name="logFolder" value="C:\\Users\\Administrator\\git\\didactic-octo-spork\\Reports\\REALrating\\brokenLinksImages\\20190402_182726"/>
         <property name="logFiles" value="C:\\Users\\Administrator\\git\\didactic-octo-spork\\Reports\\REALrating\\brokenLinksImages\\20190402_182726\\execution0.log"/>
         <property name="attachments" value=""/>
         <property name="hostName" value="ASHA$ - Asha.jmandigital.in"/>
         <property name="os" value="Windows 10 32bit"/>
         <property name="katalonVersion" value="5.8.0.1"/>
         <property name="browser" value="Chrome 73.0.3683.86"/>
         <property name="hostAddress" value="192.168.0.32"/>
         <property name="sessionId" value="735be89a8a8db3bac9f02b591f7c07f4"/>
         <property name="seleniumVersion" value="3.7.1"/>
         <property name="proxyInformation" value="ProxyInformation{proxyOption=NO_PROXY, proxyServerType=HTTP, password=, proxyServerAddress=, proxyServerPort=0}"/>
         <property name="platform" value="Windows 10"/>
      </properties>
      <testcase name="Test Cases/REALratings/REALrating/URL" classname="Test Cases/REALratings/REALrating/URL" status="PASSED">
         <system-out><![CDATA[2019-04-03 09:22:00 - [TEST_CASE][PASSED] - Test Cases/REALratings/REALrating/URL: Test Cases/REALratings/REALrating/URL

2019-04-03 09:22:00 - [TEST_STEP][PASSED] - openBrowser: Browser is opened with url: ''

2019-04-03 09:22:07 - [MESSAGE][PASSED] - Browser is opened with url: ''

2019-04-03 09:22:07 - [TEST_STEP][PASSED] - navigateToUrl: Navigate to 'https://uat.realrating.co.uk/' successfully

2019-04-03 09:22:10 - [MESSAGE][PASSED] - Navigate to 'https://uat.realrating.co.uk/' successfully

2019-04-03 09:22:10 - [TEST_STEP][PASSED] - maximizeWindow: Current window maximized

2019-04-03 09:22:12 - [MESSAGE][PASSED] - Current window maximized]]></system-out>
         <system-err><![CDATA[]]></system-err>
      </testcase>
      <testcase name="Test Cases/REALratings/REALrating/allLinksAllAccessible" classname="Test Cases/REALratings/REALrating/allLinksAllAccessible" status="PASSED">
         <system-out><![CDATA[2019-04-03 09:22:12 - [TEST_CASE][PASSED] - Test Cases/REALratings/REALrating/allLinksAllAccessible: Test Cases/REALratings/REALrating/allLinksAllAccessible

2019-04-03 09:22:12 - [TEST_STEP][PASSED] - verifyAllLinksOnCurrentPageAccessible: All links on the page 'https://uat.realrating.co.uk/' are accessible

2019-04-03 09:22:12 - [MESSAGE][PASSED] - Found 25 unique links on the page https://uat.realrating.co.uk/

2019-04-03 09:22:14 - [MESSAGE][PASSED] - Send request successfully

2019-04-03 09:22:15 - [MESSAGE][PASSED] - Send request successfully

2019-04-03 09:22:15 - [MESSAGE][PASSED] - Send request successfully

2019-04-03 09:22:16 - [MESSAGE][PASSED] - Send request successfully

2019-04-03 09:22:17 - [MESSAGE][PASSED] - Send request successfully

2019-04-03 09:22:19 - [MESSAGE][PASSED] - Send request successfully

2019-04-03 09:22:20 - [MESSAGE][PASSED] - Send request successfully

2019-04-03 09:22:20 - [MESSAGE][PASSED] - Send request successfully

2019-04-03 09:22:21 - [MESSAGE][PASSED] - Send request successfully

2019-04-03 09:22:22 - [MESSAGE][PASSED] - Send request successfully

2019-04-03 09:22:23 - [MESSAGE][PASSED] - Send request successfully

2019-04-03 09:22:24 - [MESSAGE][PASSED] - Send request successfully

2019-04-03 09:22:25 - [MESSAGE][PASSED] - Send request successfully

2019-04-03 09:22:26 - [MESSAGE][PASSED] - Send request successfully

2019-04-03 09:22:30 - [MESSAGE][PASSED] - Send request successfully

2019-04-03 09:22:31 - [MESSAGE][PASSED] - Send request successfully

2019-04-03 09:22:31 - [MESSAGE][PASSED] - Send request successfully

2019-04-03 09:22:32 - [MESSAGE][PASSED] - Send request successfully

2019-04-03 09:22:33 - [MESSAGE][PASSED] - Send request successfully

2019-04-03 09:22:33 - [MESSAGE][PASSED] - Send request successfully

2019-04-03 09:22:34 - [MESSAGE][PASSED] - Send request successfully

2019-04-03 09:22:35 - [MESSAGE][PASSED] - Send request successfully

2019-04-03 09:22:35 - [MESSAGE][PASSED] - Send request successfully

2019-04-03 09:22:36 - [MESSAGE][PASSED] - Send request successfully

2019-04-03 09:22:46 - [MESSAGE][PASSED] - Send request successfully

2019-04-03 09:22:46 - [MESSAGE][PASSED] - All links are accessible

2019-04-03 09:22:46 - [MESSAGE][PASSED] - All links on the page 'https://uat.realrating.co.uk/' are accessible]]></system-out>
         <system-err><![CDATA[]]></system-err>
      </testcase>
      <system-out><![CDATA[2019-04-03 09:21:59 - [TEST_SUITE][PASSED] - brokenLinksImages: Test Cases/REALratings/REALrating/allLinksAllAccessible]]></system-out>
      <system-err><![CDATA[]]></system-err>
   </testsuite>
</testsuites>
