<?xml version="1.0" encoding="UTF-8"?>
<testsuites name="Enki Login" time="39" tests="1" failures="0" errors="0">
   <testsuite name="Enki Login" tests="1" failures="0" errors="0" time="39" timestamp="2019-08-06 15:49:59" hostname="sambhavi - sambhavi.jmandigital.in" id="Test Suites/Enki/Enki Login">
      <properties>
         <property name="deviceName" value=""/>
         <property name="devicePlatform" value=""/>
         <property name="logFolder" value="C:\\Users\\sambhavi\\git\\didactic-octo-spork\\Reports\\Enki\\Enki Login\\20190806_154957"/>
         <property name="logFiles" value="C:\\Users\\sambhavi\\git\\didactic-octo-spork\\Reports\\Enki\\Enki Login\\20190806_154957\\execution0.log"/>
         <property name="attachments" value=""/>
         <property name="hostName" value="sambhavi - sambhavi.jmandigital.in"/>
         <property name="os" value="Windows 10 64bit"/>
         <property name="katalonVersion" value="6.0.5.10"/>
         <property name="browser" value="Chrome 75.0.3770.142"/>
         <property name="hostAddress" value="192.168.0.185"/>
         <property name="sessionId" value="6be8fe878469ff9afec79498f3bb76e9"/>
         <property name="seleniumVersion" value="3.7.1"/>
         <property name="proxyInformation" value="ProxyInformation{proxyOption=NO_PROXY, proxyServerType=HTTP, password=, proxyServerAddress=, proxyServerPort=0}"/>
         <property name="platform" value="Windows 10"/>
      </properties>
      <testcase name="Test Cases/Management Screen (Settings)/Login/Enki Login" classname="Test Cases/Management Screen (Settings)/Login/Enki Login" status="PASSED">
         <system-out><![CDATA[2019-08-06 15:50:00 - [TEST_CASE][PASSED] - Test Cases/Management Screen (Settings)/Login/Enki Login: Test Cases/Management Screen (Settings)/Login/Enki Login

2019-08-06 15:50:00 - [TEST_STEP][PASSED] - comment("Enki - Login"): Enki - Login

2019-08-06 15:50:00 - [MESSAGE][INFO] - Enki - Login

2019-08-06 15:50:00 - [TEST_STEP][PASSED] - openBrowser(""): Browser is opened with url: ''

2019-08-06 15:50:00 - [MESSAGE][INFO] - Starting 'Chrome' driver

2019-08-06 15:50:00 - [MESSAGE][INFO] - Action delay is set to 0 seconds

2019-08-06 15:50:03 - [MESSAGE][PASSED] - Browser is opened with url: ''

2019-08-06 15:50:03 - [TEST_STEP][PASSED] - navigateToUrl("https://uat-enki.upreach.org.uk/"): Navigate to 'https://uat-enki.upreach.org.uk/' successfully

2019-08-06 15:50:08 - [MESSAGE][PASSED] - Navigate to 'https://uat-enki.upreach.org.uk/' successfully

2019-08-06 15:50:08 - [TEST_STEP][PASSED] - maximizeWindow(): Current window maximized

2019-08-06 15:50:09 - [MESSAGE][PASSED] - Current window maximized

2019-08-06 15:50:09 - [TEST_STEP][PASSED] - log = new com.kms.katalon.core.logging.KeywordLogger(): null

2019-08-06 15:50:09 - [TEST_STEP][PASSED] - try: Text 'adam@mydomain.com' is set on object 'Object Repository/Management Screen (Settings)/Enki Login/Page_Welcome to UpReach/Username'

2019-08-06 15:50:09 - [TEST_STEP][PASSED] - log.logInfo("---------User Name exists --------------"): ---------User Name exists --------------

2019-08-06 15:50:09 - [MESSAGE][INFO] - ---------User Name exists --------------

2019-08-06 15:50:09 - [TEST_STEP][PASSED] - setText(findTestObject("Management Screen (Settings)/Enki Login/Page_Welcome to UpReach/Username"), "adam@mydomain.com"): Text 'adam@mydomain.com' is set on object 'Object Repository/Management Screen (Settings)/Enki Login/Page_Welcome to UpReach/Username'

2019-08-06 15:50:09 - [MESSAGE][PASSED] - Text 'adam@mydomain.com' is set on object 'Object Repository/Management Screen (Settings)/Enki Login/Page_Welcome to UpReach/Username'

2019-08-06 15:50:09 - [TEST_STEP][PASSED] - try: Text ****** has been set on object 'Object Repository/Management Screen (Settings)/Enki Login/Page_Welcome to UpReach/Password'

2019-08-06 15:50:09 - [TEST_STEP][PASSED] - log.logInfo("---------password exists --------------"): ---------password exists --------------

2019-08-06 15:50:09 - [MESSAGE][INFO] - ---------password exists --------------

2019-08-06 15:50:09 - [TEST_STEP][PASSED] - setEncryptedText(findTestObject("Management Screen (Settings)/Enki Login/Page_Welcome to UpReach/Password"), "qyc7M0v/URyD44GTYZMjdA=="): Text ****** has been set on object 'Object Repository/Management Screen (Settings)/Enki Login/Page_Welcome to UpReach/Password'

2019-08-06 15:50:09 - [MESSAGE][PASSED] - Text ****** has been set on object 'Object Repository/Management Screen (Settings)/Enki Login/Page_Welcome to UpReach/Password'

2019-08-06 15:50:09 - [TEST_STEP][PASSED] - try: Object: 'Object Repository/Management Screen (Settings)/Enki Login/Page_Welcome to UpReach/Login Button' is clicked on

2019-08-06 15:50:09 - [TEST_STEP][PASSED] - log.logInfo("---------Log In  exists --------------"): ---------Log In  exists --------------

2019-08-06 15:50:09 - [MESSAGE][INFO] - ---------Log In  exists --------------

2019-08-06 15:50:09 - [TEST_STEP][PASSED] - click(findTestObject("Management Screen (Settings)/Enki Login/Page_Welcome to UpReach/Login Button")): Object: 'Object Repository/Management Screen (Settings)/Enki Login/Page_Welcome to UpReach/Login Button' is clicked on

2019-08-06 15:50:09 - [MESSAGE][PASSED] - Object: 'Object Repository/Management Screen (Settings)/Enki Login/Page_Welcome to UpReach/Login Button' is clicked on

2019-08-06 15:50:09 - [TEST_STEP][PASSED] - delay(5): Delayed 5 second(s)

2019-08-06 15:50:15 - [MESSAGE][PASSED] - Delayed 5 second(s)

2019-08-06 15:50:15 - [TEST_STEP][PASSED] - currentpageurl = getUrl(): Current window's url is: 'https://uat-enki.upreach.org.uk/home'

2019-08-06 15:50:33 - [MESSAGE][PASSED] - Current window's url is: 'https://uat-enki.upreach.org.uk/home'

2019-08-06 15:50:33 - [TEST_STEP][PASSED] - if (currentpageurl.equals("https://uat-enki.upreach.org.uk/home")): --------- Sucessfull Log In --------------

2019-08-06 15:50:33 - [TEST_STEP][PASSED] - log.logInfo("--------- Sucessfull Log In --------------"): --------- Sucessfull Log In --------------

2019-08-06 15:50:33 - [MESSAGE][INFO] - --------- Sucessfull Log In --------------

2019-08-06 15:50:33 - [TEST_STEP][PASSED] - delay(5): Delayed 5 second(s)

2019-08-06 15:50:38 - [MESSAGE][PASSED] - Delayed 5 second(s)]]></system-out>
         <system-err><![CDATA[]]></system-err>
      </testcase>
      <system-out><![CDATA[2019-08-06 15:49:59 - [TEST_SUITE][PASSED] - Enki Login: Test Cases/Management Screen (Settings)/Login/Enki Login]]></system-out>
      <system-err><![CDATA[]]></system-err>
   </testsuite>
</testsuites>
