<?xml version="1.0" encoding="UTF-8"?>
<testsuites name="getEmployable- Autosifting" time="193" tests="14" failures="0" errors="0">
   <testsuite name="getEmployable- Autosifting" tests="14" failures="0" errors="0" time="193" timestamp="2019-07-30 09:40:08" hostname="sambhavi - sambhavi.jmandigital.in" id="Test Suites/getEmployable/getEmployable- Autosifting">
      <properties>
         <property name="deviceName" value=""/>
         <property name="devicePlatform" value=""/>
         <property name="logFolder" value="C:\\Users\\sambhavi\\git\\didactic-octo-spork\\Reports\\getEmployable\\getEmployable- Autosifting\\20190730_094006"/>
         <property name="logFiles" value="C:\\Users\\sambhavi\\git\\didactic-octo-spork\\Reports\\getEmployable\\getEmployable- Autosifting\\20190730_094006\\execution0.log"/>
         <property name="attachments" value="C:\\Users\\sambhavi\\git\\didactic-octo-spork\\Reports\\getEmployable\\getEmployable- Autosifting\\20190730_094006\\1564460001690.png"/>
         <property name="hostName" value="sambhavi - sambhavi.jmandigital.in"/>
         <property name="os" value="Windows 10 64bit"/>
         <property name="katalonVersion" value="6.0.5.10"/>
         <property name="browser" value="Chrome 75.0.3770.142"/>
         <property name="hostAddress" value="192.168.0.185"/>
         <property name="sessionId" value="50582aca8ed16a1ecafe9196c7d7f552"/>
         <property name="seleniumVersion" value="3.7.1"/>
         <property name="proxyInformation" value="ProxyInformation{proxyOption=NO_PROXY, proxyServerType=HTTP, password=, proxyServerAddress=, proxyServerPort=0}"/>
         <property name="platform" value="Windows 10"/>
      </properties>
      <testcase name="Test Cases/getEmployable/getEmployable Random/launchSite" classname="Test Cases/getEmployable/getEmployable Random/launchSite" status="PASSED">
         <system-out><![CDATA[2019-07-30 09:40:09 - [TEST_CASE][PASSED] - Test Cases/getEmployable/getEmployable Random/launchSite: Test Cases/getEmployable/getEmployable Random/launchSite

2019-07-30 09:40:09 - [TEST_STEP][PASSED] - comment("Opening getEmployable application"): Opening getEmployable application

2019-07-30 09:40:09 - [MESSAGE][INFO] - Opening getEmployable application

2019-07-30 09:40:09 - [TEST_STEP][PASSED] - openBrowser(""): Browser is opened with url: ''

2019-07-30 09:40:09 - [MESSAGE][INFO] - Starting 'Chrome' driver

2019-07-30 09:40:09 - [MESSAGE][INFO] - Action delay is set to 0 seconds

2019-07-30 09:40:13 - [MESSAGE][PASSED] - Browser is opened with url: ''

2019-07-30 09:40:13 - [TEST_STEP][PASSED] - navigateToUrl(findTestData("getEmployable/URL").getValue(1, 1)): Navigate to 'https://uat.getemployable.org/gef-assessment' successfully

2019-07-30 09:40:18 - [MESSAGE][PASSED] - Navigate to 'https://uat.getemployable.org/gef-assessment' successfully

2019-07-30 09:40:18 - [TEST_STEP][PASSED] - maximizeWindow(): Current window maximized

2019-07-30 09:40:19 - [MESSAGE][PASSED] - Current window maximized

2019-07-30 09:40:19 - [TEST_STEP][PASSED] - verifyElementPresent(findTestObject("getEmployable/form"), 10, STOP_ON_FAILURE): Object 'Object Repository/getEmployable/form' is present

2019-07-30 09:40:19 - [MESSAGE][PASSED] - Object 'Object Repository/getEmployable/form' is present

2019-07-30 09:40:19 - [TEST_STEP][PASSED] - delay(5): Delayed 5 second(s)

2019-07-30 09:40:24 - [MESSAGE][PASSED] - Delayed 5 second(s)]]></system-out>
         <system-err><![CDATA[]]></system-err>
      </testcase>
      <testcase name="Test Cases/getEmployable/getEmployable Auto sifting/Aboutyou" classname="Test Cases/getEmployable/getEmployable Auto sifting/Aboutyou" status="PASSED">
         <system-out><![CDATA[2019-07-30 09:40:24 - [TEST_CASE][PASSED] - Test Cases/getEmployable/getEmployable Auto sifting/Aboutyou: Test Cases/getEmployable/getEmployable Auto sifting/Aboutyou

2019-07-30 09:40:24 - [TEST_STEP][PASSED] - comment("Enter aboutYou page details"): Enter aboutYou page details

2019-07-30 09:40:24 - [MESSAGE][INFO] - Enter aboutYou page details

2019-07-30 09:40:24 - [TEST_STEP][PASSED] - setText(findTestObject("getEmployable/input_First Name"), "Jam"): Text 'Jam' is set on object 'Object Repository/getEmployable/input_First Name'

2019-07-30 09:40:25 - [MESSAGE][PASSED] - Text 'Jam' is set on object 'Object Repository/getEmployable/input_First Name'

2019-07-30 09:40:25 - [TEST_STEP][PASSED] - setText(findTestObject("getEmployable/input_Last name"), findTestData("getEmployable/Applicants").getValue(2, 1)): Text 'Rajendran' is set on object 'Object Repository/getEmployable/input_Last name'

2019-07-30 09:40:25 - [MESSAGE][PASSED] - Text 'Rajendran' is set on object 'Object Repository/getEmployable/input_Last name'

2019-07-30 09:40:25 - [TEST_STEP][PASSED] - rad = new java.util.Random(): null

2019-07-30 09:40:25 - [TEST_STEP][PASSED] - Email = rad.nextInt(2000): null

2019-07-30 09:40:25 - [TEST_STEP][PASSED] - setText(findTestObject("getEmployable/input_University Email"), "test" + Email + "@ac.uk"): Text 'test1351@ac.uk' is set on object 'Object Repository/getEmployable/input_University Email'

2019-07-30 09:40:25 - [MESSAGE][PASSED] - Text 'test1351@ac.uk' is set on object 'Object Repository/getEmployable/input_University Email'

2019-07-30 09:40:25 - [TEST_STEP][PASSED] - setText(findTestObject("getEmployable/input_Personal Email"), "personal" + Email + "@test.com"): Text 'personal1351@test.com' is set on object 'Object Repository/getEmployable/input_Personal Email'

2019-07-30 09:40:25 - [MESSAGE][PASSED] - Text 'personal1351@test.com' is set on object 'Object Repository/getEmployable/input_Personal Email'

2019-07-30 09:40:25 - [TEST_STEP][PASSED] - setText(findTestObject("getEmployable/input_Phone Number"), findTestData("getEmployable/Applicants").getValue(5, 1)): Text '08125648521' is set on object 'Object Repository/getEmployable/input_Phone Number'

2019-07-30 09:40:26 - [MESSAGE][PASSED] - Text '08125648521' is set on object 'Object Repository/getEmployable/input_Phone Number'

2019-07-30 09:40:26 - [TEST_STEP][PASSED] - delay(10): Delayed 10 second(s)

2019-07-30 09:40:36 - [MESSAGE][PASSED] - Delayed 10 second(s)

2019-07-30 09:40:36 - [TEST_STEP][PASSED] - click(findTestObject("getEmployable/input_date Of Birth"), STOP_ON_FAILURE): Object: 'Object Repository/getEmployable/input_date Of Birth' is clicked on

2019-07-30 09:40:36 - [MESSAGE][PASSED] - Object: 'Object Repository/getEmployable/input_date Of Birth' is clicked on

2019-07-30 09:40:36 - [TEST_STEP][PASSED] - click(findTestObject("getEmployable (Siftings)/date picker")): Object: 'Object Repository/getEmployable (Siftings)/date picker' is clicked on

2019-07-30 09:40:37 - [MESSAGE][PASSED] - Object: 'Object Repository/getEmployable (Siftings)/date picker' is clicked on

2019-07-30 09:40:37 - [TEST_STEP][PASSED] - click(findTestObject("getEmployable (Siftings)/date picker")): Object: 'Object Repository/getEmployable (Siftings)/date picker' is clicked on

2019-07-30 09:40:37 - [MESSAGE][PASSED] - Object: 'Object Repository/getEmployable (Siftings)/date picker' is clicked on

2019-07-30 09:40:37 - [TEST_STEP][PASSED] - click(findTestObject("getEmployable (Siftings)/date picker")): Object: 'Object Repository/getEmployable (Siftings)/date picker' is clicked on

2019-07-30 09:40:37 - [MESSAGE][PASSED] - Object: 'Object Repository/getEmployable (Siftings)/date picker' is clicked on

2019-07-30 09:40:37 - [TEST_STEP][PASSED] - click(findTestObject("getEmployable (Siftings)/date picker")): Object: 'Object Repository/getEmployable (Siftings)/date picker' is clicked on

2019-07-30 09:40:37 - [MESSAGE][PASSED] - Object: 'Object Repository/getEmployable (Siftings)/date picker' is clicked on

2019-07-30 09:40:37 - [TEST_STEP][PASSED] - click(findTestObject("ApplyNow/Page_getEmployable - Assessment Form/a_04")): Object: 'Object Repository/ApplyNow/Page_getEmployable - Assessment Form/a_04' is clicked on

2019-07-30 09:40:37 - [MESSAGE][PASSED] - Object: 'Object Repository/ApplyNow/Page_getEmployable - Assessment Form/a_04' is clicked on

2019-07-30 09:40:37 - [TEST_STEP][PASSED] - delay(5): Delayed 5 second(s)

2019-07-30 09:40:42 - [MESSAGE][PASSED] - Delayed 5 second(s)

2019-07-30 09:40:42 - [TEST_STEP][PASSED] - click(findTestObject("getEmployable/gender")): Object: 'Object Repository/getEmployable/gender' is clicked on

2019-07-30 09:40:42 - [MESSAGE][PASSED] - Object: 'Object Repository/getEmployable/gender' is clicked on

2019-07-30 09:40:42 - [TEST_STEP][PASSED] - click(findTestObject("getEmployable/input_Other_next")): Object: 'Object Repository/getEmployable/input_Other_next' is clicked on

2019-07-30 09:40:42 - [MESSAGE][PASSED] - Object: 'Object Repository/getEmployable/input_Other_next' is clicked on]]></system-out>
         <system-err><![CDATA[]]></system-err>
      </testcase>
      <testcase name="Test Cases/getEmployable/getEmployable Auto sifting/University Details" classname="Test Cases/getEmployable/getEmployable Auto sifting/University Details" status="PASSED">
         <system-out><![CDATA[2019-07-30 09:40:42 - [TEST_CASE][PASSED] - Test Cases/getEmployable/getEmployable Auto sifting/University Details: Test Cases/getEmployable/getEmployable Auto sifting/University Details

2019-07-30 09:40:42 - [TEST_STEP][PASSED] - comment("Autosifting-University criteria"): Autosifting-University criteria

2019-07-30 09:40:42 - [MESSAGE][INFO] - Autosifting-University criteria

2019-07-30 09:40:42 - [TEST_STEP][PASSED] - delay(5): Delayed 5 second(s)

2019-07-30 09:40:47 - [MESSAGE][PASSED] - Delayed 5 second(s)

2019-07-30 09:40:47 - [TEST_STEP][PASSED] - rad = new java.util.Random(): null

2019-07-30 09:40:47 - [TEST_STEP][PASSED] - UniversityTotalOption = getNumberOfTotalOption(findTestObject("getEmployable/select_University")): 155 options of object 'Object Repository/getEmployable/select_University' counted

2019-07-30 09:40:47 - [MESSAGE][PASSED] - 155 options of object 'Object Repository/getEmployable/select_University' counted

2019-07-30 09:40:47 - [TEST_STEP][PASSED] - UniversityCount = 1 + rad.nextInt(UniversityTotalOption - 1): null

2019-07-30 09:40:47 - [TEST_STEP][PASSED] - selectOptionByIndex(findTestObject("getEmployable/select_University"), UniversityCount): All options with index in [9] are selected on object 'Object Repository/getEmployable/select_University'

2019-07-30 09:40:48 - [MESSAGE][PASSED] - All options with index in [9] are selected on object 'Object Repository/getEmployable/select_University'

2019-07-30 09:40:48 - [TEST_STEP][PASSED] - delay(5): Delayed 5 second(s)

2019-07-30 09:40:53 - [MESSAGE][PASSED] - Delayed 5 second(s)

2019-07-30 09:40:53 - [TEST_STEP][PASSED] - click(findTestObject("getEmployable (Siftings)/University course - acc and finance")): Object: 'Object Repository/getEmployable (Siftings)/University course - acc and finance' is clicked on

2019-07-30 09:40:53 - [MESSAGE][PASSED] - Object: 'Object Repository/getEmployable (Siftings)/University course - acc and finance' is clicked on

2019-07-30 09:40:53 - [TEST_STEP][PASSED] - click(findTestObject("getEmployable (Siftings)/degree"), STOP_ON_FAILURE): Object: 'Object Repository/getEmployable (Siftings)/degree' is clicked on

2019-07-30 09:40:53 - [MESSAGE][PASSED] - Object: 'Object Repository/getEmployable (Siftings)/degree' is clicked on

2019-07-30 09:40:53 - [TEST_STEP][PASSED] - CourseDurationTotalOptions = getNumberOfTotalOption(findTestObject("getEmployable/select_CourseDuration")): 7 options of object 'Object Repository/getEmployable/select_CourseDuration' counted

2019-07-30 09:40:53 - [MESSAGE][PASSED] - 7 options of object 'Object Repository/getEmployable/select_CourseDuration' counted

2019-07-30 09:40:53 - [TEST_STEP][PASSED] - CourseDurationCount = 1 + rad.nextInt(CourseDurationTotalOptions - 1): null

2019-07-30 09:40:53 - [TEST_STEP][PASSED] - selectOptionByIndex(findTestObject("getEmployable/select_CourseDuration"), CourseDurationCount): All options with index in [2] are selected on object 'Object Repository/getEmployable/select_CourseDuration'

2019-07-30 09:40:53 - [MESSAGE][PASSED] - All options with index in [2] are selected on object 'Object Repository/getEmployable/select_CourseDuration'

2019-07-30 09:40:53 - [TEST_STEP][PASSED] - selectOptionByIndex(findTestObject("getEmployable/select_YearOfStudy"), CourseDurationCount): All options with index in [2] are selected on object 'Object Repository/getEmployable/select_YearOfStudy'

2019-07-30 09:40:53 - [MESSAGE][PASSED] - All options with index in [2] are selected on object 'Object Repository/getEmployable/select_YearOfStudy'

2019-07-30 09:40:53 - [TEST_STEP][PASSED] - click(findTestObject("getEmployable/select_FullTime")): Object: 'Object Repository/getEmployable/select_FullTime' is clicked on

2019-07-30 09:40:53 - [MESSAGE][PASSED] - Object: 'Object Repository/getEmployable/select_FullTime' is clicked on

2019-07-30 09:40:53 - [TEST_STEP][PASSED] - delay(10): Delayed 10 second(s)

2019-07-30 09:41:03 - [MESSAGE][PASSED] - Delayed 10 second(s)

2019-07-30 09:41:03 - [TEST_STEP][PASSED] - click(findTestObject("getEmployable/button_NextUniversity")): Object: 'Object Repository/getEmployable/button_NextUniversity' is clicked on

2019-07-30 09:41:04 - [MESSAGE][PASSED] - Object: 'Object Repository/getEmployable/button_NextUniversity' is clicked on

2019-07-30 09:41:04 - [TEST_STEP][PASSED] - delay(2): Delayed 2 second(s)

2019-07-30 09:41:06 - [MESSAGE][PASSED] - Delayed 2 second(s)]]></system-out>
         <system-err><![CDATA[]]></system-err>
      </testcase>
      <testcase name="Test Cases/getEmployable/getEmployable Random/Employee pages/Emp page 1" classname="Test Cases/getEmployable/getEmployable Random/Employee pages/Emp page 1" status="PASSED">
         <system-out><![CDATA[2019-07-30 09:41:06 - [TEST_CASE][PASSED] - Test Cases/getEmployable/getEmployable Random/Employee pages/Emp page 1: Test Cases/getEmployable/getEmployable Random/Employee pages/Emp page 1

2019-07-30 09:41:06 - [TEST_STEP][PASSED] - comment("Enter Employee page 1 details"): Enter Employee page 1 details

2019-07-30 09:41:06 - [MESSAGE][INFO] - Enter Employee page 1 details

2019-07-30 09:41:06 - [TEST_STEP][PASSED] - click(findTestObject("Employee details/Employee pages/Emp page 1/Page_getEmployable - Assessment Form/input_Under 3 months_option_question_32")): Object: 'Object Repository/Employee details/Employee pages/Emp page 1/Page_getEmployable - Assessment Form/input_Under 3 months_option_question_32' is clicked on

2019-07-30 09:41:06 - [MESSAGE][PASSED] - Object: 'Object Repository/Employee details/Employee pages/Emp page 1/Page_getEmployable - Assessment Form/input_Under 3 months_option_question_32' is clicked on

2019-07-30 09:41:06 - [TEST_STEP][PASSED] - click(findTestObject("Employee details/Employee pages/Emp page 1/Page_getEmployable - Assessment Form/input_Under 3 months_option_question_33")): Object: 'Object Repository/Employee details/Employee pages/Emp page 1/Page_getEmployable - Assessment Form/input_Under 3 months_option_question_33' is clicked on

2019-07-30 09:41:06 - [MESSAGE][PASSED] - Object: 'Object Repository/Employee details/Employee pages/Emp page 1/Page_getEmployable - Assessment Form/input_Under 3 months_option_question_33' is clicked on

2019-07-30 09:41:06 - [TEST_STEP][PASSED] - click(findTestObject("Employee details/Employee pages/Emp page 1/Page_getEmployable - Assessment Form/input_None_option_question_34")): Object: 'Object Repository/Employee details/Employee pages/Emp page 1/Page_getEmployable - Assessment Form/input_None_option_question_34' is clicked on

2019-07-30 09:41:06 - [MESSAGE][PASSED] - Object: 'Object Repository/Employee details/Employee pages/Emp page 1/Page_getEmployable - Assessment Form/input_None_option_question_34' is clicked on

2019-07-30 09:41:06 - [TEST_STEP][PASSED] - click(findTestObject("Employee details/Employee pages/Emp page 1/Page_getEmployable - Assessment Form/input_None_option_question_35")): Object: 'Object Repository/Employee details/Employee pages/Emp page 1/Page_getEmployable - Assessment Form/input_None_option_question_35' is clicked on

2019-07-30 09:41:06 - [MESSAGE][PASSED] - Object: 'Object Repository/Employee details/Employee pages/Emp page 1/Page_getEmployable - Assessment Form/input_None_option_question_35' is clicked on

2019-07-30 09:41:06 - [TEST_STEP][PASSED] - click(findTestObject("Employee details/Employee pages/Emp page 1/Page_getEmployable - Assessment Form/input_Yes typically averaging at least 1-2 hours per week for the last year or more._option_question_36")): Object: 'Object Repository/Employee details/Employee pages/Emp page 1/Page_getEmployable - Assessment Form/input_Yes typically averaging at least 1-2 hours per week for the last year or more._option_question_36' is clicked on

2019-07-30 09:41:06 - [MESSAGE][PASSED] - Object: 'Object Repository/Employee details/Employee pages/Emp page 1/Page_getEmployable - Assessment Form/input_Yes typically averaging at least 1-2 hours per week for the last year or more._option_question_36' is clicked on

2019-07-30 09:41:06 - [TEST_STEP][PASSED] - click(findTestObject("Employee details/Employee pages/Emp page 1/Page_getEmployable - Assessment Form/input_None_option_question_37")): Object: 'Object Repository/Employee details/Employee pages/Emp page 1/Page_getEmployable - Assessment Form/input_None_option_question_37' is clicked on

2019-07-30 09:41:06 - [MESSAGE][PASSED] - Object: 'Object Repository/Employee details/Employee pages/Emp page 1/Page_getEmployable - Assessment Form/input_None_option_question_37' is clicked on

2019-07-30 09:41:06 - [TEST_STEP][PASSED] - click(findTestObject("Employee details/Employee pages/Emp page 1/Page_getEmployable - Assessment Form/input_None_option_question_38")): Object: 'Object Repository/Employee details/Employee pages/Emp page 1/Page_getEmployable - Assessment Form/input_None_option_question_38' is clicked on

2019-07-30 09:41:06 - [MESSAGE][PASSED] - Object: 'Object Repository/Employee details/Employee pages/Emp page 1/Page_getEmployable - Assessment Form/input_None_option_question_38' is clicked on

2019-07-30 09:41:06 - [TEST_STEP][PASSED] - click(findTestObject("Employee details/Employee pages/Emp page 1/Page_getEmployable - Assessment Form/input_None_option_question_39")): Object: 'Object Repository/Employee details/Employee pages/Emp page 1/Page_getEmployable - Assessment Form/input_None_option_question_39' is clicked on

2019-07-30 09:41:06 - [MESSAGE][PASSED] - Object: 'Object Repository/Employee details/Employee pages/Emp page 1/Page_getEmployable - Assessment Form/input_None_option_question_39' is clicked on

2019-07-30 09:41:06 - [TEST_STEP][PASSED] - click(findTestObject("Employee details/Employee pages/Emp page 1/Page_getEmployable - Assessment Form/input_Yes - mainly to work_option_question_40")): Object: 'Object Repository/Employee details/Employee pages/Emp page 1/Page_getEmployable - Assessment Form/input_Yes - mainly to work_option_question_40' is clicked on

2019-07-30 09:41:06 - [MESSAGE][PASSED] - Object: 'Object Repository/Employee details/Employee pages/Emp page 1/Page_getEmployable - Assessment Form/input_Yes - mainly to work_option_question_40' is clicked on

2019-07-30 09:41:06 - [TEST_STEP][PASSED] - click(findTestObject("Employee details/Employee pages/Emp page 1/Page_getEmployable - Assessment Form/input_Interview(s) with Careers Advisor_option_question_41")): Object: 'Object Repository/Employee details/Employee pages/Emp page 1/Page_getEmployable - Assessment Form/input_Interview(s) with Careers Advisor_option_question_41' is clicked on

2019-07-30 09:41:07 - [MESSAGE][PASSED] - Object: 'Object Repository/Employee details/Employee pages/Emp page 1/Page_getEmployable - Assessment Form/input_Interview(s) with Careers Advisor_option_question_41' is clicked on

2019-07-30 09:41:07 - [TEST_STEP][PASSED] - click(findTestObject("Employee details/Employee pages/Emp page 1/Page_getEmployable - Assessment Form/input_Very helpful_followup_question_4")): Object: 'Object Repository/Employee details/Employee pages/Emp page 1/Page_getEmployable - Assessment Form/input_Very helpful_followup_question_4' is clicked on

2019-07-30 09:41:07 - [MESSAGE][PASSED] - Object: 'Object Repository/Employee details/Employee pages/Emp page 1/Page_getEmployable - Assessment Form/input_Very helpful_followup_question_4' is clicked on

2019-07-30 09:41:07 - [TEST_STEP][PASSED] - click(findTestObject("Employee details/Employee pages/Emp page 1/Page_getEmployable - Assessment Form/input_Knowledgable about some relevant careers._option_question_43")): Object: 'Object Repository/Employee details/Employee pages/Emp page 1/Page_getEmployable - Assessment Form/input_Knowledgable about some relevant careers._option_question_43' is clicked on

2019-07-30 09:41:07 - [MESSAGE][PASSED] - Object: 'Object Repository/Employee details/Employee pages/Emp page 1/Page_getEmployable - Assessment Form/input_Knowledgable about some relevant careers._option_question_43' is clicked on

2019-07-30 09:41:07 - [TEST_STEP][PASSED] - click(findTestObject("Employee details/Employee pages/Emp page 1/Page_getEmployable - Assessment Form/input_Yes they helped me a little_option_question_44")): Object: 'Object Repository/Employee details/Employee pages/Emp page 1/Page_getEmployable - Assessment Form/input_Yes they helped me a little_option_question_44' is clicked on

2019-07-30 09:41:07 - [MESSAGE][PASSED] - Object: 'Object Repository/Employee details/Employee pages/Emp page 1/Page_getEmployable - Assessment Form/input_Yes they helped me a little_option_question_44' is clicked on

2019-07-30 09:41:07 - [TEST_STEP][PASSED] - click(findTestObject("Employee details/Employee pages/Emp page 1/Page_getEmployable - Assessment Form/input_My family_option_question_46")): Object: 'Object Repository/Employee details/Employee pages/Emp page 1/Page_getEmployable - Assessment Form/input_My family_option_question_46' is clicked on

2019-07-30 09:41:07 - [MESSAGE][PASSED] - Object: 'Object Repository/Employee details/Employee pages/Emp page 1/Page_getEmployable - Assessment Form/input_My family_option_question_46' is clicked on

2019-07-30 09:41:07 - [TEST_STEP][PASSED] - click(findTestObject("Employee details/Employee pages/Emp page 1/Page_getEmployable - Assessment Form/input_Friends of my family have helped me secure useful work experience._option_question_47")): Object: 'Object Repository/Employee details/Employee pages/Emp page 1/Page_getEmployable - Assessment Form/input_Friends of my family have helped me secure useful work experience._option_question_47' is clicked on

2019-07-30 09:41:07 - [MESSAGE][PASSED] - Object: 'Object Repository/Employee details/Employee pages/Emp page 1/Page_getEmployable - Assessment Form/input_Friends of my family have helped me secure useful work experience._option_question_47' is clicked on

2019-07-30 09:41:07 - [TEST_STEP][PASSED] - click(findTestObject("Employee details/Employee pages/Emp page 1/Page_getEmployable - Assessment Form/span_None of these_fa fa-angle-right fa-2x")): Object: 'Object Repository/Employee details/Employee pages/Emp page 1/Page_getEmployable - Assessment Form/span_None of these_fa fa-angle-right fa-2x' is clicked on

2019-07-30 09:41:07 - [MESSAGE][PASSED] - Object: 'Object Repository/Employee details/Employee pages/Emp page 1/Page_getEmployable - Assessment Form/span_None of these_fa fa-angle-right fa-2x' is clicked on]]></system-out>
         <system-err><![CDATA[]]></system-err>
      </testcase>
      <testcase name="Test Cases/getEmployable/getEmployable Random/Employee pages/Emp page 2" classname="Test Cases/getEmployable/getEmployable Random/Employee pages/Emp page 2" status="PASSED">
         <system-out><![CDATA[2019-07-30 09:41:07 - [TEST_CASE][PASSED] - Test Cases/getEmployable/getEmployable Random/Employee pages/Emp page 2: Test Cases/getEmployable/getEmployable Random/Employee pages/Emp page 2

2019-07-30 09:41:07 - [TEST_STEP][PASSED] - comment("Enter Employee page 2 details"): Enter Employee page 2 details

2019-07-30 09:41:07 - [MESSAGE][INFO] - Enter Employee page 2 details

2019-07-30 09:41:07 - [TEST_STEP][PASSED] - delay(5): Delayed 5 second(s)

2019-07-30 09:41:12 - [MESSAGE][PASSED] - Delayed 5 second(s)

2019-07-30 09:41:12 - [TEST_STEP][PASSED] - click(findTestObject("Employee details/Employee pages/Emp page 2/Page_getEmployable - Assessment Form/input_I dont know much about any careers  suited to me._option_question_19")): Object: 'Object Repository/Employee details/Employee pages/Emp page 2/Page_getEmployable - Assessment Form/input_I dont know much about any careers  suited to me._option_question_19' is clicked on

2019-07-30 09:41:13 - [MESSAGE][PASSED] - Object: 'Object Repository/Employee details/Employee pages/Emp page 2/Page_getEmployable - Assessment Form/input_I dont know much about any careers  suited to me._option_question_19' is clicked on

2019-07-30 09:41:13 - [TEST_STEP][PASSED] - click(findTestObject("Employee details/Employee pages/Emp page 2/Page_getEmployable - Assessment Form/input_concat(No I don  t know which career is best for me.)_option_question_24")): Object: 'Object Repository/Employee details/Employee pages/Emp page 2/Page_getEmployable - Assessment Form/input_concat(No I don  t know which career is best for me.)_option_question_24' is clicked on

2019-07-30 09:41:13 - [MESSAGE][PASSED] - Object: 'Object Repository/Employee details/Employee pages/Emp page 2/Page_getEmployable - Assessment Form/input_concat(No I don  t know which career is best for me.)_option_question_24' is clicked on

2019-07-30 09:41:13 - [TEST_STEP][PASSED] - click(findTestObject("Employee details/Employee pages/Emp page 2/Page_getEmployable - Assessment Form/input_The general application process for graduate jobs (and internships if applicable)._option_question_30")): Object: 'Object Repository/Employee details/Employee pages/Emp page 2/Page_getEmployable - Assessment Form/input_The general application process for graduate jobs (and internships if applicable)._option_question_30' is clicked on

2019-07-30 09:41:13 - [MESSAGE][PASSED] - Object: 'Object Repository/Employee details/Employee pages/Emp page 2/Page_getEmployable - Assessment Form/input_The general application process for graduate jobs (and internships if applicable)._option_question_30' is clicked on

2019-07-30 09:41:13 - [TEST_STEP][PASSED] - click(findTestObject("Employee details/Employee pages/Emp page 2/Page_getEmployable - Assessment Form/input_The career trajectory including how promotion is achieved and the pay at each level._option_question_31")): Object: 'Object Repository/Employee details/Employee pages/Emp page 2/Page_getEmployable - Assessment Form/input_The career trajectory including how promotion is achieved and the pay at each level._option_question_31' is clicked on

2019-07-30 09:41:13 - [MESSAGE][PASSED] - Object: 'Object Repository/Employee details/Employee pages/Emp page 2/Page_getEmployable - Assessment Form/input_The career trajectory including how promotion is achieved and the pay at each level._option_question_31' is clicked on

2019-07-30 09:41:13 - [TEST_STEP][PASSED] - click(findTestObject("Employee details/Employee pages/Emp page 2/Page_getEmployable - Assessment Form/span_Not applicable or none of these_fa fa-angle-right fa-2x")): Object: 'Object Repository/Employee details/Employee pages/Emp page 2/Page_getEmployable - Assessment Form/span_Not applicable or none of these_fa fa-angle-right fa-2x' is clicked on

2019-07-30 09:41:13 - [MESSAGE][PASSED] - Object: 'Object Repository/Employee details/Employee pages/Emp page 2/Page_getEmployable - Assessment Form/span_Not applicable or none of these_fa fa-angle-right fa-2x' is clicked on]]></system-out>
         <system-err><![CDATA[]]></system-err>
      </testcase>
      <testcase name="Test Cases/getEmployable/getEmployable Random/Employee pages/Emp page 3" classname="Test Cases/getEmployable/getEmployable Random/Employee pages/Emp page 3" status="PASSED">
         <system-out><![CDATA[2019-07-30 09:41:13 - [TEST_CASE][PASSED] - Test Cases/getEmployable/getEmployable Random/Employee pages/Emp page 3: Test Cases/getEmployable/getEmployable Random/Employee pages/Emp page 3

2019-07-30 09:41:13 - [TEST_STEP][PASSED] - comment("Enter Employee page 3 details"): Enter Employee page 3 details

2019-07-30 09:41:13 - [MESSAGE][INFO] - Enter Employee page 3 details

2019-07-30 09:41:13 - [TEST_STEP][PASSED] - delay(5): Delayed 5 second(s)

2019-07-30 09:41:18 - [MESSAGE][PASSED] - Delayed 5 second(s)

2019-07-30 09:41:18 - [TEST_STEP][PASSED] - click(findTestObject("getEmployable/Employee details/21-05-2019/Emp page 3/Page_getEmployable - Assessment Form/input_Application  Interview Skills_option_question_50")): Object: 'Object Repository/getEmployable/Employee details/21-05-2019/Emp page 3/Page_getEmployable - Assessment Form/input_Application  Interview Skills_option_question_50' is clicked on

2019-07-30 09:41:18 - [MESSAGE][PASSED] - Object: 'Object Repository/getEmployable/Employee details/21-05-2019/Emp page 3/Page_getEmployable - Assessment Form/input_Application  Interview Skills_option_question_50' is clicked on

2019-07-30 09:41:18 - [TEST_STEP][PASSED] - click(findTestObject("Journey,background details/Emp page 3/Page_getEmployable - Assessment Form/input_No_option_question_51")): Object: 'Object Repository/Journey,background details/Emp page 3/Page_getEmployable - Assessment Form/input_No_option_question_51' is clicked on

2019-07-30 09:41:18 - [MESSAGE][PASSED] - Object: 'Object Repository/Journey,background details/Emp page 3/Page_getEmployable - Assessment Form/input_No_option_question_51' is clicked on

2019-07-30 09:41:18 - [TEST_STEP][PASSED] - click(findTestObject("Journey,background details/Emp page 3/Page_getEmployable - Assessment Form/input_Yes - other technique_option_question_52")): Object: 'Object Repository/Journey,background details/Emp page 3/Page_getEmployable - Assessment Form/input_Yes - other technique_option_question_52' is clicked on

2019-07-30 09:41:18 - [MESSAGE][PASSED] - Object: 'Object Repository/Journey,background details/Emp page 3/Page_getEmployable - Assessment Form/input_Yes - other technique_option_question_52' is clicked on

2019-07-30 09:41:18 - [TEST_STEP][PASSED] - click(findTestObject("Journey,background details/Emp page 3/Page_getEmployable - Assessment Form/span_None of the above_fa fa-angle-right fa-2x")): Object: 'Object Repository/Journey,background details/Emp page 3/Page_getEmployable - Assessment Form/span_None of the above_fa fa-angle-right fa-2x' is clicked on

2019-07-30 09:41:19 - [MESSAGE][PASSED] - Object: 'Object Repository/Journey,background details/Emp page 3/Page_getEmployable - Assessment Form/span_None of the above_fa fa-angle-right fa-2x' is clicked on]]></system-out>
         <system-err><![CDATA[]]></system-err>
      </testcase>
      <testcase name="Test Cases/getEmployable/getEmployable Random/Employee pages/Emp page 4" classname="Test Cases/getEmployable/getEmployable Random/Employee pages/Emp page 4" status="PASSED">
         <system-out><![CDATA[2019-07-30 09:41:19 - [TEST_CASE][PASSED] - Test Cases/getEmployable/getEmployable Random/Employee pages/Emp page 4: Test Cases/getEmployable/getEmployable Random/Employee pages/Emp page 4

2019-07-30 09:41:19 - [TEST_STEP][PASSED] - comment("Enter Employee page 4 details"): Enter Employee page 4 details

2019-07-30 09:41:19 - [MESSAGE][INFO] - Enter Employee page 4 details

2019-07-30 09:41:19 - [TEST_STEP][PASSED] - delay(5): Delayed 5 second(s)

2019-07-30 09:41:24 - [MESSAGE][PASSED] - Delayed 5 second(s)

2019-07-30 09:41:24 - [TEST_STEP][PASSED] - click(findTestObject("Employee details/Employee pages/Emp page 4/Page_getEmployable - Assessment Form/input_Communication_option_question_14")): Object: 'Object Repository/Employee details/Employee pages/Emp page 4/Page_getEmployable - Assessment Form/input_Communication_option_question_14' is clicked on

2019-07-30 09:41:24 - [MESSAGE][PASSED] - Object: 'Object Repository/Employee details/Employee pages/Emp page 4/Page_getEmployable - Assessment Form/input_Communication_option_question_14' is clicked on

2019-07-30 09:41:24 - [TEST_STEP][PASSED] - click(findTestObject("Employee details/Employee pages/Emp page 4/Page_getEmployable - Assessment Form/input_None of these_option_question_15")): Object: 'Object Repository/Employee details/Employee pages/Emp page 4/Page_getEmployable - Assessment Form/input_None of these_option_question_15' is clicked on

2019-07-30 09:41:24 - [MESSAGE][PASSED] - Object: 'Object Repository/Employee details/Employee pages/Emp page 4/Page_getEmployable - Assessment Form/input_None of these_option_question_15' is clicked on

2019-07-30 09:41:24 - [TEST_STEP][PASSED] - click(findTestObject("Employee details/Employee pages/Emp page 4/Page_getEmployable - Assessment Form/input_None of these_option_question_16")): Object: 'Object Repository/Employee details/Employee pages/Emp page 4/Page_getEmployable - Assessment Form/input_None of these_option_question_16' is clicked on

2019-07-30 09:41:24 - [MESSAGE][PASSED] - Object: 'Object Repository/Employee details/Employee pages/Emp page 4/Page_getEmployable - Assessment Form/input_None of these_option_question_16' is clicked on

2019-07-30 09:41:24 - [TEST_STEP][PASSED] - click(findTestObject("Employee details/Employee pages/Emp page 4/Page_getEmployable - Assessment Form/span_I can identify some habits that prevent me working at my best but find it hard to address them._fa fa-angle-right fa-2x")): Object: 'Object Repository/Employee details/Employee pages/Emp page 4/Page_getEmployable - Assessment Form/span_I can identify some habits that prevent me working at my best but find it hard to address them._fa fa-angle-right fa-2x' is clicked on

2019-07-30 09:41:24 - [MESSAGE][PASSED] - Object: 'Object Repository/Employee details/Employee pages/Emp page 4/Page_getEmployable - Assessment Form/span_I can identify some habits that prevent me working at my best but find it hard to address them._fa fa-angle-right fa-2x' is clicked on]]></system-out>
         <system-err><![CDATA[]]></system-err>
      </testcase>
      <testcase name="Test Cases/getEmployable/getEmployable Random/Employee pages/Emp page 5" classname="Test Cases/getEmployable/getEmployable Random/Employee pages/Emp page 5" status="PASSED">
         <system-out><![CDATA[2019-07-30 09:41:24 - [TEST_CASE][PASSED] - Test Cases/getEmployable/getEmployable Random/Employee pages/Emp page 5: Test Cases/getEmployable/getEmployable Random/Employee pages/Emp page 5

2019-07-30 09:41:24 - [TEST_STEP][PASSED] - comment("Enter Employee page 5 details"): Enter Employee page 5 details

2019-07-30 09:41:24 - [MESSAGE][INFO] - Enter Employee page 5 details

2019-07-30 09:41:24 - [TEST_STEP][PASSED] - delay(5): Delayed 5 second(s)

2019-07-30 09:41:29 - [MESSAGE][PASSED] - Delayed 5 second(s)

2019-07-30 09:41:29 - [TEST_STEP][PASSED] - click(findTestObject("Employee details/Employee pages/Emp page 5/Page_getEmployable - Assessment Form/input_Prefect_option_question_1")): Object: 'Object Repository/Employee details/Employee pages/Emp page 5/Page_getEmployable - Assessment Form/input_Prefect_option_question_1' is clicked on

2019-07-30 09:41:29 - [MESSAGE][PASSED] - Object: 'Object Repository/Employee details/Employee pages/Emp page 5/Page_getEmployable - Assessment Form/input_Prefect_option_question_1' is clicked on

2019-07-30 09:41:29 - [TEST_STEP][PASSED] - click(findTestObject("Employee details/Employee pages/Emp page 5/Page_getEmployable - Assessment Form/input_Position on a society committee such as Treasurer or Social Secretary of RAG._option_question_8")): Object: 'Object Repository/Employee details/Employee pages/Emp page 5/Page_getEmployable - Assessment Form/input_Position on a society committee such as Treasurer or Social Secretary of RAG._option_question_8' is clicked on

2019-07-30 09:41:30 - [MESSAGE][PASSED] - Object: 'Object Repository/Employee details/Employee pages/Emp page 5/Page_getEmployable - Assessment Form/input_Position on a society committee such as Treasurer or Social Secretary of RAG._option_question_8' is clicked on

2019-07-30 09:41:30 - [TEST_STEP][PASSED] - click(findTestObject("Employee details/Employee pages/Emp page 5/Page_getEmployable - Assessment Form/input_None_option_question_9")): Object: 'Object Repository/Employee details/Employee pages/Emp page 5/Page_getEmployable - Assessment Form/input_None_option_question_9' is clicked on

2019-07-30 09:41:30 - [MESSAGE][PASSED] - Object: 'Object Repository/Employee details/Employee pages/Emp page 5/Page_getEmployable - Assessment Form/input_None_option_question_9' is clicked on

2019-07-30 09:41:30 - [TEST_STEP][PASSED] - click(findTestObject("Employee details/Employee pages/Emp page 5/Page_getEmployable - Assessment Form/span_Founder of a business or project_fa fa-angle-right fa-2x")): Object: 'Object Repository/Employee details/Employee pages/Emp page 5/Page_getEmployable - Assessment Form/span_Founder of a business or project_fa fa-angle-right fa-2x' is clicked on

2019-07-30 09:41:30 - [MESSAGE][PASSED] - Object: 'Object Repository/Employee details/Employee pages/Emp page 5/Page_getEmployable - Assessment Form/span_Founder of a business or project_fa fa-angle-right fa-2x' is clicked on]]></system-out>
         <system-err><![CDATA[]]></system-err>
      </testcase>
      <testcase name="Test Cases/getEmployable/getEmployable Random/Employee pages/Emp page 6,7" classname="Test Cases/getEmployable/getEmployable Random/Employee pages/Emp page 6,7" status="PASSED">
         <system-out><![CDATA[2019-07-30 09:41:30 - [TEST_CASE][PASSED] - Test Cases/getEmployable/getEmployable Random/Employee pages/Emp page 6,7: Test Cases/getEmployable/getEmployable Random/Employee pages/Emp page 6,7

2019-07-30 09:41:30 - [TEST_STEP][PASSED] - comment("Enter Employee page 6,7 details"): Enter Employee page 6,7 details

2019-07-30 09:41:30 - [MESSAGE][INFO] - Enter Employee page 6,7 details

2019-07-30 09:41:30 - [TEST_STEP][PASSED] - delay(5): Delayed 5 second(s)

2019-07-30 09:41:35 - [MESSAGE][PASSED] - Delayed 5 second(s)

2019-07-30 09:41:35 - [TEST_STEP][PASSED] - click(findTestObject("Journey,background details/Emp page 6,7/Page_getEmployable - Assessment Form/input_Problem Solving  Creativity_option_question_6")): Object: 'Object Repository/Journey,background details/Emp page 6,7/Page_getEmployable - Assessment Form/input_Problem Solving  Creativity_option_question_6' is clicked on

2019-07-30 09:41:35 - [MESSAGE][PASSED] - Object: 'Object Repository/Journey,background details/Emp page 6,7/Page_getEmployable - Assessment Form/input_Problem Solving  Creativity_option_question_6' is clicked on

2019-07-30 09:41:35 - [TEST_STEP][PASSED] - click(findTestObject("Employee details/Employee pages/Emp page 6,7/Page_getEmployable - Assessment Form/input_I am actively involved in a student enterprise club or a consultancy society or programme._option_question_7")): Object: 'Object Repository/Employee details/Employee pages/Emp page 6,7/Page_getEmployable - Assessment Form/input_I am actively involved in a student enterprise club or a consultancy society or programme._option_question_7' is clicked on

2019-07-30 09:41:35 - [MESSAGE][PASSED] - Object: 'Object Repository/Employee details/Employee pages/Emp page 6,7/Page_getEmployable - Assessment Form/input_I am actively involved in a student enterprise club or a consultancy society or programme._option_question_7' is clicked on

2019-07-30 09:41:35 - [TEST_STEP][PASSED] - click(findTestObject("Journey,background details/Emp page 6,7/Page_getEmployable - Assessment Form/span_None of these_fa fa-angle-right fa-2x")): Object: 'Object Repository/Journey,background details/Emp page 6,7/Page_getEmployable - Assessment Form/span_None of these_fa fa-angle-right fa-2x' is clicked on

2019-07-30 09:41:35 - [MESSAGE][PASSED] - Object: 'Object Repository/Journey,background details/Emp page 6,7/Page_getEmployable - Assessment Form/span_None of these_fa fa-angle-right fa-2x' is clicked on

2019-07-30 09:41:35 - [TEST_STEP][PASSED] - delay(5): Delayed 5 second(s)

2019-07-30 09:41:40 - [MESSAGE][PASSED] - Delayed 5 second(s)

2019-07-30 09:41:40 - [TEST_STEP][PASSED] - click(findTestObject("Journey,background details/Emp page 6,7/Page_getEmployable - Assessment Form/input_Professionalism_option_question_48")): Object: 'Object Repository/Journey,background details/Emp page 6,7/Page_getEmployable - Assessment Form/input_Professionalism_option_question_48' is clicked on

2019-07-30 09:41:41 - [MESSAGE][PASSED] - Object: 'Object Repository/Journey,background details/Emp page 6,7/Page_getEmployable - Assessment Form/input_Professionalism_option_question_48' is clicked on

2019-07-30 09:41:41 - [TEST_STEP][PASSED] - click(findTestObject("Journey,background details/Emp page 6,7/Page_getEmployable - Assessment Form/input_None of the above_option_question_49")): Object: 'Object Repository/Journey,background details/Emp page 6,7/Page_getEmployable - Assessment Form/input_None of the above_option_question_49' is clicked on

2019-07-30 09:41:41 - [MESSAGE][PASSED] - Object: 'Object Repository/Journey,background details/Emp page 6,7/Page_getEmployable - Assessment Form/input_None of the above_option_question_49' is clicked on

2019-07-30 09:41:41 - [TEST_STEP][PASSED] - delay(5): Delayed 5 second(s)

2019-07-30 09:41:46 - [MESSAGE][PASSED] - Delayed 5 second(s)

2019-07-30 09:41:46 - [TEST_STEP][PASSED] - click(findTestObject("Journey,background details/Emp page 6,7/Page_getEmployable - Assessment Form/next")): Object: 'Object Repository/Journey,background details/Emp page 6,7/Page_getEmployable - Assessment Form/next' is clicked on

2019-07-30 09:41:46 - [MESSAGE][PASSED] - Object: 'Object Repository/Journey,background details/Emp page 6,7/Page_getEmployable - Assessment Form/next' is clicked on]]></system-out>
         <system-err><![CDATA[]]></system-err>
      </testcase>
      <testcase name="Test Cases/getEmployable/getEmployable Random/Employee pages/Emp page 8,9,10" classname="Test Cases/getEmployable/getEmployable Random/Employee pages/Emp page 8,9,10" status="PASSED">
         <system-out><![CDATA[2019-07-30 09:41:46 - [TEST_CASE][PASSED] - Test Cases/getEmployable/getEmployable Random/Employee pages/Emp page 8,9,10: Test Cases/getEmployable/getEmployable Random/Employee pages/Emp page 8,9,10

2019-07-30 09:41:46 - [TEST_STEP][PASSED] - comment("Enter Employee page 8,9,10 details"): Enter Employee page 8,9,10 details

2019-07-30 09:41:46 - [MESSAGE][INFO] - Enter Employee page 8,9,10 details

2019-07-30 09:41:46 - [TEST_STEP][PASSED] - delay(5): Delayed 5 second(s)

2019-07-30 09:41:51 - [MESSAGE][PASSED] - Delayed 5 second(s)

2019-07-30 09:41:51 - [TEST_STEP][PASSED] - click(findTestObject("Employee details/Employee pages/Emp page 8,9,10/Page_getEmployable - Assessment Form/input_I set myself goals but rarely achieve them._option_question_17")): Object: 'Object Repository/Employee details/Employee pages/Emp page 8,9,10/Page_getEmployable - Assessment Form/input_I set myself goals but rarely achieve them._option_question_17' is clicked on

2019-07-30 09:41:51 - [MESSAGE][PASSED] - Object: 'Object Repository/Employee details/Employee pages/Emp page 8,9,10/Page_getEmployable - Assessment Form/input_I set myself goals but rarely achieve them._option_question_17' is clicked on

2019-07-30 09:41:51 - [TEST_STEP][PASSED] - click(findTestObject("Employee details/Employee pages/Emp page 8,9,10/Page_getEmployable - Assessment Form/input_concat(I wish I hadn  t wasted time attempting it.)_option_question_18")): Object: 'Object Repository/Employee details/Employee pages/Emp page 8,9,10/Page_getEmployable - Assessment Form/input_concat(I wish I hadn  t wasted time attempting it.)_option_question_18' is clicked on

2019-07-30 09:41:51 - [MESSAGE][PASSED] - Object: 'Object Repository/Employee details/Employee pages/Emp page 8,9,10/Page_getEmployable - Assessment Form/input_concat(I wish I hadn  t wasted time attempting it.)_option_question_18' is clicked on

2019-07-30 09:41:51 - [TEST_STEP][PASSED] - click(findTestObject("Employee details/Employee pages/Emp page 8,9,10/Page_getEmployable - Assessment Form/input_I usually eat cakes crisps chocolate or sugary drinks more than twice a day._option_question_20")): Object: 'Object Repository/Employee details/Employee pages/Emp page 8,9,10/Page_getEmployable - Assessment Form/input_I usually eat cakes crisps chocolate or sugary drinks more than twice a day._option_question_20' is clicked on

2019-07-30 09:41:51 - [MESSAGE][PASSED] - Object: 'Object Repository/Employee details/Employee pages/Emp page 8,9,10/Page_getEmployable - Assessment Form/input_I usually eat cakes crisps chocolate or sugary drinks more than twice a day._option_question_20' is clicked on

2019-07-30 09:41:51 - [TEST_STEP][PASSED] - click(findTestObject("Employee details/Employee pages/Emp page 8,9,10/Page_getEmployable - Assessment Form/input_I have high self-esteem._option_question_21")): Object: 'Object Repository/Employee details/Employee pages/Emp page 8,9,10/Page_getEmployable - Assessment Form/input_I have high self-esteem._option_question_21' is clicked on

2019-07-30 09:41:51 - [MESSAGE][PASSED] - Object: 'Object Repository/Employee details/Employee pages/Emp page 8,9,10/Page_getEmployable - Assessment Form/input_I have high self-esteem._option_question_21' is clicked on

2019-07-30 09:41:51 - [TEST_STEP][PASSED] - click(findTestObject("Employee details/Employee pages/Emp page 8,9,10/Page_getEmployable - Assessment Form/span_None of these_fa fa-angle-right fa-2x")): Object: 'Object Repository/Employee details/Employee pages/Emp page 8,9,10/Page_getEmployable - Assessment Form/span_None of these_fa fa-angle-right fa-2x' is clicked on

2019-07-30 09:41:51 - [MESSAGE][PASSED] - Object: 'Object Repository/Employee details/Employee pages/Emp page 8,9,10/Page_getEmployable - Assessment Form/span_None of these_fa fa-angle-right fa-2x' is clicked on

2019-07-30 09:41:51 - [TEST_STEP][PASSED] - delay(5): Delayed 5 second(s)

2019-07-30 09:41:56 - [MESSAGE][PASSED] - Delayed 5 second(s)

2019-07-30 09:41:56 - [TEST_STEP][PASSED] - click(findTestObject("Employee details/Employee pages/Emp page 8,9,10/Page_getEmployable - Assessment Form/input_I would struggle._option_question_22")): Object: 'Object Repository/Employee details/Employee pages/Emp page 8,9,10/Page_getEmployable - Assessment Form/input_I would struggle._option_question_22' is clicked on

2019-07-30 09:41:57 - [MESSAGE][PASSED] - Object: 'Object Repository/Employee details/Employee pages/Emp page 8,9,10/Page_getEmployable - Assessment Form/input_I would struggle._option_question_22' is clicked on

2019-07-30 09:41:57 - [TEST_STEP][PASSED] - click(findTestObject("Employee details/Employee pages/Emp page 8,9,10/Page_getEmployable - Assessment Form/input_concat(I seem to work fine most of the time but I don  t really think about why.)_option_question_23")): Object: 'Object Repository/Employee details/Employee pages/Emp page 8,9,10/Page_getEmployable - Assessment Form/input_concat(I seem to work fine most of the time but I don  t really think about why.)_option_question_23' is clicked on

2019-07-30 09:41:57 - [MESSAGE][PASSED] - Object: 'Object Repository/Employee details/Employee pages/Emp page 8,9,10/Page_getEmployable - Assessment Form/input_concat(I seem to work fine most of the time but I don  t really think about why.)_option_question_23' is clicked on

2019-07-30 09:41:57 - [TEST_STEP][PASSED] - click(findTestObject("Employee details/Employee pages/Emp page 8,9,10/Page_getEmployable - Assessment Form/input_concat(I don  t know  of any habits that adversely affect how I work.)_option_question_26")): Object: 'Object Repository/Employee details/Employee pages/Emp page 8,9,10/Page_getEmployable - Assessment Form/input_concat(I don  t know  of any habits that adversely affect how I work.)_option_question_26' is clicked on

2019-07-30 09:41:57 - [MESSAGE][PASSED] - Object: 'Object Repository/Employee details/Employee pages/Emp page 8,9,10/Page_getEmployable - Assessment Form/input_concat(I don  t know  of any habits that adversely affect how I work.)_option_question_26' is clicked on

2019-07-30 09:41:57 - [TEST_STEP][PASSED] - click(findTestObject("Employee details/Employee pages/Emp page 8,9,10/Page_getEmployable - Assessment Form/input_I consistently use a diary to schedule events._option_question_27")): Object: 'Object Repository/Employee details/Employee pages/Emp page 8,9,10/Page_getEmployable - Assessment Form/input_I consistently use a diary to schedule events._option_question_27' is clicked on

2019-07-30 09:41:57 - [MESSAGE][PASSED] - Object: 'Object Repository/Employee details/Employee pages/Emp page 8,9,10/Page_getEmployable - Assessment Form/input_I consistently use a diary to schedule events._option_question_27' is clicked on

2019-07-30 09:41:57 - [TEST_STEP][PASSED] - click(findTestObject("Employee details/Employee pages/Emp page 8,9,10/Page_getEmployable - Assessment Form/input_concat(I regularly set myself goals but don  t think too much about how I set them.)_option_question_28")): Object: 'Object Repository/Employee details/Employee pages/Emp page 8,9,10/Page_getEmployable - Assessment Form/input_concat(I regularly set myself goals but don  t think too much about how I set them.)_option_question_28' is clicked on

2019-07-30 09:41:57 - [MESSAGE][PASSED] - Object: 'Object Repository/Employee details/Employee pages/Emp page 8,9,10/Page_getEmployable - Assessment Form/input_concat(I regularly set myself goals but don  t think too much about how I set them.)_option_question_28' is clicked on

2019-07-30 09:41:57 - [TEST_STEP][PASSED] - click(findTestObject("Employee details/Employee pages/Emp page 8,9,10/Page_getEmployable - Assessment Form/input_I can find it hard to work with people who work in different ways to me._option_question_29")): Object: 'Object Repository/Employee details/Employee pages/Emp page 8,9,10/Page_getEmployable - Assessment Form/input_I can find it hard to work with people who work in different ways to me._option_question_29' is clicked on

2019-07-30 09:41:57 - [MESSAGE][PASSED] - Object: 'Object Repository/Employee details/Employee pages/Emp page 8,9,10/Page_getEmployable - Assessment Form/input_I can find it hard to work with people who work in different ways to me._option_question_29' is clicked on

2019-07-30 09:41:57 - [TEST_STEP][PASSED] - click(findTestObject("Employee details/Employee pages/Emp page 8,9,10/Page_getEmployable - Assessment Form/input_I would struggle._option_question_53")): Object: 'Object Repository/Employee details/Employee pages/Emp page 8,9,10/Page_getEmployable - Assessment Form/input_I would struggle._option_question_53' is clicked on

2019-07-30 09:41:57 - [MESSAGE][PASSED] - Object: 'Object Repository/Employee details/Employee pages/Emp page 8,9,10/Page_getEmployable - Assessment Form/input_I would struggle._option_question_53' is clicked on

2019-07-30 09:41:57 - [TEST_STEP][PASSED] - click(findTestObject("Employee details/Employee pages/Emp page 8,9,10/Page_getEmployable - Assessment Form/input_I sometimes get stressed and am not sure how I deal with it._option_question_54")): Object: 'Object Repository/Employee details/Employee pages/Emp page 8,9,10/Page_getEmployable - Assessment Form/input_I sometimes get stressed and am not sure how I deal with it._option_question_54' is clicked on

2019-07-30 09:41:57 - [MESSAGE][PASSED] - Object: 'Object Repository/Employee details/Employee pages/Emp page 8,9,10/Page_getEmployable - Assessment Form/input_I sometimes get stressed and am not sure how I deal with it._option_question_54' is clicked on

2019-07-30 09:41:57 - [TEST_STEP][PASSED] - click(findTestObject("Employee details/Employee pages/Emp page 8,9,10/Page_getEmployable - Assessment Form/span_None of these_fa fa-angle-right fa-2x_1")): Object: 'Object Repository/Employee details/Employee pages/Emp page 8,9,10/Page_getEmployable - Assessment Form/span_None of these_fa fa-angle-right fa-2x_1' is clicked on

2019-07-30 09:41:57 - [MESSAGE][PASSED] - Object: 'Object Repository/Employee details/Employee pages/Emp page 8,9,10/Page_getEmployable - Assessment Form/span_None of these_fa fa-angle-right fa-2x_1' is clicked on

2019-07-30 09:41:57 - [TEST_STEP][PASSED] - delay(5): Delayed 5 second(s)

2019-07-30 09:42:02 - [MESSAGE][PASSED] - Delayed 5 second(s)

2019-07-30 09:42:02 - [TEST_STEP][PASSED] - click(findTestObject("Employee details/Employee pages/Emp page 8,9,10/Page_getEmployable - Assessment Form/input_I play a proactive role in group settings._option_question_5")): Object: 'Object Repository/Employee details/Employee pages/Emp page 8,9,10/Page_getEmployable - Assessment Form/input_I play a proactive role in group settings._option_question_5' is clicked on

2019-07-30 09:42:02 - [MESSAGE][PASSED] - Object: 'Object Repository/Employee details/Employee pages/Emp page 8,9,10/Page_getEmployable - Assessment Form/input_I play a proactive role in group settings._option_question_5' is clicked on

2019-07-30 09:42:02 - [TEST_STEP][PASSED] - click(findTestObject("Employee details/Employee pages/Emp page 8,9,10/Page_getEmployable - Assessment Form/input_Sports team_option_question_11")): Object: 'Object Repository/Employee details/Employee pages/Emp page 8,9,10/Page_getEmployable - Assessment Form/input_Sports team_option_question_11' is clicked on

2019-07-30 09:42:03 - [MESSAGE][PASSED] - Object: 'Object Repository/Employee details/Employee pages/Emp page 8,9,10/Page_getEmployable - Assessment Form/input_Sports team_option_question_11' is clicked on

2019-07-30 09:42:03 - [TEST_STEP][PASSED] - click(findTestObject("Employee details/Employee pages/Emp page 8,9,10/Page_getEmployable - Assessment Form/input_I rarely complete the task on time._option_question_13")): Object: 'Object Repository/Employee details/Employee pages/Emp page 8,9,10/Page_getEmployable - Assessment Form/input_I rarely complete the task on time._option_question_13' is clicked on

2019-07-30 09:42:03 - [MESSAGE][PASSED] - Object: 'Object Repository/Employee details/Employee pages/Emp page 8,9,10/Page_getEmployable - Assessment Form/input_I rarely complete the task on time._option_question_13' is clicked on

2019-07-30 09:42:03 - [TEST_STEP][PASSED] - click(findTestObject("Employee details/Employee pages/Emp page 8,9,10/Page_getEmployable - Assessment Form/input_None or Not applicable._next")): Object: 'Object Repository/Employee details/Employee pages/Emp page 8,9,10/Page_getEmployable - Assessment Form/input_None or Not applicable._next' is clicked on

2019-07-30 09:42:03 - [MESSAGE][PASSED] - Object: 'Object Repository/Employee details/Employee pages/Emp page 8,9,10/Page_getEmployable - Assessment Form/input_None or Not applicable._next' is clicked on]]></system-out>
         <system-err><![CDATA[]]></system-err>
      </testcase>
      <testcase name="Test Cases/getEmployable/getEmployable Auto sifting/Career Area details" classname="Test Cases/getEmployable/getEmployable Auto sifting/Career Area details" status="PASSED">
         <system-out><![CDATA[2019-07-30 09:42:03 - [TEST_CASE][PASSED] - Test Cases/getEmployable/getEmployable Auto sifting/Career Area details: Test Cases/getEmployable/getEmployable Auto sifting/Career Area details

2019-07-30 09:42:03 - [TEST_STEP][PASSED] - comment("Enter CareerArea Details"): Enter CareerArea Details

2019-07-30 09:42:03 - [MESSAGE][INFO] - Enter CareerArea Details

2019-07-30 09:42:03 - [TEST_STEP][PASSED] - delay(5): Delayed 5 second(s)

2019-07-30 09:42:08 - [MESSAGE][PASSED] - Delayed 5 second(s)

2019-07-30 09:42:08 - [TEST_STEP][PASSED] - click(findTestObject("getEmployable/yourCareerArea/careerpage")): Object: 'Object Repository/getEmployable/yourCareerArea/careerpage' is clicked on

2019-07-30 09:42:08 - [MESSAGE][PASSED] - Object: 'Object Repository/getEmployable/yourCareerArea/careerpage' is clicked on

2019-07-30 09:42:08 - [TEST_STEP][PASSED] - delay(5): Delayed 5 second(s)

2019-07-30 09:42:13 - [MESSAGE][PASSED] - Delayed 5 second(s)

2019-07-30 09:42:13 - [TEST_STEP][PASSED] - click(findTestObject("getEmployable (Siftings)/Tax Audit strong Intertest")): Object: 'Object Repository/getEmployable (Siftings)/Tax Audit strong Intertest' is clicked on

2019-07-30 09:42:13 - [MESSAGE][PASSED] - Object: 'Object Repository/getEmployable (Siftings)/Tax Audit strong Intertest' is clicked on

2019-07-30 09:42:13 - [TEST_STEP][PASSED] - click(findTestObject("getEmployable (Siftings)/tax strong interest")): Object: 'Object Repository/getEmployable (Siftings)/tax strong interest' is clicked on

2019-07-30 09:42:13 - [MESSAGE][PASSED] - Object: 'Object Repository/getEmployable (Siftings)/tax strong interest' is clicked on

2019-07-30 09:42:13 - [TEST_STEP][PASSED] - delay(5): Delayed 5 second(s)

2019-07-30 09:42:18 - [MESSAGE][PASSED] - Delayed 5 second(s)

2019-07-30 09:42:18 - [TEST_STEP][PASSED] - click(findTestObject("getEmployable/yourCareerArea/next")): Object: 'Object Repository/getEmployable/yourCareerArea/next' is clicked on

2019-07-30 09:42:18 - [MESSAGE][PASSED] - Object: 'Object Repository/getEmployable/yourCareerArea/next' is clicked on]]></system-out>
         <system-err><![CDATA[]]></system-err>
      </testcase>
      <testcase name="Test Cases/getEmployable/getEmployable Auto sifting/Journey1" classname="Test Cases/getEmployable/getEmployable Auto sifting/Journey1" status="PASSED">
         <system-out><![CDATA[2019-07-30 09:42:18 - [TEST_CASE][PASSED] - Test Cases/getEmployable/getEmployable Auto sifting/Journey1: Test Cases/getEmployable/getEmployable Auto sifting/Journey1

2019-07-30 09:42:19 - [TEST_STEP][PASSED] - comment("Auto-sifting- Journey to University page 1 criteria"): Auto-sifting- Journey to University page 1 criteria

2019-07-30 09:42:19 - [MESSAGE][INFO] - Auto-sifting- Journey to University page 1 criteria

2019-07-30 09:42:19 - [TEST_STEP][PASSED] - rad = new java.util.Random(): null

2019-07-30 09:42:19 - [TEST_STEP][PASSED] - click(findTestObject("getEmployable (Siftings)/GCSE math grade")): Object: 'Object Repository/getEmployable (Siftings)/GCSE math grade' is clicked on

2019-07-30 09:42:19 - [MESSAGE][PASSED] - Object: 'Object Repository/getEmployable (Siftings)/GCSE math grade' is clicked on

2019-07-30 09:42:19 - [TEST_STEP][PASSED] - click(findTestObject("getEmployable (Siftings)/GCSE English grade A")): Object: 'Object Repository/getEmployable (Siftings)/GCSE English grade A' is clicked on

2019-07-30 09:42:19 - [MESSAGE][PASSED] - Object: 'Object Repository/getEmployable (Siftings)/GCSE English grade A' is clicked on

2019-07-30 09:42:19 - [TEST_STEP][PASSED] - comment("Main Qualification  Information"): Main Qualification  Information

2019-07-30 09:42:19 - [MESSAGE][INFO] - Main Qualification  Information

2019-07-30 09:42:19 - [TEST_STEP][PASSED] - ALevelYearTotalOptions = getNumberOfTotalOption(findTestObject("Journey,background details/Journey/A level complete")): 71 options of object 'Object Repository/Journey,background details/Journey/A level complete' counted

2019-07-30 09:42:19 - [MESSAGE][PASSED] - 71 options of object 'Object Repository/Journey,background details/Journey/A level complete' counted

2019-07-30 09:42:19 - [TEST_STEP][PASSED] - ALevelYearcount = 1 + rad.nextInt(ALevelYearTotalOptions - 1): null

2019-07-30 09:42:19 - [TEST_STEP][PASSED] - selectOptionByIndex(findTestObject("Journey,background details/Journey/A level complete"), ALevelYearcount): All options with index in [51] are selected on object 'Object Repository/Journey,background details/Journey/A level complete'

2019-07-30 09:42:20 - [MESSAGE][PASSED] - All options with index in [51] are selected on object 'Object Repository/Journey,background details/Journey/A level complete'

2019-07-30 09:42:20 - [TEST_STEP][PASSED] - GCSEYearTotalOptions = getNumberOfTotalOption(findTestObject("Journey,background details/Journey/complete gsce")): 71 options of object 'Object Repository/Journey,background details/Journey/complete gsce' counted

2019-07-30 09:42:20 - [MESSAGE][PASSED] - 71 options of object 'Object Repository/Journey,background details/Journey/complete gsce' counted

2019-07-30 09:42:20 - [TEST_STEP][PASSED] - GCSEYearCount = 1 + rad.nextInt(GCSEYearTotalOptions - 1): null

2019-07-30 09:42:20 - [TEST_STEP][PASSED] - selectOptionByIndex(findTestObject("Journey,background details/Journey/complete gsce"), GCSEYearCount): All options with index in [56] are selected on object 'Object Repository/Journey,background details/Journey/complete gsce'

2019-07-30 09:42:21 - [MESSAGE][PASSED] - All options with index in [56] are selected on object 'Object Repository/Journey,background details/Journey/complete gsce'

2019-07-30 09:42:21 - [TEST_STEP][PASSED] - click(findTestObject("getEmployable (Siftings)/uk scools (2)")): Object: 'Object Repository/getEmployable (Siftings)/uk scools (2)' is clicked on

2019-07-30 09:42:21 - [MESSAGE][PASSED] - Object: 'Object Repository/getEmployable (Siftings)/uk scools (2)' is clicked on

2019-07-30 09:42:21 - [TEST_STEP][PASSED] - setText(findTestObject("Journey,background details/Journey/school1"), "Kings School"): Text 'Kings School' is set on object 'Object Repository/Journey,background details/Journey/school1'

2019-07-30 09:42:21 - [MESSAGE][PASSED] - Text 'Kings School' is set on object 'Object Repository/Journey,background details/Journey/school1'

2019-07-30 09:42:21 - [TEST_STEP][PASSED] - delay(3): Delayed 3 second(s)

2019-07-30 09:42:24 - [MESSAGE][PASSED] - Delayed 3 second(s)

2019-07-30 09:42:24 - [TEST_STEP][PASSED] - click(findTestObject("getEmployable (Siftings)/uk school dd")): Object: 'Object Repository/getEmployable (Siftings)/uk school dd' is clicked on

2019-07-30 09:42:24 - [MESSAGE][PASSED] - Object: 'Object Repository/getEmployable (Siftings)/uk school dd' is clicked on

2019-07-30 09:42:24 - [TEST_STEP][PASSED] - delay(5): Delayed 5 second(s)

2019-07-30 09:42:29 - [MESSAGE][PASSED] - Delayed 5 second(s)

2019-07-30 09:42:29 - [TEST_STEP][PASSED] - setText(findTestObject("Journey,background details/Journey/school2"), "Richard "): Text 'Richard ' is set on object 'Object Repository/Journey,background details/Journey/school2'

2019-07-30 09:42:29 - [MESSAGE][PASSED] - Text 'Richard ' is set on object 'Object Repository/Journey,background details/Journey/school2'

2019-07-30 09:42:29 - [TEST_STEP][PASSED] - delay(5): Delayed 5 second(s)

2019-07-30 09:42:34 - [MESSAGE][PASSED] - Delayed 5 second(s)

2019-07-30 09:42:34 - [TEST_STEP][PASSED] - click(findTestObject("getEmployable (Siftings)/uk school dd2")): Object: 'Object Repository/getEmployable (Siftings)/uk school dd2' is clicked on

2019-07-30 09:42:34 - [MESSAGE][PASSED] - Object: 'Object Repository/getEmployable (Siftings)/uk school dd2' is clicked on

2019-07-30 09:42:34 - [TEST_STEP][PASSED] - delay(5): Delayed 5 second(s)

2019-07-30 09:42:39 - [MESSAGE][PASSED] - Delayed 5 second(s)

2019-07-30 09:42:39 - [TEST_STEP][PASSED] - click(findTestObject("getEmployable (Siftings)/A level")): Object: 'Object Repository/getEmployable (Siftings)/A level' is clicked on

2019-07-30 09:42:39 - [MESSAGE][PASSED] - Object: 'Object Repository/getEmployable (Siftings)/A level' is clicked on

2019-07-30 09:42:39 - [TEST_STEP][PASSED] - "A-Level": null

2019-07-30 09:42:39 - [TEST_STEP][PASSED] - setText(findTestObject("Journey,background details/Journey/subjecttitle1"), "Further Mathematics"): Text 'Further Mathematics' is set on object 'Object Repository/Journey,background details/Journey/subjecttitle1'

2019-07-30 09:42:40 - [MESSAGE][PASSED] - Text 'Further Mathematics' is set on object 'Object Repository/Journey,background details/Journey/subjecttitle1'

2019-07-30 09:42:40 - [TEST_STEP][PASSED] - click(findTestObject("getEmployable (Siftings)/subject1-grade")): Object: 'Object Repository/getEmployable (Siftings)/subject1-grade' is clicked on

2019-07-30 09:42:40 - [MESSAGE][PASSED] - Object: 'Object Repository/getEmployable (Siftings)/subject1-grade' is clicked on

2019-07-30 09:42:40 - [TEST_STEP][PASSED] - Year1TotalOptions = getNumberOfTotalOption(findTestObject("Journey,background details/Journey/year one")): 71 options of object 'Object Repository/Journey,background details/Journey/year one' counted

2019-07-30 09:42:40 - [MESSAGE][PASSED] - 71 options of object 'Object Repository/Journey,background details/Journey/year one' counted

2019-07-30 09:42:40 - [TEST_STEP][PASSED] - Year1 = 1 + rad.nextInt(Year1TotalOptions - 1): null

2019-07-30 09:42:40 - [TEST_STEP][PASSED] - selectOptionByIndex(findTestObject("Journey,background details/Journey/year one"), Year1): All options with index in [24] are selected on object 'Object Repository/Journey,background details/Journey/year one'

2019-07-30 09:42:40 - [MESSAGE][PASSED] - All options with index in [24] are selected on object 'Object Repository/Journey,background details/Journey/year one'

2019-07-30 09:42:40 - [TEST_STEP][PASSED] - setText(findTestObject("Journey,background details/Journey/subjecttitle2"), "Computer Science"): Text 'Computer Science' is set on object 'Object Repository/Journey,background details/Journey/subjecttitle2'

2019-07-30 09:42:41 - [MESSAGE][PASSED] - Text 'Computer Science' is set on object 'Object Repository/Journey,background details/Journey/subjecttitle2'

2019-07-30 09:42:41 - [TEST_STEP][PASSED] - click(findTestObject("getEmployable (Siftings)/Subt2-Grade")): Object: 'Object Repository/getEmployable (Siftings)/Subt2-Grade' is clicked on

2019-07-30 09:42:41 - [MESSAGE][PASSED] - Object: 'Object Repository/getEmployable (Siftings)/Subt2-Grade' is clicked on

2019-07-30 09:42:41 - [TEST_STEP][PASSED] - Year2TotalOptions = getNumberOfTotalOption(findTestObject("Journey,background details/Journey/year 2")): 71 options of object 'Object Repository/Journey,background details/Journey/year 2' counted

2019-07-30 09:42:41 - [MESSAGE][PASSED] - 71 options of object 'Object Repository/Journey,background details/Journey/year 2' counted

2019-07-30 09:42:41 - [TEST_STEP][PASSED] - Year2 = 1 + rad.nextInt(Year2TotalOptions - 1): null

2019-07-30 09:42:41 - [TEST_STEP][PASSED] - selectOptionByIndex(findTestObject("Journey,background details/Journey/year 2"), Year2): All options with index in [65] are selected on object 'Object Repository/Journey,background details/Journey/year 2'

2019-07-30 09:42:41 - [MESSAGE][PASSED] - All options with index in [65] are selected on object 'Object Repository/Journey,background details/Journey/year 2'

2019-07-30 09:42:41 - [TEST_STEP][PASSED] - setText(findTestObject("Journey,background details/Journey/Subjecttitle3"), "Accounting"): Text 'Accounting' is set on object 'Object Repository/Journey,background details/Journey/Subjecttitle3'

2019-07-30 09:42:41 - [MESSAGE][PASSED] - Text 'Accounting' is set on object 'Object Repository/Journey,background details/Journey/Subjecttitle3'

2019-07-30 09:42:41 - [TEST_STEP][PASSED] - click(findTestObject("getEmployable (Siftings)/subt3-grade")): Object: 'Object Repository/getEmployable (Siftings)/subt3-grade' is clicked on

2019-07-30 09:42:42 - [MESSAGE][PASSED] - Object: 'Object Repository/getEmployable (Siftings)/subt3-grade' is clicked on

2019-07-30 09:42:42 - [TEST_STEP][PASSED] - Year3TotalOptions = getNumberOfTotalOption(findTestObject("Journey,background details/Journey/year 3")): 71 options of object 'Object Repository/Journey,background details/Journey/year 3' counted

2019-07-30 09:42:42 - [MESSAGE][PASSED] - 71 options of object 'Object Repository/Journey,background details/Journey/year 3' counted

2019-07-30 09:42:42 - [TEST_STEP][PASSED] - Year3 = 1 + rad.nextInt(Year3TotalOptions - 1): null

2019-07-30 09:42:42 - [TEST_STEP][PASSED] - selectOptionByIndex(findTestObject("Journey,background details/Journey/year 3"), Year3): All options with index in [11] are selected on object 'Object Repository/Journey,background details/Journey/year 3'

2019-07-30 09:42:42 - [MESSAGE][PASSED] - All options with index in [11] are selected on object 'Object Repository/Journey,background details/Journey/year 3'

2019-07-30 09:42:42 - [TEST_STEP][PASSED] - setText(findTestObject("getEmployable (Siftings)/set text"), "abc"): Text 'abc' is set on object 'Object Repository/getEmployable (Siftings)/set text'

2019-07-30 09:42:42 - [MESSAGE][PASSED] - Text 'abc' is set on object 'Object Repository/getEmployable (Siftings)/set text'

2019-07-30 09:42:42 - [TEST_STEP][PASSED] - setText(findTestObject("Journey,background details/Journey/post1"), findTestData("getEmployable/Applicants").getValue(8, 1)): Text 'NW64DN' is set on object 'Object Repository/Journey,background details/Journey/post1'

2019-07-30 09:42:42 - [MESSAGE][PASSED] - Text 'NW64DN' is set on object 'Object Repository/Journey,background details/Journey/post1'

2019-07-30 09:42:42 - [TEST_STEP][PASSED] - delay(5): Delayed 5 second(s)

2019-07-30 09:42:47 - [MESSAGE][PASSED] - Delayed 5 second(s)

2019-07-30 09:42:47 - [TEST_STEP][PASSED] - click(findTestObject("Journey,background details/Journey/post click1")): Object: 'Object Repository/Journey,background details/Journey/post click1' is clicked on

2019-07-30 09:42:47 - [MESSAGE][PASSED] - Object: 'Object Repository/Journey,background details/Journey/post click1' is clicked on

2019-07-30 09:42:47 - [TEST_STEP][PASSED] - setText(findTestObject("Journey,background details/Journey/post2"), findTestData("getEmployable/Applicants").getValue(9, 1)): Text 'AL60AA' is set on object 'Object Repository/Journey,background details/Journey/post2'

2019-07-30 09:42:47 - [MESSAGE][PASSED] - Text 'AL60AA' is set on object 'Object Repository/Journey,background details/Journey/post2'

2019-07-30 09:42:47 - [TEST_STEP][PASSED] - click(findTestObject("Journey,background details/Journey/next")): Object: 'Object Repository/Journey,background details/Journey/next' is clicked on

2019-07-30 09:42:48 - [MESSAGE][PASSED] - Object: 'Object Repository/Journey,background details/Journey/next' is clicked on

2019-07-30 09:42:48 - [TEST_STEP][PASSED] - delay(5): Delayed 5 second(s)

2019-07-30 09:42:53 - [MESSAGE][PASSED] - Delayed 5 second(s)]]></system-out>
         <system-err><![CDATA[]]></system-err>
      </testcase>
      <testcase name="Test Cases/getEmployable/getEmployable Auto sifting/Journey2" classname="Test Cases/getEmployable/getEmployable Auto sifting/Journey2" status="PASSED">
         <system-out><![CDATA[2019-07-30 09:42:53 - [TEST_CASE][PASSED] - Test Cases/getEmployable/getEmployable Auto sifting/Journey2: Test Cases/getEmployable/getEmployable Auto sifting/Journey2

2019-07-30 09:42:53 - [TEST_STEP][PASSED] - comment("Auto-sifting- Journey to university page 2 Criteria"): Auto-sifting- Journey to university page 2 Criteria

2019-07-30 09:42:53 - [MESSAGE][INFO] - Auto-sifting- Journey to university page 2 Criteria

2019-07-30 09:42:53 - [TEST_STEP][PASSED] - click(findTestObject("getEmployable (Siftings)/25000")): Object: 'Object Repository/getEmployable (Siftings)/25000' is clicked on

2019-07-30 09:42:53 - [MESSAGE][PASSED] - Object: 'Object Repository/getEmployable (Siftings)/25000' is clicked on

2019-07-30 09:42:53 - [TEST_STEP][PASSED] - setText(findTestObject("getEmployable (Siftings)/lolipop1"), "Lollipop Lady, Lollipop Man, School Crossing Patrol Attendant"): Text 'Lollipop Lady, Lollipop Man, School Crossing Patrol Attendant' is set on object 'Object Repository/getEmployable (Siftings)/lolipop1'

2019-07-30 09:42:54 - [MESSAGE][PASSED] - Text 'Lollipop Lady, Lollipop Man, School Crossing Patrol Attendant' is set on object 'Object Repository/getEmployable (Siftings)/lolipop1'

2019-07-30 09:42:54 - [TEST_STEP][PASSED] - setText(findTestObject("getEmployable (Siftings)/school sec"), "School Secretary"): Text 'School Secretary' is set on object 'Object Repository/getEmployable (Siftings)/school sec'

2019-07-30 09:42:54 - [MESSAGE][PASSED] - Text 'School Secretary' is set on object 'Object Repository/getEmployable (Siftings)/school sec'

2019-07-30 09:42:54 - [TEST_STEP][PASSED] - click(findTestObject("getEmployable/input_Please tick any statements that apply to you_dis_16")): Object: 'Object Repository/getEmployable/input_Please tick any statements that apply to you_dis_16' is clicked on

2019-07-30 09:42:54 - [MESSAGE][PASSED] - Object: 'Object Repository/getEmployable/input_Please tick any statements that apply to you_dis_16' is clicked on

2019-07-30 09:42:54 - [TEST_STEP][PASSED] - click(findTestObject("getEmployable/input_Please tick any statements that apply to you_dis_17")): Object: 'Object Repository/getEmployable/input_Please tick any statements that apply to you_dis_17' is clicked on

2019-07-30 09:42:54 - [MESSAGE][PASSED] - Object: 'Object Repository/getEmployable/input_Please tick any statements that apply to you_dis_17' is clicked on

2019-07-30 09:42:54 - [TEST_STEP][PASSED] - click(findTestObject("Journey,background details/Journey/friend")): Object: 'Object Repository/Journey,background details/Journey/friend' is clicked on

2019-07-30 09:42:54 - [MESSAGE][PASSED] - Object: 'Object Repository/Journey,background details/Journey/friend' is clicked on

2019-07-30 09:42:54 - [TEST_STEP][PASSED] - delay(5): Delayed 5 second(s)

2019-07-30 09:42:59 - [MESSAGE][PASSED] - Delayed 5 second(s)

2019-07-30 09:42:59 - [TEST_STEP][PASSED] - click(findTestObject("getEmployable/Employee details/21-05-2019/background/background next")): Object: 'Object Repository/getEmployable/Employee details/21-05-2019/background/background next' is clicked on

2019-07-30 09:42:59 - [MESSAGE][PASSED] - Object: 'Object Repository/getEmployable/Employee details/21-05-2019/background/background next' is clicked on]]></system-out>
         <system-err><![CDATA[]]></system-err>
      </testcase>
      <testcase name="Test Cases/getEmployable/getEmployable Random/your background" classname="Test Cases/getEmployable/getEmployable Random/your background" status="PASSED">
         <system-out><![CDATA[2019-07-30 09:42:59 - [TEST_CASE][PASSED] - Test Cases/getEmployable/getEmployable Random/your background: Test Cases/getEmployable/getEmployable Random/your background

2019-07-30 09:42:59 - [TEST_STEP][PASSED] - comment("Enter yourbackground details"): Enter yourbackground details

2019-07-30 09:42:59 - [MESSAGE][INFO] - Enter yourbackground details

2019-07-30 09:42:59 - [TEST_STEP][PASSED] - delay(5): Delayed 5 second(s)

2019-07-30 09:43:04 - [MESSAGE][PASSED] - Delayed 5 second(s)

2019-07-30 09:43:04 - [TEST_STEP][PASSED] - rad = new java.util.Random(): null

2019-07-30 09:43:04 - [TEST_STEP][PASSED] - ethnicity = getNumberOfTotalOption(findTestObject("getEmployable (Siftings)/ehnicity")): 23 options of object 'Object Repository/getEmployable (Siftings)/ehnicity' counted

2019-07-30 09:43:05 - [MESSAGE][PASSED] - 23 options of object 'Object Repository/getEmployable (Siftings)/ehnicity' counted

2019-07-30 09:43:05 - [TEST_STEP][PASSED] - ethnicitycount = 1 + rad.nextInt(ethnicity - 1): null

2019-07-30 09:43:05 - [TEST_STEP][PASSED] - selectOptionByIndex(findTestObject("getEmployable (Siftings)/ehnicity"), ethnicitycount): All options with index in [13] are selected on object 'Object Repository/getEmployable (Siftings)/ehnicity'

2019-07-30 09:43:05 - [MESSAGE][PASSED] - All options with index in [13] are selected on object 'Object Repository/getEmployable (Siftings)/ehnicity'

2019-07-30 09:43:05 - [TEST_STEP][PASSED] - sexualorientation = getNumberOfTotalOption(findTestObject("getEmployable/Employee details/21-05-2019/background/sexual orientation")): 6 options of object 'Object Repository/getEmployable/Employee details/21-05-2019/background/sexual orientation' counted

2019-07-30 09:43:05 - [MESSAGE][PASSED] - 6 options of object 'Object Repository/getEmployable/Employee details/21-05-2019/background/sexual orientation' counted

2019-07-30 09:43:05 - [TEST_STEP][PASSED] - sexualorientationcount = 1 + rad.nextInt(sexualorientation - 1): null

2019-07-30 09:43:05 - [TEST_STEP][PASSED] - selectOptionByIndex(findTestObject("getEmployable/Employee details/21-05-2019/background/sexual orientation"), sexualorientationcount): All options with index in [2] are selected on object 'Object Repository/getEmployable/Employee details/21-05-2019/background/sexual orientation'

2019-07-30 09:43:05 - [MESSAGE][PASSED] - All options with index in [2] are selected on object 'Object Repository/getEmployable/Employee details/21-05-2019/background/sexual orientation'

2019-07-30 09:43:05 - [TEST_STEP][PASSED] - religion = getNumberOfTotalOption(findTestObject("getEmployable/Employee details/21-05-2019/background/religion")): 10 options of object 'Object Repository/getEmployable/Employee details/21-05-2019/background/religion' counted

2019-07-30 09:43:05 - [MESSAGE][PASSED] - 10 options of object 'Object Repository/getEmployable/Employee details/21-05-2019/background/religion' counted

2019-07-30 09:43:05 - [TEST_STEP][PASSED] - religioncount = 1 + rad.nextInt(religion - 1): null

2019-07-30 09:43:05 - [TEST_STEP][PASSED] - selectOptionByIndex(findTestObject("getEmployable/Employee details/21-05-2019/background/religion"), religioncount): All options with index in [8] are selected on object 'Object Repository/getEmployable/Employee details/21-05-2019/background/religion'

2019-07-30 09:43:05 - [MESSAGE][PASSED] - All options with index in [8] are selected on object 'Object Repository/getEmployable/Employee details/21-05-2019/background/religion'

2019-07-30 09:43:05 - [TEST_STEP][PASSED] - maritalstatus = getNumberOfTotalOption(findTestObject("getEmployable/Employee details/21-05-2019/background/Page_getEmployable - Assessment Form/marital status")): 6 options of object 'Object Repository/getEmployable/Employee details/21-05-2019/background/Page_getEmployable - Assessment Form/marital status' counted

2019-07-30 09:43:05 - [MESSAGE][PASSED] - 6 options of object 'Object Repository/getEmployable/Employee details/21-05-2019/background/Page_getEmployable - Assessment Form/marital status' counted

2019-07-30 09:43:05 - [TEST_STEP][PASSED] - maritalstatuscount = 1 + rad.nextInt(maritalstatus - 1): null

2019-07-30 09:43:05 - [TEST_STEP][PASSED] - selectOptionByIndex(findTestObject("getEmployable/Employee details/21-05-2019/background/Page_getEmployable - Assessment Form/marital status"), maritalstatuscount): All options with index in [2] are selected on object 'Object Repository/getEmployable/Employee details/21-05-2019/background/Page_getEmployable - Assessment Form/marital status'

2019-07-30 09:43:05 - [MESSAGE][PASSED] - All options with index in [2] are selected on object 'Object Repository/getEmployable/Employee details/21-05-2019/background/Page_getEmployable - Assessment Form/marital status'

2019-07-30 09:43:05 - [TEST_STEP][PASSED] - Disability = getNumberOfTotalOption(findTestObject("getEmployable/Employee details/21-05-2019/background/Page_getEmployable - Assessment Form/Disability")): 4 options of object 'Object Repository/getEmployable/Employee details/21-05-2019/background/Page_getEmployable - Assessment Form/Disability' counted

2019-07-30 09:43:05 - [MESSAGE][PASSED] - 4 options of object 'Object Repository/getEmployable/Employee details/21-05-2019/background/Page_getEmployable - Assessment Form/Disability' counted

2019-07-30 09:43:05 - [TEST_STEP][PASSED] - Disabilitycount = 1 + rad.nextInt(Disability - 1): null

2019-07-30 09:43:05 - [TEST_STEP][PASSED] - selectOptionByIndex(findTestObject("getEmployable/Employee details/21-05-2019/background/Page_getEmployable - Assessment Form/Disability"), Disabilitycount): All options with index in [3] are selected on object 'Object Repository/getEmployable/Employee details/21-05-2019/background/Page_getEmployable - Assessment Form/Disability'

2019-07-30 09:43:06 - [MESSAGE][PASSED] - All options with index in [3] are selected on object 'Object Repository/getEmployable/Employee details/21-05-2019/background/Page_getEmployable - Assessment Form/Disability'

2019-07-30 09:43:06 - [TEST_STEP][PASSED] - click(findTestObject("getEmployable/Employee details/21-05-2019/background/Page_getEmployable - Assessment Form/interested")): Object: 'Object Repository/getEmployable/Employee details/21-05-2019/background/Page_getEmployable - Assessment Form/interested' is clicked on

2019-07-30 09:43:06 - [MESSAGE][PASSED] - Object: 'Object Repository/getEmployable/Employee details/21-05-2019/background/Page_getEmployable - Assessment Form/interested' is clicked on

2019-07-30 09:43:06 - [TEST_STEP][PASSED] - delay(5): Delayed 5 second(s)

2019-07-30 09:43:11 - [MESSAGE][PASSED] - Delayed 5 second(s)

2019-07-30 09:43:11 - [TEST_STEP][PASSED] - click(findTestObject("getEmployable/Employee details/21-05-2019/background/met")): Object: 'Object Repository/getEmployable/Employee details/21-05-2019/background/met' is clicked on

2019-07-30 09:43:11 - [MESSAGE][PASSED] - Object: 'Object Repository/getEmployable/Employee details/21-05-2019/background/met' is clicked on

2019-07-30 09:43:11 - [TEST_STEP][PASSED] - click(findTestObject("getEmployable/Employee details/21-05-2019/background/Tick1")): Object: 'Object Repository/getEmployable/Employee details/21-05-2019/background/Tick1' is clicked on

2019-07-30 09:43:11 - [MESSAGE][PASSED] - Object: 'Object Repository/getEmployable/Employee details/21-05-2019/background/Tick1' is clicked on

2019-07-30 09:43:11 - [TEST_STEP][PASSED] - click(findTestObject("getEmployable/Employee details/21-05-2019/background/Tick2")): Object: 'Object Repository/getEmployable/Employee details/21-05-2019/background/Tick2' is clicked on

2019-07-30 09:43:11 - [MESSAGE][PASSED] - Object: 'Object Repository/getEmployable/Employee details/21-05-2019/background/Tick2' is clicked on

2019-07-30 09:43:11 - [TEST_STEP][PASSED] - delay(5): Delayed 5 second(s)

2019-07-30 09:43:16 - [MESSAGE][PASSED] - Delayed 5 second(s)

2019-07-30 09:43:16 - [TEST_STEP][PASSED] - click(findTestObject("getEmployable/Employee details/21-05-2019/background/Submit")): Object: 'Object Repository/getEmployable/Employee details/21-05-2019/background/Submit' is clicked on

2019-07-30 09:43:16 - [MESSAGE][PASSED] - Object: 'Object Repository/getEmployable/Employee details/21-05-2019/background/Submit' is clicked on

2019-07-30 09:43:16 - [TEST_STEP][PASSED] - delay(5): Delayed 5 second(s)

2019-07-30 09:43:21 - [MESSAGE][PASSED] - Delayed 5 second(s)

2019-07-30 09:43:21 - [TEST_STEP][PASSED] - verifyTextPresent("Congratulations on completing the Employability Assessment!", false): Text 'Congratulations on completing the Employability Assessment!' is present on page 

2019-07-30 09:43:21 - [MESSAGE][PASSED] - Text 'Congratulations on completing the Employability Assessment!' is present on page 

2019-07-30 09:43:21 - [TEST_STEP][PASSED] - takeScreenshot(): Taking screenshot successfully

2019-07-30 09:43:22 - [MESSAGE][PASSED] - Taking screenshot successfully
[[ATTACHMENT|C:\\Users\\sambhavi\\git\\didactic-octo-spork\\Reports\\getEmployable\\getEmployable- Autosifting\\20190730_094006\\1564460001690.png]]]]></system-out>
         <system-err><![CDATA[]]></system-err>
      </testcase>
      <system-out><![CDATA[2019-07-30 09:40:08 - [TEST_SUITE][PASSED] - getEmployable- Autosifting: Test Cases/getEmployable/getEmployable Random/your background]]></system-out>
      <system-err><![CDATA[]]></system-err>
   </testsuite>
</testsuites>
