<?xml version="1.0" encoding="UTF-8"?>
<testsuites name="NorthHighland" time="101" tests="2" failures="0" errors="0">
   <testsuite name="NorthHighland" tests="2" failures="0" errors="0" time="101" timestamp="2019-06-04 13:05:19" hostname="sambhavi - sambhavi.jmandigital.in" id="Test Suites/REALratings/NorthHighland">
      <properties>
         <property name="deviceName" value=""/>
         <property name="devicePlatform" value=""/>
         <property name="logFolder" value="C:\\Users\\sambhavi\\git\\didactic-octo-spork\\Reports\\REALratings\\NorthHighland\\20190604_130517"/>
         <property name="logFiles" value="C:\\Users\\sambhavi\\git\\didactic-octo-spork\\Reports\\REALratings\\NorthHighland\\20190604_130517\\execution0.log"/>
         <property name="attachments" value="C:\\Users\\sambhavi\\git\\didactic-octo-spork\\Reports\\REALratings\\NorthHighland\\20190604_130517\\nh33"/>
         <property name="hostName" value="sambhavi - sambhavi.jmandigital.in"/>
         <property name="os" value="Windows 10 64bit"/>
         <property name="katalonVersion" value="6.0.5.10"/>
         <property name="browser" value="Chrome 74.0.3729.169"/>
         <property name="hostAddress" value="192.168.0.185"/>
         <property name="sessionId" value="01e8ee0f24387cde0569e87284f64f2a"/>
         <property name="seleniumVersion" value="3.7.1"/>
         <property name="proxyInformation" value="ProxyInformation{proxyOption=NO_PROXY, proxyServerType=HTTP, password=, proxyServerAddress=, proxyServerPort=0}"/>
         <property name="platform" value="Windows 10"/>
      </properties>
      <testcase name="Test Cases/REALratings/NorthHighland/formSubmission" classname="Test Cases/REALratings/NorthHighland/formSubmission" status="PASSED">
         <system-out><![CDATA[2019-06-04 13:05:19 - [TEST_CASE][PASSED] - Test Cases/REALratings/NorthHighland/formSubmission: Test Cases/REALratings/NorthHighland/formSubmission

2019-06-04 13:05:20 - [TEST_STEP][PASSED] - openBrowser(""): Browser is opened with url: ''

2019-06-04 13:05:20 - [MESSAGE][INFO] - Starting 'Chrome' driver

2019-06-04 13:05:20 - [MESSAGE][INFO] - Action delay is set to 0 seconds

2019-06-04 13:05:24 - [MESSAGE][PASSED] - Browser is opened with url: ''

2019-06-04 13:05:24 - [TEST_STEP][PASSED] - navigateToUrl("https://nh-uat.realrating.co.uk/"): Navigate to 'https://nh-uat.realrating.co.uk/' successfully

2019-06-04 13:05:28 - [MESSAGE][PASSED] - Navigate to 'https://nh-uat.realrating.co.uk/' successfully

2019-06-04 13:05:28 - [TEST_STEP][PASSED] - maximizeWindow(): Current window maximized

2019-06-04 13:05:29 - [MESSAGE][PASSED] - Current window maximized

2019-06-04 13:05:29 - [TEST_STEP][PASSED] - rad = new java.util.Random(): null

2019-06-04 13:05:29 - [TEST_STEP][PASSED] - comment("Basic Information"): Basic Information

2019-06-04 13:05:29 - [MESSAGE][INFO] - Basic Information

2019-06-04 13:05:29 - [TEST_STEP][PASSED] - setText(findTestObject("REALRatings/NorthHighland/Page_REALrating/First Name"), findTestData("getEmployable/Applicants").getValue(1, 1)): Text 'Asha' is set on object 'Object Repository/REALRatings/NorthHighland/Page_REALrating/First Name'

2019-06-04 13:05:29 - [MESSAGE][PASSED] - Text 'Asha' is set on object 'Object Repository/REALRatings/NorthHighland/Page_REALrating/First Name'

2019-06-04 13:05:29 - [TEST_STEP][PASSED] - setText(findTestObject("REALRatings/NorthHighland/Page_REALrating/Last Name"), findTestData("getEmployable/Applicants").getValue(2, 1)): Text 'Rajendran' is set on object 'Object Repository/REALRatings/NorthHighland/Page_REALrating/Last Name'

2019-06-04 13:05:30 - [MESSAGE][PASSED] - Text 'Rajendran' is set on object 'Object Repository/REALRatings/NorthHighland/Page_REALrating/Last Name'

2019-06-04 13:05:30 - [TEST_STEP][PASSED] - Email = rad.nextInt(2000): null

2019-06-04 13:05:30 - [TEST_STEP][PASSED] - setText(findTestObject("REALRatings/NorthHighland/Page_REALrating/University Emailid"), "nh" + Email + "@test.com"): Text 'nh1059@test.com' is set on object 'Object Repository/REALRatings/NorthHighland/Page_REALrating/University Emailid'

2019-06-04 13:05:30 - [MESSAGE][PASSED] - Text 'nh1059@test.com' is set on object 'Object Repository/REALRatings/NorthHighland/Page_REALrating/University Emailid'

2019-06-04 13:05:30 - [TEST_STEP][PASSED] - click(findTestObject("REALRatings/NorthHighland/Page_REALrating/First Next"), STOP_ON_FAILURE): Object: 'Object Repository/REALRatings/NorthHighland/Page_REALrating/First Next' is clicked on

2019-06-04 13:05:30 - [MESSAGE][PASSED] - Object: 'Object Repository/REALRatings/NorthHighland/Page_REALrating/First Next' is clicked on

2019-06-04 13:05:30 - [TEST_STEP][PASSED] - comment("Main Qualifications"): Main Qualifications

2019-06-04 13:05:30 - [MESSAGE][INFO] - Main Qualifications

2019-06-04 13:05:30 - [TEST_STEP][PASSED] - ALevelYearTotalOptions = getNumberOfTotalOption(findTestObject("REALRatings/NorthHighland/Page_REALrating/A Level Year")): 71 options of object 'Object Repository/REALRatings/NorthHighland/Page_REALrating/A Level Year' counted

2019-06-04 13:05:30 - [MESSAGE][PASSED] - 71 options of object 'Object Repository/REALRatings/NorthHighland/Page_REALrating/A Level Year' counted

2019-06-04 13:05:30 - [TEST_STEP][PASSED] - ALevelYearcount = 1 + rad.nextInt(ALevelYearTotalOptions - 1): null

2019-06-04 13:05:30 - [TEST_STEP][PASSED] - selectOptionByIndex(findTestObject("REALRatings/NorthHighland/Page_REALrating/A Level Year"), ALevelYearcount): All options with index in [17] are selected on object 'Object Repository/REALRatings/NorthHighland/Page_REALrating/A Level Year'

2019-06-04 13:05:30 - [MESSAGE][PASSED] - All options with index in [17] are selected on object 'Object Repository/REALRatings/NorthHighland/Page_REALrating/A Level Year'

2019-06-04 13:05:30 - [TEST_STEP][PASSED] - GCSEYearTotalOptions = getNumberOfTotalOption(findTestObject("REALRatings/NorthHighland/Page_REALrating/GCSE Year")): 71 options of object 'Object Repository/REALRatings/NorthHighland/Page_REALrating/GCSE Year' counted

2019-06-04 13:05:30 - [MESSAGE][PASSED] - 71 options of object 'Object Repository/REALRatings/NorthHighland/Page_REALrating/GCSE Year' counted

2019-06-04 13:05:30 - [TEST_STEP][PASSED] - GCSEYearCount = 1 + rad.nextInt(GCSEYearTotalOptions - 1): null

2019-06-04 13:05:30 - [TEST_STEP][PASSED] - selectOptionByIndex(findTestObject("REALRatings/NorthHighland/Page_REALrating/GCSE Year"), GCSEYearCount): All options with index in [24] are selected on object 'Object Repository/REALRatings/NorthHighland/Page_REALrating/GCSE Year'

2019-06-04 13:05:31 - [MESSAGE][PASSED] - All options with index in [24] are selected on object 'Object Repository/REALRatings/NorthHighland/Page_REALrating/GCSE Year'

2019-06-04 13:05:31 - [TEST_STEP][PASSED] - MainQualificationTotaloptions = getNumberOfTotalOption(findTestObject("REALRatings/NorthHighland/Page_REALrating/Main Qualification")): 6 options of object 'Object Repository/REALRatings/NorthHighland/Page_REALrating/Main Qualification' counted

2019-06-04 13:05:31 - [MESSAGE][PASSED] - 6 options of object 'Object Repository/REALRatings/NorthHighland/Page_REALrating/Main Qualification' counted

2019-06-04 13:05:31 - [TEST_STEP][PASSED] - MainQualificationCount = 1 + rad.nextInt(MainQualificationTotaloptions - 1): null

2019-06-04 13:05:31 - [TEST_STEP][PASSED] - selectOptionByIndex(findTestObject("REALRatings/NorthHighland/Page_REALrating/Main Qualification"), MainQualificationCount): All options with index in [1] are selected on object 'Object Repository/REALRatings/NorthHighland/Page_REALrating/Main Qualification'

2019-06-04 13:05:31 - [MESSAGE][PASSED] - All options with index in [1] are selected on object 'Object Repository/REALRatings/NorthHighland/Page_REALrating/Main Qualification'

2019-06-04 13:05:31 - [TEST_STEP][PASSED] - delay(5): Delayed 5 second(s)

2019-06-04 13:05:36 - [MESSAGE][PASSED] - Delayed 5 second(s)

2019-06-04 13:05:36 - [TEST_STEP][PASSED] - if (MainQualificationCount == 1): All options with index in [56] are selected on object 'Object Repository/REALRatings/NorthHighland/Page_REALrating/Year Three'

2019-06-04 13:05:36 - [TEST_STEP][PASSED] - setText(findTestObject("REALRatings/NorthHighland/Page_REALrating/Title One"), "Further Mathematics"): Text 'Further Mathematics' is set on object 'Object Repository/REALRatings/NorthHighland/Page_REALrating/Title One'

2019-06-04 13:05:36 - [MESSAGE][PASSED] - Text 'Further Mathematics' is set on object 'Object Repository/REALRatings/NorthHighland/Page_REALrating/Title One'

2019-06-04 13:05:36 - [TEST_STEP][PASSED] - Grade1TotalOptions = getNumberOfTotalOption(findTestObject("REALRatings/NorthHighland/Page_REALrating/Grade One")): 10 options of object 'Object Repository/REALRatings/NorthHighland/Page_REALrating/Grade One' counted

2019-06-04 13:05:36 - [MESSAGE][PASSED] - 10 options of object 'Object Repository/REALRatings/NorthHighland/Page_REALrating/Grade One' counted

2019-06-04 13:05:36 - [TEST_STEP][PASSED] - Grade1 = 1 + rad.nextInt(Grade1TotalOptions - 1): null

2019-06-04 13:05:36 - [TEST_STEP][PASSED] - selectOptionByIndex(findTestObject("REALRatings/NorthHighland/Page_REALrating/Grade One"), Grade1): All options with index in [1] are selected on object 'Object Repository/REALRatings/NorthHighland/Page_REALrating/Grade One'

2019-06-04 13:05:36 - [MESSAGE][PASSED] - All options with index in [1] are selected on object 'Object Repository/REALRatings/NorthHighland/Page_REALrating/Grade One'

2019-06-04 13:05:36 - [TEST_STEP][PASSED] - Year1TotalOptions = getNumberOfTotalOption(findTestObject("REALRatings/NorthHighland/Page_REALrating/Year One")): 71 options of object 'Object Repository/REALRatings/NorthHighland/Page_REALrating/Year One' counted

2019-06-04 13:05:37 - [MESSAGE][PASSED] - 71 options of object 'Object Repository/REALRatings/NorthHighland/Page_REALrating/Year One' counted

2019-06-04 13:05:37 - [TEST_STEP][PASSED] - Year1 = 1 + rad.nextInt(Year1TotalOptions - 1): null

2019-06-04 13:05:37 - [TEST_STEP][PASSED] - selectOptionByIndex(findTestObject("REALRatings/NorthHighland/Page_REALrating/Year One"), Year1): All options with index in [46] are selected on object 'Object Repository/REALRatings/NorthHighland/Page_REALrating/Year One'

2019-06-04 13:05:37 - [MESSAGE][PASSED] - All options with index in [46] are selected on object 'Object Repository/REALRatings/NorthHighland/Page_REALrating/Year One'

2019-06-04 13:05:37 - [TEST_STEP][PASSED] - setText(findTestObject("REALRatings/NorthHighland/Page_REALrating/Title Two"), "Computer Science"): Text 'Computer Science' is set on object 'Object Repository/REALRatings/NorthHighland/Page_REALrating/Title Two'

2019-06-04 13:05:37 - [MESSAGE][PASSED] - Text 'Computer Science' is set on object 'Object Repository/REALRatings/NorthHighland/Page_REALrating/Title Two'

2019-06-04 13:05:37 - [TEST_STEP][PASSED] - Grade2TotalOptions = getNumberOfTotalOption(findTestObject("REALRatings/NorthHighland/Page_REALrating/Grade Two")): 10 options of object 'Object Repository/REALRatings/NorthHighland/Page_REALrating/Grade Two' counted

2019-06-04 13:05:37 - [MESSAGE][PASSED] - 10 options of object 'Object Repository/REALRatings/NorthHighland/Page_REALrating/Grade Two' counted

2019-06-04 13:05:37 - [TEST_STEP][PASSED] - Grade2 = 1 + rad.nextInt(Grade2TotalOptions - 1): null

2019-06-04 13:05:37 - [TEST_STEP][PASSED] - selectOptionByIndex(findTestObject("REALRatings/NorthHighland/Page_REALrating/Grade Two"), Grade2): All options with index in [4] are selected on object 'Object Repository/REALRatings/NorthHighland/Page_REALrating/Grade Two'

2019-06-04 13:05:37 - [MESSAGE][PASSED] - All options with index in [4] are selected on object 'Object Repository/REALRatings/NorthHighland/Page_REALrating/Grade Two'

2019-06-04 13:05:37 - [TEST_STEP][PASSED] - Year2TotalOptions = getNumberOfTotalOption(findTestObject("REALRatings/NorthHighland/Page_REALrating/Year Two")): 71 options of object 'Object Repository/REALRatings/NorthHighland/Page_REALrating/Year Two' counted

2019-06-04 13:05:38 - [MESSAGE][PASSED] - 71 options of object 'Object Repository/REALRatings/NorthHighland/Page_REALrating/Year Two' counted

2019-06-04 13:05:38 - [TEST_STEP][PASSED] - Year2 = 1 + rad.nextInt(Year2TotalOptions - 1): null

2019-06-04 13:05:38 - [TEST_STEP][PASSED] - selectOptionByIndex(findTestObject("REALRatings/NorthHighland/Page_REALrating/Year Two"), Year2): All options with index in [53] are selected on object 'Object Repository/REALRatings/NorthHighland/Page_REALrating/Year Two'

2019-06-04 13:05:38 - [MESSAGE][PASSED] - All options with index in [53] are selected on object 'Object Repository/REALRatings/NorthHighland/Page_REALrating/Year Two'

2019-06-04 13:05:38 - [TEST_STEP][PASSED] - setText(findTestObject("REALRatings/NorthHighland/Page_REALrating/Title Three"), "Further Mathematics"): Text 'Further Mathematics' is set on object 'Object Repository/REALRatings/NorthHighland/Page_REALrating/Title Three'

2019-06-04 13:05:38 - [MESSAGE][PASSED] - Text 'Further Mathematics' is set on object 'Object Repository/REALRatings/NorthHighland/Page_REALrating/Title Three'

2019-06-04 13:05:38 - [TEST_STEP][PASSED] - Grade3TotalOptions = getNumberOfTotalOption(findTestObject("REALRatings/NorthHighland/Page_REALrating/Grade Three")): 10 options of object 'Object Repository/REALRatings/NorthHighland/Page_REALrating/Grade Three' counted

2019-06-04 13:05:38 - [MESSAGE][PASSED] - 10 options of object 'Object Repository/REALRatings/NorthHighland/Page_REALrating/Grade Three' counted

2019-06-04 13:05:38 - [TEST_STEP][PASSED] - Grade3 = 1 + rad.nextInt(Grade3TotalOptions - 1): null

2019-06-04 13:05:38 - [TEST_STEP][PASSED] - selectOptionByIndex(findTestObject("REALRatings/NorthHighland/Page_REALrating/Grade Three"), Grade3): All options with index in [7] are selected on object 'Object Repository/REALRatings/NorthHighland/Page_REALrating/Grade Three'

2019-06-04 13:05:39 - [MESSAGE][PASSED] - All options with index in [7] are selected on object 'Object Repository/REALRatings/NorthHighland/Page_REALrating/Grade Three'

2019-06-04 13:05:39 - [TEST_STEP][PASSED] - Year3TotalOptions = getNumberOfTotalOption(findTestObject("REALRatings/NorthHighland/Page_REALrating/Year Three")): 71 options of object 'Object Repository/REALRatings/NorthHighland/Page_REALrating/Year Three' counted

2019-06-04 13:05:39 - [MESSAGE][PASSED] - 71 options of object 'Object Repository/REALRatings/NorthHighland/Page_REALrating/Year Three' counted

2019-06-04 13:05:39 - [TEST_STEP][PASSED] - Year3 = 1 + rad.nextInt(Year3TotalOptions - 1): null

2019-06-04 13:05:39 - [TEST_STEP][PASSED] - selectOptionByIndex(findTestObject("REALRatings/NorthHighland/Page_REALrating/Year Three"), Year3): All options with index in [56] are selected on object 'Object Repository/REALRatings/NorthHighland/Page_REALrating/Year Three'

2019-06-04 13:05:39 - [MESSAGE][PASSED] - All options with index in [56] are selected on object 'Object Repository/REALRatings/NorthHighland/Page_REALrating/Year Three'

2019-06-04 13:05:39 - [TEST_STEP][PASSED] - setText(findTestObject("REALRatings/NorthHighland/Page_REALrating/A Level School"), findTestData("getEmployable/Applicants").getValue(6, 1)): Text 'Kings Richard School' is set on object 'Object Repository/REALRatings/NorthHighland/Page_REALrating/A Level School'

2019-06-04 13:05:39 - [MESSAGE][PASSED] - Text 'Kings Richard School' is set on object 'Object Repository/REALRatings/NorthHighland/Page_REALrating/A Level School'

2019-06-04 13:05:39 - [TEST_STEP][PASSED] - setText(findTestObject("REALRatings/NorthHighland/Page_REALrating/GCSE School"), findTestData("getEmployable/Applicants").getValue(7, 1)): Text 'Kings Richard School' is set on object 'Object Repository/REALRatings/NorthHighland/Page_REALrating/GCSE School'

2019-06-04 13:05:40 - [MESSAGE][PASSED] - Text 'Kings Richard School' is set on object 'Object Repository/REALRatings/NorthHighland/Page_REALrating/GCSE School'

2019-06-04 13:05:40 - [TEST_STEP][PASSED] - click(findTestObject("REALRatings/NorthHighland/Page_REALrating/Gender")): Object: 'Object Repository/REALRatings/NorthHighland/Page_REALrating/Gender' is clicked on

2019-06-04 13:05:40 - [MESSAGE][PASSED] - Object: 'Object Repository/REALRatings/NorthHighland/Page_REALrating/Gender' is clicked on

2019-06-04 13:05:40 - [TEST_STEP][PASSED] - setText(findTestObject("REALRatings/NorthHighland/Page_REALrating/ALevelPostcode"), findTestData("getEmployable/Applicants").getValue(8, 1)): Text 'NW64DN' is set on object 'Object Repository/REALRatings/NorthHighland/Page_REALrating/ALevelPostcode'

2019-06-04 13:05:40 - [MESSAGE][PASSED] - Text 'NW64DN' is set on object 'Object Repository/REALRatings/NorthHighland/Page_REALrating/ALevelPostcode'

2019-06-04 13:05:40 - [TEST_STEP][PASSED] - setText(findTestObject("REALRatings/NorthHighland/Page_REALrating/GCSEPostcode"), findTestData("getEmployable/Applicants").getValue(9, 1)): Text 'AL60AA' is set on object 'Object Repository/REALRatings/NorthHighland/Page_REALrating/GCSEPostcode'

2019-06-04 13:05:40 - [MESSAGE][PASSED] - Text 'AL60AA' is set on object 'Object Repository/REALRatings/NorthHighland/Page_REALrating/GCSEPostcode'

2019-06-04 13:05:40 - [TEST_STEP][PASSED] - click(findTestObject("REALRatings/NorthHighland/Page_REALrating/TickAnyStatement")): Object: 'Object Repository/REALRatings/NorthHighland/Page_REALrating/TickAnyStatement' is clicked on

2019-06-04 13:05:40 - [MESSAGE][PASSED] - Object: 'Object Repository/REALRatings/NorthHighland/Page_REALrating/TickAnyStatement' is clicked on

2019-06-04 13:05:40 - [TEST_STEP][PASSED] - click(findTestObject("REALRatings/NorthHighland/Page_REALrating/ConfirmAggreement")): Object: 'Object Repository/REALRatings/NorthHighland/Page_REALrating/ConfirmAggreement' is clicked on

2019-06-04 13:05:40 - [MESSAGE][PASSED] - Object: 'Object Repository/REALRatings/NorthHighland/Page_REALrating/ConfirmAggreement' is clicked on

2019-06-04 13:05:40 - [TEST_STEP][PASSED] - click(findTestObject("REALRatings/NorthHighland/Page_REALrating/Submit")): Object: 'Object Repository/REALRatings/NorthHighland/Page_REALrating/Submit' is clicked on

2019-06-04 13:05:40 - [MESSAGE][PASSED] - Object: 'Object Repository/REALRatings/NorthHighland/Page_REALrating/Submit' is clicked on

2019-06-04 13:05:40 - [TEST_STEP][PASSED] - delay(5): Delayed 5 second(s)

2019-06-04 13:05:45 - [MESSAGE][PASSED] - Delayed 5 second(s)

2019-06-04 13:05:45 - [TEST_STEP][PASSED] - assert getUrl() == "https://nh-uat.realrating.co.uk/thankyou": Current window's url is: 'https://nh-uat.realrating.co.uk/thankyou'

2019-06-04 13:05:45 - [MESSAGE][PASSED] - Current window's url is: 'https://nh-uat.realrating.co.uk/thankyou'

2019-06-04 13:05:45 - [TEST_STEP][PASSED] - filename = rad.nextInt(100): null

2019-06-04 13:05:45 - [TEST_STEP][PASSED] - takeScreenshot("nh" + filename, STOP_ON_FAILURE): Taking screenshot successfully

2019-06-04 13:05:46 - [MESSAGE][PASSED] - Taking screenshot successfully
[[ATTACHMENT|C:\\Users\\sambhavi\\git\\didactic-octo-spork\\Reports\\REALratings\\NorthHighland\\20190604_130517\\nh33]]]]></system-out>
         <system-err><![CDATA[]]></system-err>
      </testcase>
      <testcase name="Test Cases/REALratings/NorthHighland/login" classname="Test Cases/REALratings/NorthHighland/login" status="PASSED">
         <system-out><![CDATA[2019-06-04 13:05:46 - [TEST_CASE][PASSED] - Test Cases/REALratings/NorthHighland/login: Test Cases/REALratings/NorthHighland/login

2019-06-04 13:05:46 - [TEST_STEP][PASSED] - openBrowser(""): Browser is opened with url: ''

2019-06-04 13:05:46 - [MESSAGE][WARNING] - A browser is already opened. Closing browser and opening a new one

2019-06-04 13:05:46 - [MESSAGE][INFO] - Starting 'Chrome' driver

2019-06-04 13:05:49 - [MESSAGE][PASSED] - Browser is opened with url: ''

2019-06-04 13:05:49 - [TEST_STEP][PASSED] - navigateToUrl("https://nh-uat.realrating.co.uk/login"): Navigate to 'https://nh-uat.realrating.co.uk/login' successfully

2019-06-04 13:05:54 - [MESSAGE][PASSED] - Navigate to 'https://nh-uat.realrating.co.uk/login' successfully

2019-06-04 13:05:54 - [TEST_STEP][PASSED] - maximizeWindow(): Current window maximized

2019-06-04 13:05:55 - [MESSAGE][PASSED] - Current window maximized

2019-06-04 13:05:55 - [TEST_STEP][PASSED] - setText(findTestObject("REALRatings/Greensill/login/Page_RealRating/input_E-Mail Address_email"), "john@upreach.org.uk"): Text 'john@upreach.org.uk' is set on object 'Object Repository/REALRatings/Greensill/login/Page_RealRating/input_E-Mail Address_email'

2019-06-04 13:05:55 - [MESSAGE][PASSED] - Text 'john@upreach.org.uk' is set on object 'Object Repository/REALRatings/Greensill/login/Page_RealRating/input_E-Mail Address_email'

2019-06-04 13:05:55 - [TEST_STEP][PASSED] - setEncryptedText(findTestObject("REALRatings/Greensill/login/Page_RealRating/input_Password_password"), "YPztdU12xyABLAH+eFFt4w=="): Text ****** has been set on object 'Object Repository/REALRatings/Greensill/login/Page_RealRating/input_Password_password'

2019-06-04 13:05:56 - [MESSAGE][PASSED] - Text ****** has been set on object 'Object Repository/REALRatings/Greensill/login/Page_RealRating/input_Password_password'

2019-06-04 13:05:56 - [TEST_STEP][PASSED] - click(findTestObject("REALRatings/Greensill/login/Page_RealRating/button_Login")): Object: 'Object Repository/REALRatings/Greensill/login/Page_RealRating/button_Login' is clicked on

2019-06-04 13:05:57 - [MESSAGE][PASSED] - Object: 'Object Repository/REALRatings/Greensill/login/Page_RealRating/button_Login' is clicked on

2019-06-04 13:05:57 - [TEST_STEP][PASSED] - getAllLinksOnCurrentPage(false, []): Found 16 unique links on the page https://nh-uat.realrating.co.uk/home

2019-06-04 13:05:58 - [MESSAGE][PASSED] - Found 16 unique links on the page https://nh-uat.realrating.co.uk/home

2019-06-04 13:05:58 - [TEST_STEP][PASSED] - verifyAllLinksOnCurrentPageAccessible(false, []): All links on the page 'https://nh-uat.realrating.co.uk/home' are accessible

2019-06-04 13:05:58 - [MESSAGE][PASSED] - Found 16 unique links on the page https://nh-uat.realrating.co.uk/home

2019-06-04 13:06:01 - [MESSAGE][INFO] - HAR: C:\Users\sambhavi\git\didactic-octo-spork\Reports\REALratings\NorthHighland\20190604_130517\requests\main\0.har

2019-06-04 13:06:02 - [MESSAGE][PASSED] - Send request successfully

2019-06-04 13:06:03 - [MESSAGE][INFO] - HAR: C:\Users\sambhavi\git\didactic-octo-spork\Reports\REALratings\NorthHighland\20190604_130517\requests\main\1.har

2019-06-04 13:06:03 - [MESSAGE][PASSED] - Send request successfully

2019-06-04 13:06:03 - [MESSAGE][INFO] - HAR: C:\Users\sambhavi\git\didactic-octo-spork\Reports\REALratings\NorthHighland\20190604_130517\requests\main\2.har

2019-06-04 13:06:03 - [MESSAGE][PASSED] - Send request successfully

2019-06-04 13:06:04 - [MESSAGE][INFO] - HAR: C:\Users\sambhavi\git\didactic-octo-spork\Reports\REALratings\NorthHighland\20190604_130517\requests\main\3.har

2019-06-04 13:06:04 - [MESSAGE][PASSED] - Send request successfully

2019-06-04 13:06:05 - [MESSAGE][INFO] - HAR: C:\Users\sambhavi\git\didactic-octo-spork\Reports\REALratings\NorthHighland\20190604_130517\requests\main\4.har

2019-06-04 13:06:05 - [MESSAGE][PASSED] - Send request successfully

2019-06-04 13:06:06 - [MESSAGE][INFO] - HAR: C:\Users\sambhavi\git\didactic-octo-spork\Reports\REALratings\NorthHighland\20190604_130517\requests\main\5.har

2019-06-04 13:06:06 - [MESSAGE][PASSED] - Send request successfully

2019-06-04 13:06:07 - [MESSAGE][INFO] - HAR: C:\Users\sambhavi\git\didactic-octo-spork\Reports\REALratings\NorthHighland\20190604_130517\requests\main\6.har

2019-06-04 13:06:07 - [MESSAGE][PASSED] - Send request successfully

2019-06-04 13:06:07 - [MESSAGE][INFO] - HAR: C:\Users\sambhavi\git\didactic-octo-spork\Reports\REALratings\NorthHighland\20190604_130517\requests\main\7.har

2019-06-04 13:06:07 - [MESSAGE][PASSED] - Send request successfully

2019-06-04 13:06:08 - [MESSAGE][INFO] - HAR: C:\Users\sambhavi\git\didactic-octo-spork\Reports\REALratings\NorthHighland\20190604_130517\requests\main\8.har

2019-06-04 13:06:08 - [MESSAGE][PASSED] - Send request successfully

2019-06-04 13:06:09 - [MESSAGE][INFO] - HAR: C:\Users\sambhavi\git\didactic-octo-spork\Reports\REALratings\NorthHighland\20190604_130517\requests\main\9.har

2019-06-04 13:06:09 - [MESSAGE][PASSED] - Send request successfully

2019-06-04 13:06:10 - [MESSAGE][INFO] - HAR: C:\Users\sambhavi\git\didactic-octo-spork\Reports\REALratings\NorthHighland\20190604_130517\requests\main\10.har

2019-06-04 13:06:10 - [MESSAGE][PASSED] - Send request successfully

2019-06-04 13:06:11 - [MESSAGE][INFO] - HAR: C:\Users\sambhavi\git\didactic-octo-spork\Reports\REALratings\NorthHighland\20190604_130517\requests\main\11.har

2019-06-04 13:06:11 - [MESSAGE][PASSED] - Send request successfully

2019-06-04 13:06:12 - [MESSAGE][INFO] - HAR: C:\Users\sambhavi\git\didactic-octo-spork\Reports\REALratings\NorthHighland\20190604_130517\requests\main\12.har

2019-06-04 13:06:13 - [MESSAGE][PASSED] - Send request successfully

2019-06-04 13:06:15 - [MESSAGE][INFO] - HAR: C:\Users\sambhavi\git\didactic-octo-spork\Reports\REALratings\NorthHighland\20190604_130517\requests\main\13.har

2019-06-04 13:06:15 - [MESSAGE][PASSED] - Send request successfully

2019-06-04 13:06:16 - [MESSAGE][INFO] - HAR: C:\Users\sambhavi\git\didactic-octo-spork\Reports\REALratings\NorthHighland\20190604_130517\requests\main\14.har

2019-06-04 13:06:16 - [MESSAGE][PASSED] - Send request successfully

2019-06-04 13:06:16 - [MESSAGE][INFO] - HAR: C:\Users\sambhavi\git\didactic-octo-spork\Reports\REALratings\NorthHighland\20190604_130517\requests\main\15.har

2019-06-04 13:06:16 - [MESSAGE][PASSED] - Send request successfully

2019-06-04 13:06:16 - [MESSAGE][PASSED] - All links are accessible

2019-06-04 13:06:16 - [MESSAGE][PASSED] - All links on the page 'https://nh-uat.realrating.co.uk/home' are accessible

2019-06-04 13:06:16 - [TEST_STEP][PASSED] - click(findTestObject("REALRatings/Greensill/login/Page_RealRating/Other Qualifications Tab")): Object: 'Object Repository/REALRatings/Greensill/login/Page_RealRating/Other Qualifications Tab' is clicked on

2019-06-04 13:06:16 - [MESSAGE][PASSED] - Object: 'Object Repository/REALRatings/Greensill/login/Page_RealRating/Other Qualifications Tab' is clicked on

2019-06-04 13:06:16 - [TEST_STEP][PASSED] - getAllLinksOnCurrentPage(false, []): Found 16 unique links on the page https://nh-uat.realrating.co.uk/home

2019-06-04 13:06:17 - [MESSAGE][PASSED] - Found 16 unique links on the page https://nh-uat.realrating.co.uk/home

2019-06-04 13:06:17 - [TEST_STEP][PASSED] - verifyAllLinksOnCurrentPageAccessible(false, []): All links on the page 'https://nh-uat.realrating.co.uk/home' are accessible

2019-06-04 13:06:17 - [MESSAGE][PASSED] - Found 16 unique links on the page https://nh-uat.realrating.co.uk/home

2019-06-04 13:06:19 - [MESSAGE][INFO] - HAR: C:\Users\sambhavi\git\didactic-octo-spork\Reports\REALratings\NorthHighland\20190604_130517\requests\main\16.har

2019-06-04 13:06:19 - [MESSAGE][PASSED] - Send request successfully

2019-06-04 13:06:19 - [MESSAGE][INFO] - HAR: C:\Users\sambhavi\git\didactic-octo-spork\Reports\REALratings\NorthHighland\20190604_130517\requests\main\17.har

2019-06-04 13:06:19 - [MESSAGE][PASSED] - Send request successfully

2019-06-04 13:06:20 - [MESSAGE][INFO] - HAR: C:\Users\sambhavi\git\didactic-octo-spork\Reports\REALratings\NorthHighland\20190604_130517\requests\main\18.har

2019-06-04 13:06:20 - [MESSAGE][PASSED] - Send request successfully

2019-06-04 13:06:21 - [MESSAGE][INFO] - HAR: C:\Users\sambhavi\git\didactic-octo-spork\Reports\REALratings\NorthHighland\20190604_130517\requests\main\19.har

2019-06-04 13:06:21 - [MESSAGE][PASSED] - Send request successfully

2019-06-04 13:06:22 - [MESSAGE][INFO] - HAR: C:\Users\sambhavi\git\didactic-octo-spork\Reports\REALratings\NorthHighland\20190604_130517\requests\main\20.har

2019-06-04 13:06:22 - [MESSAGE][PASSED] - Send request successfully

2019-06-04 13:06:23 - [MESSAGE][INFO] - HAR: C:\Users\sambhavi\git\didactic-octo-spork\Reports\REALratings\NorthHighland\20190604_130517\requests\main\21.har

2019-06-04 13:06:23 - [MESSAGE][PASSED] - Send request successfully

2019-06-04 13:06:33 - [MESSAGE][INFO] - HAR: C:\Users\sambhavi\git\didactic-octo-spork\Reports\REALratings\NorthHighland\20190604_130517\requests\main\22.har

2019-06-04 13:06:33 - [MESSAGE][PASSED] - Send request successfully

2019-06-04 13:06:43 - [MESSAGE][INFO] - HAR: C:\Users\sambhavi\git\didactic-octo-spork\Reports\REALratings\NorthHighland\20190604_130517\requests\main\23.har

2019-06-04 13:06:43 - [MESSAGE][PASSED] - Send request successfully

2019-06-04 13:06:43 - [MESSAGE][INFO] - HAR: C:\Users\sambhavi\git\didactic-octo-spork\Reports\REALratings\NorthHighland\20190604_130517\requests\main\24.har

2019-06-04 13:06:43 - [MESSAGE][PASSED] - Send request successfully

2019-06-04 13:06:44 - [MESSAGE][INFO] - HAR: C:\Users\sambhavi\git\didactic-octo-spork\Reports\REALratings\NorthHighland\20190604_130517\requests\main\25.har

2019-06-04 13:06:44 - [MESSAGE][PASSED] - Send request successfully

2019-06-04 13:06:46 - [MESSAGE][INFO] - HAR: C:\Users\sambhavi\git\didactic-octo-spork\Reports\REALratings\NorthHighland\20190604_130517\requests\main\26.har

2019-06-04 13:06:46 - [MESSAGE][PASSED] - Send request successfully

2019-06-04 13:06:46 - [MESSAGE][INFO] - HAR: C:\Users\sambhavi\git\didactic-octo-spork\Reports\REALratings\NorthHighland\20190604_130517\requests\main\27.har

2019-06-04 13:06:46 - [MESSAGE][PASSED] - Send request successfully

2019-06-04 13:06:48 - [MESSAGE][INFO] - HAR: C:\Users\sambhavi\git\didactic-octo-spork\Reports\REALratings\NorthHighland\20190604_130517\requests\main\28.har

2019-06-04 13:06:48 - [MESSAGE][PASSED] - Send request successfully

2019-06-04 13:06:52 - [MESSAGE][INFO] - HAR: C:\Users\sambhavi\git\didactic-octo-spork\Reports\REALratings\NorthHighland\20190604_130517\requests\main\29.har

2019-06-04 13:06:52 - [MESSAGE][PASSED] - Send request successfully

2019-06-04 13:06:53 - [MESSAGE][INFO] - HAR: C:\Users\sambhavi\git\didactic-octo-spork\Reports\REALratings\NorthHighland\20190604_130517\requests\main\30.har

2019-06-04 13:06:53 - [MESSAGE][PASSED] - Send request successfully

2019-06-04 13:06:54 - [MESSAGE][INFO] - HAR: C:\Users\sambhavi\git\didactic-octo-spork\Reports\REALratings\NorthHighland\20190604_130517\requests\main\31.har

2019-06-04 13:06:54 - [MESSAGE][PASSED] - Send request successfully

2019-06-04 13:06:54 - [MESSAGE][PASSED] - All links are accessible

2019-06-04 13:06:54 - [MESSAGE][PASSED] - All links on the page 'https://nh-uat.realrating.co.uk/home' are accessible

2019-06-04 13:06:54 - [TEST_STEP][PASSED] - click(findTestObject("REALRatings/Greensill/login/Page_RealRating/Profile")): Object: 'Object Repository/REALRatings/Greensill/login/Page_RealRating/Profile' is clicked on

2019-06-04 13:06:54 - [MESSAGE][PASSED] - Object: 'Object Repository/REALRatings/Greensill/login/Page_RealRating/Profile' is clicked on

2019-06-04 13:06:54 - [TEST_STEP][PASSED] - click(findTestObject("REALRatings/Greensill/login/Page_RealRating/Logout")): Object: 'Object Repository/REALRatings/Greensill/login/Page_RealRating/Logout' is clicked on

2019-06-04 13:06:54 - [MESSAGE][PASSED] - Object: 'Object Repository/REALRatings/Greensill/login/Page_RealRating/Logout' is clicked on

2019-06-04 13:06:54 - [TEST_STEP][PASSED] - delay(5): Delayed 5 second(s)

2019-06-04 13:06:59 - [MESSAGE][PASSED] - Delayed 5 second(s)

2019-06-04 13:06:59 - [TEST_STEP][PASSED] - click(findTestObject("REALRatings/Greensill/login/Page_RealRating/button_Logout")): Object: 'Object Repository/REALRatings/Greensill/login/Page_RealRating/button_Logout' is clicked on

2019-06-04 13:07:00 - [MESSAGE][PASSED] - Object: 'Object Repository/REALRatings/Greensill/login/Page_RealRating/button_Logout' is clicked on

2019-06-04 13:07:00 - [TEST_STEP][PASSED] - assert getUrl() == "https://nh-uat.realrating.co.uk/login": Current window's url is: 'https://nh-uat.realrating.co.uk/login'

2019-06-04 13:07:00 - [MESSAGE][PASSED] - Current window's url is: 'https://nh-uat.realrating.co.uk/login']]></system-out>
         <system-err><![CDATA[]]></system-err>
      </testcase>
      <system-out><![CDATA[2019-06-04 13:05:19 - [TEST_SUITE][PASSED] - NorthHighland: Test Cases/REALratings/NorthHighland/login]]></system-out>
      <system-err><![CDATA[]]></system-err>
   </testsuite>
</testsuites>
