<?xml version="1.0" encoding="UTF-8"?>
<testsuites name="Schroders" time="99" tests="2" failures="0" errors="0">
   <testsuite name="Schroders" tests="2" failures="0" errors="0" time="99" timestamp="2019-05-24 14:49:15" hostname="sambhavi - sambhavi.jmandigital.in" id="Test Suites/REALratings/Schroders">
      <properties>
         <property name="deviceName" value=""/>
         <property name="devicePlatform" value=""/>
         <property name="logFolder" value="C:\\Users\\sambhavi\\git\\didactic-octo-spork\\Reports\\REALratings\\Schroders\\20190524_144914"/>
         <property name="logFiles" value="C:\\Users\\sambhavi\\git\\didactic-octo-spork\\Reports\\REALratings\\Schroders\\20190524_144914\\execution0.log"/>
         <property name="attachments" value="C:\\Users\\sambhavi\\git\\didactic-octo-spork\\Reports\\REALratings\\Schroders\\20190524_144914\\1558689583674.png"/>
         <property name="hostName" value="sambhavi - sambhavi.jmandigital.in"/>
         <property name="os" value="Windows 10 64bit"/>
         <property name="katalonVersion" value="6.1.0.1"/>
         <property name="browser" value="Chrome 74.0.3729.169"/>
         <property name="hostAddress" value="192.168.0.185"/>
         <property name="sessionId" value="2c4d28dc17373001537e7582efb2b67b"/>
         <property name="seleniumVersion" value="3.7.1"/>
         <property name="proxyInformation" value="ProxyInformation{proxyOption=NO_PROXY, proxyServerType=HTTP, password=, proxyServerAddress=, proxyServerPort=0}"/>
         <property name="platform" value="Windows 10"/>
      </properties>
      <testcase name="Test Cases/REALratings/Schroders/Form Submission" classname="Test Cases/REALratings/Schroders/Form Submission" status="PASSED">
         <system-out><![CDATA[2019-05-24 14:49:16 - [TEST_CASE][PASSED] - Test Cases/REALratings/Schroders/Form Submission: Test Cases/REALratings/Schroders/Form Submission

2019-05-24 14:49:17 - [TEST_STEP][PASSED] - openBrowser(""): Browser is opened with url: ''

2019-05-24 14:49:17 - [MESSAGE][INFO] - Starting 'Chrome' driver

2019-05-24 14:49:17 - [MESSAGE][INFO] - Action delay is set to 0 seconds

2019-05-24 14:49:21 - [MESSAGE][PASSED] - Browser is opened with url: ''

2019-05-24 14:49:21 - [TEST_STEP][PASSED] - navigateToUrl("https://schroders-uat.realrating.co.uk/"): Navigate to 'https://schroders-uat.realrating.co.uk/' successfully

2019-05-24 14:49:25 - [MESSAGE][PASSED] - Navigate to 'https://schroders-uat.realrating.co.uk/' successfully

2019-05-24 14:49:25 - [TEST_STEP][PASSED] - maximizeWindow(): Current window maximized

2019-05-24 14:49:26 - [MESSAGE][PASSED] - Current window maximized

2019-05-24 14:49:26 - [TEST_STEP][PASSED] - delay(1): Delayed 1 second(s)

2019-05-24 14:49:27 - [MESSAGE][PASSED] - Delayed 1 second(s)

2019-05-24 14:49:27 - [TEST_STEP][PASSED] - rad = new java.util.Random(): null

2019-05-24 14:49:27 - [TEST_STEP][PASSED] - comment("Basic Information"): Basic Information

2019-05-24 14:49:27 - [MESSAGE][INFO] - Basic Information

2019-05-24 14:49:27 - [TEST_STEP][PASSED] - setText(findTestObject("REALRatings/Greensill/Page_REALrating/First Name"), findTestData("getEmployable/Applicants").getValue(1, 1)): Text 'Asha' is set on object 'Object Repository/REALRatings/Greensill/Page_REALrating/First Name'

2019-05-24 14:49:27 - [MESSAGE][PASSED] - Text 'Asha' is set on object 'Object Repository/REALRatings/Greensill/Page_REALrating/First Name'

2019-05-24 14:49:27 - [TEST_STEP][PASSED] - setText(findTestObject("REALRatings/Greensill/Page_REALrating/Last Name"), findTestData("getEmployable/Applicants").getValue(2, 1)): Text 'Rajendran' is set on object 'Object Repository/REALRatings/Greensill/Page_REALrating/Last Name'

2019-05-24 14:49:28 - [MESSAGE][PASSED] - Text 'Rajendran' is set on object 'Object Repository/REALRatings/Greensill/Page_REALrating/Last Name'

2019-05-24 14:49:28 - [TEST_STEP][PASSED] - Email = rad.nextInt(2000): null

2019-05-24 14:49:28 - [TEST_STEP][PASSED] - setText(findTestObject("REALRatings/Greensill/Page_REALrating/University Emailid"), "greensill" + Email + "@test.com"): Text 'greensill505@test.com' is set on object 'Object Repository/REALRatings/Greensill/Page_REALrating/University Emailid'

2019-05-24 14:49:28 - [MESSAGE][PASSED] - Text 'greensill505@test.com' is set on object 'Object Repository/REALRatings/Greensill/Page_REALrating/University Emailid'

2019-05-24 14:49:28 - [TEST_STEP][PASSED] - click(findTestObject("REALRatings/Greensill/Page_REALrating/First Next"), STOP_ON_FAILURE): Object: 'Object Repository/REALRatings/Greensill/Page_REALrating/First Next' is clicked on

2019-05-24 14:49:28 - [MESSAGE][PASSED] - Object: 'Object Repository/REALRatings/Greensill/Page_REALrating/First Next' is clicked on

2019-05-24 14:49:28 - [TEST_STEP][PASSED] - delay(2): Delayed 2 second(s)

2019-05-24 14:49:30 - [MESSAGE][PASSED] - Delayed 2 second(s)

2019-05-24 14:49:30 - [TEST_STEP][PASSED] - comment("University Information"): University Information

2019-05-24 14:49:30 - [MESSAGE][INFO] - University Information

2019-05-24 14:49:30 - [TEST_STEP][PASSED] - UniversityTotalOption = getNumberOfTotalOption(findTestObject("REALRatings/Greensill/Page_REALrating/University")): 154 options of object 'Object Repository/REALRatings/Greensill/Page_REALrating/University' counted

2019-05-24 14:49:30 - [MESSAGE][PASSED] - 154 options of object 'Object Repository/REALRatings/Greensill/Page_REALrating/University' counted

2019-05-24 14:49:30 - [TEST_STEP][PASSED] - UniversityCount = 1 + rad.nextInt(UniversityTotalOption - 1): null

2019-05-24 14:49:30 - [TEST_STEP][PASSED] - selectOptionByIndex(findTestObject("REALRatings/Greensill/Page_REALrating/University"), UniversityCount): All options with index in [48] are selected on object 'Object Repository/REALRatings/Greensill/Page_REALrating/University'

2019-05-24 14:49:31 - [MESSAGE][PASSED] - All options with index in [48] are selected on object 'Object Repository/REALRatings/Greensill/Page_REALrating/University'

2019-05-24 14:49:31 - [TEST_STEP][PASSED] - if (UniversityCount == 98): null

2019-05-24 14:49:31 - [TEST_STEP][PASSED] - UniversityCourseTotalOption = getNumberOfTotalOption(findTestObject("REALRatings/Greensill/Page_REALrating/University Course")): 96 options of object 'Object Repository/REALRatings/Greensill/Page_REALrating/University Course' counted

2019-05-24 14:49:31 - [MESSAGE][PASSED] - 96 options of object 'Object Repository/REALRatings/Greensill/Page_REALrating/University Course' counted

2019-05-24 14:49:31 - [TEST_STEP][PASSED] - UniveristyCourseCount = 1 + rad.nextInt(UniversityCourseTotalOption - 1): null

2019-05-24 14:49:31 - [TEST_STEP][PASSED] - selectOptionByIndex(findTestObject("REALRatings/Greensill/Page_REALrating/University Course"), UniveristyCourseCount): All options with index in [10] are selected on object 'Object Repository/REALRatings/Greensill/Page_REALrating/University Course'

2019-05-24 14:49:31 - [MESSAGE][PASSED] - All options with index in [10] are selected on object 'Object Repository/REALRatings/Greensill/Page_REALrating/University Course'

2019-05-24 14:49:31 - [TEST_STEP][PASSED] - if (UniveristyCourseCount == 95): null

2019-05-24 14:49:31 - [TEST_STEP][PASSED] - LengthOfUniversitycourseTotalOptions = getNumberOfTotalOption(findTestObject("REALRatings/Greensill/Page_REALrating/Length Of University Course")): 9 options of object 'Object Repository/REALRatings/Greensill/Page_REALrating/Length Of University Course' counted

2019-05-24 14:49:31 - [MESSAGE][PASSED] - 9 options of object 'Object Repository/REALRatings/Greensill/Page_REALrating/Length Of University Course' counted

2019-05-24 14:49:31 - [TEST_STEP][PASSED] - LengthOfUniversitycount = 1 + rad.nextInt(LengthOfUniversitycourseTotalOptions - 1): null

2019-05-24 14:49:31 - [TEST_STEP][PASSED] - selectOptionByIndex(findTestObject("REALRatings/Greensill/Page_REALrating/Length Of University Course"), LengthOfUniversitycount): All options with index in [8] are selected on object 'Object Repository/REALRatings/Greensill/Page_REALrating/Length Of University Course'

2019-05-24 14:49:31 - [MESSAGE][PASSED] - All options with index in [8] are selected on object 'Object Repository/REALRatings/Greensill/Page_REALrating/Length Of University Course'

2019-05-24 14:49:31 - [TEST_STEP][PASSED] - selectOptionByIndex(findTestObject("REALRatings/Greensill/Page_REALrating/Current Year Of Study"), LengthOfUniversitycount): All options with index in [8] are selected on object 'Object Repository/REALRatings/Greensill/Page_REALrating/Current Year Of Study'

2019-05-24 14:49:31 - [MESSAGE][PASSED] - All options with index in [8] are selected on object 'Object Repository/REALRatings/Greensill/Page_REALrating/Current Year Of Study'

2019-05-24 14:49:31 - [TEST_STEP][PASSED] - click(findTestObject("REALRatings/Schroders/second next")): Object: 'Object Repository/REALRatings/Schroders/second next' is clicked on

2019-05-24 14:49:31 - [MESSAGE][PASSED] - Object: 'Object Repository/REALRatings/Schroders/second next' is clicked on

2019-05-24 14:49:31 - [TEST_STEP][PASSED] - delay(2): Delayed 2 second(s)

2019-05-24 14:49:33 - [MESSAGE][PASSED] - Delayed 2 second(s)

2019-05-24 14:49:33 - [TEST_STEP][PASSED] - comment("Main Qualification Information"): Main Qualification Information

2019-05-24 14:49:33 - [MESSAGE][INFO] - Main Qualification Information

2019-05-24 14:49:33 - [TEST_STEP][PASSED] - ALevelYearTotalOptions = getNumberOfTotalOption(findTestObject("REALRatings/Schroders/Alevelyear")): 71 options of object 'Object Repository/REALRatings/Schroders/Alevelyear' counted

2019-05-24 14:49:34 - [MESSAGE][PASSED] - 71 options of object 'Object Repository/REALRatings/Schroders/Alevelyear' counted

2019-05-24 14:49:34 - [TEST_STEP][PASSED] - ALevelYearcount = 1 + rad.nextInt(ALevelYearTotalOptions - 1): null

2019-05-24 14:49:34 - [TEST_STEP][PASSED] - selectOptionByIndex(findTestObject("REALRatings/Schroders/Alevelyear"), ALevelYearcount): All options with index in [48] are selected on object 'Object Repository/REALRatings/Schroders/Alevelyear'

2019-05-24 14:49:34 - [MESSAGE][PASSED] - All options with index in [48] are selected on object 'Object Repository/REALRatings/Schroders/Alevelyear'

2019-05-24 14:49:34 - [TEST_STEP][PASSED] - GCSEYearTotalOptions = getNumberOfTotalOption(findTestObject("REALRatings/Schroders/Gcse year")): 71 options of object 'Object Repository/REALRatings/Schroders/Gcse year' counted

2019-05-24 14:49:34 - [MESSAGE][PASSED] - 71 options of object 'Object Repository/REALRatings/Schroders/Gcse year' counted

2019-05-24 14:49:34 - [TEST_STEP][PASSED] - GCSEYearCount = 1 + rad.nextInt(GCSEYearTotalOptions - 1): null

2019-05-24 14:49:34 - [TEST_STEP][PASSED] - selectOptionByIndex(findTestObject("REALRatings/Schroders/Gcse year"), GCSEYearCount): All options with index in [30] are selected on object 'Object Repository/REALRatings/Schroders/Gcse year'

2019-05-24 14:49:34 - [MESSAGE][PASSED] - All options with index in [30] are selected on object 'Object Repository/REALRatings/Schroders/Gcse year'

2019-05-24 14:49:34 - [TEST_STEP][PASSED] - MainQualificationTotaloptions = getNumberOfTotalOption(findTestObject("REALRatings/Greensill/Page_REALrating/Main Qualification")): 6 options of object 'Object Repository/REALRatings/Greensill/Page_REALrating/Main Qualification' counted

2019-05-24 14:49:34 - [MESSAGE][PASSED] - 6 options of object 'Object Repository/REALRatings/Greensill/Page_REALrating/Main Qualification' counted

2019-05-24 14:49:34 - [TEST_STEP][PASSED] - MainQualificationCount = 1 + rad.nextInt(MainQualificationTotaloptions - 1): null

2019-05-24 14:49:34 - [TEST_STEP][PASSED] - selectOptionByIndex(findTestObject("REALRatings/Greensill/Page_REALrating/Main Qualification"), MainQualificationCount): All options with index in [1] are selected on object 'Object Repository/REALRatings/Greensill/Page_REALrating/Main Qualification'

2019-05-24 14:49:34 - [MESSAGE][PASSED] - All options with index in [1] are selected on object 'Object Repository/REALRatings/Greensill/Page_REALrating/Main Qualification'

2019-05-24 14:49:34 - [TEST_STEP][PASSED] - if (MainQualificationCount == 1): All options with index in [8] are selected on object 'Object Repository/REALRatings/Greensill/Page_REALrating/Year Three'

2019-05-24 14:49:34 - [TEST_STEP][PASSED] - setText(findTestObject("REALRatings/Greensill/Page_REALrating/Title One"), "Further Mathematics"): Text 'Further Mathematics' is set on object 'Object Repository/REALRatings/Greensill/Page_REALrating/Title One'

2019-05-24 14:49:35 - [MESSAGE][PASSED] - Text 'Further Mathematics' is set on object 'Object Repository/REALRatings/Greensill/Page_REALrating/Title One'

2019-05-24 14:49:35 - [TEST_STEP][PASSED] - Grade1TotalOptions = getNumberOfTotalOption(findTestObject("REALRatings/Greensill/Page_REALrating/Grade one")): 10 options of object 'Object Repository/REALRatings/Greensill/Page_REALrating/Grade one' counted

2019-05-24 14:49:35 - [MESSAGE][PASSED] - 10 options of object 'Object Repository/REALRatings/Greensill/Page_REALrating/Grade one' counted

2019-05-24 14:49:35 - [TEST_STEP][PASSED] - Grade1 = rad.nextInt(Grade1TotalOptions - 1): null

2019-05-24 14:49:35 - [TEST_STEP][PASSED] - selectOptionByIndex(findTestObject("REALRatings/Greensill/Page_REALrating/Grade one"), Grade1): All options with index in [6] are selected on object 'Object Repository/REALRatings/Greensill/Page_REALrating/Grade one'

2019-05-24 14:49:35 - [MESSAGE][PASSED] - All options with index in [6] are selected on object 'Object Repository/REALRatings/Greensill/Page_REALrating/Grade one'

2019-05-24 14:49:35 - [TEST_STEP][PASSED] - Year1TotalOptions = getNumberOfTotalOption(findTestObject("REALRatings/Greensill/Page_REALrating/Year One")): 71 options of object 'Object Repository/REALRatings/Greensill/Page_REALrating/Year One' counted

2019-05-24 14:49:35 - [MESSAGE][PASSED] - 71 options of object 'Object Repository/REALRatings/Greensill/Page_REALrating/Year One' counted

2019-05-24 14:49:35 - [TEST_STEP][PASSED] - Year1 = 1 + rad.nextInt(Year1TotalOptions - 1): null

2019-05-24 14:49:35 - [TEST_STEP][PASSED] - selectOptionByIndex(findTestObject("REALRatings/Greensill/Page_REALrating/Year One"), Year1): All options with index in [46] are selected on object 'Object Repository/REALRatings/Greensill/Page_REALrating/Year One'

2019-05-24 14:49:35 - [MESSAGE][PASSED] - All options with index in [46] are selected on object 'Object Repository/REALRatings/Greensill/Page_REALrating/Year One'

2019-05-24 14:49:35 - [TEST_STEP][PASSED] - setText(findTestObject("REALRatings/Greensill/Page_REALrating/Title Two"), "Computer Science"): Text 'Computer Science' is set on object 'Object Repository/REALRatings/Greensill/Page_REALrating/Title Two'

2019-05-24 14:49:36 - [MESSAGE][PASSED] - Text 'Computer Science' is set on object 'Object Repository/REALRatings/Greensill/Page_REALrating/Title Two'

2019-05-24 14:49:36 - [TEST_STEP][PASSED] - Grade2TotalOptions = getNumberOfTotalOption(findTestObject("REALRatings/Greensill/Page_REALrating/Grade Two")): 10 options of object 'Object Repository/REALRatings/Greensill/Page_REALrating/Grade Two' counted

2019-05-24 14:49:36 - [MESSAGE][PASSED] - 10 options of object 'Object Repository/REALRatings/Greensill/Page_REALrating/Grade Two' counted

2019-05-24 14:49:36 - [TEST_STEP][PASSED] - Grade2 = 1 + rad.nextInt(Grade2TotalOptions - 1): null

2019-05-24 14:49:36 - [TEST_STEP][PASSED] - selectOptionByIndex(findTestObject("REALRatings/Greensill/Page_REALrating/Grade Two"), Grade2): All options with index in [6] are selected on object 'Object Repository/REALRatings/Greensill/Page_REALrating/Grade Two'

2019-05-24 14:49:36 - [MESSAGE][PASSED] - All options with index in [6] are selected on object 'Object Repository/REALRatings/Greensill/Page_REALrating/Grade Two'

2019-05-24 14:49:36 - [TEST_STEP][PASSED] - Year2TotalOptions = getNumberOfTotalOption(findTestObject("REALRatings/Greensill/Page_REALrating/Year Two")): 71 options of object 'Object Repository/REALRatings/Greensill/Page_REALrating/Year Two' counted

2019-05-24 14:49:36 - [MESSAGE][PASSED] - 71 options of object 'Object Repository/REALRatings/Greensill/Page_REALrating/Year Two' counted

2019-05-24 14:49:36 - [TEST_STEP][PASSED] - Year2 = 1 + rad.nextInt(Year2TotalOptions - 1): null

2019-05-24 14:49:36 - [TEST_STEP][PASSED] - selectOptionByIndex(findTestObject("REALRatings/Greensill/Page_REALrating/Year Two"), Year2): All options with index in [12] are selected on object 'Object Repository/REALRatings/Greensill/Page_REALrating/Year Two'

2019-05-24 14:49:36 - [MESSAGE][PASSED] - All options with index in [12] are selected on object 'Object Repository/REALRatings/Greensill/Page_REALrating/Year Two'

2019-05-24 14:49:36 - [TEST_STEP][PASSED] - setText(findTestObject("REALRatings/Greensill/Page_REALrating/Title Three"), "Further Mathematics"): Text 'Further Mathematics' is set on object 'Object Repository/REALRatings/Greensill/Page_REALrating/Title Three'

2019-05-24 14:49:36 - [MESSAGE][PASSED] - Text 'Further Mathematics' is set on object 'Object Repository/REALRatings/Greensill/Page_REALrating/Title Three'

2019-05-24 14:49:36 - [TEST_STEP][PASSED] - Grade3TotalOptions = getNumberOfTotalOption(findTestObject("REALRatings/Greensill/Page_REALrating/Grade Three")): 10 options of object 'Object Repository/REALRatings/Greensill/Page_REALrating/Grade Three' counted

2019-05-24 14:49:36 - [MESSAGE][PASSED] - 10 options of object 'Object Repository/REALRatings/Greensill/Page_REALrating/Grade Three' counted

2019-05-24 14:49:36 - [TEST_STEP][PASSED] - Grade3 = 1 + rad.nextInt(Grade3TotalOptions - 1): null

2019-05-24 14:49:36 - [TEST_STEP][PASSED] - selectOptionByIndex(findTestObject("REALRatings/Greensill/Page_REALrating/Grade Three"), Grade3): All options with index in [9] are selected on object 'Object Repository/REALRatings/Greensill/Page_REALrating/Grade Three'

2019-05-24 14:49:37 - [MESSAGE][PASSED] - All options with index in [9] are selected on object 'Object Repository/REALRatings/Greensill/Page_REALrating/Grade Three'

2019-05-24 14:49:37 - [TEST_STEP][PASSED] - Year3TotalOptions = getNumberOfTotalOption(findTestObject("REALRatings/Greensill/Page_REALrating/Year Three")): 71 options of object 'Object Repository/REALRatings/Greensill/Page_REALrating/Year Three' counted

2019-05-24 14:49:37 - [MESSAGE][PASSED] - 71 options of object 'Object Repository/REALRatings/Greensill/Page_REALrating/Year Three' counted

2019-05-24 14:49:37 - [TEST_STEP][PASSED] - Year3 = 1 + rad.nextInt(Year3TotalOptions - 1): null

2019-05-24 14:49:37 - [TEST_STEP][PASSED] - selectOptionByIndex(findTestObject("REALRatings/Greensill/Page_REALrating/Year Three"), Year3): All options with index in [8] are selected on object 'Object Repository/REALRatings/Greensill/Page_REALrating/Year Three'

2019-05-24 14:49:37 - [MESSAGE][PASSED] - All options with index in [8] are selected on object 'Object Repository/REALRatings/Greensill/Page_REALrating/Year Three'

2019-05-24 14:49:37 - [TEST_STEP][PASSED] - setText(findTestObject("REALRatings/Greensill/Page_REALrating/A Level School"), findTestData("getEmployable/Applicants").getValue(6, 1)): Text 'Kings Richard School' is set on object 'Object Repository/REALRatings/Greensill/Page_REALrating/A Level School'

2019-05-24 14:49:37 - [MESSAGE][PASSED] - Text 'Kings Richard School' is set on object 'Object Repository/REALRatings/Greensill/Page_REALrating/A Level School'

2019-05-24 14:49:37 - [TEST_STEP][PASSED] - setText(findTestObject("REALRatings/Greensill/Page_REALrating/GCSE School"), findTestData("getEmployable/Applicants").getValue(7, 1)): Text 'Kings Richard School' is set on object 'Object Repository/REALRatings/Greensill/Page_REALrating/GCSE School'

2019-05-24 14:49:38 - [MESSAGE][PASSED] - Text 'Kings Richard School' is set on object 'Object Repository/REALRatings/Greensill/Page_REALrating/GCSE School'

2019-05-24 14:49:38 - [TEST_STEP][PASSED] - setText(findTestObject("REALRatings/Greensill/Page_REALrating/A Level Postalcode"), findTestData("getEmployable/Applicants").getValue(8, 1)): Text 'NW64DN' is set on object 'Object Repository/REALRatings/Greensill/Page_REALrating/A Level Postalcode'

2019-05-24 14:49:38 - [MESSAGE][PASSED] - Text 'NW64DN' is set on object 'Object Repository/REALRatings/Greensill/Page_REALrating/A Level Postalcode'

2019-05-24 14:49:38 - [TEST_STEP][PASSED] - setText(findTestObject("REALRatings/Greensill/Page_REALrating/GCSE Postalcode"), findTestData("getEmployable/Applicants").getValue(9, 1)): Text 'AL60AA' is set on object 'Object Repository/REALRatings/Greensill/Page_REALrating/GCSE Postalcode'

2019-05-24 14:49:38 - [MESSAGE][PASSED] - Text 'AL60AA' is set on object 'Object Repository/REALRatings/Greensill/Page_REALrating/GCSE Postalcode'

2019-05-24 14:49:38 - [TEST_STEP][PASSED] - click(findTestObject("REALRatings/Greensill/Page_REALrating/Gender")): Object: 'Object Repository/REALRatings/Greensill/Page_REALrating/Gender' is clicked on

2019-05-24 14:49:38 - [MESSAGE][PASSED] - Object: 'Object Repository/REALRatings/Greensill/Page_REALrating/Gender' is clicked on

2019-05-24 14:49:38 - [TEST_STEP][PASSED] - click(findTestObject("REALRatings/Greensill/Page_REALrating/TickAnyStatement")): Object: 'Object Repository/REALRatings/Greensill/Page_REALrating/TickAnyStatement' is clicked on

2019-05-24 14:49:38 - [MESSAGE][PASSED] - Object: 'Object Repository/REALRatings/Greensill/Page_REALrating/TickAnyStatement' is clicked on

2019-05-24 14:49:38 - [TEST_STEP][PASSED] - click(findTestObject("REALRatings/Greensill/Page_REALrating/input_By ticking this box I confirm that I agree to the_confirmAgreement")): Object: 'Object Repository/REALRatings/Greensill/Page_REALrating/input_By ticking this box I confirm that I agree to the_confirmAgreement' is clicked on

2019-05-24 14:49:38 - [MESSAGE][PASSED] - Object: 'Object Repository/REALRatings/Greensill/Page_REALrating/input_By ticking this box I confirm that I agree to the_confirmAgreement' is clicked on

2019-05-24 14:49:38 - [TEST_STEP][PASSED] - click(findTestObject("REALRatings/Greensill/Page_REALrating/a_Submit")): Object: 'Object Repository/REALRatings/Greensill/Page_REALrating/a_Submit' is clicked on

2019-05-24 14:49:38 - [MESSAGE][PASSED] - Object: 'Object Repository/REALRatings/Greensill/Page_REALrating/a_Submit' is clicked on

2019-05-24 14:49:38 - [TEST_STEP][PASSED] - delay(5): Delayed 5 second(s)

2019-05-24 14:49:43 - [MESSAGE][PASSED] - Delayed 5 second(s)

2019-05-24 14:49:43 - [TEST_STEP][PASSED] - assert getUrl() == "https://schroders-uat.realrating.co.uk/thankyou": Current window's url is: 'https://schroders-uat.realrating.co.uk/thankyou'

2019-05-24 14:49:43 - [MESSAGE][PASSED] - Current window's url is: 'https://schroders-uat.realrating.co.uk/thankyou'

2019-05-24 14:49:43 - [TEST_STEP][PASSED] - takeScreenshot(): Taking screenshot successfully

2019-05-24 14:49:43 - [MESSAGE][PASSED] - Taking screenshot successfully
[[ATTACHMENT|C:\\Users\\sambhavi\\git\\didactic-octo-spork\\Reports\\REALratings\\Schroders\\20190524_144914\\1558689583674.png]]]]></system-out>
         <system-err><![CDATA[]]></system-err>
      </testcase>
      <testcase name="Test Cases/REALratings/Schroders/Login" classname="Test Cases/REALratings/Schroders/Login" status="PASSED">
         <system-out><![CDATA[2019-05-24 14:49:43 - [TEST_CASE][PASSED] - Test Cases/REALratings/Schroders/Login: Test Cases/REALratings/Schroders/Login

2019-05-24 14:49:44 - [TEST_STEP][PASSED] - openBrowser(""): Browser is opened with url: ''

2019-05-24 14:49:44 - [MESSAGE][WARNING] - A browser is already opened. Closing browser and opening a new one

2019-05-24 14:49:44 - [MESSAGE][INFO] - Starting 'Chrome' driver

2019-05-24 14:49:47 - [MESSAGE][PASSED] - Browser is opened with url: ''

2019-05-24 14:49:47 - [TEST_STEP][PASSED] - navigateToUrl("https://schroders-uat.realrating.co.uk/login"): Navigate to 'https://schroders-uat.realrating.co.uk/login' successfully

2019-05-24 14:49:52 - [MESSAGE][PASSED] - Navigate to 'https://schroders-uat.realrating.co.uk/login' successfully

2019-05-24 14:49:52 - [TEST_STEP][PASSED] - maximizeWindow(): Current window maximized

2019-05-24 14:49:53 - [MESSAGE][PASSED] - Current window maximized

2019-05-24 14:49:53 - [TEST_STEP][PASSED] - setText(findTestObject("REALRatings/Greensill/login/Page_RealRating/input_E-Mail Address_email"), "john@upreach.org.uk"): Text 'john@upreach.org.uk' is set on object 'Object Repository/REALRatings/Greensill/login/Page_RealRating/input_E-Mail Address_email'

2019-05-24 14:49:53 - [MESSAGE][PASSED] - Text 'john@upreach.org.uk' is set on object 'Object Repository/REALRatings/Greensill/login/Page_RealRating/input_E-Mail Address_email'

2019-05-24 14:49:53 - [TEST_STEP][PASSED] - setEncryptedText(findTestObject("REALRatings/Greensill/login/Page_RealRating/input_Password_password"), "YPztdU12xyABLAH+eFFt4w=="): Text ****** has been set on object 'Object Repository/REALRatings/Greensill/login/Page_RealRating/input_Password_password'

2019-05-24 14:49:53 - [MESSAGE][PASSED] - Text ****** has been set on object 'Object Repository/REALRatings/Greensill/login/Page_RealRating/input_Password_password'

2019-05-24 14:49:53 - [TEST_STEP][PASSED] - click(findTestObject("REALRatings/Greensill/login/Page_RealRating/button_Login")): Object: 'Object Repository/REALRatings/Greensill/login/Page_RealRating/button_Login' is clicked on

2019-05-24 14:49:55 - [MESSAGE][PASSED] - Object: 'Object Repository/REALRatings/Greensill/login/Page_RealRating/button_Login' is clicked on

2019-05-24 14:49:55 - [TEST_STEP][PASSED] - getAllLinksOnCurrentPage(false, []): Found 16 unique links on the page https://schroders-uat.realrating.co.uk/home

2019-05-24 14:49:56 - [MESSAGE][PASSED] - Found 16 unique links on the page https://schroders-uat.realrating.co.uk/home

2019-05-24 14:49:56 - [TEST_STEP][PASSED] - verifyAllLinksOnCurrentPageAccessible(false, []): All links on the page 'https://schroders-uat.realrating.co.uk/home' are accessible

2019-05-24 14:49:56 - [MESSAGE][PASSED] - Found 16 unique links on the page https://schroders-uat.realrating.co.uk/home

2019-05-24 14:49:59 - [MESSAGE][INFO] - HAR: C:\Users\sambhavi\git\didactic-octo-spork\Reports\REALratings\Schroders\20190524_144914\requests\main\0.har

2019-05-24 14:49:59 - [MESSAGE][PASSED] - Send request successfully

2019-05-24 14:50:00 - [MESSAGE][INFO] - HAR: C:\Users\sambhavi\git\didactic-octo-spork\Reports\REALratings\Schroders\20190524_144914\requests\main\1.har

2019-05-24 14:50:00 - [MESSAGE][PASSED] - Send request successfully

2019-05-24 14:50:00 - [MESSAGE][INFO] - HAR: C:\Users\sambhavi\git\didactic-octo-spork\Reports\REALratings\Schroders\20190524_144914\requests\main\2.har

2019-05-24 14:50:00 - [MESSAGE][PASSED] - Send request successfully

2019-05-24 14:50:01 - [MESSAGE][INFO] - HAR: C:\Users\sambhavi\git\didactic-octo-spork\Reports\REALratings\Schroders\20190524_144914\requests\main\3.har

2019-05-24 14:50:01 - [MESSAGE][PASSED] - Send request successfully

2019-05-24 14:50:02 - [MESSAGE][INFO] - HAR: C:\Users\sambhavi\git\didactic-octo-spork\Reports\REALratings\Schroders\20190524_144914\requests\main\4.har

2019-05-24 14:50:02 - [MESSAGE][PASSED] - Send request successfully

2019-05-24 14:50:03 - [MESSAGE][INFO] - HAR: C:\Users\sambhavi\git\didactic-octo-spork\Reports\REALratings\Schroders\20190524_144914\requests\main\5.har

2019-05-24 14:50:03 - [MESSAGE][PASSED] - Send request successfully

2019-05-24 14:50:04 - [MESSAGE][INFO] - HAR: C:\Users\sambhavi\git\didactic-octo-spork\Reports\REALratings\Schroders\20190524_144914\requests\main\6.har

2019-05-24 14:50:04 - [MESSAGE][PASSED] - Send request successfully

2019-05-24 14:50:05 - [MESSAGE][INFO] - HAR: C:\Users\sambhavi\git\didactic-octo-spork\Reports\REALratings\Schroders\20190524_144914\requests\main\7.har

2019-05-24 14:50:05 - [MESSAGE][PASSED] - Send request successfully

2019-05-24 14:50:06 - [MESSAGE][INFO] - HAR: C:\Users\sambhavi\git\didactic-octo-spork\Reports\REALratings\Schroders\20190524_144914\requests\main\8.har

2019-05-24 14:50:06 - [MESSAGE][PASSED] - Send request successfully

2019-05-24 14:50:07 - [MESSAGE][INFO] - HAR: C:\Users\sambhavi\git\didactic-octo-spork\Reports\REALratings\Schroders\20190524_144914\requests\main\9.har

2019-05-24 14:50:07 - [MESSAGE][PASSED] - Send request successfully

2019-05-24 14:50:08 - [MESSAGE][INFO] - HAR: C:\Users\sambhavi\git\didactic-octo-spork\Reports\REALratings\Schroders\20190524_144914\requests\main\10.har

2019-05-24 14:50:08 - [MESSAGE][PASSED] - Send request successfully

2019-05-24 14:50:09 - [MESSAGE][INFO] - HAR: C:\Users\sambhavi\git\didactic-octo-spork\Reports\REALratings\Schroders\20190524_144914\requests\main\11.har

2019-05-24 14:50:09 - [MESSAGE][PASSED] - Send request successfully

2019-05-24 14:50:16 - [MESSAGE][INFO] - HAR: C:\Users\sambhavi\git\didactic-octo-spork\Reports\REALratings\Schroders\20190524_144914\requests\main\12.har

2019-05-24 14:50:16 - [MESSAGE][PASSED] - Send request successfully

2019-05-24 14:50:20 - [MESSAGE][INFO] - HAR: C:\Users\sambhavi\git\didactic-octo-spork\Reports\REALratings\Schroders\20190524_144914\requests\main\13.har

2019-05-24 14:50:20 - [MESSAGE][PASSED] - Send request successfully

2019-05-24 14:50:23 - [MESSAGE][INFO] - HAR: C:\Users\sambhavi\git\didactic-octo-spork\Reports\REALratings\Schroders\20190524_144914\requests\main\14.har

2019-05-24 14:50:23 - [MESSAGE][PASSED] - Send request successfully

2019-05-24 14:50:23 - [MESSAGE][INFO] - HAR: C:\Users\sambhavi\git\didactic-octo-spork\Reports\REALratings\Schroders\20190524_144914\requests\main\15.har

2019-05-24 14:50:23 - [MESSAGE][PASSED] - Send request successfully

2019-05-24 14:50:23 - [MESSAGE][PASSED] - All links are accessible

2019-05-24 14:50:23 - [MESSAGE][PASSED] - All links on the page 'https://schroders-uat.realrating.co.uk/home' are accessible

2019-05-24 14:50:23 - [TEST_STEP][PASSED] - click(findTestObject("REALRatings/Greensill/login/Page_RealRating/Other Qualifications Tab")): Object: 'Object Repository/REALRatings/Greensill/login/Page_RealRating/Other Qualifications Tab' is clicked on

2019-05-24 14:50:24 - [MESSAGE][PASSED] - Object: 'Object Repository/REALRatings/Greensill/login/Page_RealRating/Other Qualifications Tab' is clicked on

2019-05-24 14:50:24 - [TEST_STEP][PASSED] - getAllLinksOnCurrentPage(false, []): Found 16 unique links on the page https://schroders-uat.realrating.co.uk/home

2019-05-24 14:50:24 - [MESSAGE][PASSED] - Found 16 unique links on the page https://schroders-uat.realrating.co.uk/home

2019-05-24 14:50:24 - [TEST_STEP][PASSED] - verifyAllLinksOnCurrentPageAccessible(false, []): All links on the page 'https://schroders-uat.realrating.co.uk/home' are accessible

2019-05-24 14:50:24 - [MESSAGE][PASSED] - Found 16 unique links on the page https://schroders-uat.realrating.co.uk/home

2019-05-24 14:50:26 - [MESSAGE][INFO] - HAR: C:\Users\sambhavi\git\didactic-octo-spork\Reports\REALratings\Schroders\20190524_144914\requests\main\16.har

2019-05-24 14:50:26 - [MESSAGE][PASSED] - Send request successfully

2019-05-24 14:50:27 - [MESSAGE][INFO] - HAR: C:\Users\sambhavi\git\didactic-octo-spork\Reports\REALratings\Schroders\20190524_144914\requests\main\17.har

2019-05-24 14:50:27 - [MESSAGE][PASSED] - Send request successfully

2019-05-24 14:50:29 - [MESSAGE][INFO] - HAR: C:\Users\sambhavi\git\didactic-octo-spork\Reports\REALratings\Schroders\20190524_144914\requests\main\18.har

2019-05-24 14:50:29 - [MESSAGE][PASSED] - Send request successfully

2019-05-24 14:50:30 - [MESSAGE][INFO] - HAR: C:\Users\sambhavi\git\didactic-octo-spork\Reports\REALratings\Schroders\20190524_144914\requests\main\19.har

2019-05-24 14:50:30 - [MESSAGE][PASSED] - Send request successfully

2019-05-24 14:50:33 - [MESSAGE][INFO] - HAR: C:\Users\sambhavi\git\didactic-octo-spork\Reports\REALratings\Schroders\20190524_144914\requests\main\20.har

2019-05-24 14:50:33 - [MESSAGE][PASSED] - Send request successfully

2019-05-24 14:50:36 - [MESSAGE][INFO] - HAR: C:\Users\sambhavi\git\didactic-octo-spork\Reports\REALratings\Schroders\20190524_144914\requests\main\21.har

2019-05-24 14:50:36 - [MESSAGE][PASSED] - Send request successfully

2019-05-24 14:50:38 - [MESSAGE][INFO] - HAR: C:\Users\sambhavi\git\didactic-octo-spork\Reports\REALratings\Schroders\20190524_144914\requests\main\22.har

2019-05-24 14:50:38 - [MESSAGE][PASSED] - Send request successfully

2019-05-24 14:50:38 - [MESSAGE][INFO] - HAR: C:\Users\sambhavi\git\didactic-octo-spork\Reports\REALratings\Schroders\20190524_144914\requests\main\23.har

2019-05-24 14:50:38 - [MESSAGE][PASSED] - Send request successfully

2019-05-24 14:50:39 - [MESSAGE][INFO] - HAR: C:\Users\sambhavi\git\didactic-octo-spork\Reports\REALratings\Schroders\20190524_144914\requests\main\24.har

2019-05-24 14:50:39 - [MESSAGE][PASSED] - Send request successfully

2019-05-24 14:50:40 - [MESSAGE][INFO] - HAR: C:\Users\sambhavi\git\didactic-octo-spork\Reports\REALratings\Schroders\20190524_144914\requests\main\25.har

2019-05-24 14:50:40 - [MESSAGE][PASSED] - Send request successfully

2019-05-24 14:50:41 - [MESSAGE][INFO] - HAR: C:\Users\sambhavi\git\didactic-octo-spork\Reports\REALratings\Schroders\20190524_144914\requests\main\26.har

2019-05-24 14:50:41 - [MESSAGE][PASSED] - Send request successfully

2019-05-24 14:50:42 - [MESSAGE][INFO] - HAR: C:\Users\sambhavi\git\didactic-octo-spork\Reports\REALratings\Schroders\20190524_144914\requests\main\27.har

2019-05-24 14:50:42 - [MESSAGE][PASSED] - Send request successfully

2019-05-24 14:50:44 - [MESSAGE][INFO] - HAR: C:\Users\sambhavi\git\didactic-octo-spork\Reports\REALratings\Schroders\20190524_144914\requests\main\28.har

2019-05-24 14:50:44 - [MESSAGE][PASSED] - Send request successfully

2019-05-24 14:50:46 - [MESSAGE][INFO] - HAR: C:\Users\sambhavi\git\didactic-octo-spork\Reports\REALratings\Schroders\20190524_144914\requests\main\29.har

2019-05-24 14:50:46 - [MESSAGE][PASSED] - Send request successfully

2019-05-24 14:50:47 - [MESSAGE][INFO] - HAR: C:\Users\sambhavi\git\didactic-octo-spork\Reports\REALratings\Schroders\20190524_144914\requests\main\30.har

2019-05-24 14:50:47 - [MESSAGE][PASSED] - Send request successfully

2019-05-24 14:50:48 - [MESSAGE][INFO] - HAR: C:\Users\sambhavi\git\didactic-octo-spork\Reports\REALratings\Schroders\20190524_144914\requests\main\31.har

2019-05-24 14:50:48 - [MESSAGE][PASSED] - Send request successfully

2019-05-24 14:50:48 - [MESSAGE][PASSED] - All links are accessible

2019-05-24 14:50:48 - [MESSAGE][PASSED] - All links on the page 'https://schroders-uat.realrating.co.uk/home' are accessible

2019-05-24 14:50:48 - [TEST_STEP][PASSED] - click(findTestObject("REALRatings/Greensill/login/Page_RealRating/Profile")): Object: 'Object Repository/REALRatings/Greensill/login/Page_RealRating/Profile' is clicked on

2019-05-24 14:50:48 - [MESSAGE][PASSED] - Object: 'Object Repository/REALRatings/Greensill/login/Page_RealRating/Profile' is clicked on

2019-05-24 14:50:48 - [TEST_STEP][PASSED] - click(findTestObject("REALRatings/Greensill/login/Page_RealRating/Logout")): Object: 'Object Repository/REALRatings/Greensill/login/Page_RealRating/Logout' is clicked on

2019-05-24 14:50:48 - [MESSAGE][PASSED] - Object: 'Object Repository/REALRatings/Greensill/login/Page_RealRating/Logout' is clicked on

2019-05-24 14:50:48 - [TEST_STEP][PASSED] - delay(5): Delayed 5 second(s)

2019-05-24 14:50:53 - [MESSAGE][PASSED] - Delayed 5 second(s)

2019-05-24 14:50:53 - [TEST_STEP][PASSED] - click(findTestObject("REALRatings/Greensill/login/Page_RealRating/button_Logout")): Object: 'Object Repository/REALRatings/Greensill/login/Page_RealRating/button_Logout' is clicked on

2019-05-24 14:50:54 - [MESSAGE][PASSED] - Object: 'Object Repository/REALRatings/Greensill/login/Page_RealRating/button_Logout' is clicked on

2019-05-24 14:50:54 - [TEST_STEP][PASSED] - assert getUrl() == "https://schroders-uat.realrating.co.uk/login": Current window's url is: 'https://schroders-uat.realrating.co.uk/login'

2019-05-24 14:50:54 - [MESSAGE][PASSED] - Current window's url is: 'https://schroders-uat.realrating.co.uk/login']]></system-out>
         <system-err><![CDATA[]]></system-err>
      </testcase>
      <system-out><![CDATA[2019-05-24 14:49:15 - [TEST_SUITE][PASSED] - Schroders: Test Cases/REALratings/Schroders/Login]]></system-out>
      <system-err><![CDATA[]]></system-err>
   </testsuite>
</testsuites>
