<?xml version="1.0" encoding="UTF-8"?>
<testsuites name="REALrating" time="69" tests="2" failures="0" errors="0">
   <testsuite name="REALrating" tests="2" failures="0" errors="0" time="69" timestamp="2019-06-25 10:37:13" hostname="sambhavi - sambhavi.jmandigital.in" id="Test Suites/REALratings/REALrating">
      <properties>
         <property name="deviceName" value=""/>
         <property name="devicePlatform" value=""/>
         <property name="logFolder" value="C:\\Users\\sambhavi\\git\\didactic-octo-spork\\Reports\\REALratings\\REALrating\\20190625_103711"/>
         <property name="logFiles" value="C:\\Users\\sambhavi\\git\\didactic-octo-spork\\Reports\\REALratings\\REALrating\\20190625_103711\\execution0.log"/>
         <property name="attachments" value="C:\\Users\\sambhavi\\git\\didactic-octo-spork\\Reports\\REALratings\\REALrating\\20190625_103711\\1561439302145.png"/>
         <property name="hostName" value="sambhavi - sambhavi.jmandigital.in"/>
         <property name="os" value="Windows 10 64bit"/>
         <property name="katalonVersion" value="6.0.5.10"/>
         <property name="browser" value="Chrome 75.0.3770.100"/>
         <property name="hostAddress" value="192.168.0.185"/>
         <property name="sessionId" value="0fd6f6c3a67f2dc0f82c4ddca58649c6"/>
         <property name="seleniumVersion" value="3.7.1"/>
         <property name="proxyInformation" value="ProxyInformation{proxyOption=NO_PROXY, proxyServerType=HTTP, password=, proxyServerAddress=, proxyServerPort=0}"/>
         <property name="platform" value="Windows 10"/>
      </properties>
      <testcase name="Test Cases/REALratings/REALrating/allLinksAllAccessible" classname="Test Cases/REALratings/REALrating/allLinksAllAccessible" status="PASSED">
         <system-out><![CDATA[2019-06-25 10:37:13 - [TEST_CASE][PASSED] - Test Cases/REALratings/REALrating/allLinksAllAccessible: Test Cases/REALratings/REALrating/allLinksAllAccessible

2019-06-25 10:37:14 - [TEST_STEP][PASSED] - openBrowser(""): Browser is opened with url: ''

2019-06-25 10:37:14 - [MESSAGE][INFO] - Starting 'Chrome' driver

2019-06-25 10:37:14 - [MESSAGE][INFO] - Action delay is set to 0 seconds

2019-06-25 10:37:18 - [MESSAGE][PASSED] - Browser is opened with url: ''

2019-06-25 10:37:18 - [TEST_STEP][PASSED] - navigateToUrl("https://uat.realrating.co.uk/"): Navigate to 'https://uat.realrating.co.uk/' successfully

2019-06-25 10:37:21 - [MESSAGE][PASSED] - Navigate to 'https://uat.realrating.co.uk/' successfully

2019-06-25 10:37:21 - [TEST_STEP][PASSED] - maximizeWindow(): Current window maximized

2019-06-25 10:37:23 - [MESSAGE][PASSED] - Current window maximized

2019-06-25 10:37:23 - [TEST_STEP][PASSED] - verifyElementPresent(findTestObject("REALRatings/REALrating/Page_REALrating/Get Started"), 5, STOP_ON_FAILURE): Object 'Object Repository/REALRatings/REALrating/Page_REALrating/Get Started' is present

2019-06-25 10:37:23 - [MESSAGE][PASSED] - Object 'Object Repository/REALRatings/REALrating/Page_REALrating/Get Started' is present

2019-06-25 10:37:23 - [TEST_STEP][PASSED] - verifyAllLinksOnCurrentPageAccessible(false, []): All links on the page 'https://uat.realrating.co.uk/' are accessible

2019-06-25 10:37:23 - [MESSAGE][PASSED] - Found 26 unique links on the page https://uat.realrating.co.uk/

2019-06-25 10:37:26 - [MESSAGE][INFO] - HAR: C:\Users\sambhavi\git\didactic-octo-spork\Reports\REALratings\REALrating\20190625_103711\requests\main\0.har

2019-06-25 10:37:26 - [MESSAGE][PASSED] - Send request successfully

2019-06-25 10:37:27 - [MESSAGE][INFO] - HAR: C:\Users\sambhavi\git\didactic-octo-spork\Reports\REALratings\REALrating\20190625_103711\requests\main\1.har

2019-06-25 10:37:27 - [MESSAGE][PASSED] - Send request successfully

2019-06-25 10:37:27 - [MESSAGE][INFO] - HAR: C:\Users\sambhavi\git\didactic-octo-spork\Reports\REALratings\REALrating\20190625_103711\requests\main\2.har

2019-06-25 10:37:27 - [MESSAGE][PASSED] - Send request successfully

2019-06-25 10:37:28 - [MESSAGE][INFO] - HAR: C:\Users\sambhavi\git\didactic-octo-spork\Reports\REALratings\REALrating\20190625_103711\requests\main\3.har

2019-06-25 10:37:28 - [MESSAGE][PASSED] - Send request successfully

2019-06-25 10:37:29 - [MESSAGE][INFO] - HAR: C:\Users\sambhavi\git\didactic-octo-spork\Reports\REALratings\REALrating\20190625_103711\requests\main\4.har

2019-06-25 10:37:29 - [MESSAGE][PASSED] - Send request successfully

2019-06-25 10:37:30 - [MESSAGE][INFO] - HAR: C:\Users\sambhavi\git\didactic-octo-spork\Reports\REALratings\REALrating\20190625_103711\requests\main\5.har

2019-06-25 10:37:30 - [MESSAGE][PASSED] - Send request successfully

2019-06-25 10:37:30 - [MESSAGE][INFO] - HAR: C:\Users\sambhavi\git\didactic-octo-spork\Reports\REALratings\REALrating\20190625_103711\requests\main\6.har

2019-06-25 10:37:30 - [MESSAGE][PASSED] - Send request successfully

2019-06-25 10:37:31 - [MESSAGE][INFO] - HAR: C:\Users\sambhavi\git\didactic-octo-spork\Reports\REALratings\REALrating\20190625_103711\requests\main\7.har

2019-06-25 10:37:31 - [MESSAGE][PASSED] - Send request successfully

2019-06-25 10:37:32 - [MESSAGE][INFO] - HAR: C:\Users\sambhavi\git\didactic-octo-spork\Reports\REALratings\REALrating\20190625_103711\requests\main\8.har

2019-06-25 10:37:32 - [MESSAGE][PASSED] - Send request successfully

2019-06-25 10:37:33 - [MESSAGE][INFO] - HAR: C:\Users\sambhavi\git\didactic-octo-spork\Reports\REALratings\REALrating\20190625_103711\requests\main\9.har

2019-06-25 10:37:33 - [MESSAGE][PASSED] - Send request successfully

2019-06-25 10:37:33 - [MESSAGE][INFO] - HAR: C:\Users\sambhavi\git\didactic-octo-spork\Reports\REALratings\REALrating\20190625_103711\requests\main\10.har

2019-06-25 10:37:33 - [MESSAGE][PASSED] - Send request successfully

2019-06-25 10:37:34 - [MESSAGE][INFO] - HAR: C:\Users\sambhavi\git\didactic-octo-spork\Reports\REALratings\REALrating\20190625_103711\requests\main\11.har

2019-06-25 10:37:34 - [MESSAGE][PASSED] - Send request successfully

2019-06-25 10:37:35 - [MESSAGE][INFO] - HAR: C:\Users\sambhavi\git\didactic-octo-spork\Reports\REALratings\REALrating\20190625_103711\requests\main\12.har

2019-06-25 10:37:35 - [MESSAGE][PASSED] - Send request successfully

2019-06-25 10:37:36 - [MESSAGE][INFO] - HAR: C:\Users\sambhavi\git\didactic-octo-spork\Reports\REALratings\REALrating\20190625_103711\requests\main\13.har

2019-06-25 10:37:36 - [MESSAGE][PASSED] - Send request successfully

2019-06-25 10:37:38 - [MESSAGE][INFO] - HAR: C:\Users\sambhavi\git\didactic-octo-spork\Reports\REALratings\REALrating\20190625_103711\requests\main\14.har

2019-06-25 10:37:38 - [MESSAGE][PASSED] - Send request successfully

2019-06-25 10:37:39 - [MESSAGE][INFO] - HAR: C:\Users\sambhavi\git\didactic-octo-spork\Reports\REALratings\REALrating\20190625_103711\requests\main\15.har

2019-06-25 10:37:39 - [MESSAGE][PASSED] - Send request successfully

2019-06-25 10:37:39 - [MESSAGE][INFO] - HAR: C:\Users\sambhavi\git\didactic-octo-spork\Reports\REALratings\REALrating\20190625_103711\requests\main\16.har

2019-06-25 10:37:39 - [MESSAGE][PASSED] - Send request successfully

2019-06-25 10:37:40 - [MESSAGE][INFO] - HAR: C:\Users\sambhavi\git\didactic-octo-spork\Reports\REALratings\REALrating\20190625_103711\requests\main\17.har

2019-06-25 10:37:40 - [MESSAGE][PASSED] - Send request successfully

2019-06-25 10:37:40 - [MESSAGE][INFO] - HAR: C:\Users\sambhavi\git\didactic-octo-spork\Reports\REALratings\REALrating\20190625_103711\requests\main\18.har

2019-06-25 10:37:40 - [MESSAGE][PASSED] - Send request successfully

2019-06-25 10:37:41 - [MESSAGE][INFO] - HAR: C:\Users\sambhavi\git\didactic-octo-spork\Reports\REALratings\REALrating\20190625_103711\requests\main\19.har

2019-06-25 10:37:41 - [MESSAGE][PASSED] - Send request successfully

2019-06-25 10:37:51 - [MESSAGE][INFO] - HAR: C:\Users\sambhavi\git\didactic-octo-spork\Reports\REALratings\REALrating\20190625_103711\requests\main\20.har

2019-06-25 10:37:51 - [MESSAGE][PASSED] - Send request successfully

2019-06-25 10:37:51 - [MESSAGE][INFO] - HAR: C:\Users\sambhavi\git\didactic-octo-spork\Reports\REALratings\REALrating\20190625_103711\requests\main\21.har

2019-06-25 10:37:51 - [MESSAGE][PASSED] - Send request successfully

2019-06-25 10:37:52 - [MESSAGE][INFO] - HAR: C:\Users\sambhavi\git\didactic-octo-spork\Reports\REALratings\REALrating\20190625_103711\requests\main\22.har

2019-06-25 10:37:52 - [MESSAGE][PASSED] - Send request successfully

2019-06-25 10:37:53 - [MESSAGE][INFO] - HAR: C:\Users\sambhavi\git\didactic-octo-spork\Reports\REALratings\REALrating\20190625_103711\requests\main\23.har

2019-06-25 10:37:53 - [MESSAGE][PASSED] - Send request successfully

2019-06-25 10:37:53 - [MESSAGE][INFO] - HAR: C:\Users\sambhavi\git\didactic-octo-spork\Reports\REALratings\REALrating\20190625_103711\requests\main\24.har

2019-06-25 10:37:53 - [MESSAGE][PASSED] - Send request successfully

2019-06-25 10:37:54 - [MESSAGE][INFO] - HAR: C:\Users\sambhavi\git\didactic-octo-spork\Reports\REALratings\REALrating\20190625_103711\requests\main\25.har

2019-06-25 10:37:54 - [MESSAGE][PASSED] - Send request successfully

2019-06-25 10:37:54 - [MESSAGE][PASSED] - All links are accessible

2019-06-25 10:37:54 - [MESSAGE][PASSED] - All links on the page 'https://uat.realrating.co.uk/' are accessible]]></system-out>
         <system-err><![CDATA[]]></system-err>
      </testcase>
      <testcase name="Test Cases/REALratings/REALrating/formSubmission" classname="Test Cases/REALratings/REALrating/formSubmission" status="PASSED">
         <system-out><![CDATA[2019-06-25 10:37:54 - [TEST_CASE][PASSED] - Test Cases/REALratings/REALrating/formSubmission: Test Cases/REALratings/REALrating/formSubmission

2019-06-25 10:37:54 - [TEST_STEP][PASSED] - openBrowser(""): Browser is opened with url: ''

2019-06-25 10:37:54 - [MESSAGE][WARNING] - A browser is already opened. Closing browser and opening a new one

2019-06-25 10:37:55 - [MESSAGE][INFO] - Starting 'Chrome' driver

2019-06-25 10:37:57 - [MESSAGE][PASSED] - Browser is opened with url: ''

2019-06-25 10:37:57 - [TEST_STEP][PASSED] - navigateToUrl("https://uat.realrating.co.uk/"): Navigate to 'https://uat.realrating.co.uk/' successfully

2019-06-25 10:38:01 - [MESSAGE][PASSED] - Navigate to 'https://uat.realrating.co.uk/' successfully

2019-06-25 10:38:01 - [TEST_STEP][PASSED] - maximizeWindow(): Current window maximized

2019-06-25 10:38:02 - [MESSAGE][PASSED] - Current window maximized

2019-06-25 10:38:02 - [TEST_STEP][PASSED] - verifyElementPresent(findTestObject("REALRatings/REALrating/Page_REALrating/Get Started"), 5, STOP_ON_FAILURE): Object 'Object Repository/REALRatings/REALrating/Page_REALrating/Get Started' is present

2019-06-25 10:38:03 - [MESSAGE][PASSED] - Object 'Object Repository/REALRatings/REALrating/Page_REALrating/Get Started' is present

2019-06-25 10:38:03 - [TEST_STEP][PASSED] - click(findTestObject("REALRatings/REALrating/Page_REALrating/Get Started")): Object: 'Object Repository/REALRatings/REALrating/Page_REALrating/Get Started' is clicked on

2019-06-25 10:38:03 - [MESSAGE][PASSED] - Object: 'Object Repository/REALRatings/REALrating/Page_REALrating/Get Started' is clicked on

2019-06-25 10:38:03 - [TEST_STEP][PASSED] - delay(1): Delayed 1 second(s)

2019-06-25 10:38:04 - [MESSAGE][PASSED] - Delayed 1 second(s)

2019-06-25 10:38:04 - [TEST_STEP][PASSED] - comment("Basic Information"): Basic Information

2019-06-25 10:38:04 - [MESSAGE][INFO] - Basic Information

2019-06-25 10:38:04 - [TEST_STEP][PASSED] - setText(findTestObject("REALRatings/REALrating/Page_REALrating/First Name"), findTestData("getEmployable/Applicants").getValue(1, 1)): Text 'Asha' is set on object 'Object Repository/REALRatings/REALrating/Page_REALrating/First Name'

2019-06-25 10:38:04 - [MESSAGE][PASSED] - Text 'Asha' is set on object 'Object Repository/REALRatings/REALrating/Page_REALrating/First Name'

2019-06-25 10:38:04 - [TEST_STEP][PASSED] - setText(findTestObject("REALRatings/REALrating/Page_REALrating/Last Name"), findTestData("getEmployable/Applicants").getValue(2, 1)): Text 'Rajendran' is set on object 'Object Repository/REALRatings/REALrating/Page_REALrating/Last Name'

2019-06-25 10:38:04 - [MESSAGE][PASSED] - Text 'Rajendran' is set on object 'Object Repository/REALRatings/REALrating/Page_REALrating/Last Name'

2019-06-25 10:38:04 - [TEST_STEP][PASSED] - rad = new java.util.Random(): null

2019-06-25 10:38:04 - [TEST_STEP][PASSED] - emailid = rad.nextInt(2000): null

2019-06-25 10:38:04 - [TEST_STEP][PASSED] - setText(findTestObject("REALRatings/REALrating/Page_REALrating/University Email"), "realrating" + emailid + "@test.ac.uk"): Text 'realrating30@test.ac.uk' is set on object 'Object Repository/REALRatings/REALrating/Page_REALrating/University Email'

2019-06-25 10:38:04 - [MESSAGE][PASSED] - Text 'realrating30@test.ac.uk' is set on object 'Object Repository/REALRatings/REALrating/Page_REALrating/University Email'

2019-06-25 10:38:04 - [TEST_STEP][PASSED] - click(findTestObject("REALRatings/REALrating/Page_REALrating/FP Next"), STOP_ON_FAILURE): Object: 'Object Repository/REALRatings/REALrating/Page_REALrating/FP Next' is clicked on

2019-06-25 10:38:04 - [MESSAGE][PASSED] - Object: 'Object Repository/REALRatings/REALrating/Page_REALrating/FP Next' is clicked on

2019-06-25 10:38:04 - [TEST_STEP][PASSED] - delay(1): Delayed 1 second(s)

2019-06-25 10:38:05 - [MESSAGE][PASSED] - Delayed 1 second(s)

2019-06-25 10:38:05 - [TEST_STEP][PASSED] - comment("University Information"): University Information

2019-06-25 10:38:05 - [MESSAGE][INFO] - University Information

2019-06-25 10:38:05 - [TEST_STEP][PASSED] - ALevelYearTotalOptions = getNumberOfTotalOption(findTestObject("REALRatings/REALrating/Page_REALrating/A Level Year")): 71 options of object 'Object Repository/REALRatings/REALrating/Page_REALrating/A Level Year' counted

2019-06-25 10:38:05 - [MESSAGE][PASSED] - 71 options of object 'Object Repository/REALRatings/REALrating/Page_REALrating/A Level Year' counted

2019-06-25 10:38:05 - [TEST_STEP][PASSED] - ALevelYearcount = 1 + rad.nextInt(ALevelYearTotalOptions - 1): null

2019-06-25 10:38:05 - [TEST_STEP][PASSED] - selectOptionByIndex(findTestObject("REALRatings/REALrating/Page_REALrating/A Level Year"), ALevelYearcount): All options with index in [60] are selected on object 'Object Repository/REALRatings/REALrating/Page_REALrating/A Level Year'

2019-06-25 10:38:06 - [MESSAGE][PASSED] - All options with index in [60] are selected on object 'Object Repository/REALRatings/REALrating/Page_REALrating/A Level Year'

2019-06-25 10:38:06 - [TEST_STEP][PASSED] - GCSEYearTotalOptions = getNumberOfTotalOption(findTestObject("REALRatings/REALrating/Page_REALrating/GCSE Year")): 71 options of object 'Object Repository/REALRatings/REALrating/Page_REALrating/GCSE Year' counted

2019-06-25 10:38:06 - [MESSAGE][PASSED] - 71 options of object 'Object Repository/REALRatings/REALrating/Page_REALrating/GCSE Year' counted

2019-06-25 10:38:06 - [TEST_STEP][PASSED] - GCSEYearCount = 1 + rad.nextInt(GCSEYearTotalOptions - 1): null

2019-06-25 10:38:06 - [TEST_STEP][PASSED] - selectOptionByIndex(findTestObject("REALRatings/REALrating/Page_REALrating/GCSE Year"), GCSEYearCount): All options with index in [58] are selected on object 'Object Repository/REALRatings/REALrating/Page_REALrating/GCSE Year'

2019-06-25 10:38:07 - [MESSAGE][PASSED] - All options with index in [58] are selected on object 'Object Repository/REALRatings/REALrating/Page_REALrating/GCSE Year'

2019-06-25 10:38:07 - [TEST_STEP][PASSED] - UniversityTotalOption = getNumberOfTotalOption(findTestObject("REALRatings/REALrating/Page_REALrating/University")): 155 options of object 'Object Repository/REALRatings/REALrating/Page_REALrating/University' counted

2019-06-25 10:38:07 - [MESSAGE][PASSED] - 155 options of object 'Object Repository/REALRatings/REALrating/Page_REALrating/University' counted

2019-06-25 10:38:07 - [TEST_STEP][PASSED] - UniversityCount = 1 + rad.nextInt(UniversityTotalOption - 1): null

2019-06-25 10:38:07 - [TEST_STEP][PASSED] - selectOptionByIndex(findTestObject("REALRatings/REALrating/Page_REALrating/University"), UniversityCount): All options with index in [131] are selected on object 'Object Repository/REALRatings/REALrating/Page_REALrating/University'

2019-06-25 10:38:08 - [MESSAGE][PASSED] - All options with index in [131] are selected on object 'Object Repository/REALRatings/REALrating/Page_REALrating/University'

2019-06-25 10:38:08 - [TEST_STEP][PASSED] - if (UniversityCount == 95): null

2019-06-25 10:38:08 - [TEST_STEP][PASSED] - UniversityCourseTotalOption = getNumberOfTotalOption(findTestObject("REALRatings/REALrating/Page_REALrating/University Course")): 96 options of object 'Object Repository/REALRatings/REALrating/Page_REALrating/University Course' counted

2019-06-25 10:38:08 - [MESSAGE][PASSED] - 96 options of object 'Object Repository/REALRatings/REALrating/Page_REALrating/University Course' counted

2019-06-25 10:38:08 - [TEST_STEP][PASSED] - UniveristyCourseCount = 1 + rad.nextInt(UniversityCourseTotalOption - 1): null

2019-06-25 10:38:08 - [TEST_STEP][PASSED] - selectOptionByIndex(findTestObject("REALRatings/REALrating/Page_REALrating/University Course"), UniveristyCourseCount): All options with index in [5] are selected on object 'Object Repository/REALRatings/REALrating/Page_REALrating/University Course'

2019-06-25 10:38:08 - [MESSAGE][PASSED] - All options with index in [5] are selected on object 'Object Repository/REALRatings/REALrating/Page_REALrating/University Course'

2019-06-25 10:38:08 - [TEST_STEP][PASSED] - if (UniveristyCourseCount == 95): null

2019-06-25 10:38:08 - [TEST_STEP][PASSED] - LengthOfUniversitycourseTotalOptions = getNumberOfTotalOption(findTestObject("REALRatings/REALrating/Page_REALrating/Length Of university Course")): 9 options of object 'Object Repository/REALRatings/REALrating/Page_REALrating/Length Of university Course' counted

2019-06-25 10:38:08 - [MESSAGE][PASSED] - 9 options of object 'Object Repository/REALRatings/REALrating/Page_REALrating/Length Of university Course' counted

2019-06-25 10:38:08 - [TEST_STEP][PASSED] - LengthOfUniversitycount = 1 + rad.nextInt(LengthOfUniversitycourseTotalOptions - 1): null

2019-06-25 10:38:08 - [TEST_STEP][PASSED] - selectOptionByIndex(findTestObject("REALRatings/REALrating/Page_REALrating/Length Of university Course"), LengthOfUniversitycount): All options with index in [5] are selected on object 'Object Repository/REALRatings/REALrating/Page_REALrating/Length Of university Course'

2019-06-25 10:38:08 - [MESSAGE][PASSED] - All options with index in [5] are selected on object 'Object Repository/REALRatings/REALrating/Page_REALrating/Length Of university Course'

2019-06-25 10:38:08 - [TEST_STEP][PASSED] - selectOptionByIndex(findTestObject("REALRatings/REALrating/Page_REALrating/Current Year Of Study"), LengthOfUniversitycount): All options with index in [5] are selected on object 'Object Repository/REALRatings/REALrating/Page_REALrating/Current Year Of Study'

2019-06-25 10:38:08 - [MESSAGE][PASSED] - All options with index in [5] are selected on object 'Object Repository/REALRatings/REALrating/Page_REALrating/Current Year Of Study'

2019-06-25 10:38:08 - [TEST_STEP][PASSED] - delay(5): Delayed 5 second(s)

2019-06-25 10:38:13 - [MESSAGE][PASSED] - Delayed 5 second(s)

2019-06-25 10:38:13 - [TEST_STEP][PASSED] - click(findTestObject("REALRatings/REALrating/Page_REALrating/button_Next (1)")): Object: 'Object Repository/REALRatings/REALrating/Page_REALrating/button_Next (1)' is clicked on

2019-06-25 10:38:13 - [MESSAGE][PASSED] - Object: 'Object Repository/REALRatings/REALrating/Page_REALrating/button_Next (1)' is clicked on

2019-06-25 10:38:13 - [TEST_STEP][PASSED] - comment("Main Qualification Information"): Main Qualification Information

2019-06-25 10:38:13 - [MESSAGE][INFO] - Main Qualification Information

2019-06-25 10:38:13 - [TEST_STEP][PASSED] - MainQualificationTotaloptions = getNumberOfTotalOption(findTestObject("REALRatings/REALrating/Page_REALrating/Main Qualification")): 6 options of object 'Object Repository/REALRatings/REALrating/Page_REALrating/Main Qualification' counted

2019-06-25 10:38:14 - [MESSAGE][PASSED] - 6 options of object 'Object Repository/REALRatings/REALrating/Page_REALrating/Main Qualification' counted

2019-06-25 10:38:14 - [TEST_STEP][PASSED] - MainQualificationCount = 1 + rad.nextInt(MainQualificationTotaloptions - 1): null

2019-06-25 10:38:14 - [TEST_STEP][PASSED] - selectOptionByIndex(findTestObject("REALRatings/REALrating/Page_REALrating/Main Qualification"), MainQualificationCount): All options with index in [2] are selected on object 'Object Repository/REALRatings/REALrating/Page_REALrating/Main Qualification'

2019-06-25 10:38:14 - [MESSAGE][PASSED] - All options with index in [2] are selected on object 'Object Repository/REALRatings/REALrating/Page_REALrating/Main Qualification'

2019-06-25 10:38:14 - [TEST_STEP][PASSED] - delay(1): Delayed 1 second(s)

2019-06-25 10:38:15 - [MESSAGE][PASSED] - Delayed 1 second(s)

2019-06-25 10:38:15 - [TEST_STEP][PASSED] - if (MainQualificationCount == 1): null

2019-06-25 10:38:15 - [TEST_STEP][PASSED] - else if (MainQualificationCount == 2): All options with index in [4] are selected on object 'Object Repository/REALRatings/REALrating/Page_REALrating/BTechYear'

2019-06-25 10:38:15 - [TEST_STEP][PASSED] - setText(findTestObject("REALRatings/REALrating/Page_REALrating/BTechTitle"), "maths"): Text 'maths' is set on object 'Object Repository/REALRatings/REALrating/Page_REALrating/BTechTitle'

2019-06-25 10:38:15 - [MESSAGE][PASSED] - Text 'maths' is set on object 'Object Repository/REALRatings/REALrating/Page_REALrating/BTechTitle'

2019-06-25 10:38:15 - [TEST_STEP][PASSED] - BtechGradeTotalOptions = getNumberOfTotalOption(findTestObject("REALRatings/REALrating/Page_REALrating/BTechGrade")): 11 options of object 'Object Repository/REALRatings/REALrating/Page_REALrating/BTechGrade' counted

2019-06-25 10:38:15 - [MESSAGE][PASSED] - 11 options of object 'Object Repository/REALRatings/REALrating/Page_REALrating/BTechGrade' counted

2019-06-25 10:38:15 - [TEST_STEP][PASSED] - BtechGradeCount = 1 + rad.nextInt(BtechGradeTotalOptions - 1): null

2019-06-25 10:38:15 - [TEST_STEP][PASSED] - selectOptionByIndex(findTestObject("REALRatings/REALrating/Page_REALrating/BTechGrade"), BtechGradeCount): All options with index in [3] are selected on object 'Object Repository/REALRatings/REALrating/Page_REALrating/BTechGrade'

2019-06-25 10:38:15 - [MESSAGE][PASSED] - All options with index in [3] are selected on object 'Object Repository/REALRatings/REALrating/Page_REALrating/BTechGrade'

2019-06-25 10:38:15 - [TEST_STEP][PASSED] - BtechYearTotalOptions = getNumberOfTotalOption(findTestObject("REALRatings/REALrating/Page_REALrating/BTechYear")): 71 options of object 'Object Repository/REALRatings/REALrating/Page_REALrating/BTechYear' counted

2019-06-25 10:38:15 - [MESSAGE][PASSED] - 71 options of object 'Object Repository/REALRatings/REALrating/Page_REALrating/BTechYear' counted

2019-06-25 10:38:15 - [TEST_STEP][PASSED] - BtechYearCount = 1 + rad.nextInt(BtechYearTotalOptions - 1): null

2019-06-25 10:38:15 - [TEST_STEP][PASSED] - selectOptionByIndex(findTestObject("REALRatings/REALrating/Page_REALrating/BTechYear"), BtechYearCount): All options with index in [4] are selected on object 'Object Repository/REALRatings/REALrating/Page_REALrating/BTechYear'

2019-06-25 10:38:15 - [MESSAGE][PASSED] - All options with index in [4] are selected on object 'Object Repository/REALRatings/REALrating/Page_REALrating/BTechYear'

2019-06-25 10:38:15 - [TEST_STEP][PASSED] - setText(findTestObject("REALRatings/REALrating/Page_REALrating/ALevelschool"), findTestData("getEmployable/Applicants").getValue(6, 1)): Text 'Kings Richard School' is set on object 'Object Repository/REALRatings/REALrating/Page_REALrating/ALevelschool'

2019-06-25 10:38:16 - [MESSAGE][PASSED] - Text 'Kings Richard School' is set on object 'Object Repository/REALRatings/REALrating/Page_REALrating/ALevelschool'

2019-06-25 10:38:16 - [TEST_STEP][PASSED] - setText(findTestObject("REALRatings/REALrating/Page_REALrating/GCSEschool"), findTestData("getEmployable/Applicants").getValue(7, 1)): Text 'Kings Richard School' is set on object 'Object Repository/REALRatings/REALrating/Page_REALrating/GCSEschool'

2019-06-25 10:38:16 - [MESSAGE][PASSED] - Text 'Kings Richard School' is set on object 'Object Repository/REALRatings/REALrating/Page_REALrating/GCSEschool'

2019-06-25 10:38:16 - [TEST_STEP][PASSED] - click(findTestObject("REALRatings/REALrating/Page_REALrating/Gender")): Object: 'Object Repository/REALRatings/REALrating/Page_REALrating/Gender' is clicked on

2019-06-25 10:38:16 - [MESSAGE][PASSED] - Object: 'Object Repository/REALRatings/REALrating/Page_REALrating/Gender' is clicked on

2019-06-25 10:38:16 - [TEST_STEP][PASSED] - setText(findTestObject("REALRatings/REALrating/Page_REALrating/ALevelPostcode"), findTestData("getEmployable/Applicants").getValue(8, 1)): Text 'NW64DN' is set on object 'Object Repository/REALRatings/REALrating/Page_REALrating/ALevelPostcode'

2019-06-25 10:38:16 - [MESSAGE][PASSED] - Text 'NW64DN' is set on object 'Object Repository/REALRatings/REALrating/Page_REALrating/ALevelPostcode'

2019-06-25 10:38:16 - [TEST_STEP][PASSED] - setText(findTestObject("REALRatings/REALrating/Page_REALrating/GCSEPostcode"), findTestData("getEmployable/Applicants").getValue(9, 1)): Text 'AL60AA' is set on object 'Object Repository/REALRatings/REALrating/Page_REALrating/GCSEPostcode'

2019-06-25 10:38:16 - [MESSAGE][PASSED] - Text 'AL60AA' is set on object 'Object Repository/REALRatings/REALrating/Page_REALrating/GCSEPostcode'

2019-06-25 10:38:16 - [TEST_STEP][PASSED] - click(findTestObject("REALRatings/REALrating/Page_REALrating/TickAnyStatement")): Object: 'Object Repository/REALRatings/REALrating/Page_REALrating/TickAnyStatement' is clicked on

2019-06-25 10:38:16 - [MESSAGE][PASSED] - Object: 'Object Repository/REALRatings/REALrating/Page_REALrating/TickAnyStatement' is clicked on

2019-06-25 10:38:16 - [TEST_STEP][PASSED] - click(findTestObject("REALRatings/REALrating/Page_REALrating/HearAbout")): Object: 'Object Repository/REALRatings/REALrating/Page_REALrating/HearAbout' is clicked on

2019-06-25 10:38:16 - [MESSAGE][PASSED] - Object: 'Object Repository/REALRatings/REALrating/Page_REALrating/HearAbout' is clicked on

2019-06-25 10:38:16 - [TEST_STEP][PASSED] - click(findTestObject("REALRatings/REALrating/Page_REALrating/User Agreement and Data Protection Policy.")): Object: 'Object Repository/REALRatings/REALrating/Page_REALrating/User Agreement and Data Protection Policy.' is clicked on

2019-06-25 10:38:17 - [MESSAGE][PASSED] - Object: 'Object Repository/REALRatings/REALrating/Page_REALrating/User Agreement and Data Protection Policy.' is clicked on

2019-06-25 10:38:17 - [TEST_STEP][PASSED] - click(findTestObject("REALRatings/REALrating/Page_REALrating/button_Submit")): Object: 'Object Repository/REALRatings/REALrating/Page_REALrating/button_Submit' is clicked on

2019-06-25 10:38:17 - [MESSAGE][PASSED] - Object: 'Object Repository/REALRatings/REALrating/Page_REALrating/button_Submit' is clicked on

2019-06-25 10:38:17 - [TEST_STEP][PASSED] - delay(5): Delayed 5 second(s)

2019-06-25 10:38:22 - [MESSAGE][PASSED] - Delayed 5 second(s)

2019-06-25 10:38:22 - [TEST_STEP][PASSED] - takeScreenshot(): Taking screenshot successfully

2019-06-25 10:38:22 - [MESSAGE][PASSED] - Taking screenshot successfully
[[ATTACHMENT|C:\\Users\\sambhavi\\git\\didactic-octo-spork\\Reports\\REALratings\\REALrating\\20190625_103711\\1561439302145.png]]]]></system-out>
         <system-err><![CDATA[]]></system-err>
      </testcase>
      <system-out><![CDATA[2019-06-25 10:37:13 - [TEST_SUITE][PASSED] - REALrating: Test Cases/REALratings/REALrating/formSubmission]]></system-out>
      <system-err><![CDATA[]]></system-err>
   </testsuite>
</testsuites>
