<?xml version="1.0" encoding="UTF-8"?>
<testsuites name="Greensill" time="75" tests="2" failures="0" errors="0">
   <testsuite name="Greensill" tests="2" failures="0" errors="0" time="75" timestamp="2019-07-30 09:25:09" hostname="sambhavi - sambhavi.jmandigital.in" id="Test Suites/REALratings/Greensill">
      <properties>
         <property name="deviceName" value=""/>
         <property name="devicePlatform" value=""/>
         <property name="logFolder" value="C:\\Users\\sambhavi\\git\\didactic-octo-spork\\Reports\\REALratings\\Greensill\\20190730_092507"/>
         <property name="logFiles" value="C:\\Users\\sambhavi\\git\\didactic-octo-spork\\Reports\\REALratings\\Greensill\\20190730_092507\\execution0.log"/>
         <property name="attachments" value="C:\\Users\\sambhavi\\git\\didactic-octo-spork\\Reports\\REALratings\\Greensill\\20190730_092507\\1564458935007.png"/>
         <property name="hostName" value="sambhavi - sambhavi.jmandigital.in"/>
         <property name="os" value="Windows 10 64bit"/>
         <property name="katalonVersion" value="6.0.5.10"/>
         <property name="browser" value="Chrome 75.0.3770.142"/>
         <property name="hostAddress" value="192.168.0.185"/>
         <property name="sessionId" value="474371ef3a2c15078a034c94c75ab3ce"/>
         <property name="seleniumVersion" value="3.7.1"/>
         <property name="proxyInformation" value="ProxyInformation{proxyOption=NO_PROXY, proxyServerType=HTTP, password=, proxyServerAddress=, proxyServerPort=0}"/>
         <property name="platform" value="Windows 10"/>
      </properties>
      <testcase name="Test Cases/REALratings/Greensill/formSubmission" classname="Test Cases/REALratings/Greensill/formSubmission" status="PASSED">
         <system-out><![CDATA[2019-07-30 09:25:09 - [TEST_CASE][PASSED] - Test Cases/REALratings/Greensill/formSubmission: Test Cases/REALratings/Greensill/formSubmission

2019-07-30 09:25:10 - [TEST_STEP][PASSED] - comment("Greensill - Form Submission"): Greensill - Form Submission

2019-07-30 09:25:10 - [MESSAGE][INFO] - Greensill - Form Submission

2019-07-30 09:25:10 - [TEST_STEP][PASSED] - openBrowser(""): Browser is opened with url: ''

2019-07-30 09:25:11 - [MESSAGE][INFO] - Starting 'Chrome' driver

2019-07-30 09:25:11 - [MESSAGE][INFO] - Action delay is set to 0 seconds

2019-07-30 09:25:14 - [MESSAGE][PASSED] - Browser is opened with url: ''

2019-07-30 09:25:14 - [TEST_STEP][PASSED] - navigateToUrl("https://gs-uat.realrating.co.uk/"): Navigate to 'https://gs-uat.realrating.co.uk/' successfully

2019-07-30 09:25:18 - [MESSAGE][PASSED] - Navigate to 'https://gs-uat.realrating.co.uk/' successfully

2019-07-30 09:25:18 - [TEST_STEP][PASSED] - maximizeWindow(): Current window maximized

2019-07-30 09:25:19 - [MESSAGE][PASSED] - Current window maximized

2019-07-30 09:25:19 - [TEST_STEP][PASSED] - delay(1): Delayed 1 second(s)

2019-07-30 09:25:20 - [MESSAGE][PASSED] - Delayed 1 second(s)

2019-07-30 09:25:20 - [TEST_STEP][PASSED] - rad = new java.util.Random(): null

2019-07-30 09:25:20 - [TEST_STEP][PASSED] - comment("Basic Information"): Basic Information

2019-07-30 09:25:20 - [MESSAGE][INFO] - Basic Information

2019-07-30 09:25:20 - [TEST_STEP][PASSED] - setText(findTestObject("REALRatings/Greensill/Page_REALrating/First Name"), findTestData("getEmployable/Applicants").getValue(1, 1)): Text 'Asha' is set on object 'Object Repository/REALRatings/Greensill/Page_REALrating/First Name'

2019-07-30 09:25:20 - [MESSAGE][PASSED] - Text 'Asha' is set on object 'Object Repository/REALRatings/Greensill/Page_REALrating/First Name'

2019-07-30 09:25:20 - [TEST_STEP][PASSED] - setText(findTestObject("REALRatings/Greensill/Page_REALrating/Last Name"), findTestData("getEmployable/Applicants").getValue(2, 1)): Text 'Rajendran' is set on object 'Object Repository/REALRatings/Greensill/Page_REALrating/Last Name'

2019-07-30 09:25:21 - [MESSAGE][PASSED] - Text 'Rajendran' is set on object 'Object Repository/REALRatings/Greensill/Page_REALrating/Last Name'

2019-07-30 09:25:21 - [TEST_STEP][PASSED] - Email = rad.nextInt(2000): null

2019-07-30 09:25:21 - [TEST_STEP][PASSED] - setText(findTestObject("REALRatings/Greensill/Page_REALrating/University Emailid"), "greensill" + Email + "@test.com"): Text 'greensill1392@test.com' is set on object 'Object Repository/REALRatings/Greensill/Page_REALrating/University Emailid'

2019-07-30 09:25:21 - [MESSAGE][PASSED] - Text 'greensill1392@test.com' is set on object 'Object Repository/REALRatings/Greensill/Page_REALrating/University Emailid'

2019-07-30 09:25:21 - [TEST_STEP][PASSED] - click(findTestObject("REALRatings/Greensill/Page_REALrating/First Next"), STOP_ON_FAILURE): Object: 'Object Repository/REALRatings/Greensill/Page_REALrating/First Next' is clicked on

2019-07-30 09:25:21 - [MESSAGE][PASSED] - Object: 'Object Repository/REALRatings/Greensill/Page_REALrating/First Next' is clicked on

2019-07-30 09:25:21 - [TEST_STEP][PASSED] - delay(2): Delayed 2 second(s)

2019-07-30 09:25:23 - [MESSAGE][PASSED] - Delayed 2 second(s)

2019-07-30 09:25:23 - [TEST_STEP][PASSED] - comment("University Information"): University Information

2019-07-30 09:25:23 - [MESSAGE][INFO] - University Information

2019-07-30 09:25:23 - [TEST_STEP][PASSED] - UniversityTotalOption = getNumberOfTotalOption(findTestObject("REALRatings/Greensill/Page_REALrating/University")): 154 options of object 'Object Repository/REALRatings/Greensill/Page_REALrating/University' counted

2019-07-30 09:25:23 - [MESSAGE][PASSED] - 154 options of object 'Object Repository/REALRatings/Greensill/Page_REALrating/University' counted

2019-07-30 09:25:23 - [TEST_STEP][PASSED] - UniversityCount = 1 + rad.nextInt(UniversityTotalOption - 1): null

2019-07-30 09:25:23 - [TEST_STEP][PASSED] - selectOptionByIndex(findTestObject("REALRatings/Greensill/Page_REALrating/University"), UniversityCount): All options with index in [70] are selected on object 'Object Repository/REALRatings/Greensill/Page_REALrating/University'

2019-07-30 09:25:24 - [MESSAGE][PASSED] - All options with index in [70] are selected on object 'Object Repository/REALRatings/Greensill/Page_REALrating/University'

2019-07-30 09:25:24 - [TEST_STEP][PASSED] - if (UniversityCount == 98): null

2019-07-30 09:25:24 - [TEST_STEP][PASSED] - UniversityCourseTotalOption = getNumberOfTotalOption(findTestObject("REALRatings/Greensill/Page_REALrating/University Course")): 96 options of object 'Object Repository/REALRatings/Greensill/Page_REALrating/University Course' counted

2019-07-30 09:25:24 - [MESSAGE][PASSED] - 96 options of object 'Object Repository/REALRatings/Greensill/Page_REALrating/University Course' counted

2019-07-30 09:25:24 - [TEST_STEP][PASSED] - UniveristyCourseCount = 1 + rad.nextInt(UniversityCourseTotalOption - 1): null

2019-07-30 09:25:24 - [TEST_STEP][PASSED] - selectOptionByIndex(findTestObject("REALRatings/Greensill/Page_REALrating/University Course"), UniveristyCourseCount): All options with index in [41] are selected on object 'Object Repository/REALRatings/Greensill/Page_REALrating/University Course'

2019-07-30 09:25:24 - [MESSAGE][PASSED] - All options with index in [41] are selected on object 'Object Repository/REALRatings/Greensill/Page_REALrating/University Course'

2019-07-30 09:25:24 - [TEST_STEP][PASSED] - if (UniveristyCourseCount == 95): null

2019-07-30 09:25:24 - [TEST_STEP][PASSED] - LengthOfUniversitycourseTotalOptions = getNumberOfTotalOption(findTestObject("REALRatings/Greensill/Page_REALrating/Length Of University Course")): 9 options of object 'Object Repository/REALRatings/Greensill/Page_REALrating/Length Of University Course' counted

2019-07-30 09:25:24 - [MESSAGE][PASSED] - 9 options of object 'Object Repository/REALRatings/Greensill/Page_REALrating/Length Of University Course' counted

2019-07-30 09:25:24 - [TEST_STEP][PASSED] - LengthOfUniversitycount = 1 + rad.nextInt(LengthOfUniversitycourseTotalOptions - 1): null

2019-07-30 09:25:24 - [TEST_STEP][PASSED] - selectOptionByIndex(findTestObject("REALRatings/Greensill/Page_REALrating/Length Of University Course"), LengthOfUniversitycount): All options with index in [1] are selected on object 'Object Repository/REALRatings/Greensill/Page_REALrating/Length Of University Course'

2019-07-30 09:25:25 - [MESSAGE][PASSED] - All options with index in [1] are selected on object 'Object Repository/REALRatings/Greensill/Page_REALrating/Length Of University Course'

2019-07-30 09:25:25 - [TEST_STEP][PASSED] - selectOptionByIndex(findTestObject("REALRatings/Greensill/Page_REALrating/Current Year Of Study"), LengthOfUniversitycount): All options with index in [1] are selected on object 'Object Repository/REALRatings/Greensill/Page_REALrating/Current Year Of Study'

2019-07-30 09:25:25 - [MESSAGE][PASSED] - All options with index in [1] are selected on object 'Object Repository/REALRatings/Greensill/Page_REALrating/Current Year Of Study'

2019-07-30 09:25:25 - [TEST_STEP][PASSED] - click(findTestObject("REALRatings/Greensill/Page_REALrating/Second Next")): Object: 'Object Repository/REALRatings/Greensill/Page_REALrating/Second Next' is clicked on

2019-07-30 09:25:25 - [MESSAGE][PASSED] - Object: 'Object Repository/REALRatings/Greensill/Page_REALrating/Second Next' is clicked on

2019-07-30 09:25:25 - [TEST_STEP][PASSED] - delay(2): Delayed 2 second(s)

2019-07-30 09:25:27 - [MESSAGE][PASSED] - Delayed 2 second(s)

2019-07-30 09:25:27 - [TEST_STEP][PASSED] - comment("Main Qualification Information"): Main Qualification Information

2019-07-30 09:25:27 - [MESSAGE][INFO] - Main Qualification Information

2019-07-30 09:25:27 - [TEST_STEP][PASSED] - ALevelYearTotalOptions = getNumberOfTotalOption(findTestObject("REALRatings/Greensill/Page_REALrating/A Level Year")): 71 options of object 'Object Repository/REALRatings/Greensill/Page_REALrating/A Level Year' counted

2019-07-30 09:25:27 - [MESSAGE][PASSED] - 71 options of object 'Object Repository/REALRatings/Greensill/Page_REALrating/A Level Year' counted

2019-07-30 09:25:27 - [TEST_STEP][PASSED] - ALevelYearcount = 1 + rad.nextInt(ALevelYearTotalOptions - 1): null

2019-07-30 09:25:27 - [TEST_STEP][PASSED] - selectOptionByIndex(findTestObject("REALRatings/Greensill/Page_REALrating/A Level Year"), ALevelYearcount): All options with index in [8] are selected on object 'Object Repository/REALRatings/Greensill/Page_REALrating/A Level Year'

2019-07-30 09:25:27 - [MESSAGE][PASSED] - All options with index in [8] are selected on object 'Object Repository/REALRatings/Greensill/Page_REALrating/A Level Year'

2019-07-30 09:25:27 - [TEST_STEP][PASSED] - GCSEYearTotalOptions = getNumberOfTotalOption(findTestObject("REALRatings/Greensill/Page_REALrating/GCSE Year")): 71 options of object 'Object Repository/REALRatings/Greensill/Page_REALrating/GCSE Year' counted

2019-07-30 09:25:27 - [MESSAGE][PASSED] - 71 options of object 'Object Repository/REALRatings/Greensill/Page_REALrating/GCSE Year' counted

2019-07-30 09:25:27 - [TEST_STEP][PASSED] - GCSEYearCount = 1 + rad.nextInt(GCSEYearTotalOptions - 1): null

2019-07-30 09:25:27 - [TEST_STEP][PASSED] - selectOptionByIndex(findTestObject("REALRatings/Greensill/Page_REALrating/GCSE Year"), GCSEYearCount): All options with index in [15] are selected on object 'Object Repository/REALRatings/Greensill/Page_REALrating/GCSE Year'

2019-07-30 09:25:27 - [MESSAGE][PASSED] - All options with index in [15] are selected on object 'Object Repository/REALRatings/Greensill/Page_REALrating/GCSE Year'

2019-07-30 09:25:27 - [TEST_STEP][PASSED] - MainQualificationTotaloptions = getNumberOfTotalOption(findTestObject("REALRatings/Greensill/Page_REALrating/Main Qualification")): 6 options of object 'Object Repository/REALRatings/Greensill/Page_REALrating/Main Qualification' counted

2019-07-30 09:25:27 - [MESSAGE][PASSED] - 6 options of object 'Object Repository/REALRatings/Greensill/Page_REALrating/Main Qualification' counted

2019-07-30 09:25:27 - [TEST_STEP][PASSED] - MainQualificationCount = 1 + rad.nextInt(MainQualificationTotaloptions - 1): null

2019-07-30 09:25:27 - [TEST_STEP][PASSED] - selectOptionByIndex(findTestObject("REALRatings/Greensill/Page_REALrating/Main Qualification"), MainQualificationCount): All options with index in [2] are selected on object 'Object Repository/REALRatings/Greensill/Page_REALrating/Main Qualification'

2019-07-30 09:25:28 - [MESSAGE][PASSED] - All options with index in [2] are selected on object 'Object Repository/REALRatings/Greensill/Page_REALrating/Main Qualification'

2019-07-30 09:25:28 - [TEST_STEP][PASSED] - if (MainQualificationCount == 1): null

2019-07-30 09:25:28 - [TEST_STEP][PASSED] - else if (MainQualificationCount == 2): All options with index in [30] are selected on object 'Object Repository/REALRatings/Greensill/Page_REALrating/BTech Year'

2019-07-30 09:25:28 - [TEST_STEP][PASSED] - setText(findTestObject("REALRatings/Greensill/Page_REALrating/BTech Title"), "maths"): Text 'maths' is set on object 'Object Repository/REALRatings/Greensill/Page_REALrating/BTech Title'

2019-07-30 09:25:28 - [MESSAGE][PASSED] - Text 'maths' is set on object 'Object Repository/REALRatings/Greensill/Page_REALrating/BTech Title'

2019-07-30 09:25:28 - [TEST_STEP][PASSED] - BtechGradeTotalOptions = getNumberOfTotalOption(findTestObject("REALRatings/Greensill/Page_REALrating/BTech Grade")): 11 options of object 'Object Repository/REALRatings/Greensill/Page_REALrating/BTech Grade' counted

2019-07-30 09:25:28 - [MESSAGE][PASSED] - 11 options of object 'Object Repository/REALRatings/Greensill/Page_REALrating/BTech Grade' counted

2019-07-30 09:25:28 - [TEST_STEP][PASSED] - BtechGradeCount = 1 + rad.nextInt(BtechGradeTotalOptions - 1): null

2019-07-30 09:25:28 - [TEST_STEP][PASSED] - selectOptionByIndex(findTestObject("REALRatings/Greensill/Page_REALrating/BTech Grade"), BtechGradeCount): All options with index in [5] are selected on object 'Object Repository/REALRatings/Greensill/Page_REALrating/BTech Grade'

2019-07-30 09:25:28 - [MESSAGE][PASSED] - All options with index in [5] are selected on object 'Object Repository/REALRatings/Greensill/Page_REALrating/BTech Grade'

2019-07-30 09:25:28 - [TEST_STEP][PASSED] - BtechYearTotalOptions = getNumberOfTotalOption(findTestObject("REALRatings/Greensill/Page_REALrating/BTech Year")): 71 options of object 'Object Repository/REALRatings/Greensill/Page_REALrating/BTech Year' counted

2019-07-30 09:25:28 - [MESSAGE][PASSED] - 71 options of object 'Object Repository/REALRatings/Greensill/Page_REALrating/BTech Year' counted

2019-07-30 09:25:28 - [TEST_STEP][PASSED] - BtechYearCount = 1 + rad.nextInt(BtechYearTotalOptions - 1): null

2019-07-30 09:25:28 - [TEST_STEP][PASSED] - selectOptionByIndex(findTestObject("REALRatings/Greensill/Page_REALrating/BTech Year"), BtechYearCount): All options with index in [30] are selected on object 'Object Repository/REALRatings/Greensill/Page_REALrating/BTech Year'

2019-07-30 09:25:28 - [MESSAGE][PASSED] - All options with index in [30] are selected on object 'Object Repository/REALRatings/Greensill/Page_REALrating/BTech Year'

2019-07-30 09:25:28 - [TEST_STEP][PASSED] - setText(findTestObject("REALRatings/Greensill/Page_REALrating/A Level School"), findTestData("getEmployable/Applicants").getValue(6, 1)): Text 'Kings Richard School' is set on object 'Object Repository/REALRatings/Greensill/Page_REALrating/A Level School'

2019-07-30 09:25:29 - [MESSAGE][PASSED] - Text 'Kings Richard School' is set on object 'Object Repository/REALRatings/Greensill/Page_REALrating/A Level School'

2019-07-30 09:25:29 - [TEST_STEP][PASSED] - setText(findTestObject("REALRatings/Greensill/Page_REALrating/GCSE School"), findTestData("getEmployable/Applicants").getValue(7, 1)): Text 'Kings Richard School' is set on object 'Object Repository/REALRatings/Greensill/Page_REALrating/GCSE School'

2019-07-30 09:25:29 - [MESSAGE][PASSED] - Text 'Kings Richard School' is set on object 'Object Repository/REALRatings/Greensill/Page_REALrating/GCSE School'

2019-07-30 09:25:29 - [TEST_STEP][PASSED] - setText(findTestObject("REALRatings/Greensill/Page_REALrating/A Level Postalcode"), findTestData("getEmployable/Applicants").getValue(8, 1)): Text 'NW64DN' is set on object 'Object Repository/REALRatings/Greensill/Page_REALrating/A Level Postalcode'

2019-07-30 09:25:29 - [MESSAGE][PASSED] - Text 'NW64DN' is set on object 'Object Repository/REALRatings/Greensill/Page_REALrating/A Level Postalcode'

2019-07-30 09:25:29 - [TEST_STEP][PASSED] - setText(findTestObject("REALRatings/Greensill/Page_REALrating/GCSE Postalcode"), findTestData("getEmployable/Applicants").getValue(9, 1)): Text 'AL60AA' is set on object 'Object Repository/REALRatings/Greensill/Page_REALrating/GCSE Postalcode'

2019-07-30 09:25:29 - [MESSAGE][PASSED] - Text 'AL60AA' is set on object 'Object Repository/REALRatings/Greensill/Page_REALrating/GCSE Postalcode'

2019-07-30 09:25:29 - [TEST_STEP][PASSED] - click(findTestObject("REALRatings/Greensill/Page_REALrating/Gender")): Object: 'Object Repository/REALRatings/Greensill/Page_REALrating/Gender' is clicked on

2019-07-30 09:25:29 - [MESSAGE][PASSED] - Object: 'Object Repository/REALRatings/Greensill/Page_REALrating/Gender' is clicked on

2019-07-30 09:25:29 - [TEST_STEP][PASSED] - click(findTestObject("REALRatings/Greensill/Page_REALrating/TickAnyStatement")): Object: 'Object Repository/REALRatings/Greensill/Page_REALrating/TickAnyStatement' is clicked on

2019-07-30 09:25:29 - [MESSAGE][PASSED] - Object: 'Object Repository/REALRatings/Greensill/Page_REALrating/TickAnyStatement' is clicked on

2019-07-30 09:25:29 - [TEST_STEP][PASSED] - click(findTestObject("REALRatings/Greensill/Page_REALrating/input_By ticking this box I confirm that I agree to the_confirmAgreement")): Object: 'Object Repository/REALRatings/Greensill/Page_REALrating/input_By ticking this box I confirm that I agree to the_confirmAgreement' is clicked on

2019-07-30 09:25:29 - [MESSAGE][PASSED] - Object: 'Object Repository/REALRatings/Greensill/Page_REALrating/input_By ticking this box I confirm that I agree to the_confirmAgreement' is clicked on

2019-07-30 09:25:29 - [TEST_STEP][PASSED] - click(findTestObject("REALRatings/Greensill/Page_REALrating/a_Submit")): Object: 'Object Repository/REALRatings/Greensill/Page_REALrating/a_Submit' is clicked on

2019-07-30 09:25:29 - [MESSAGE][PASSED] - Object: 'Object Repository/REALRatings/Greensill/Page_REALrating/a_Submit' is clicked on

2019-07-30 09:25:29 - [TEST_STEP][PASSED] - delay(5): Delayed 5 second(s)

2019-07-30 09:25:34 - [MESSAGE][PASSED] - Delayed 5 second(s)

2019-07-30 09:25:34 - [TEST_STEP][PASSED] - assert getUrl() == "https://gs-uat.realrating.co.uk/thankyou": Current window's url is: 'https://gs-uat.realrating.co.uk/thankyou'

2019-07-30 09:25:34 - [MESSAGE][PASSED] - Current window's url is: 'https://gs-uat.realrating.co.uk/thankyou'

2019-07-30 09:25:34 - [TEST_STEP][PASSED] - takeScreenshot(): Taking screenshot successfully

2019-07-30 09:25:35 - [MESSAGE][PASSED] - Taking screenshot successfully
[[ATTACHMENT|C:\\Users\\sambhavi\\git\\didactic-octo-spork\\Reports\\REALratings\\Greensill\\20190730_092507\\1564458935007.png]]]]></system-out>
         <system-err><![CDATA[]]></system-err>
      </testcase>
      <testcase name="Test Cases/REALratings/Greensill/login" classname="Test Cases/REALratings/Greensill/login" status="PASSED">
         <system-out><![CDATA[2019-07-30 09:25:35 - [TEST_CASE][PASSED] - Test Cases/REALratings/Greensill/login: Test Cases/REALratings/Greensill/login

2019-07-30 09:25:35 - [TEST_STEP][PASSED] - comment("Greensill - Login"): Greensill - Login

2019-07-30 09:25:35 - [MESSAGE][INFO] - Greensill - Login

2019-07-30 09:25:35 - [TEST_STEP][PASSED] - openBrowser(""): Browser is opened with url: ''

2019-07-30 09:25:35 - [MESSAGE][WARNING] - A browser is already opened. Closing browser and opening a new one

2019-07-30 09:25:36 - [MESSAGE][INFO] - Starting 'Chrome' driver

2019-07-30 09:25:38 - [MESSAGE][PASSED] - Browser is opened with url: ''

2019-07-30 09:25:38 - [TEST_STEP][PASSED] - navigateToUrl("https://gs-uat.realrating.co.uk/login"): Navigate to 'https://gs-uat.realrating.co.uk/login' successfully

2019-07-30 09:25:41 - [MESSAGE][PASSED] - Navigate to 'https://gs-uat.realrating.co.uk/login' successfully

2019-07-30 09:25:41 - [TEST_STEP][PASSED] - maximizeWindow(): Current window maximized

2019-07-30 09:25:42 - [MESSAGE][PASSED] - Current window maximized

2019-07-30 09:25:42 - [TEST_STEP][PASSED] - setText(findTestObject("REALRatings/Greensill/login/Page_RealRating/input_E-Mail Address_email"), "john@upreach.org.uk"): Text 'john@upreach.org.uk' is set on object 'Object Repository/REALRatings/Greensill/login/Page_RealRating/input_E-Mail Address_email'

2019-07-30 09:25:43 - [MESSAGE][PASSED] - Text 'john@upreach.org.uk' is set on object 'Object Repository/REALRatings/Greensill/login/Page_RealRating/input_E-Mail Address_email'

2019-07-30 09:25:43 - [TEST_STEP][PASSED] - setEncryptedText(findTestObject("REALRatings/Greensill/login/Page_RealRating/input_Password_password"), "YPztdU12xyABLAH+eFFt4w=="): Text ****** has been set on object 'Object Repository/REALRatings/Greensill/login/Page_RealRating/input_Password_password'

2019-07-30 09:25:43 - [MESSAGE][PASSED] - Text ****** has been set on object 'Object Repository/REALRatings/Greensill/login/Page_RealRating/input_Password_password'

2019-07-30 09:25:43 - [TEST_STEP][PASSED] - click(findTestObject("REALRatings/Greensill/login/Page_RealRating/button_Login")): Object: 'Object Repository/REALRatings/Greensill/login/Page_RealRating/button_Login' is clicked on

2019-07-30 09:25:46 - [MESSAGE][PASSED] - Object: 'Object Repository/REALRatings/Greensill/login/Page_RealRating/button_Login' is clicked on

2019-07-30 09:25:46 - [TEST_STEP][PASSED] - getAllLinksOnCurrentPage(false, []): Found 16 unique links on the page https://gs-uat.realrating.co.uk/home

2019-07-30 09:25:46 - [MESSAGE][PASSED] - Found 16 unique links on the page https://gs-uat.realrating.co.uk/home

2019-07-30 09:25:46 - [TEST_STEP][PASSED] - verifyAllLinksOnCurrentPageAccessible(false, []): All links on the page 'https://gs-uat.realrating.co.uk/home' are accessible

2019-07-30 09:25:46 - [MESSAGE][PASSED] - Found 16 unique links on the page https://gs-uat.realrating.co.uk/home

2019-07-30 09:25:49 - [MESSAGE][INFO] - HAR: C:\Users\sambhavi\git\didactic-octo-spork\Reports\REALratings\Greensill\20190730_092507\requests\main\0.har

2019-07-30 09:25:49 - [MESSAGE][PASSED] - Send request successfully

2019-07-30 09:25:50 - [MESSAGE][INFO] - HAR: C:\Users\sambhavi\git\didactic-octo-spork\Reports\REALratings\Greensill\20190730_092507\requests\main\1.har

2019-07-30 09:25:50 - [MESSAGE][PASSED] - Send request successfully

2019-07-30 09:25:50 - [MESSAGE][INFO] - HAR: C:\Users\sambhavi\git\didactic-octo-spork\Reports\REALratings\Greensill\20190730_092507\requests\main\2.har

2019-07-30 09:25:50 - [MESSAGE][PASSED] - Send request successfully

2019-07-30 09:25:51 - [MESSAGE][INFO] - HAR: C:\Users\sambhavi\git\didactic-octo-spork\Reports\REALratings\Greensill\20190730_092507\requests\main\3.har

2019-07-30 09:25:51 - [MESSAGE][PASSED] - Send request successfully

2019-07-30 09:25:52 - [MESSAGE][INFO] - HAR: C:\Users\sambhavi\git\didactic-octo-spork\Reports\REALratings\Greensill\20190730_092507\requests\main\4.har

2019-07-30 09:25:52 - [MESSAGE][PASSED] - Send request successfully

2019-07-30 09:25:53 - [MESSAGE][INFO] - HAR: C:\Users\sambhavi\git\didactic-octo-spork\Reports\REALratings\Greensill\20190730_092507\requests\main\5.har

2019-07-30 09:25:53 - [MESSAGE][PASSED] - Send request successfully

2019-07-30 09:25:54 - [MESSAGE][INFO] - HAR: C:\Users\sambhavi\git\didactic-octo-spork\Reports\REALratings\Greensill\20190730_092507\requests\main\6.har

2019-07-30 09:25:54 - [MESSAGE][PASSED] - Send request successfully

2019-07-30 09:25:55 - [MESSAGE][INFO] - HAR: C:\Users\sambhavi\git\didactic-octo-spork\Reports\REALratings\Greensill\20190730_092507\requests\main\7.har

2019-07-30 09:25:55 - [MESSAGE][PASSED] - Send request successfully

2019-07-30 09:25:56 - [MESSAGE][INFO] - HAR: C:\Users\sambhavi\git\didactic-octo-spork\Reports\REALratings\Greensill\20190730_092507\requests\main\8.har

2019-07-30 09:25:56 - [MESSAGE][PASSED] - Send request successfully

2019-07-30 09:25:57 - [MESSAGE][INFO] - HAR: C:\Users\sambhavi\git\didactic-octo-spork\Reports\REALratings\Greensill\20190730_092507\requests\main\9.har

2019-07-30 09:25:57 - [MESSAGE][PASSED] - Send request successfully

2019-07-30 09:25:57 - [MESSAGE][INFO] - HAR: C:\Users\sambhavi\git\didactic-octo-spork\Reports\REALratings\Greensill\20190730_092507\requests\main\10.har

2019-07-30 09:25:57 - [MESSAGE][PASSED] - Send request successfully

2019-07-30 09:25:58 - [MESSAGE][INFO] - HAR: C:\Users\sambhavi\git\didactic-octo-spork\Reports\REALratings\Greensill\20190730_092507\requests\main\11.har

2019-07-30 09:25:58 - [MESSAGE][PASSED] - Send request successfully

2019-07-30 09:25:59 - [MESSAGE][INFO] - HAR: C:\Users\sambhavi\git\didactic-octo-spork\Reports\REALratings\Greensill\20190730_092507\requests\main\12.har

2019-07-30 09:25:59 - [MESSAGE][PASSED] - Send request successfully

2019-07-30 09:26:01 - [MESSAGE][INFO] - HAR: C:\Users\sambhavi\git\didactic-octo-spork\Reports\REALratings\Greensill\20190730_092507\requests\main\13.har

2019-07-30 09:26:01 - [MESSAGE][PASSED] - Send request successfully

2019-07-30 09:26:02 - [MESSAGE][INFO] - HAR: C:\Users\sambhavi\git\didactic-octo-spork\Reports\REALratings\Greensill\20190730_092507\requests\main\14.har

2019-07-30 09:26:02 - [MESSAGE][PASSED] - Send request successfully

2019-07-30 09:26:02 - [MESSAGE][INFO] - HAR: C:\Users\sambhavi\git\didactic-octo-spork\Reports\REALratings\Greensill\20190730_092507\requests\main\15.har

2019-07-30 09:26:02 - [MESSAGE][PASSED] - Send request successfully

2019-07-30 09:26:02 - [MESSAGE][PASSED] - All links are accessible

2019-07-30 09:26:02 - [MESSAGE][PASSED] - All links on the page 'https://gs-uat.realrating.co.uk/home' are accessible

2019-07-30 09:26:02 - [TEST_STEP][PASSED] - click(findTestObject("REALRatings/Greensill/login/Page_RealRating/Other Qualifications Tab")): Object: 'Object Repository/REALRatings/Greensill/login/Page_RealRating/Other Qualifications Tab' is clicked on

2019-07-30 09:26:02 - [MESSAGE][PASSED] - Object: 'Object Repository/REALRatings/Greensill/login/Page_RealRating/Other Qualifications Tab' is clicked on

2019-07-30 09:26:02 - [TEST_STEP][PASSED] - getAllLinksOnCurrentPage(false, []): Found 16 unique links on the page https://gs-uat.realrating.co.uk/home

2019-07-30 09:26:03 - [MESSAGE][PASSED] - Found 16 unique links on the page https://gs-uat.realrating.co.uk/home

2019-07-30 09:26:03 - [TEST_STEP][PASSED] - verifyAllLinksOnCurrentPageAccessible(false, []): All links on the page 'https://gs-uat.realrating.co.uk/home' are accessible

2019-07-30 09:26:03 - [MESSAGE][PASSED] - Found 16 unique links on the page https://gs-uat.realrating.co.uk/home

2019-07-30 09:26:04 - [MESSAGE][INFO] - HAR: C:\Users\sambhavi\git\didactic-octo-spork\Reports\REALratings\Greensill\20190730_092507\requests\main\16.har

2019-07-30 09:26:04 - [MESSAGE][PASSED] - Send request successfully

2019-07-30 09:26:05 - [MESSAGE][INFO] - HAR: C:\Users\sambhavi\git\didactic-octo-spork\Reports\REALratings\Greensill\20190730_092507\requests\main\17.har

2019-07-30 09:26:05 - [MESSAGE][PASSED] - Send request successfully

2019-07-30 09:26:06 - [MESSAGE][INFO] - HAR: C:\Users\sambhavi\git\didactic-octo-spork\Reports\REALratings\Greensill\20190730_092507\requests\main\18.har

2019-07-30 09:26:06 - [MESSAGE][PASSED] - Send request successfully

2019-07-30 09:26:06 - [MESSAGE][INFO] - HAR: C:\Users\sambhavi\git\didactic-octo-spork\Reports\REALratings\Greensill\20190730_092507\requests\main\19.har

2019-07-30 09:26:06 - [MESSAGE][PASSED] - Send request successfully

2019-07-30 09:26:07 - [MESSAGE][INFO] - HAR: C:\Users\sambhavi\git\didactic-octo-spork\Reports\REALratings\Greensill\20190730_092507\requests\main\20.har

2019-07-30 09:26:07 - [MESSAGE][PASSED] - Send request successfully

2019-07-30 09:26:08 - [MESSAGE][INFO] - HAR: C:\Users\sambhavi\git\didactic-octo-spork\Reports\REALratings\Greensill\20190730_092507\requests\main\21.har

2019-07-30 09:26:08 - [MESSAGE][PASSED] - Send request successfully

2019-07-30 09:26:09 - [MESSAGE][INFO] - HAR: C:\Users\sambhavi\git\didactic-octo-spork\Reports\REALratings\Greensill\20190730_092507\requests\main\22.har

2019-07-30 09:26:09 - [MESSAGE][PASSED] - Send request successfully

2019-07-30 09:26:10 - [MESSAGE][INFO] - HAR: C:\Users\sambhavi\git\didactic-octo-spork\Reports\REALratings\Greensill\20190730_092507\requests\main\23.har

2019-07-30 09:26:10 - [MESSAGE][PASSED] - Send request successfully

2019-07-30 09:26:11 - [MESSAGE][INFO] - HAR: C:\Users\sambhavi\git\didactic-octo-spork\Reports\REALratings\Greensill\20190730_092507\requests\main\24.har

2019-07-30 09:26:11 - [MESSAGE][PASSED] - Send request successfully

2019-07-30 09:26:11 - [MESSAGE][INFO] - HAR: C:\Users\sambhavi\git\didactic-octo-spork\Reports\REALratings\Greensill\20190730_092507\requests\main\25.har

2019-07-30 09:26:11 - [MESSAGE][PASSED] - Send request successfully

2019-07-30 09:26:12 - [MESSAGE][INFO] - HAR: C:\Users\sambhavi\git\didactic-octo-spork\Reports\REALratings\Greensill\20190730_092507\requests\main\26.har

2019-07-30 09:26:12 - [MESSAGE][PASSED] - Send request successfully

2019-07-30 09:26:13 - [MESSAGE][INFO] - HAR: C:\Users\sambhavi\git\didactic-octo-spork\Reports\REALratings\Greensill\20190730_092507\requests\main\27.har

2019-07-30 09:26:13 - [MESSAGE][PASSED] - Send request successfully

2019-07-30 09:26:14 - [MESSAGE][INFO] - HAR: C:\Users\sambhavi\git\didactic-octo-spork\Reports\REALratings\Greensill\20190730_092507\requests\main\28.har

2019-07-30 09:26:14 - [MESSAGE][PASSED] - Send request successfully

2019-07-30 09:26:16 - [MESSAGE][INFO] - HAR: C:\Users\sambhavi\git\didactic-octo-spork\Reports\REALratings\Greensill\20190730_092507\requests\main\29.har

2019-07-30 09:26:16 - [MESSAGE][PASSED] - Send request successfully

2019-07-30 09:26:17 - [MESSAGE][INFO] - HAR: C:\Users\sambhavi\git\didactic-octo-spork\Reports\REALratings\Greensill\20190730_092507\requests\main\30.har

2019-07-30 09:26:17 - [MESSAGE][PASSED] - Send request successfully

2019-07-30 09:26:17 - [MESSAGE][INFO] - HAR: C:\Users\sambhavi\git\didactic-octo-spork\Reports\REALratings\Greensill\20190730_092507\requests\main\31.har

2019-07-30 09:26:17 - [MESSAGE][PASSED] - Send request successfully

2019-07-30 09:26:17 - [MESSAGE][PASSED] - All links are accessible

2019-07-30 09:26:17 - [MESSAGE][PASSED] - All links on the page 'https://gs-uat.realrating.co.uk/home' are accessible

2019-07-30 09:26:17 - [TEST_STEP][PASSED] - click(findTestObject("REALRatings/Greensill/login/Page_RealRating/Profile")): Object: 'Object Repository/REALRatings/Greensill/login/Page_RealRating/Profile' is clicked on

2019-07-30 09:26:17 - [MESSAGE][PASSED] - Object: 'Object Repository/REALRatings/Greensill/login/Page_RealRating/Profile' is clicked on

2019-07-30 09:26:17 - [TEST_STEP][PASSED] - click(findTestObject("REALRatings/Greensill/login/Page_RealRating/Logout")): Object: 'Object Repository/REALRatings/Greensill/login/Page_RealRating/Logout' is clicked on

2019-07-30 09:26:18 - [MESSAGE][PASSED] - Object: 'Object Repository/REALRatings/Greensill/login/Page_RealRating/Logout' is clicked on

2019-07-30 09:26:18 - [TEST_STEP][PASSED] - delay(5): Delayed 5 second(s)

2019-07-30 09:26:23 - [MESSAGE][PASSED] - Delayed 5 second(s)

2019-07-30 09:26:23 - [TEST_STEP][PASSED] - click(findTestObject("REALRatings/Greensill/login/Page_RealRating/button_Logout")): Object: 'Object Repository/REALRatings/Greensill/login/Page_RealRating/button_Logout' is clicked on

2019-07-30 09:26:24 - [MESSAGE][PASSED] - Object: 'Object Repository/REALRatings/Greensill/login/Page_RealRating/button_Logout' is clicked on

2019-07-30 09:26:24 - [TEST_STEP][PASSED] - assert getUrl() == "https://gs-uat.realrating.co.uk/login": Current window's url is: 'https://gs-uat.realrating.co.uk/login'

2019-07-30 09:26:24 - [MESSAGE][PASSED] - Current window's url is: 'https://gs-uat.realrating.co.uk/login']]></system-out>
         <system-err><![CDATA[]]></system-err>
      </testcase>
      <system-out><![CDATA[2019-07-30 09:25:09 - [TEST_SUITE][PASSED] - Greensill: Test Cases/REALratings/Greensill/login]]></system-out>
      <system-err><![CDATA[]]></system-err>
   </testsuite>
</testsuites>
