<?xml version="1.0" encoding="UTF-8"?>
<testsuites name="Greensill" time="77" tests="2" failures="0" errors="0">
   <testsuite name="Greensill" tests="2" failures="0" errors="0" time="77" timestamp="2019-06-11 11:02:32" hostname="sambhavi - sambhavi.jmandigital.in" id="Test Suites/REALratings/Greensill">
      <properties>
         <property name="deviceName" value=""/>
         <property name="devicePlatform" value=""/>
         <property name="logFolder" value="C:\\Users\\sambhavi\\git\\didactic-octo-spork\\Reports\\REALratings\\Greensill\\20190611_110230"/>
         <property name="logFiles" value="C:\\Users\\sambhavi\\git\\didactic-octo-spork\\Reports\\REALratings\\Greensill\\20190611_110230\\execution0.log"/>
         <property name="attachments" value="C:\\Users\\sambhavi\\git\\didactic-octo-spork\\Reports\\REALratings\\Greensill\\20190611_110230\\1560231179256.png"/>
         <property name="hostName" value="sambhavi - sambhavi.jmandigital.in"/>
         <property name="os" value="Windows 10 64bit"/>
         <property name="katalonVersion" value="6.0.5.10"/>
         <property name="browser" value="Chrome 74.0.3729.169"/>
         <property name="hostAddress" value="192.168.0.185"/>
         <property name="sessionId" value="8f07d81917da21a4fae80119c2529ff1"/>
         <property name="seleniumVersion" value="3.7.1"/>
         <property name="proxyInformation" value="ProxyInformation{proxyOption=NO_PROXY, proxyServerType=HTTP, password=, proxyServerAddress=, proxyServerPort=0}"/>
         <property name="platform" value="Windows 10"/>
      </properties>
      <testcase name="Test Cases/REALratings/Greensill/formSubmission" classname="Test Cases/REALratings/Greensill/formSubmission" status="PASSED">
         <system-out><![CDATA[2019-06-11 11:02:33 - [TEST_CASE][PASSED] - Test Cases/REALratings/Greensill/formSubmission: Test Cases/REALratings/Greensill/formSubmission

2019-06-11 11:02:34 - [TEST_STEP][PASSED] - openBrowser(""): Browser is opened with url: ''

2019-06-11 11:02:34 - [MESSAGE][INFO] - Starting 'Chrome' driver

2019-06-11 11:02:34 - [MESSAGE][INFO] - Action delay is set to 0 seconds

2019-06-11 11:02:37 - [MESSAGE][PASSED] - Browser is opened with url: ''

2019-06-11 11:02:37 - [TEST_STEP][PASSED] - navigateToUrl("https://gs-uat.realrating.co.uk/"): Navigate to 'https://gs-uat.realrating.co.uk/' successfully

2019-06-11 11:02:41 - [MESSAGE][PASSED] - Navigate to 'https://gs-uat.realrating.co.uk/' successfully

2019-06-11 11:02:41 - [TEST_STEP][PASSED] - maximizeWindow(): Current window maximized

2019-06-11 11:02:42 - [MESSAGE][PASSED] - Current window maximized

2019-06-11 11:02:42 - [TEST_STEP][PASSED] - delay(1): Delayed 1 second(s)

2019-06-11 11:02:43 - [MESSAGE][PASSED] - Delayed 1 second(s)

2019-06-11 11:02:43 - [TEST_STEP][PASSED] - rad = new java.util.Random(): null

2019-06-11 11:02:43 - [TEST_STEP][PASSED] - comment("Basic Information"): Basic Information

2019-06-11 11:02:43 - [MESSAGE][INFO] - Basic Information

2019-06-11 11:02:43 - [TEST_STEP][PASSED] - setText(findTestObject("REALRatings/Greensill/Page_REALrating/First Name"), findTestData("getEmployable/Applicants").getValue(1, 1)): Text 'Asha' is set on object 'Object Repository/REALRatings/Greensill/Page_REALrating/First Name'

2019-06-11 11:02:44 - [MESSAGE][PASSED] - Text 'Asha' is set on object 'Object Repository/REALRatings/Greensill/Page_REALrating/First Name'

2019-06-11 11:02:44 - [TEST_STEP][PASSED] - setText(findTestObject("REALRatings/Greensill/Page_REALrating/Last Name"), findTestData("getEmployable/Applicants").getValue(2, 1)): Text 'Rajendran' is set on object 'Object Repository/REALRatings/Greensill/Page_REALrating/Last Name'

2019-06-11 11:02:44 - [MESSAGE][PASSED] - Text 'Rajendran' is set on object 'Object Repository/REALRatings/Greensill/Page_REALrating/Last Name'

2019-06-11 11:02:44 - [TEST_STEP][PASSED] - Email = rad.nextInt(2000): null

2019-06-11 11:02:44 - [TEST_STEP][PASSED] - setText(findTestObject("REALRatings/Greensill/Page_REALrating/University Emailid"), "greensill" + Email + "@test.com"): Text 'greensill1330@test.com' is set on object 'Object Repository/REALRatings/Greensill/Page_REALrating/University Emailid'

2019-06-11 11:02:44 - [MESSAGE][PASSED] - Text 'greensill1330@test.com' is set on object 'Object Repository/REALRatings/Greensill/Page_REALrating/University Emailid'

2019-06-11 11:02:44 - [TEST_STEP][PASSED] - click(findTestObject("REALRatings/Greensill/Page_REALrating/First Next"), STOP_ON_FAILURE): Object: 'Object Repository/REALRatings/Greensill/Page_REALrating/First Next' is clicked on

2019-06-11 11:02:44 - [MESSAGE][PASSED] - Object: 'Object Repository/REALRatings/Greensill/Page_REALrating/First Next' is clicked on

2019-06-11 11:02:44 - [TEST_STEP][PASSED] - delay(2): Delayed 2 second(s)

2019-06-11 11:02:46 - [MESSAGE][PASSED] - Delayed 2 second(s)

2019-06-11 11:02:46 - [TEST_STEP][PASSED] - comment("University Information"): University Information

2019-06-11 11:02:46 - [MESSAGE][INFO] - University Information

2019-06-11 11:02:46 - [TEST_STEP][PASSED] - UniversityTotalOption = getNumberOfTotalOption(findTestObject("REALRatings/Greensill/Page_REALrating/University")): 154 options of object 'Object Repository/REALRatings/Greensill/Page_REALrating/University' counted

2019-06-11 11:02:47 - [MESSAGE][PASSED] - 154 options of object 'Object Repository/REALRatings/Greensill/Page_REALrating/University' counted

2019-06-11 11:02:47 - [TEST_STEP][PASSED] - UniversityCount = 1 + rad.nextInt(UniversityTotalOption - 1): null

2019-06-11 11:02:47 - [TEST_STEP][PASSED] - selectOptionByIndex(findTestObject("REALRatings/Greensill/Page_REALrating/University"), UniversityCount): All options with index in [139] are selected on object 'Object Repository/REALRatings/Greensill/Page_REALrating/University'

2019-06-11 11:02:48 - [MESSAGE][PASSED] - All options with index in [139] are selected on object 'Object Repository/REALRatings/Greensill/Page_REALrating/University'

2019-06-11 11:02:48 - [TEST_STEP][PASSED] - if (UniversityCount == 98): null

2019-06-11 11:02:48 - [TEST_STEP][PASSED] - UniversityCourseTotalOption = getNumberOfTotalOption(findTestObject("REALRatings/Greensill/Page_REALrating/University Course")): 96 options of object 'Object Repository/REALRatings/Greensill/Page_REALrating/University Course' counted

2019-06-11 11:02:48 - [MESSAGE][PASSED] - 96 options of object 'Object Repository/REALRatings/Greensill/Page_REALrating/University Course' counted

2019-06-11 11:02:48 - [TEST_STEP][PASSED] - UniveristyCourseCount = 1 + rad.nextInt(UniversityCourseTotalOption - 1): null

2019-06-11 11:02:48 - [TEST_STEP][PASSED] - selectOptionByIndex(findTestObject("REALRatings/Greensill/Page_REALrating/University Course"), UniveristyCourseCount): All options with index in [12] are selected on object 'Object Repository/REALRatings/Greensill/Page_REALrating/University Course'

2019-06-11 11:02:48 - [MESSAGE][PASSED] - All options with index in [12] are selected on object 'Object Repository/REALRatings/Greensill/Page_REALrating/University Course'

2019-06-11 11:02:48 - [TEST_STEP][PASSED] - if (UniveristyCourseCount == 95): null

2019-06-11 11:02:48 - [TEST_STEP][PASSED] - LengthOfUniversitycourseTotalOptions = getNumberOfTotalOption(findTestObject("REALRatings/Greensill/Page_REALrating/Length Of University Course")): 9 options of object 'Object Repository/REALRatings/Greensill/Page_REALrating/Length Of University Course' counted

2019-06-11 11:02:48 - [MESSAGE][PASSED] - 9 options of object 'Object Repository/REALRatings/Greensill/Page_REALrating/Length Of University Course' counted

2019-06-11 11:02:48 - [TEST_STEP][PASSED] - LengthOfUniversitycount = 1 + rad.nextInt(LengthOfUniversitycourseTotalOptions - 1): null

2019-06-11 11:02:48 - [TEST_STEP][PASSED] - selectOptionByIndex(findTestObject("REALRatings/Greensill/Page_REALrating/Length Of University Course"), LengthOfUniversitycount): All options with index in [8] are selected on object 'Object Repository/REALRatings/Greensill/Page_REALrating/Length Of University Course'

2019-06-11 11:02:48 - [MESSAGE][PASSED] - All options with index in [8] are selected on object 'Object Repository/REALRatings/Greensill/Page_REALrating/Length Of University Course'

2019-06-11 11:02:48 - [TEST_STEP][PASSED] - selectOptionByIndex(findTestObject("REALRatings/Greensill/Page_REALrating/Current Year Of Study"), LengthOfUniversitycount): All options with index in [8] are selected on object 'Object Repository/REALRatings/Greensill/Page_REALrating/Current Year Of Study'

2019-06-11 11:02:48 - [MESSAGE][PASSED] - All options with index in [8] are selected on object 'Object Repository/REALRatings/Greensill/Page_REALrating/Current Year Of Study'

2019-06-11 11:02:48 - [TEST_STEP][PASSED] - click(findTestObject("REALRatings/Greensill/Page_REALrating/Second Next")): Object: 'Object Repository/REALRatings/Greensill/Page_REALrating/Second Next' is clicked on

2019-06-11 11:02:49 - [MESSAGE][PASSED] - Object: 'Object Repository/REALRatings/Greensill/Page_REALrating/Second Next' is clicked on

2019-06-11 11:02:49 - [TEST_STEP][PASSED] - delay(2): Delayed 2 second(s)

2019-06-11 11:02:51 - [MESSAGE][PASSED] - Delayed 2 second(s)

2019-06-11 11:02:51 - [TEST_STEP][PASSED] - comment("Main Qualification Information"): Main Qualification Information

2019-06-11 11:02:51 - [MESSAGE][INFO] - Main Qualification Information

2019-06-11 11:02:51 - [TEST_STEP][PASSED] - ALevelYearTotalOptions = getNumberOfTotalOption(findTestObject("REALRatings/Greensill/Page_REALrating/A Level Year")): 71 options of object 'Object Repository/REALRatings/Greensill/Page_REALrating/A Level Year' counted

2019-06-11 11:02:51 - [MESSAGE][PASSED] - 71 options of object 'Object Repository/REALRatings/Greensill/Page_REALrating/A Level Year' counted

2019-06-11 11:02:51 - [TEST_STEP][PASSED] - ALevelYearcount = 1 + rad.nextInt(ALevelYearTotalOptions - 1): null

2019-06-11 11:02:51 - [TEST_STEP][PASSED] - selectOptionByIndex(findTestObject("REALRatings/Greensill/Page_REALrating/A Level Year"), ALevelYearcount): All options with index in [13] are selected on object 'Object Repository/REALRatings/Greensill/Page_REALrating/A Level Year'

2019-06-11 11:02:51 - [MESSAGE][PASSED] - All options with index in [13] are selected on object 'Object Repository/REALRatings/Greensill/Page_REALrating/A Level Year'

2019-06-11 11:02:51 - [TEST_STEP][PASSED] - GCSEYearTotalOptions = getNumberOfTotalOption(findTestObject("REALRatings/Greensill/Page_REALrating/GCSE Year")): 71 options of object 'Object Repository/REALRatings/Greensill/Page_REALrating/GCSE Year' counted

2019-06-11 11:02:51 - [MESSAGE][PASSED] - 71 options of object 'Object Repository/REALRatings/Greensill/Page_REALrating/GCSE Year' counted

2019-06-11 11:02:51 - [TEST_STEP][PASSED] - GCSEYearCount = 1 + rad.nextInt(GCSEYearTotalOptions - 1): null

2019-06-11 11:02:51 - [TEST_STEP][PASSED] - selectOptionByIndex(findTestObject("REALRatings/Greensill/Page_REALrating/GCSE Year"), GCSEYearCount): All options with index in [42] are selected on object 'Object Repository/REALRatings/Greensill/Page_REALrating/GCSE Year'

2019-06-11 11:02:51 - [MESSAGE][PASSED] - All options with index in [42] are selected on object 'Object Repository/REALRatings/Greensill/Page_REALrating/GCSE Year'

2019-06-11 11:02:51 - [TEST_STEP][PASSED] - MainQualificationTotaloptions = getNumberOfTotalOption(findTestObject("REALRatings/Greensill/Page_REALrating/Main Qualification")): 6 options of object 'Object Repository/REALRatings/Greensill/Page_REALrating/Main Qualification' counted

2019-06-11 11:02:51 - [MESSAGE][PASSED] - 6 options of object 'Object Repository/REALRatings/Greensill/Page_REALrating/Main Qualification' counted

2019-06-11 11:02:51 - [TEST_STEP][PASSED] - MainQualificationCount = 1 + rad.nextInt(MainQualificationTotaloptions - 1): null

2019-06-11 11:02:51 - [TEST_STEP][PASSED] - selectOptionByIndex(findTestObject("REALRatings/Greensill/Page_REALrating/Main Qualification"), MainQualificationCount): All options with index in [5] are selected on object 'Object Repository/REALRatings/Greensill/Page_REALrating/Main Qualification'

2019-06-11 11:02:51 - [MESSAGE][PASSED] - All options with index in [5] are selected on object 'Object Repository/REALRatings/Greensill/Page_REALrating/Main Qualification'

2019-06-11 11:02:51 - [TEST_STEP][PASSED] - if (MainQualificationCount == 1): null

2019-06-11 11:02:51 - [TEST_STEP][PASSED] - else if (MainQualificationCount == 2): null

2019-06-11 11:02:51 - [TEST_STEP][PASSED] - else if (MainQualificationCount == 3): null

2019-06-11 11:02:51 - [TEST_STEP][PASSED] - else if (MainQualificationCount == 4): null

2019-06-11 11:02:51 - [TEST_STEP][PASSED] - else if (MainQualificationCount == 5): All options with index in [44] are selected on object 'Object Repository/REALRatings/Greensill/Page_REALrating/HE Year'

2019-06-11 11:02:51 - [TEST_STEP][PASSED] - setText(findTestObject("REALRatings/Greensill/Page_REALrating/HETitle"), "hemathshe course"): Text 'hemathshe course' is set on object 'Object Repository/REALRatings/Greensill/Page_REALrating/HETitle'

2019-06-11 11:02:52 - [MESSAGE][PASSED] - Text 'hemathshe course' is set on object 'Object Repository/REALRatings/Greensill/Page_REALrating/HETitle'

2019-06-11 11:02:52 - [TEST_STEP][PASSED] - HEGradeTotalOptions = getNumberOfTotalOption(findTestObject("REALRatings/Greensill/Page_REALrating/HE Grade")): 10 options of object 'Object Repository/REALRatings/Greensill/Page_REALrating/HE Grade' counted

2019-06-11 11:02:52 - [MESSAGE][PASSED] - 10 options of object 'Object Repository/REALRatings/Greensill/Page_REALrating/HE Grade' counted

2019-06-11 11:02:52 - [TEST_STEP][PASSED] - HEGradeCount = 1 + rad.nextInt(HEGradeTotalOptions - 1): null

2019-06-11 11:02:52 - [TEST_STEP][PASSED] - selectOptionByIndex(findTestObject("REALRatings/Greensill/Page_REALrating/HE Grade"), HEGradeCount): All options with index in [1] are selected on object 'Object Repository/REALRatings/Greensill/Page_REALrating/HE Grade'

2019-06-11 11:02:52 - [MESSAGE][PASSED] - All options with index in [1] are selected on object 'Object Repository/REALRatings/Greensill/Page_REALrating/HE Grade'

2019-06-11 11:02:52 - [TEST_STEP][PASSED] - HEYearTotalOptions = getNumberOfTotalOption(findTestObject("REALRatings/Greensill/Page_REALrating/HE Year")): 71 options of object 'Object Repository/REALRatings/Greensill/Page_REALrating/HE Year' counted

2019-06-11 11:02:52 - [MESSAGE][PASSED] - 71 options of object 'Object Repository/REALRatings/Greensill/Page_REALrating/HE Year' counted

2019-06-11 11:02:52 - [TEST_STEP][PASSED] - HEYearCount = 1 + rad.nextInt(HEYearTotalOptions - 1): null

2019-06-11 11:02:52 - [TEST_STEP][PASSED] - selectOptionByIndex(findTestObject("REALRatings/Greensill/Page_REALrating/HE Year"), HEYearCount): All options with index in [44] are selected on object 'Object Repository/REALRatings/Greensill/Page_REALrating/HE Year'

2019-06-11 11:02:52 - [MESSAGE][PASSED] - All options with index in [44] are selected on object 'Object Repository/REALRatings/Greensill/Page_REALrating/HE Year'

2019-06-11 11:02:52 - [TEST_STEP][PASSED] - setText(findTestObject("REALRatings/Greensill/Page_REALrating/A Level School"), findTestData("getEmployable/Applicants").getValue(6, 1)): Text 'Kings Richard School' is set on object 'Object Repository/REALRatings/Greensill/Page_REALrating/A Level School'

2019-06-11 11:02:53 - [MESSAGE][PASSED] - Text 'Kings Richard School' is set on object 'Object Repository/REALRatings/Greensill/Page_REALrating/A Level School'

2019-06-11 11:02:53 - [TEST_STEP][PASSED] - setText(findTestObject("REALRatings/Greensill/Page_REALrating/GCSE School"), findTestData("getEmployable/Applicants").getValue(7, 1)): Text 'Kings Richard School' is set on object 'Object Repository/REALRatings/Greensill/Page_REALrating/GCSE School'

2019-06-11 11:02:53 - [MESSAGE][PASSED] - Text 'Kings Richard School' is set on object 'Object Repository/REALRatings/Greensill/Page_REALrating/GCSE School'

2019-06-11 11:02:53 - [TEST_STEP][PASSED] - setText(findTestObject("REALRatings/Greensill/Page_REALrating/A Level Postalcode"), findTestData("getEmployable/Applicants").getValue(8, 1)): Text 'NW64DN' is set on object 'Object Repository/REALRatings/Greensill/Page_REALrating/A Level Postalcode'

2019-06-11 11:02:53 - [MESSAGE][PASSED] - Text 'NW64DN' is set on object 'Object Repository/REALRatings/Greensill/Page_REALrating/A Level Postalcode'

2019-06-11 11:02:53 - [TEST_STEP][PASSED] - setText(findTestObject("REALRatings/Greensill/Page_REALrating/GCSE Postalcode"), findTestData("getEmployable/Applicants").getValue(9, 1)): Text 'AL60AA' is set on object 'Object Repository/REALRatings/Greensill/Page_REALrating/GCSE Postalcode'

2019-06-11 11:02:53 - [MESSAGE][PASSED] - Text 'AL60AA' is set on object 'Object Repository/REALRatings/Greensill/Page_REALrating/GCSE Postalcode'

2019-06-11 11:02:53 - [TEST_STEP][PASSED] - click(findTestObject("REALRatings/Greensill/Page_REALrating/Gender")): Object: 'Object Repository/REALRatings/Greensill/Page_REALrating/Gender' is clicked on

2019-06-11 11:02:53 - [MESSAGE][PASSED] - Object: 'Object Repository/REALRatings/Greensill/Page_REALrating/Gender' is clicked on

2019-06-11 11:02:53 - [TEST_STEP][PASSED] - click(findTestObject("REALRatings/Greensill/Page_REALrating/TickAnyStatement")): Object: 'Object Repository/REALRatings/Greensill/Page_REALrating/TickAnyStatement' is clicked on

2019-06-11 11:02:54 - [MESSAGE][PASSED] - Object: 'Object Repository/REALRatings/Greensill/Page_REALrating/TickAnyStatement' is clicked on

2019-06-11 11:02:54 - [TEST_STEP][PASSED] - click(findTestObject("REALRatings/Greensill/Page_REALrating/input_By ticking this box I confirm that I agree to the_confirmAgreement")): Object: 'Object Repository/REALRatings/Greensill/Page_REALrating/input_By ticking this box I confirm that I agree to the_confirmAgreement' is clicked on

2019-06-11 11:02:54 - [MESSAGE][PASSED] - Object: 'Object Repository/REALRatings/Greensill/Page_REALrating/input_By ticking this box I confirm that I agree to the_confirmAgreement' is clicked on

2019-06-11 11:02:54 - [TEST_STEP][PASSED] - click(findTestObject("REALRatings/Greensill/Page_REALrating/a_Submit")): Object: 'Object Repository/REALRatings/Greensill/Page_REALrating/a_Submit' is clicked on

2019-06-11 11:02:54 - [MESSAGE][PASSED] - Object: 'Object Repository/REALRatings/Greensill/Page_REALrating/a_Submit' is clicked on

2019-06-11 11:02:54 - [TEST_STEP][PASSED] - delay(5): Delayed 5 second(s)

2019-06-11 11:02:59 - [MESSAGE][PASSED] - Delayed 5 second(s)

2019-06-11 11:02:59 - [TEST_STEP][PASSED] - assert getUrl() == "https://gs-uat.realrating.co.uk/thankyou": Current window's url is: 'https://gs-uat.realrating.co.uk/thankyou'

2019-06-11 11:02:59 - [MESSAGE][PASSED] - Current window's url is: 'https://gs-uat.realrating.co.uk/thankyou'

2019-06-11 11:02:59 - [TEST_STEP][PASSED] - takeScreenshot(): Taking screenshot successfully

2019-06-11 11:02:59 - [MESSAGE][PASSED] - Taking screenshot successfully
[[ATTACHMENT|C:\\Users\\sambhavi\\git\\didactic-octo-spork\\Reports\\REALratings\\Greensill\\20190611_110230\\1560231179256.png]]]]></system-out>
         <system-err><![CDATA[]]></system-err>
      </testcase>
      <testcase name="Test Cases/REALratings/Greensill/login" classname="Test Cases/REALratings/Greensill/login" status="PASSED">
         <system-out><![CDATA[2019-06-11 11:02:59 - [TEST_CASE][PASSED] - Test Cases/REALratings/Greensill/login: Test Cases/REALratings/Greensill/login

2019-06-11 11:02:59 - [TEST_STEP][PASSED] - openBrowser(""): Browser is opened with url: ''

2019-06-11 11:02:59 - [MESSAGE][WARNING] - A browser is already opened. Closing browser and opening a new one

2019-06-11 11:03:00 - [MESSAGE][INFO] - Starting 'Chrome' driver

2019-06-11 11:03:03 - [MESSAGE][PASSED] - Browser is opened with url: ''

2019-06-11 11:03:03 - [TEST_STEP][PASSED] - navigateToUrl("https://gs-uat.realrating.co.uk/login"): Navigate to 'https://gs-uat.realrating.co.uk/login' successfully

2019-06-11 11:03:06 - [MESSAGE][PASSED] - Navigate to 'https://gs-uat.realrating.co.uk/login' successfully

2019-06-11 11:03:06 - [TEST_STEP][PASSED] - maximizeWindow(): Current window maximized

2019-06-11 11:03:07 - [MESSAGE][PASSED] - Current window maximized

2019-06-11 11:03:07 - [TEST_STEP][PASSED] - setText(findTestObject("REALRatings/Greensill/login/Page_RealRating/input_E-Mail Address_email"), "john@upreach.org.uk"): Text 'john@upreach.org.uk' is set on object 'Object Repository/REALRatings/Greensill/login/Page_RealRating/input_E-Mail Address_email'

2019-06-11 11:03:07 - [MESSAGE][PASSED] - Text 'john@upreach.org.uk' is set on object 'Object Repository/REALRatings/Greensill/login/Page_RealRating/input_E-Mail Address_email'

2019-06-11 11:03:07 - [TEST_STEP][PASSED] - setEncryptedText(findTestObject("REALRatings/Greensill/login/Page_RealRating/input_Password_password"), "YPztdU12xyABLAH+eFFt4w=="): Text ****** has been set on object 'Object Repository/REALRatings/Greensill/login/Page_RealRating/input_Password_password'

2019-06-11 11:03:07 - [MESSAGE][PASSED] - Text ****** has been set on object 'Object Repository/REALRatings/Greensill/login/Page_RealRating/input_Password_password'

2019-06-11 11:03:07 - [TEST_STEP][PASSED] - click(findTestObject("REALRatings/Greensill/login/Page_RealRating/button_Login")): Object: 'Object Repository/REALRatings/Greensill/login/Page_RealRating/button_Login' is clicked on

2019-06-11 11:03:10 - [MESSAGE][PASSED] - Object: 'Object Repository/REALRatings/Greensill/login/Page_RealRating/button_Login' is clicked on

2019-06-11 11:03:10 - [TEST_STEP][PASSED] - getAllLinksOnCurrentPage(false, []): Found 16 unique links on the page https://gs-uat.realrating.co.uk/home

2019-06-11 11:03:10 - [MESSAGE][PASSED] - Found 16 unique links on the page https://gs-uat.realrating.co.uk/home

2019-06-11 11:03:10 - [TEST_STEP][PASSED] - verifyAllLinksOnCurrentPageAccessible(false, []): All links on the page 'https://gs-uat.realrating.co.uk/home' are accessible

2019-06-11 11:03:10 - [MESSAGE][PASSED] - Found 16 unique links on the page https://gs-uat.realrating.co.uk/home

2019-06-11 11:03:13 - [MESSAGE][INFO] - HAR: C:\Users\sambhavi\git\didactic-octo-spork\Reports\REALratings\Greensill\20190611_110230\requests\main\0.har

2019-06-11 11:03:13 - [MESSAGE][PASSED] - Send request successfully

2019-06-11 11:03:14 - [MESSAGE][INFO] - HAR: C:\Users\sambhavi\git\didactic-octo-spork\Reports\REALratings\Greensill\20190611_110230\requests\main\1.har

2019-06-11 11:03:14 - [MESSAGE][PASSED] - Send request successfully

2019-06-11 11:03:14 - [MESSAGE][INFO] - HAR: C:\Users\sambhavi\git\didactic-octo-spork\Reports\REALratings\Greensill\20190611_110230\requests\main\2.har

2019-06-11 11:03:14 - [MESSAGE][PASSED] - Send request successfully

2019-06-11 11:03:15 - [MESSAGE][INFO] - HAR: C:\Users\sambhavi\git\didactic-octo-spork\Reports\REALratings\Greensill\20190611_110230\requests\main\3.har

2019-06-11 11:03:15 - [MESSAGE][PASSED] - Send request successfully

2019-06-11 11:03:16 - [MESSAGE][INFO] - HAR: C:\Users\sambhavi\git\didactic-octo-spork\Reports\REALratings\Greensill\20190611_110230\requests\main\4.har

2019-06-11 11:03:16 - [MESSAGE][PASSED] - Send request successfully

2019-06-11 11:03:16 - [MESSAGE][INFO] - HAR: C:\Users\sambhavi\git\didactic-octo-spork\Reports\REALratings\Greensill\20190611_110230\requests\main\5.har

2019-06-11 11:03:16 - [MESSAGE][PASSED] - Send request successfully

2019-06-11 11:03:18 - [MESSAGE][INFO] - HAR: C:\Users\sambhavi\git\didactic-octo-spork\Reports\REALratings\Greensill\20190611_110230\requests\main\6.har

2019-06-11 11:03:18 - [MESSAGE][PASSED] - Send request successfully

2019-06-11 11:03:19 - [MESSAGE][INFO] - HAR: C:\Users\sambhavi\git\didactic-octo-spork\Reports\REALratings\Greensill\20190611_110230\requests\main\7.har

2019-06-11 11:03:19 - [MESSAGE][PASSED] - Send request successfully

2019-06-11 11:03:19 - [MESSAGE][INFO] - HAR: C:\Users\sambhavi\git\didactic-octo-spork\Reports\REALratings\Greensill\20190611_110230\requests\main\8.har

2019-06-11 11:03:19 - [MESSAGE][PASSED] - Send request successfully

2019-06-11 11:03:20 - [MESSAGE][INFO] - HAR: C:\Users\sambhavi\git\didactic-octo-spork\Reports\REALratings\Greensill\20190611_110230\requests\main\9.har

2019-06-11 11:03:20 - [MESSAGE][PASSED] - Send request successfully

2019-06-11 11:03:21 - [MESSAGE][INFO] - HAR: C:\Users\sambhavi\git\didactic-octo-spork\Reports\REALratings\Greensill\20190611_110230\requests\main\10.har

2019-06-11 11:03:21 - [MESSAGE][PASSED] - Send request successfully

2019-06-11 11:03:21 - [MESSAGE][INFO] - HAR: C:\Users\sambhavi\git\didactic-octo-spork\Reports\REALratings\Greensill\20190611_110230\requests\main\11.har

2019-06-11 11:03:21 - [MESSAGE][PASSED] - Send request successfully

2019-06-11 11:03:22 - [MESSAGE][INFO] - HAR: C:\Users\sambhavi\git\didactic-octo-spork\Reports\REALratings\Greensill\20190611_110230\requests\main\12.har

2019-06-11 11:03:22 - [MESSAGE][PASSED] - Send request successfully

2019-06-11 11:03:26 - [MESSAGE][INFO] - HAR: C:\Users\sambhavi\git\didactic-octo-spork\Reports\REALratings\Greensill\20190611_110230\requests\main\13.har

2019-06-11 11:03:26 - [MESSAGE][PASSED] - Send request successfully

2019-06-11 11:03:27 - [MESSAGE][INFO] - HAR: C:\Users\sambhavi\git\didactic-octo-spork\Reports\REALratings\Greensill\20190611_110230\requests\main\14.har

2019-06-11 11:03:27 - [MESSAGE][PASSED] - Send request successfully

2019-06-11 11:03:28 - [MESSAGE][INFO] - HAR: C:\Users\sambhavi\git\didactic-octo-spork\Reports\REALratings\Greensill\20190611_110230\requests\main\15.har

2019-06-11 11:03:28 - [MESSAGE][PASSED] - Send request successfully

2019-06-11 11:03:28 - [MESSAGE][PASSED] - All links are accessible

2019-06-11 11:03:28 - [MESSAGE][PASSED] - All links on the page 'https://gs-uat.realrating.co.uk/home' are accessible

2019-06-11 11:03:28 - [TEST_STEP][PASSED] - click(findTestObject("REALRatings/Greensill/login/Page_RealRating/Other Qualifications Tab")): Object: 'Object Repository/REALRatings/Greensill/login/Page_RealRating/Other Qualifications Tab' is clicked on

2019-06-11 11:03:28 - [MESSAGE][PASSED] - Object: 'Object Repository/REALRatings/Greensill/login/Page_RealRating/Other Qualifications Tab' is clicked on

2019-06-11 11:03:28 - [TEST_STEP][PASSED] - getAllLinksOnCurrentPage(false, []): Found 16 unique links on the page https://gs-uat.realrating.co.uk/home

2019-06-11 11:03:28 - [MESSAGE][PASSED] - Found 16 unique links on the page https://gs-uat.realrating.co.uk/home

2019-06-11 11:03:28 - [TEST_STEP][PASSED] - verifyAllLinksOnCurrentPageAccessible(false, []): All links on the page 'https://gs-uat.realrating.co.uk/home' are accessible

2019-06-11 11:03:28 - [MESSAGE][PASSED] - Found 16 unique links on the page https://gs-uat.realrating.co.uk/home

2019-06-11 11:03:29 - [MESSAGE][INFO] - HAR: C:\Users\sambhavi\git\didactic-octo-spork\Reports\REALratings\Greensill\20190611_110230\requests\main\16.har

2019-06-11 11:03:29 - [MESSAGE][PASSED] - Send request successfully

2019-06-11 11:03:30 - [MESSAGE][INFO] - HAR: C:\Users\sambhavi\git\didactic-octo-spork\Reports\REALratings\Greensill\20190611_110230\requests\main\17.har

2019-06-11 11:03:30 - [MESSAGE][PASSED] - Send request successfully

2019-06-11 11:03:31 - [MESSAGE][INFO] - HAR: C:\Users\sambhavi\git\didactic-octo-spork\Reports\REALratings\Greensill\20190611_110230\requests\main\18.har

2019-06-11 11:03:31 - [MESSAGE][PASSED] - Send request successfully

2019-06-11 11:03:31 - [MESSAGE][INFO] - HAR: C:\Users\sambhavi\git\didactic-octo-spork\Reports\REALratings\Greensill\20190611_110230\requests\main\19.har

2019-06-11 11:03:31 - [MESSAGE][PASSED] - Send request successfully

2019-06-11 11:03:32 - [MESSAGE][INFO] - HAR: C:\Users\sambhavi\git\didactic-octo-spork\Reports\REALratings\Greensill\20190611_110230\requests\main\20.har

2019-06-11 11:03:32 - [MESSAGE][PASSED] - Send request successfully

2019-06-11 11:03:33 - [MESSAGE][INFO] - HAR: C:\Users\sambhavi\git\didactic-octo-spork\Reports\REALratings\Greensill\20190611_110230\requests\main\21.har

2019-06-11 11:03:33 - [MESSAGE][PASSED] - Send request successfully

2019-06-11 11:03:34 - [MESSAGE][INFO] - HAR: C:\Users\sambhavi\git\didactic-octo-spork\Reports\REALratings\Greensill\20190611_110230\requests\main\22.har

2019-06-11 11:03:34 - [MESSAGE][PASSED] - Send request successfully

2019-06-11 11:03:35 - [MESSAGE][INFO] - HAR: C:\Users\sambhavi\git\didactic-octo-spork\Reports\REALratings\Greensill\20190611_110230\requests\main\23.har

2019-06-11 11:03:35 - [MESSAGE][PASSED] - Send request successfully

2019-06-11 11:03:35 - [MESSAGE][INFO] - HAR: C:\Users\sambhavi\git\didactic-octo-spork\Reports\REALratings\Greensill\20190611_110230\requests\main\24.har

2019-06-11 11:03:35 - [MESSAGE][PASSED] - Send request successfully

2019-06-11 11:03:36 - [MESSAGE][INFO] - HAR: C:\Users\sambhavi\git\didactic-octo-spork\Reports\REALratings\Greensill\20190611_110230\requests\main\25.har

2019-06-11 11:03:36 - [MESSAGE][PASSED] - Send request successfully

2019-06-11 11:03:37 - [MESSAGE][INFO] - HAR: C:\Users\sambhavi\git\didactic-octo-spork\Reports\REALratings\Greensill\20190611_110230\requests\main\26.har

2019-06-11 11:03:37 - [MESSAGE][PASSED] - Send request successfully

2019-06-11 11:03:38 - [MESSAGE][INFO] - HAR: C:\Users\sambhavi\git\didactic-octo-spork\Reports\REALratings\Greensill\20190611_110230\requests\main\27.har

2019-06-11 11:03:38 - [MESSAGE][PASSED] - Send request successfully

2019-06-11 11:03:40 - [MESSAGE][INFO] - HAR: C:\Users\sambhavi\git\didactic-octo-spork\Reports\REALratings\Greensill\20190611_110230\requests\main\28.har

2019-06-11 11:03:40 - [MESSAGE][PASSED] - Send request successfully

2019-06-11 11:03:42 - [MESSAGE][INFO] - HAR: C:\Users\sambhavi\git\didactic-octo-spork\Reports\REALratings\Greensill\20190611_110230\requests\main\29.har

2019-06-11 11:03:42 - [MESSAGE][PASSED] - Send request successfully

2019-06-11 11:03:42 - [MESSAGE][INFO] - HAR: C:\Users\sambhavi\git\didactic-octo-spork\Reports\REALratings\Greensill\20190611_110230\requests\main\30.har

2019-06-11 11:03:42 - [MESSAGE][PASSED] - Send request successfully

2019-06-11 11:03:43 - [MESSAGE][INFO] - HAR: C:\Users\sambhavi\git\didactic-octo-spork\Reports\REALratings\Greensill\20190611_110230\requests\main\31.har

2019-06-11 11:03:43 - [MESSAGE][PASSED] - Send request successfully

2019-06-11 11:03:43 - [MESSAGE][PASSED] - All links are accessible

2019-06-11 11:03:43 - [MESSAGE][PASSED] - All links on the page 'https://gs-uat.realrating.co.uk/home' are accessible

2019-06-11 11:03:43 - [TEST_STEP][PASSED] - click(findTestObject("REALRatings/Greensill/login/Page_RealRating/Profile")): Object: 'Object Repository/REALRatings/Greensill/login/Page_RealRating/Profile' is clicked on

2019-06-11 11:03:43 - [MESSAGE][PASSED] - Object: 'Object Repository/REALRatings/Greensill/login/Page_RealRating/Profile' is clicked on

2019-06-11 11:03:43 - [TEST_STEP][PASSED] - click(findTestObject("REALRatings/Greensill/login/Page_RealRating/Logout")): Object: 'Object Repository/REALRatings/Greensill/login/Page_RealRating/Logout' is clicked on

2019-06-11 11:03:43 - [MESSAGE][PASSED] - Object: 'Object Repository/REALRatings/Greensill/login/Page_RealRating/Logout' is clicked on

2019-06-11 11:03:43 - [TEST_STEP][PASSED] - delay(5): Delayed 5 second(s)

2019-06-11 11:03:48 - [MESSAGE][PASSED] - Delayed 5 second(s)

2019-06-11 11:03:48 - [TEST_STEP][PASSED] - click(findTestObject("REALRatings/Greensill/login/Page_RealRating/button_Logout")): Object: 'Object Repository/REALRatings/Greensill/login/Page_RealRating/button_Logout' is clicked on

2019-06-11 11:03:49 - [MESSAGE][PASSED] - Object: 'Object Repository/REALRatings/Greensill/login/Page_RealRating/button_Logout' is clicked on

2019-06-11 11:03:49 - [TEST_STEP][PASSED] - assert getUrl() == "https://gs-uat.realrating.co.uk/login": Current window's url is: 'https://gs-uat.realrating.co.uk/login'

2019-06-11 11:03:49 - [MESSAGE][PASSED] - Current window's url is: 'https://gs-uat.realrating.co.uk/login']]></system-out>
         <system-err><![CDATA[]]></system-err>
      </testcase>
      <system-out><![CDATA[2019-06-11 11:02:32 - [TEST_SUITE][PASSED] - Greensill: Test Cases/REALratings/Greensill/login]]></system-out>
      <system-err><![CDATA[]]></system-err>
   </testsuite>
</testsuites>
