<?xml version="1.0" encoding="UTF-8"?>
<testsuites name="2020Delivery" time="77" tests="2" failures="0" errors="0">
   <testsuite name="2020Delivery" tests="2" failures="0" errors="0" time="77" timestamp="2019-06-04 12:56:43" hostname="sambhavi - sambhavi.jmandigital.in" id="Test Suites/REALratings/2020Delivery">
      <properties>
         <property name="deviceName" value=""/>
         <property name="devicePlatform" value=""/>
         <property name="logFolder" value="C:\\Users\\sambhavi\\git\\didactic-octo-spork\\Reports\\REALratings\\2020Delivery\\20190604_125641"/>
         <property name="logFiles" value="C:\\Users\\sambhavi\\git\\didactic-octo-spork\\Reports\\REALratings\\2020Delivery\\20190604_125641\\execution0.log"/>
         <property name="attachments" value="C:\\Users\\sambhavi\\git\\didactic-octo-spork\\Reports\\REALratings\\2020Delivery\\20190604_125641\\1559633233630.png"/>
         <property name="hostName" value="sambhavi - sambhavi.jmandigital.in"/>
         <property name="os" value="Windows 10 64bit"/>
         <property name="katalonVersion" value="6.0.5.10"/>
         <property name="browser" value="Chrome 74.0.3729.169"/>
         <property name="hostAddress" value="192.168.0.185"/>
         <property name="sessionId" value="3fa6f2ab13d873378d27926e5a835db6"/>
         <property name="seleniumVersion" value="3.7.1"/>
         <property name="proxyInformation" value="ProxyInformation{proxyOption=NO_PROXY, proxyServerType=HTTP, password=, proxyServerAddress=, proxyServerPort=0}"/>
         <property name="platform" value="Windows 10"/>
      </properties>
      <testcase name="Test Cases/REALratings/2020Delivery/formSubmission" classname="Test Cases/REALratings/2020Delivery/formSubmission" status="PASSED">
         <system-out><![CDATA[2019-06-04 12:56:43 - [TEST_CASE][PASSED] - Test Cases/REALratings/2020Delivery/formSubmission: Test Cases/REALratings/2020Delivery/formSubmission

2019-06-04 12:56:44 - [TEST_STEP][PASSED] - openBrowser(""): Browser is opened with url: ''

2019-06-04 12:56:45 - [MESSAGE][INFO] - Starting 'Chrome' driver

2019-06-04 12:56:45 - [MESSAGE][INFO] - Action delay is set to 0 seconds

2019-06-04 12:56:48 - [MESSAGE][PASSED] - Browser is opened with url: ''

2019-06-04 12:56:48 - [TEST_STEP][PASSED] - navigateToUrl("https://2020-uat.realrating.co.uk/"): Navigate to 'https://2020-uat.realrating.co.uk/' successfully

2019-06-04 12:56:51 - [MESSAGE][PASSED] - Navigate to 'https://2020-uat.realrating.co.uk/' successfully

2019-06-04 12:56:51 - [TEST_STEP][PASSED] - maximizeWindow(): Current window maximized

2019-06-04 12:56:52 - [MESSAGE][PASSED] - Current window maximized

2019-06-04 12:56:52 - [TEST_STEP][PASSED] - delay(1): Delayed 1 second(s)

2019-06-04 12:56:53 - [MESSAGE][PASSED] - Delayed 1 second(s)

2019-06-04 12:56:53 - [TEST_STEP][PASSED] - rad = new java.util.Random(): null

2019-06-04 12:56:53 - [TEST_STEP][PASSED] - comment("Basic Information"): Basic Information

2019-06-04 12:56:54 - [MESSAGE][INFO] - Basic Information

2019-06-04 12:56:54 - [TEST_STEP][PASSED] - setText(findTestObject("REALRatings/2020Delivery/Page_REALrating/input_First Name_first_name"), findTestData("getEmployable/Applicants").getValue(1, 1)): Text 'Asha' is set on object 'Object Repository/REALRatings/2020Delivery/Page_REALrating/input_First Name_first_name'

2019-06-04 12:56:54 - [MESSAGE][PASSED] - Text 'Asha' is set on object 'Object Repository/REALRatings/2020Delivery/Page_REALrating/input_First Name_first_name'

2019-06-04 12:56:54 - [TEST_STEP][PASSED] - setText(findTestObject("REALRatings/2020Delivery/Page_REALrating/input_Last Name_last_name"), findTestData("getEmployable/Applicants").getValue(2, 1)): Text 'Rajendran' is set on object 'Object Repository/REALRatings/2020Delivery/Page_REALrating/input_Last Name_last_name'

2019-06-04 12:56:54 - [MESSAGE][PASSED] - Text 'Rajendran' is set on object 'Object Repository/REALRatings/2020Delivery/Page_REALrating/input_Last Name_last_name'

2019-06-04 12:56:54 - [TEST_STEP][PASSED] - Email = rad.nextInt(2000): null

2019-06-04 12:56:54 - [TEST_STEP][PASSED] - setText(findTestObject("REALRatings/2020Delivery/Page_REALrating/input_Email address used in your application_email"), "2020" + Email + "@test.com"): Text '2020327@test.com' is set on object 'Object Repository/REALRatings/2020Delivery/Page_REALrating/input_Email address used in your application_email'

2019-06-04 12:56:55 - [MESSAGE][PASSED] - Text '2020327@test.com' is set on object 'Object Repository/REALRatings/2020Delivery/Page_REALrating/input_Email address used in your application_email'

2019-06-04 12:56:55 - [TEST_STEP][PASSED] - click(findTestObject("REALRatings/Greensill/Page_REALrating/First Next"), STOP_ON_FAILURE): Object: 'Object Repository/REALRatings/Greensill/Page_REALrating/First Next' is clicked on

2019-06-04 12:56:55 - [MESSAGE][PASSED] - Object: 'Object Repository/REALRatings/Greensill/Page_REALrating/First Next' is clicked on

2019-06-04 12:56:55 - [TEST_STEP][PASSED] - delay(2): Delayed 2 second(s)

2019-06-04 12:56:57 - [MESSAGE][PASSED] - Delayed 2 second(s)

2019-06-04 12:56:57 - [TEST_STEP][PASSED] - comment("University Information"): University Information

2019-06-04 12:56:57 - [MESSAGE][INFO] - University Information

2019-06-04 12:56:57 - [TEST_STEP][PASSED] - UniversityTotalOption = getNumberOfTotalOption(findTestObject("REALRatings/Greensill/Page_REALrating/University")): 154 options of object 'Object Repository/REALRatings/Greensill/Page_REALrating/University' counted

2019-06-04 12:56:57 - [MESSAGE][PASSED] - 154 options of object 'Object Repository/REALRatings/Greensill/Page_REALrating/University' counted

2019-06-04 12:56:57 - [TEST_STEP][PASSED] - UniversityCount = 1 + rad.nextInt(UniversityTotalOption - 1): null

2019-06-04 12:56:57 - [TEST_STEP][PASSED] - selectOptionByIndex(findTestObject("REALRatings/Greensill/Page_REALrating/University"), UniversityCount): All options with index in [47] are selected on object 'Object Repository/REALRatings/Greensill/Page_REALrating/University'

2019-06-04 12:56:57 - [MESSAGE][PASSED] - All options with index in [47] are selected on object 'Object Repository/REALRatings/Greensill/Page_REALrating/University'

2019-06-04 12:56:57 - [TEST_STEP][PASSED] - if (UniversityCount == 98): null

2019-06-04 12:56:57 - [TEST_STEP][PASSED] - UniversityCourseTotalOption = getNumberOfTotalOption(findTestObject("REALRatings/Greensill/Page_REALrating/University Course")): 96 options of object 'Object Repository/REALRatings/Greensill/Page_REALrating/University Course' counted

2019-06-04 12:56:57 - [MESSAGE][PASSED] - 96 options of object 'Object Repository/REALRatings/Greensill/Page_REALrating/University Course' counted

2019-06-04 12:56:57 - [TEST_STEP][PASSED] - UniveristyCourseCount = 1 + rad.nextInt(UniversityCourseTotalOption - 1): null

2019-06-04 12:56:57 - [TEST_STEP][PASSED] - selectOptionByIndex(findTestObject("REALRatings/Greensill/Page_REALrating/University Course"), UniveristyCourseCount): All options with index in [79] are selected on object 'Object Repository/REALRatings/Greensill/Page_REALrating/University Course'

2019-06-04 12:56:58 - [MESSAGE][PASSED] - All options with index in [79] are selected on object 'Object Repository/REALRatings/Greensill/Page_REALrating/University Course'

2019-06-04 12:56:58 - [TEST_STEP][PASSED] - if (UniveristyCourseCount == 95): null

2019-06-04 12:56:58 - [TEST_STEP][PASSED] - LengthOfUniversitycourseTotalOptions = getNumberOfTotalOption(findTestObject("REALRatings/Greensill/Page_REALrating/Length Of University Course")): 9 options of object 'Object Repository/REALRatings/Greensill/Page_REALrating/Length Of University Course' counted

2019-06-04 12:56:58 - [MESSAGE][PASSED] - 9 options of object 'Object Repository/REALRatings/Greensill/Page_REALrating/Length Of University Course' counted

2019-06-04 12:56:58 - [TEST_STEP][PASSED] - LengthOfUniversitycount = 1 + rad.nextInt(LengthOfUniversitycourseTotalOptions - 1): null

2019-06-04 12:56:58 - [TEST_STEP][PASSED] - selectOptionByIndex(findTestObject("REALRatings/Greensill/Page_REALrating/Length Of University Course"), LengthOfUniversitycount): All options with index in [3] are selected on object 'Object Repository/REALRatings/Greensill/Page_REALrating/Length Of University Course'

2019-06-04 12:56:58 - [MESSAGE][PASSED] - All options with index in [3] are selected on object 'Object Repository/REALRatings/Greensill/Page_REALrating/Length Of University Course'

2019-06-04 12:56:58 - [TEST_STEP][PASSED] - selectOptionByIndex(findTestObject("REALRatings/Greensill/Page_REALrating/Current Year Of Study"), LengthOfUniversitycount): All options with index in [3] are selected on object 'Object Repository/REALRatings/Greensill/Page_REALrating/Current Year Of Study'

2019-06-04 12:56:58 - [MESSAGE][PASSED] - All options with index in [3] are selected on object 'Object Repository/REALRatings/Greensill/Page_REALrating/Current Year Of Study'

2019-06-04 12:56:58 - [TEST_STEP][PASSED] - delay(5): Delayed 5 second(s)

2019-06-04 12:57:03 - [MESSAGE][PASSED] - Delayed 5 second(s)

2019-06-04 12:57:03 - [TEST_STEP][PASSED] - click(findTestObject("REALRatings/2020Delivery/Page_REALrating/Second Next")): Object: 'Object Repository/REALRatings/2020Delivery/Page_REALrating/Second Next' is clicked on

2019-06-04 12:57:03 - [MESSAGE][PASSED] - Object: 'Object Repository/REALRatings/2020Delivery/Page_REALrating/Second Next' is clicked on

2019-06-04 12:57:03 - [TEST_STEP][PASSED] - delay(2): Delayed 2 second(s)

2019-06-04 12:57:05 - [MESSAGE][PASSED] - Delayed 2 second(s)

2019-06-04 12:57:05 - [TEST_STEP][PASSED] - comment("Main Qualification  Information"): Main Qualification  Information

2019-06-04 12:57:05 - [MESSAGE][INFO] - Main Qualification  Information

2019-06-04 12:57:05 - [TEST_STEP][PASSED] - ALevelYearTotalOptions = getNumberOfTotalOption(findTestObject("REALRatings/Greensill/Page_REALrating/A Level Year")): 71 options of object 'Object Repository/REALRatings/Greensill/Page_REALrating/A Level Year' counted

2019-06-04 12:57:05 - [MESSAGE][PASSED] - 71 options of object 'Object Repository/REALRatings/Greensill/Page_REALrating/A Level Year' counted

2019-06-04 12:57:05 - [TEST_STEP][PASSED] - ALevelYearcount = 1 + rad.nextInt(ALevelYearTotalOptions - 1): null

2019-06-04 12:57:05 - [TEST_STEP][PASSED] - selectOptionByIndex(findTestObject("REALRatings/Greensill/Page_REALrating/A Level Year"), ALevelYearcount): All options with index in [37] are selected on object 'Object Repository/REALRatings/Greensill/Page_REALrating/A Level Year'

2019-06-04 12:57:06 - [MESSAGE][PASSED] - All options with index in [37] are selected on object 'Object Repository/REALRatings/Greensill/Page_REALrating/A Level Year'

2019-06-04 12:57:06 - [TEST_STEP][PASSED] - GCSEYearTotalOptions = getNumberOfTotalOption(findTestObject("REALRatings/Greensill/Page_REALrating/GCSE Year")): 71 options of object 'Object Repository/REALRatings/Greensill/Page_REALrating/GCSE Year' counted

2019-06-04 12:57:06 - [MESSAGE][PASSED] - 71 options of object 'Object Repository/REALRatings/Greensill/Page_REALrating/GCSE Year' counted

2019-06-04 12:57:06 - [TEST_STEP][PASSED] - GCSEYearCount = 1 + rad.nextInt(GCSEYearTotalOptions - 1): null

2019-06-04 12:57:06 - [TEST_STEP][PASSED] - selectOptionByIndex(findTestObject("REALRatings/Greensill/Page_REALrating/GCSE Year"), GCSEYearCount): All options with index in [54] are selected on object 'Object Repository/REALRatings/Greensill/Page_REALrating/GCSE Year'

2019-06-04 12:57:06 - [MESSAGE][PASSED] - All options with index in [54] are selected on object 'Object Repository/REALRatings/Greensill/Page_REALrating/GCSE Year'

2019-06-04 12:57:06 - [TEST_STEP][PASSED] - MainQualificationTotaloptions = getNumberOfTotalOption(findTestObject("REALRatings/Greensill/Page_REALrating/Main Qualification")): 6 options of object 'Object Repository/REALRatings/Greensill/Page_REALrating/Main Qualification' counted

2019-06-04 12:57:06 - [MESSAGE][PASSED] - 6 options of object 'Object Repository/REALRatings/Greensill/Page_REALrating/Main Qualification' counted

2019-06-04 12:57:06 - [TEST_STEP][PASSED] - MainQualificationCount = 1 + rad.nextInt(MainQualificationTotaloptions - 1): null

2019-06-04 12:57:06 - [TEST_STEP][PASSED] - selectOptionByIndex(findTestObject("REALRatings/Greensill/Page_REALrating/Main Qualification"), MainQualificationCount): All options with index in [4] are selected on object 'Object Repository/REALRatings/Greensill/Page_REALrating/Main Qualification'

2019-06-04 12:57:07 - [MESSAGE][PASSED] - All options with index in [4] are selected on object 'Object Repository/REALRatings/Greensill/Page_REALrating/Main Qualification'

2019-06-04 12:57:07 - [TEST_STEP][PASSED] - if (MainQualificationCount == 1): null

2019-06-04 12:57:07 - [TEST_STEP][PASSED] - else if (MainQualificationCount == 2): null

2019-06-04 12:57:07 - [TEST_STEP][PASSED] - else if (MainQualificationCount == 3): null

2019-06-04 12:57:07 - [TEST_STEP][PASSED] - else if (MainQualificationCount == 4): Text 'other ouualifications ' is set on object 'Object Repository/REALRatings/Greensill/Page_REALrating/Other Qualification'

2019-06-04 12:57:07 - [TEST_STEP][PASSED] - setText(findTestObject("REALRatings/Greensill/Page_REALrating/Other Qualification"), "other ouualifications "): Text 'other ouualifications ' is set on object 'Object Repository/REALRatings/Greensill/Page_REALrating/Other Qualification'

2019-06-04 12:57:07 - [MESSAGE][PASSED] - Text 'other ouualifications ' is set on object 'Object Repository/REALRatings/Greensill/Page_REALrating/Other Qualification'

2019-06-04 12:57:07 - [TEST_STEP][PASSED] - setText(findTestObject("REALRatings/Greensill/Page_REALrating/A Level School"), findTestData("getEmployable/Applicants").getValue(6, 1)): Text 'Kings Richard School' is set on object 'Object Repository/REALRatings/Greensill/Page_REALrating/A Level School'

2019-06-04 12:57:07 - [MESSAGE][PASSED] - Text 'Kings Richard School' is set on object 'Object Repository/REALRatings/Greensill/Page_REALrating/A Level School'

2019-06-04 12:57:07 - [TEST_STEP][PASSED] - setText(findTestObject("REALRatings/Greensill/Page_REALrating/GCSE School"), findTestData("getEmployable/Applicants").getValue(7, 1)): Text 'Kings Richard School' is set on object 'Object Repository/REALRatings/Greensill/Page_REALrating/GCSE School'

2019-06-04 12:57:07 - [MESSAGE][PASSED] - Text 'Kings Richard School' is set on object 'Object Repository/REALRatings/Greensill/Page_REALrating/GCSE School'

2019-06-04 12:57:07 - [TEST_STEP][PASSED] - setText(findTestObject("REALRatings/Greensill/Page_REALrating/A Level Postalcode"), findTestData("getEmployable/Applicants").getValue(8, 1)): Text 'NW64DN' is set on object 'Object Repository/REALRatings/Greensill/Page_REALrating/A Level Postalcode'

2019-06-04 12:57:08 - [MESSAGE][PASSED] - Text 'NW64DN' is set on object 'Object Repository/REALRatings/Greensill/Page_REALrating/A Level Postalcode'

2019-06-04 12:57:08 - [TEST_STEP][PASSED] - setText(findTestObject("REALRatings/Greensill/Page_REALrating/GCSE Postalcode"), findTestData("getEmployable/Applicants").getValue(9, 1)): Text 'AL60AA' is set on object 'Object Repository/REALRatings/Greensill/Page_REALrating/GCSE Postalcode'

2019-06-04 12:57:08 - [MESSAGE][PASSED] - Text 'AL60AA' is set on object 'Object Repository/REALRatings/Greensill/Page_REALrating/GCSE Postalcode'

2019-06-04 12:57:08 - [TEST_STEP][PASSED] - click(findTestObject("REALRatings/Greensill/Page_REALrating/Gender")): Object: 'Object Repository/REALRatings/Greensill/Page_REALrating/Gender' is clicked on

2019-06-04 12:57:08 - [MESSAGE][PASSED] - Object: 'Object Repository/REALRatings/Greensill/Page_REALrating/Gender' is clicked on

2019-06-04 12:57:08 - [TEST_STEP][PASSED] - click(findTestObject("REALRatings/Greensill/Page_REALrating/TickAnyStatement")): Object: 'Object Repository/REALRatings/Greensill/Page_REALrating/TickAnyStatement' is clicked on

2019-06-04 12:57:08 - [MESSAGE][PASSED] - Object: 'Object Repository/REALRatings/Greensill/Page_REALrating/TickAnyStatement' is clicked on

2019-06-04 12:57:08 - [TEST_STEP][PASSED] - click(findTestObject("REALRatings/Greensill/Page_REALrating/input_By ticking this box I confirm that I agree to the_confirmAgreement")): Object: 'Object Repository/REALRatings/Greensill/Page_REALrating/input_By ticking this box I confirm that I agree to the_confirmAgreement' is clicked on

2019-06-04 12:57:08 - [MESSAGE][PASSED] - Object: 'Object Repository/REALRatings/Greensill/Page_REALrating/input_By ticking this box I confirm that I agree to the_confirmAgreement' is clicked on

2019-06-04 12:57:08 - [TEST_STEP][PASSED] - click(findTestObject("REALRatings/Greensill/Page_REALrating/a_Submit")): Object: 'Object Repository/REALRatings/Greensill/Page_REALrating/a_Submit' is clicked on

2019-06-04 12:57:08 - [MESSAGE][PASSED] - Object: 'Object Repository/REALRatings/Greensill/Page_REALrating/a_Submit' is clicked on

2019-06-04 12:57:08 - [TEST_STEP][PASSED] - delay(5): Delayed 5 second(s)

2019-06-04 12:57:13 - [MESSAGE][PASSED] - Delayed 5 second(s)

2019-06-04 12:57:13 - [TEST_STEP][PASSED] - assert getUrl() == "https://2020-uat.realrating.co.uk/thankyou": Current window's url is: 'https://2020-uat.realrating.co.uk/thankyou'

2019-06-04 12:57:13 - [MESSAGE][PASSED] - Current window's url is: 'https://2020-uat.realrating.co.uk/thankyou'

2019-06-04 12:57:13 - [TEST_STEP][PASSED] - takeScreenshot(): Taking screenshot successfully

2019-06-04 12:57:13 - [MESSAGE][PASSED] - Taking screenshot successfully
[[ATTACHMENT|C:\\Users\\sambhavi\\git\\didactic-octo-spork\\Reports\\REALratings\\2020Delivery\\20190604_125641\\1559633233630.png]]]]></system-out>
         <system-err><![CDATA[]]></system-err>
      </testcase>
      <testcase name="Test Cases/REALratings/2020Delivery/login" classname="Test Cases/REALratings/2020Delivery/login" status="PASSED">
         <system-out><![CDATA[2019-06-04 12:57:13 - [TEST_CASE][PASSED] - Test Cases/REALratings/2020Delivery/login: Test Cases/REALratings/2020Delivery/login

2019-06-04 12:57:14 - [TEST_STEP][PASSED] - openBrowser(""): Browser is opened with url: ''

2019-06-04 12:57:14 - [MESSAGE][WARNING] - A browser is already opened. Closing browser and opening a new one

2019-06-04 12:57:14 - [MESSAGE][INFO] - Starting 'Chrome' driver

2019-06-04 12:57:17 - [MESSAGE][PASSED] - Browser is opened with url: ''

2019-06-04 12:57:17 - [TEST_STEP][PASSED] - navigateToUrl("https://2020-uat.realrating.co.uk/login"): Navigate to 'https://2020-uat.realrating.co.uk/login' successfully

2019-06-04 12:57:19 - [MESSAGE][PASSED] - Navigate to 'https://2020-uat.realrating.co.uk/login' successfully

2019-06-04 12:57:19 - [TEST_STEP][PASSED] - maximizeWindow(): Current window maximized

2019-06-04 12:57:21 - [MESSAGE][PASSED] - Current window maximized

2019-06-04 12:57:21 - [TEST_STEP][PASSED] - setText(findTestObject("REALRatings/Greensill/login/Page_RealRating/input_E-Mail Address_email"), "john@upreach.org.uk"): Text 'john@upreach.org.uk' is set on object 'Object Repository/REALRatings/Greensill/login/Page_RealRating/input_E-Mail Address_email'

2019-06-04 12:57:21 - [MESSAGE][PASSED] - Text 'john@upreach.org.uk' is set on object 'Object Repository/REALRatings/Greensill/login/Page_RealRating/input_E-Mail Address_email'

2019-06-04 12:57:21 - [TEST_STEP][PASSED] - setEncryptedText(findTestObject("REALRatings/Greensill/login/Page_RealRating/input_Password_password"), "YPztdU12xyABLAH+eFFt4w=="): Text ****** has been set on object 'Object Repository/REALRatings/Greensill/login/Page_RealRating/input_Password_password'

2019-06-04 12:57:21 - [MESSAGE][PASSED] - Text ****** has been set on object 'Object Repository/REALRatings/Greensill/login/Page_RealRating/input_Password_password'

2019-06-04 12:57:21 - [TEST_STEP][PASSED] - click(findTestObject("REALRatings/Greensill/login/Page_RealRating/button_Login")): Object: 'Object Repository/REALRatings/Greensill/login/Page_RealRating/button_Login' is clicked on

2019-06-04 12:57:23 - [MESSAGE][PASSED] - Object: 'Object Repository/REALRatings/Greensill/login/Page_RealRating/button_Login' is clicked on

2019-06-04 12:57:23 - [TEST_STEP][PASSED] - getAllLinksOnCurrentPage(false, []): Found 16 unique links on the page https://2020-uat.realrating.co.uk/home

2019-06-04 12:57:23 - [MESSAGE][PASSED] - Found 16 unique links on the page https://2020-uat.realrating.co.uk/home

2019-06-04 12:57:23 - [TEST_STEP][PASSED] - verifyAllLinksOnCurrentPageAccessible(false, []): All links on the page 'https://2020-uat.realrating.co.uk/home' are accessible

2019-06-04 12:57:24 - [MESSAGE][PASSED] - Found 16 unique links on the page https://2020-uat.realrating.co.uk/home

2019-06-04 12:57:26 - [MESSAGE][INFO] - HAR: C:\Users\sambhavi\git\didactic-octo-spork\Reports\REALratings\2020Delivery\20190604_125641\requests\main\0.har

2019-06-04 12:57:26 - [MESSAGE][PASSED] - Send request successfully

2019-06-04 12:57:27 - [MESSAGE][INFO] - HAR: C:\Users\sambhavi\git\didactic-octo-spork\Reports\REALratings\2020Delivery\20190604_125641\requests\main\1.har

2019-06-04 12:57:27 - [MESSAGE][PASSED] - Send request successfully

2019-06-04 12:57:28 - [MESSAGE][INFO] - HAR: C:\Users\sambhavi\git\didactic-octo-spork\Reports\REALratings\2020Delivery\20190604_125641\requests\main\2.har

2019-06-04 12:57:28 - [MESSAGE][PASSED] - Send request successfully

2019-06-04 12:57:28 - [MESSAGE][INFO] - HAR: C:\Users\sambhavi\git\didactic-octo-spork\Reports\REALratings\2020Delivery\20190604_125641\requests\main\3.har

2019-06-04 12:57:28 - [MESSAGE][PASSED] - Send request successfully

2019-06-04 12:57:29 - [MESSAGE][INFO] - HAR: C:\Users\sambhavi\git\didactic-octo-spork\Reports\REALratings\2020Delivery\20190604_125641\requests\main\4.har

2019-06-04 12:57:29 - [MESSAGE][PASSED] - Send request successfully

2019-06-04 12:57:30 - [MESSAGE][INFO] - HAR: C:\Users\sambhavi\git\didactic-octo-spork\Reports\REALratings\2020Delivery\20190604_125641\requests\main\5.har

2019-06-04 12:57:30 - [MESSAGE][PASSED] - Send request successfully

2019-06-04 12:57:31 - [MESSAGE][INFO] - HAR: C:\Users\sambhavi\git\didactic-octo-spork\Reports\REALratings\2020Delivery\20190604_125641\requests\main\6.har

2019-06-04 12:57:31 - [MESSAGE][PASSED] - Send request successfully

2019-06-04 12:57:32 - [MESSAGE][INFO] - HAR: C:\Users\sambhavi\git\didactic-octo-spork\Reports\REALratings\2020Delivery\20190604_125641\requests\main\7.har

2019-06-04 12:57:32 - [MESSAGE][PASSED] - Send request successfully

2019-06-04 12:57:32 - [MESSAGE][INFO] - HAR: C:\Users\sambhavi\git\didactic-octo-spork\Reports\REALratings\2020Delivery\20190604_125641\requests\main\8.har

2019-06-04 12:57:32 - [MESSAGE][PASSED] - Send request successfully

2019-06-04 12:57:33 - [MESSAGE][INFO] - HAR: C:\Users\sambhavi\git\didactic-octo-spork\Reports\REALratings\2020Delivery\20190604_125641\requests\main\9.har

2019-06-04 12:57:33 - [MESSAGE][PASSED] - Send request successfully

2019-06-04 12:57:34 - [MESSAGE][INFO] - HAR: C:\Users\sambhavi\git\didactic-octo-spork\Reports\REALratings\2020Delivery\20190604_125641\requests\main\10.har

2019-06-04 12:57:34 - [MESSAGE][PASSED] - Send request successfully

2019-06-04 12:57:35 - [MESSAGE][INFO] - HAR: C:\Users\sambhavi\git\didactic-octo-spork\Reports\REALratings\2020Delivery\20190604_125641\requests\main\11.har

2019-06-04 12:57:35 - [MESSAGE][PASSED] - Send request successfully

2019-06-04 12:57:36 - [MESSAGE][INFO] - HAR: C:\Users\sambhavi\git\didactic-octo-spork\Reports\REALratings\2020Delivery\20190604_125641\requests\main\12.har

2019-06-04 12:57:36 - [MESSAGE][PASSED] - Send request successfully

2019-06-04 12:57:38 - [MESSAGE][INFO] - HAR: C:\Users\sambhavi\git\didactic-octo-spork\Reports\REALratings\2020Delivery\20190604_125641\requests\main\13.har

2019-06-04 12:57:38 - [MESSAGE][PASSED] - Send request successfully

2019-06-04 12:57:38 - [MESSAGE][INFO] - HAR: C:\Users\sambhavi\git\didactic-octo-spork\Reports\REALratings\2020Delivery\20190604_125641\requests\main\14.har

2019-06-04 12:57:38 - [MESSAGE][PASSED] - Send request successfully

2019-06-04 12:57:39 - [MESSAGE][INFO] - HAR: C:\Users\sambhavi\git\didactic-octo-spork\Reports\REALratings\2020Delivery\20190604_125641\requests\main\15.har

2019-06-04 12:57:39 - [MESSAGE][PASSED] - Send request successfully

2019-06-04 12:57:39 - [MESSAGE][PASSED] - All links are accessible

2019-06-04 12:57:39 - [MESSAGE][PASSED] - All links on the page 'https://2020-uat.realrating.co.uk/home' are accessible

2019-06-04 12:57:39 - [TEST_STEP][PASSED] - click(findTestObject("REALRatings/Greensill/login/Page_RealRating/Other Qualifications Tab")): Object: 'Object Repository/REALRatings/Greensill/login/Page_RealRating/Other Qualifications Tab' is clicked on

2019-06-04 12:57:39 - [MESSAGE][PASSED] - Object: 'Object Repository/REALRatings/Greensill/login/Page_RealRating/Other Qualifications Tab' is clicked on

2019-06-04 12:57:39 - [TEST_STEP][PASSED] - getAllLinksOnCurrentPage(false, []): Found 16 unique links on the page https://2020-uat.realrating.co.uk/home

2019-06-04 12:57:39 - [MESSAGE][PASSED] - Found 16 unique links on the page https://2020-uat.realrating.co.uk/home

2019-06-04 12:57:39 - [TEST_STEP][PASSED] - verifyAllLinksOnCurrentPageAccessible(false, []): All links on the page 'https://2020-uat.realrating.co.uk/home' are accessible

2019-06-04 12:57:40 - [MESSAGE][PASSED] - Found 16 unique links on the page https://2020-uat.realrating.co.uk/home

2019-06-04 12:57:41 - [MESSAGE][INFO] - HAR: C:\Users\sambhavi\git\didactic-octo-spork\Reports\REALratings\2020Delivery\20190604_125641\requests\main\16.har

2019-06-04 12:57:41 - [MESSAGE][PASSED] - Send request successfully

2019-06-04 12:57:42 - [MESSAGE][INFO] - HAR: C:\Users\sambhavi\git\didactic-octo-spork\Reports\REALratings\2020Delivery\20190604_125641\requests\main\17.har

2019-06-04 12:57:42 - [MESSAGE][PASSED] - Send request successfully

2019-06-04 12:57:42 - [MESSAGE][INFO] - HAR: C:\Users\sambhavi\git\didactic-octo-spork\Reports\REALratings\2020Delivery\20190604_125641\requests\main\18.har

2019-06-04 12:57:42 - [MESSAGE][PASSED] - Send request successfully

2019-06-04 12:57:43 - [MESSAGE][INFO] - HAR: C:\Users\sambhavi\git\didactic-octo-spork\Reports\REALratings\2020Delivery\20190604_125641\requests\main\19.har

2019-06-04 12:57:43 - [MESSAGE][PASSED] - Send request successfully

2019-06-04 12:57:44 - [MESSAGE][INFO] - HAR: C:\Users\sambhavi\git\didactic-octo-spork\Reports\REALratings\2020Delivery\20190604_125641\requests\main\20.har

2019-06-04 12:57:44 - [MESSAGE][PASSED] - Send request successfully

2019-06-04 12:57:44 - [MESSAGE][INFO] - HAR: C:\Users\sambhavi\git\didactic-octo-spork\Reports\REALratings\2020Delivery\20190604_125641\requests\main\21.har

2019-06-04 12:57:44 - [MESSAGE][PASSED] - Send request successfully

2019-06-04 12:57:45 - [MESSAGE][INFO] - HAR: C:\Users\sambhavi\git\didactic-octo-spork\Reports\REALratings\2020Delivery\20190604_125641\requests\main\22.har

2019-06-04 12:57:45 - [MESSAGE][PASSED] - Send request successfully

2019-06-04 12:57:46 - [MESSAGE][INFO] - HAR: C:\Users\sambhavi\git\didactic-octo-spork\Reports\REALratings\2020Delivery\20190604_125641\requests\main\23.har

2019-06-04 12:57:46 - [MESSAGE][PASSED] - Send request successfully

2019-06-04 12:57:47 - [MESSAGE][INFO] - HAR: C:\Users\sambhavi\git\didactic-octo-spork\Reports\REALratings\2020Delivery\20190604_125641\requests\main\24.har

2019-06-04 12:57:47 - [MESSAGE][PASSED] - Send request successfully

2019-06-04 12:57:47 - [MESSAGE][INFO] - HAR: C:\Users\sambhavi\git\didactic-octo-spork\Reports\REALratings\2020Delivery\20190604_125641\requests\main\25.har

2019-06-04 12:57:47 - [MESSAGE][PASSED] - Send request successfully

2019-06-04 12:57:48 - [MESSAGE][INFO] - HAR: C:\Users\sambhavi\git\didactic-octo-spork\Reports\REALratings\2020Delivery\20190604_125641\requests\main\26.har

2019-06-04 12:57:48 - [MESSAGE][PASSED] - Send request successfully

2019-06-04 12:57:49 - [MESSAGE][INFO] - HAR: C:\Users\sambhavi\git\didactic-octo-spork\Reports\REALratings\2020Delivery\20190604_125641\requests\main\27.har

2019-06-04 12:57:49 - [MESSAGE][PASSED] - Send request successfully

2019-06-04 12:57:50 - [MESSAGE][INFO] - HAR: C:\Users\sambhavi\git\didactic-octo-spork\Reports\REALratings\2020Delivery\20190604_125641\requests\main\28.har

2019-06-04 12:57:50 - [MESSAGE][PASSED] - Send request successfully

2019-06-04 12:57:52 - [MESSAGE][INFO] - HAR: C:\Users\sambhavi\git\didactic-octo-spork\Reports\REALratings\2020Delivery\20190604_125641\requests\main\29.har

2019-06-04 12:57:52 - [MESSAGE][PASSED] - Send request successfully

2019-06-04 12:57:53 - [MESSAGE][INFO] - HAR: C:\Users\sambhavi\git\didactic-octo-spork\Reports\REALratings\2020Delivery\20190604_125641\requests\main\30.har

2019-06-04 12:57:53 - [MESSAGE][PASSED] - Send request successfully

2019-06-04 12:57:53 - [MESSAGE][INFO] - HAR: C:\Users\sambhavi\git\didactic-octo-spork\Reports\REALratings\2020Delivery\20190604_125641\requests\main\31.har

2019-06-04 12:57:53 - [MESSAGE][PASSED] - Send request successfully

2019-06-04 12:57:53 - [MESSAGE][PASSED] - All links are accessible

2019-06-04 12:57:53 - [MESSAGE][PASSED] - All links on the page 'https://2020-uat.realrating.co.uk/home' are accessible

2019-06-04 12:57:53 - [TEST_STEP][PASSED] - click(findTestObject("REALRatings/Greensill/login/Page_RealRating/Profile")): Object: 'Object Repository/REALRatings/Greensill/login/Page_RealRating/Profile' is clicked on

2019-06-04 12:57:53 - [MESSAGE][PASSED] - Object: 'Object Repository/REALRatings/Greensill/login/Page_RealRating/Profile' is clicked on

2019-06-04 12:57:53 - [TEST_STEP][PASSED] - click(findTestObject("REALRatings/Greensill/login/Page_RealRating/Logout")): Object: 'Object Repository/REALRatings/Greensill/login/Page_RealRating/Logout' is clicked on

2019-06-04 12:57:53 - [MESSAGE][PASSED] - Object: 'Object Repository/REALRatings/Greensill/login/Page_RealRating/Logout' is clicked on

2019-06-04 12:57:53 - [TEST_STEP][PASSED] - delay(5): Delayed 5 second(s)

2019-06-04 12:57:58 - [MESSAGE][PASSED] - Delayed 5 second(s)

2019-06-04 12:57:58 - [TEST_STEP][PASSED] - click(findTestObject("REALRatings/Greensill/login/Page_RealRating/button_Logout")): Object: 'Object Repository/REALRatings/Greensill/login/Page_RealRating/button_Logout' is clicked on

2019-06-04 12:57:59 - [MESSAGE][PASSED] - Object: 'Object Repository/REALRatings/Greensill/login/Page_RealRating/button_Logout' is clicked on

2019-06-04 12:57:59 - [TEST_STEP][PASSED] - assert getUrl() == "https://2020-uat.realrating.co.uk/login": Current window's url is: 'https://2020-uat.realrating.co.uk/login'

2019-06-04 12:57:59 - [MESSAGE][PASSED] - Current window's url is: 'https://2020-uat.realrating.co.uk/login']]></system-out>
         <system-err><![CDATA[]]></system-err>
      </testcase>
      <system-out><![CDATA[2019-06-04 12:56:43 - [TEST_SUITE][PASSED] - 2020Delivery: Test Cases/REALratings/2020Delivery/login]]></system-out>
      <system-err><![CDATA[]]></system-err>
   </testsuite>
</testsuites>
