<?xml version="1.0" encoding="UTF-8"?>
<testsuites name="Form1" time="56" tests="1" failures="0" errors="0">
   <testsuite name="Form1" tests="1" failures="0" errors="0" time="56" timestamp="2019-06-14 15:11:29" hostname="sambhavi - sambhavi.jmandigital.in" id="Test Suites/Apply Now/Form1">
      <properties>
         <property name="deviceName" value=""/>
         <property name="devicePlatform" value=""/>
         <property name="logFolder" value="C:\\Users\\sambhavi\\git\\didactic-octo-spork\\Reports\\Apply Now\\Form1\\20190614_151127"/>
         <property name="logFiles" value="C:\\Users\\sambhavi\\git\\didactic-octo-spork\\Reports\\Apply Now\\Form1\\20190614_151127\\execution0.log"/>
         <property name="attachments" value=""/>
         <property name="hostName" value="sambhavi - sambhavi.jmandigital.in"/>
         <property name="os" value="Windows 10 64bit"/>
         <property name="katalonVersion" value="6.0.5.10"/>
         <property name="browser" value="Chrome 74.0.3729.169"/>
         <property name="hostAddress" value="192.168.0.185"/>
         <property name="sessionId" value="8401203fc66f6f3711ab680886f5fd07"/>
         <property name="seleniumVersion" value="3.7.1"/>
         <property name="proxyInformation" value="ProxyInformation{proxyOption=NO_PROXY, proxyServerType=HTTP, password=, proxyServerAddress=, proxyServerPort=0}"/>
         <property name="platform" value="Windows 10"/>
      </properties>
      <testcase name="Test Cases/ApplyNow/form1" classname="Test Cases/ApplyNow/form1" status="PASSED">
         <system-out><![CDATA[2019-06-14 15:11:29 - [TEST_CASE][PASSED] - Test Cases/ApplyNow/form1: Test Cases/ApplyNow/form1

2019-06-14 15:11:30 - [TEST_STEP][PASSED] - comment("Apply Now/Form1 - Details"): Apply Now/Form1 - Details

2019-06-14 15:11:30 - [MESSAGE][INFO] - Apply Now/Form1 - Details

2019-06-14 15:11:30 - [TEST_STEP][PASSED] - openBrowser(""): Browser is opened with url: ''

2019-06-14 15:11:30 - [MESSAGE][INFO] - Starting 'Chrome' driver

2019-06-14 15:11:30 - [MESSAGE][INFO] - Action delay is set to 0 seconds

2019-06-14 15:11:33 - [MESSAGE][PASSED] - Browser is opened with url: ''

2019-06-14 15:11:33 - [TEST_STEP][PASSED] - navigateToUrl("https://uat.upreach.org.uk/"): Navigate to 'https://uat.upreach.org.uk/' successfully

2019-06-14 15:12:17 - [MESSAGE][PASSED] - Navigate to 'https://uat.upreach.org.uk/' successfully

2019-06-14 15:12:17 - [TEST_STEP][PASSED] - maximizeWindow(): Current window maximized

2019-06-14 15:12:18 - [MESSAGE][PASSED] - Current window maximized

2019-06-14 15:12:18 - [TEST_STEP][PASSED] - click(findTestObject("ApplyNow/Page_upReach  Boosting social mobility by supporting students from less-advantaged backgrounds to secure top jobs/a_Apply Now")): Object: 'Object Repository/ApplyNow/Page_upReach  Boosting social mobility by supporting students from less-advantaged backgrounds to secure top jobs/a_Apply Now' is clicked on

2019-06-14 15:12:18 - [MESSAGE][PASSED] - Object: 'Object Repository/ApplyNow/Page_upReach  Boosting social mobility by supporting students from less-advantaged backgrounds to secure top jobs/a_Apply Now' is clicked on

2019-06-14 15:12:18 - [TEST_STEP][PASSED] - switchToWindowIndex(1): Switched to window with index: '1'

2019-06-14 15:12:18 - [MESSAGE][PASSED] - Switched to window with index: '1'

2019-06-14 15:12:18 - [TEST_STEP][PASSED] - delay(2): Delayed 2 second(s)

2019-06-14 15:12:20 - [MESSAGE][PASSED] - Delayed 2 second(s)

2019-06-14 15:12:20 - [TEST_STEP][PASSED] - setText(findTestObject("ApplyNow/Page_Apply Now  upReach/Firstnam"), findTestData("getEmployable/Applicants").getValue(1, 1)): Text 'Asha' is set on object 'Object Repository/ApplyNow/Page_Apply Now  upReach/Firstnam'

2019-06-14 15:12:21 - [MESSAGE][PASSED] - Text 'Asha' is set on object 'Object Repository/ApplyNow/Page_Apply Now  upReach/Firstnam'

2019-06-14 15:12:21 - [TEST_STEP][PASSED] - setText(findTestObject("ApplyNow/Page_Apply Now  upReach/input__last_name"), findTestData("getEmployable/Applicants").getValue(2, 1)): Text 'Rajendran' is set on object 'Object Repository/ApplyNow/Page_Apply Now  upReach/input__last_name'

2019-06-14 15:12:21 - [MESSAGE][PASSED] - Text 'Rajendran' is set on object 'Object Repository/ApplyNow/Page_Apply Now  upReach/input__last_name'

2019-06-14 15:12:21 - [TEST_STEP][PASSED] - rad = new java.util.Random(): null

2019-06-14 15:12:21 - [TEST_STEP][PASSED] - UniversityTotalOption = getNumberOfTotalOption(findTestObject("ApplyNow/Page_Apply Now  upReach/University")): 156 options of object 'Object Repository/ApplyNow/Page_Apply Now  upReach/University' counted

2019-06-14 15:12:21 - [MESSAGE][PASSED] - 156 options of object 'Object Repository/ApplyNow/Page_Apply Now  upReach/University' counted

2019-06-14 15:12:21 - [TEST_STEP][PASSED] - UniversityCount = 1 + rad.nextInt(UniversityTotalOption - 1): null

2019-06-14 15:12:21 - [TEST_STEP][PASSED] - selectOptionByIndex(findTestObject("ApplyNow/Page_Apply Now  upReach/University"), UniversityCount): All options with index in [151] are selected on object 'Object Repository/ApplyNow/Page_Apply Now  upReach/University'

2019-06-14 15:12:23 - [MESSAGE][PASSED] - All options with index in [151] are selected on object 'Object Repository/ApplyNow/Page_Apply Now  upReach/University'

2019-06-14 15:12:23 - [TEST_STEP][PASSED] - if (UniversityCount == 1): null

2019-06-14 15:12:23 - [TEST_STEP][PASSED] - else: All options with index in [4] are selected on object 'Object Repository/ApplyNow/Page_Apply Now  upReach/Current Year'

2019-06-14 15:12:23 - [TEST_STEP][PASSED] - UniversityCourseTotalOption = getNumberOfTotalOption(findTestObject("ApplyNow/Page_Apply Now  upReach/University course")): 96 options of object 'Object Repository/ApplyNow/Page_Apply Now  upReach/University course' counted

2019-06-14 15:12:23 - [MESSAGE][PASSED] - 96 options of object 'Object Repository/ApplyNow/Page_Apply Now  upReach/University course' counted

2019-06-14 15:12:23 - [TEST_STEP][PASSED] - UniveristyCourseCount = 1 + rad.nextInt(UniversityCourseTotalOption - 1): null

2019-06-14 15:12:23 - [TEST_STEP][PASSED] - selectOptionByIndex(findTestObject("ApplyNow/Page_Apply Now  upReach/University course"), UniveristyCourseCount): All options with index in [21] are selected on object 'Object Repository/ApplyNow/Page_Apply Now  upReach/University course'

2019-06-14 15:12:23 - [MESSAGE][PASSED] - All options with index in [21] are selected on object 'Object Repository/ApplyNow/Page_Apply Now  upReach/University course'

2019-06-14 15:12:23 - [TEST_STEP][PASSED] - if (UniveristyCourseCount == 94): null

2019-06-14 15:12:23 - [TEST_STEP][PASSED] - CourseDurationTotalOptions = getNumberOfTotalOption(findTestObject("ApplyNow/Page_Apply Now  upReach/Course length")): 7 options of object 'Object Repository/ApplyNow/Page_Apply Now  upReach/Course length' counted

2019-06-14 15:12:23 - [MESSAGE][PASSED] - 7 options of object 'Object Repository/ApplyNow/Page_Apply Now  upReach/Course length' counted

2019-06-14 15:12:23 - [TEST_STEP][PASSED] - CourseDurationCount = 1 + rad.nextInt(CourseDurationTotalOptions - 1): null

2019-06-14 15:12:23 - [TEST_STEP][PASSED] - selectOptionByIndex(findTestObject("ApplyNow/Page_Apply Now  upReach/Course length"), CourseDurationCount): All options with index in [4] are selected on object 'Object Repository/ApplyNow/Page_Apply Now  upReach/Course length'

2019-06-14 15:12:23 - [MESSAGE][PASSED] - All options with index in [4] are selected on object 'Object Repository/ApplyNow/Page_Apply Now  upReach/Course length'

2019-06-14 15:12:23 - [TEST_STEP][PASSED] - selectOptionByIndex(findTestObject("ApplyNow/Page_Apply Now  upReach/Current Year"), CourseDurationCount): All options with index in [4] are selected on object 'Object Repository/ApplyNow/Page_Apply Now  upReach/Current Year'

2019-06-14 15:12:23 - [MESSAGE][PASSED] - All options with index in [4] are selected on object 'Object Repository/ApplyNow/Page_Apply Now  upReach/Current Year'

2019-06-14 15:12:23 - [TEST_STEP][PASSED] - setText(findTestObject("ApplyNow/Page_Apply Now  upReach/input__phone"), findTestData("getEmployable/Applicants").getValue(5, 1)): Text '08125648521' is set on object 'Object Repository/ApplyNow/Page_Apply Now  upReach/input__phone'

2019-06-14 15:12:24 - [MESSAGE][PASSED] - Text '08125648521' is set on object 'Object Repository/ApplyNow/Page_Apply Now  upReach/input__phone'

2019-06-14 15:12:24 - [TEST_STEP][PASSED] - Email = rad.nextInt(2000): null

2019-06-14 15:12:24 - [TEST_STEP][PASSED] - setText(findTestObject("ApplyNow/Page_Apply Now  upReach/personal email"), "personal" + Email + "@test.com"): Text 'personal1940@test.com' is set on object 'Object Repository/ApplyNow/Page_Apply Now  upReach/personal email'

2019-06-14 15:12:24 - [MESSAGE][PASSED] - Text 'personal1940@test.com' is set on object 'Object Repository/ApplyNow/Page_Apply Now  upReach/personal email'

2019-06-14 15:12:24 - [TEST_STEP][PASSED] - setText(findTestObject("ApplyNow/Page_Apply Now  upReach/input__university_email"), "test" + Email + "@ac.uk"): Text 'test1940@ac.uk' is set on object 'Object Repository/ApplyNow/Page_Apply Now  upReach/input__university_email'

2019-06-14 15:12:24 - [MESSAGE][PASSED] - Text 'test1940@ac.uk' is set on object 'Object Repository/ApplyNow/Page_Apply Now  upReach/input__university_email'

2019-06-14 15:12:24 - [TEST_STEP][PASSED] - click(findTestObject("ApplyNow/Page_Apply Now  upReach/Career Stream")): Object: 'Object Repository/ApplyNow/Page_Apply Now  upReach/Career Stream' is clicked on

2019-06-14 15:12:24 - [MESSAGE][PASSED] - Object: 'Object Repository/ApplyNow/Page_Apply Now  upReach/Career Stream' is clicked on

2019-06-14 15:12:24 - [TEST_STEP][PASSED] - AboutupReach = getNumberOfTotalOption(findTestObject("ApplyNow/Page_Apply Now  upReach/hear about upreach")): 18 options of object 'Object Repository/ApplyNow/Page_Apply Now  upReach/hear about upreach' counted

2019-06-14 15:12:24 - [MESSAGE][PASSED] - 18 options of object 'Object Repository/ApplyNow/Page_Apply Now  upReach/hear about upreach' counted

2019-06-14 15:12:24 - [TEST_STEP][PASSED] - AboutupReachCount = 1 + rad.nextInt(AboutupReach - 1): null

2019-06-14 15:12:24 - [TEST_STEP][PASSED] - selectOptionByIndex(findTestObject("ApplyNow/Page_Apply Now  upReach/hear about upreach"), AboutupReachCount): All options with index in [16] are selected on object 'Object Repository/ApplyNow/Page_Apply Now  upReach/hear about upreach'

2019-06-14 15:12:24 - [MESSAGE][PASSED] - All options with index in [16] are selected on object 'Object Repository/ApplyNow/Page_Apply Now  upReach/hear about upreach'

2019-06-14 15:12:24 - [TEST_STEP][PASSED] - if (AboutupReachCount == 4): null

2019-06-14 15:12:24 - [TEST_STEP][PASSED] - click(findTestObject("ApplyNow/Page_Apply Now  upReach/label_By ticking this box I confirm that I meet all the eligibility criteria (Who we support).")): Object: 'Object Repository/ApplyNow/Page_Apply Now  upReach/label_By ticking this box I confirm that I meet all the eligibility criteria (Who we support).' is clicked on

2019-06-14 15:12:25 - [MESSAGE][PASSED] - Object: 'Object Repository/ApplyNow/Page_Apply Now  upReach/label_By ticking this box I confirm that I meet all the eligibility criteria (Who we support).' is clicked on

2019-06-14 15:12:25 - [TEST_STEP][PASSED] - click(findTestObject("ApplyNow/Page_Apply Now  upReach/Agreement tick")): Object: 'Object Repository/ApplyNow/Page_Apply Now  upReach/Agreement tick' is clicked on

2019-06-14 15:12:25 - [MESSAGE][PASSED] - Object: 'Object Repository/ApplyNow/Page_Apply Now  upReach/Agreement tick' is clicked on

2019-06-14 15:12:25 - [TEST_STEP][PASSED] - click(findTestObject("ApplyNow/Page_Apply Now  upReach/button_Register")): Object: 'Object Repository/ApplyNow/Page_Apply Now  upReach/button_Register' is clicked on

2019-06-14 15:12:25 - [MESSAGE][PASSED] - Object: 'Object Repository/ApplyNow/Page_Apply Now  upReach/button_Register' is clicked on]]></system-out>
         <system-err><![CDATA[]]></system-err>
      </testcase>
      <system-out><![CDATA[2019-06-14 15:11:29 - [TEST_SUITE][PASSED] - Form1: Test Cases/ApplyNow/form1]]></system-out>
      <system-err><![CDATA[]]></system-err>
   </testsuite>
</testsuites>
