<?xml version="1.0" encoding="UTF-8"?>
<testsuites name="brokenLinksImages" time="61" tests="2" failures="0" errors="0">
   <testsuite name="brokenLinksImages" tests="2" failures="0" errors="0" time="61" timestamp="2019-04-03 11:41:52" hostname="ASHA$ - Asha.jmandigital.in" id="Test Suites/REALrating/brokenLinksImages">
      <properties>
         <property name="deviceName" value=""/>
         <property name="devicePlatform" value=""/>
         <property name="logFolder" value="C:\\Users\\Administrator\\git\\didactic-octo-spork\\Reports\\REALrating\\brokenLinksImages\\20190403_110112"/>
         <property name="logFiles" value="C:\\Users\\Administrator\\git\\didactic-octo-spork\\Reports\\REALrating\\brokenLinksImages\\20190403_110112\\execution0.log"/>
         <property name="attachments" value=""/>
         <property name="hostName" value="ASHA$ - Asha.jmandigital.in"/>
         <property name="os" value="Windows 10 32bit"/>
         <property name="katalonVersion" value="5.8.0.1"/>
         <property name="browser" value="Firefox 47.0"/>
         <property name="hostAddress" value="192.168.0.32"/>
         <property name="sessionId" value="4ad26084-9853-4f6b-9673-968470dd4c36"/>
         <property name="seleniumVersion" value="3.7.1"/>
         <property name="proxyInformation" value="ProxyInformation{proxyOption=NO_PROXY, proxyServerType=HTTP, password=, proxyServerAddress=, proxyServerPort=0}"/>
         <property name="platform" value="Windows 10"/>
      </properties>
      <testcase name="Test Cases/REALratings/REALrating/URL" classname="Test Cases/REALratings/REALrating/URL" status="PASSED">
         <system-out><![CDATA[2019-04-03 11:41:52 - [TEST_CASE][PASSED] - Test Cases/REALratings/REALrating/URL: Test Cases/REALratings/REALrating/URL

2019-04-03 11:41:53 - [TEST_STEP][PASSED] - openBrowser: Browser is opened with url: ''

2019-04-03 11:42:25 - [MESSAGE][PASSED] - Browser is opened with url: ''

2019-04-03 11:42:25 - [TEST_STEP][PASSED] - navigateToUrl: Navigate to 'https://uat.realrating.co.uk/' successfully

2019-04-03 11:42:30 - [MESSAGE][PASSED] - Navigate to 'https://uat.realrating.co.uk/' successfully

2019-04-03 11:42:30 - [TEST_STEP][PASSED] - maximizeWindow: Current window maximized

2019-04-03 11:42:30 - [MESSAGE][PASSED] - Current window maximized]]></system-out>
         <system-err><![CDATA[]]></system-err>
      </testcase>
      <testcase name="Test Cases/REALratings/REALrating/allLinksAllAccessible" classname="Test Cases/REALratings/REALrating/allLinksAllAccessible" status="PASSED">
         <system-out><![CDATA[2019-04-03 11:42:30 - [TEST_CASE][PASSED] - Test Cases/REALratings/REALrating/allLinksAllAccessible: Test Cases/REALratings/REALrating/allLinksAllAccessible

2019-04-03 11:42:31 - [TEST_STEP][PASSED] - verifyAllLinksOnCurrentPageAccessible: All links on the page 'https://uat.realrating.co.uk/' are accessible

2019-04-03 11:42:32 - [MESSAGE][PASSED] - Found 25 unique links on the page https://uat.realrating.co.uk/

2019-04-03 11:42:33 - [MESSAGE][PASSED] - Send request successfully

2019-04-03 11:42:34 - [MESSAGE][PASSED] - Send request successfully

2019-04-03 11:42:35 - [MESSAGE][PASSED] - Send request successfully

2019-04-03 11:42:35 - [MESSAGE][PASSED] - Send request successfully

2019-04-03 11:42:37 - [MESSAGE][PASSED] - Send request successfully

2019-04-03 11:42:38 - [MESSAGE][PASSED] - Send request successfully

2019-04-03 11:42:38 - [MESSAGE][PASSED] - Send request successfully

2019-04-03 11:42:39 - [MESSAGE][PASSED] - Send request successfully

2019-04-03 11:42:40 - [MESSAGE][PASSED] - Send request successfully

2019-04-03 11:42:41 - [MESSAGE][PASSED] - Send request successfully

2019-04-03 11:42:41 - [MESSAGE][PASSED] - Send request successfully

2019-04-03 11:42:42 - [MESSAGE][PASSED] - Send request successfully

2019-04-03 11:42:43 - [MESSAGE][PASSED] - Send request successfully

2019-04-03 11:42:44 - [MESSAGE][PASSED] - Send request successfully

2019-04-03 11:42:46 - [MESSAGE][PASSED] - Send request successfully

2019-04-03 11:42:47 - [MESSAGE][PASSED] - Send request successfully

2019-04-03 11:42:48 - [MESSAGE][PASSED] - Send request successfully

2019-04-03 11:42:48 - [MESSAGE][PASSED] - Send request successfully

2019-04-03 11:42:49 - [MESSAGE][PASSED] - Send request successfully

2019-04-03 11:42:50 - [MESSAGE][PASSED] - Send request successfully

2019-04-03 11:42:50 - [MESSAGE][PASSED] - Send request successfully

2019-04-03 11:42:51 - [MESSAGE][PASSED] - Send request successfully

2019-04-03 11:42:52 - [MESSAGE][PASSED] - Send request successfully

2019-04-03 11:42:52 - [MESSAGE][PASSED] - Send request successfully

2019-04-03 11:42:53 - [MESSAGE][PASSED] - Send request successfully

2019-04-03 11:42:53 - [MESSAGE][PASSED] - All links are accessible

2019-04-03 11:42:53 - [MESSAGE][PASSED] - All links on the page 'https://uat.realrating.co.uk/' are accessible]]></system-out>
         <system-err><![CDATA[]]></system-err>
      </testcase>
      <system-out><![CDATA[2019-04-03 11:41:52 - [TEST_SUITE][PASSED] - brokenLinksImages: Test Cases/REALratings/REALrating/allLinksAllAccessible]]></system-out>
      <system-err><![CDATA[]]></system-err>
   </testsuite>
</testsuites>
