<?xml version="1.0" encoding="UTF-8"?>
<testsuites name="2020Delivery" time="115" tests="2" failures="0" errors="0">
   <testsuite name="2020Delivery" tests="2" failures="0" errors="0" time="115" timestamp="2019-07-30 09:10:37" hostname="sambhavi - sambhavi.jmandigital.in" id="Test Suites/REALratings/2020Delivery">
      <properties>
         <property name="deviceName" value=""/>
         <property name="devicePlatform" value=""/>
         <property name="logFolder" value="C:\\Users\\sambhavi\\git\\didactic-octo-spork\\Reports\\REALratings\\2020Delivery\\20190730_091035"/>
         <property name="logFiles" value="C:\\Users\\sambhavi\\git\\didactic-octo-spork\\Reports\\REALratings\\2020Delivery\\20190730_091035\\execution0.log"/>
         <property name="attachments" value="C:\\Users\\sambhavi\\git\\didactic-octo-spork\\Reports\\REALratings\\2020Delivery\\20190730_091035\\1564458070291.png"/>
         <property name="hostName" value="sambhavi - sambhavi.jmandigital.in"/>
         <property name="os" value="Windows 10 64bit"/>
         <property name="katalonVersion" value="6.0.5.10"/>
         <property name="browser" value="Chrome 75.0.3770.142"/>
         <property name="hostAddress" value="192.168.0.185"/>
         <property name="sessionId" value="dd1cffa28a9251295a7299e22efa1987"/>
         <property name="seleniumVersion" value="3.7.1"/>
         <property name="proxyInformation" value="ProxyInformation{proxyOption=NO_PROXY, proxyServerType=HTTP, password=, proxyServerAddress=, proxyServerPort=0}"/>
         <property name="platform" value="Windows 10"/>
      </properties>
      <testcase name="Test Cases/REALratings/2020Delivery/formSubmission" classname="Test Cases/REALratings/2020Delivery/formSubmission" status="PASSED">
         <system-out><![CDATA[2019-07-30 09:10:37 - [TEST_CASE][PASSED] - Test Cases/REALratings/2020Delivery/formSubmission: Test Cases/REALratings/2020Delivery/formSubmission

2019-07-30 09:10:38 - [TEST_STEP][PASSED] - comment("2020Delivery - Form Submission"): 2020Delivery - Form Submission

2019-07-30 09:10:38 - [MESSAGE][INFO] - 2020Delivery - Form Submission

2019-07-30 09:10:38 - [TEST_STEP][PASSED] - openBrowser(""): Browser is opened with url: ''

2019-07-30 09:10:38 - [MESSAGE][INFO] - Starting 'Chrome' driver

2019-07-30 09:10:38 - [MESSAGE][INFO] - Action delay is set to 0 seconds

2019-07-30 09:10:41 - [MESSAGE][PASSED] - Browser is opened with url: ''

2019-07-30 09:10:41 - [TEST_STEP][PASSED] - navigateToUrl("https://2020-uat.realrating.co.uk/"): Navigate to 'https://2020-uat.realrating.co.uk/' successfully

2019-07-30 09:10:45 - [MESSAGE][PASSED] - Navigate to 'https://2020-uat.realrating.co.uk/' successfully

2019-07-30 09:10:45 - [TEST_STEP][PASSED] - maximizeWindow(): Current window maximized

2019-07-30 09:10:46 - [MESSAGE][PASSED] - Current window maximized

2019-07-30 09:10:46 - [TEST_STEP][PASSED] - delay(1): Delayed 1 second(s)

2019-07-30 09:10:47 - [MESSAGE][PASSED] - Delayed 1 second(s)

2019-07-30 09:10:47 - [TEST_STEP][PASSED] - rad = new java.util.Random(): null

2019-07-30 09:10:48 - [TEST_STEP][PASSED] - comment("Basic Information"): Basic Information

2019-07-30 09:10:48 - [MESSAGE][INFO] - Basic Information

2019-07-30 09:10:48 - [TEST_STEP][PASSED] - setText(findTestObject("REALRatings/2020Delivery/Page_REALrating/input_First Name_first_name"), findTestData("getEmployable/Applicants").getValue(1, 1)): Text 'Asha' is set on object 'Object Repository/REALRatings/2020Delivery/Page_REALrating/input_First Name_first_name'

2019-07-30 09:10:48 - [MESSAGE][PASSED] - Text 'Asha' is set on object 'Object Repository/REALRatings/2020Delivery/Page_REALrating/input_First Name_first_name'

2019-07-30 09:10:48 - [TEST_STEP][PASSED] - setText(findTestObject("REALRatings/2020Delivery/Page_REALrating/input_Last Name_last_name"), findTestData("getEmployable/Applicants").getValue(2, 1)): Text 'Rajendran' is set on object 'Object Repository/REALRatings/2020Delivery/Page_REALrating/input_Last Name_last_name'

2019-07-30 09:10:48 - [MESSAGE][PASSED] - Text 'Rajendran' is set on object 'Object Repository/REALRatings/2020Delivery/Page_REALrating/input_Last Name_last_name'

2019-07-30 09:10:48 - [TEST_STEP][PASSED] - Email = rad.nextInt(2000): null

2019-07-30 09:10:48 - [TEST_STEP][PASSED] - setText(findTestObject("REALRatings/2020Delivery/Page_REALrating/input_Email address used in your application_email"), "2020" + Email + "@test.com"): Text '20201133@test.com' is set on object 'Object Repository/REALRatings/2020Delivery/Page_REALrating/input_Email address used in your application_email'

2019-07-30 09:10:48 - [MESSAGE][PASSED] - Text '20201133@test.com' is set on object 'Object Repository/REALRatings/2020Delivery/Page_REALrating/input_Email address used in your application_email'

2019-07-30 09:10:48 - [TEST_STEP][PASSED] - click(findTestObject("REALRatings/Greensill/Page_REALrating/First Next"), STOP_ON_FAILURE): Object: 'Object Repository/REALRatings/Greensill/Page_REALrating/First Next' is clicked on

2019-07-30 09:10:48 - [MESSAGE][PASSED] - Object: 'Object Repository/REALRatings/Greensill/Page_REALrating/First Next' is clicked on

2019-07-30 09:10:48 - [TEST_STEP][PASSED] - delay(2): Delayed 2 second(s)

2019-07-30 09:10:50 - [MESSAGE][PASSED] - Delayed 2 second(s)

2019-07-30 09:10:50 - [TEST_STEP][PASSED] - comment("University Information"): University Information

2019-07-30 09:10:50 - [MESSAGE][INFO] - University Information

2019-07-30 09:10:50 - [TEST_STEP][PASSED] - UniversityTotalOption = getNumberOfTotalOption(findTestObject("REALRatings/Greensill/Page_REALrating/University")): 154 options of object 'Object Repository/REALRatings/Greensill/Page_REALrating/University' counted

2019-07-30 09:10:50 - [MESSAGE][PASSED] - 154 options of object 'Object Repository/REALRatings/Greensill/Page_REALrating/University' counted

2019-07-30 09:10:50 - [TEST_STEP][PASSED] - UniversityCount = 1 + rad.nextInt(UniversityTotalOption - 1): null

2019-07-30 09:10:50 - [TEST_STEP][PASSED] - selectOptionByIndex(findTestObject("REALRatings/Greensill/Page_REALrating/University"), UniversityCount): All options with index in [11] are selected on object 'Object Repository/REALRatings/Greensill/Page_REALrating/University'

2019-07-30 09:10:51 - [MESSAGE][PASSED] - All options with index in [11] are selected on object 'Object Repository/REALRatings/Greensill/Page_REALrating/University'

2019-07-30 09:10:51 - [TEST_STEP][PASSED] - if (UniversityCount == 98): null

2019-07-30 09:10:51 - [TEST_STEP][PASSED] - UniversityCourseTotalOption = getNumberOfTotalOption(findTestObject("REALRatings/Greensill/Page_REALrating/University Course")): 96 options of object 'Object Repository/REALRatings/Greensill/Page_REALrating/University Course' counted

2019-07-30 09:10:51 - [MESSAGE][PASSED] - 96 options of object 'Object Repository/REALRatings/Greensill/Page_REALrating/University Course' counted

2019-07-30 09:10:51 - [TEST_STEP][PASSED] - UniveristyCourseCount = 1 + rad.nextInt(UniversityCourseTotalOption - 1): null

2019-07-30 09:10:51 - [TEST_STEP][PASSED] - selectOptionByIndex(findTestObject("REALRatings/Greensill/Page_REALrating/University Course"), UniveristyCourseCount): All options with index in [16] are selected on object 'Object Repository/REALRatings/Greensill/Page_REALrating/University Course'

2019-07-30 09:10:51 - [MESSAGE][PASSED] - All options with index in [16] are selected on object 'Object Repository/REALRatings/Greensill/Page_REALrating/University Course'

2019-07-30 09:10:51 - [TEST_STEP][PASSED] - if (UniveristyCourseCount == 95): null

2019-07-30 09:10:51 - [TEST_STEP][PASSED] - LengthOfUniversitycourseTotalOptions = getNumberOfTotalOption(findTestObject("REALRatings/Greensill/Page_REALrating/Length Of University Course")): 9 options of object 'Object Repository/REALRatings/Greensill/Page_REALrating/Length Of University Course' counted

2019-07-30 09:10:51 - [MESSAGE][PASSED] - 9 options of object 'Object Repository/REALRatings/Greensill/Page_REALrating/Length Of University Course' counted

2019-07-30 09:10:51 - [TEST_STEP][PASSED] - LengthOfUniversitycount = 1 + rad.nextInt(LengthOfUniversitycourseTotalOptions - 1): null

2019-07-30 09:10:51 - [TEST_STEP][PASSED] - selectOptionByIndex(findTestObject("REALRatings/Greensill/Page_REALrating/Length Of University Course"), LengthOfUniversitycount): All options with index in [5] are selected on object 'Object Repository/REALRatings/Greensill/Page_REALrating/Length Of University Course'

2019-07-30 09:10:51 - [MESSAGE][PASSED] - All options with index in [5] are selected on object 'Object Repository/REALRatings/Greensill/Page_REALrating/Length Of University Course'

2019-07-30 09:10:51 - [TEST_STEP][PASSED] - selectOptionByIndex(findTestObject("REALRatings/Greensill/Page_REALrating/Current Year Of Study"), LengthOfUniversitycount): All options with index in [5] are selected on object 'Object Repository/REALRatings/Greensill/Page_REALrating/Current Year Of Study'

2019-07-30 09:10:51 - [MESSAGE][PASSED] - All options with index in [5] are selected on object 'Object Repository/REALRatings/Greensill/Page_REALrating/Current Year Of Study'

2019-07-30 09:10:51 - [TEST_STEP][PASSED] - delay(5): Delayed 5 second(s)

2019-07-30 09:10:56 - [MESSAGE][PASSED] - Delayed 5 second(s)

2019-07-30 09:10:56 - [TEST_STEP][PASSED] - click(findTestObject("REALRatings/2020Delivery/Page_REALrating/Second Next")): Object: 'Object Repository/REALRatings/2020Delivery/Page_REALrating/Second Next' is clicked on

2019-07-30 09:10:57 - [MESSAGE][PASSED] - Object: 'Object Repository/REALRatings/2020Delivery/Page_REALrating/Second Next' is clicked on

2019-07-30 09:10:57 - [TEST_STEP][PASSED] - delay(2): Delayed 2 second(s)

2019-07-30 09:10:59 - [MESSAGE][PASSED] - Delayed 2 second(s)

2019-07-30 09:10:59 - [TEST_STEP][PASSED] - comment("Main Qualification  Information"): Main Qualification  Information

2019-07-30 09:10:59 - [MESSAGE][INFO] - Main Qualification  Information

2019-07-30 09:10:59 - [TEST_STEP][PASSED] - ALevelYearTotalOptions = getNumberOfTotalOption(findTestObject("REALRatings/Greensill/Page_REALrating/A Level Year")): 71 options of object 'Object Repository/REALRatings/Greensill/Page_REALrating/A Level Year' counted

2019-07-30 09:10:59 - [MESSAGE][PASSED] - 71 options of object 'Object Repository/REALRatings/Greensill/Page_REALrating/A Level Year' counted

2019-07-30 09:10:59 - [TEST_STEP][PASSED] - ALevelYearcount = 1 + rad.nextInt(ALevelYearTotalOptions - 1): null

2019-07-30 09:10:59 - [TEST_STEP][PASSED] - selectOptionByIndex(findTestObject("REALRatings/Greensill/Page_REALrating/A Level Year"), ALevelYearcount): All options with index in [29] are selected on object 'Object Repository/REALRatings/Greensill/Page_REALrating/A Level Year'

2019-07-30 09:10:59 - [MESSAGE][PASSED] - All options with index in [29] are selected on object 'Object Repository/REALRatings/Greensill/Page_REALrating/A Level Year'

2019-07-30 09:10:59 - [TEST_STEP][PASSED] - GCSEYearTotalOptions = getNumberOfTotalOption(findTestObject("REALRatings/Greensill/Page_REALrating/GCSE Year")): 71 options of object 'Object Repository/REALRatings/Greensill/Page_REALrating/GCSE Year' counted

2019-07-30 09:10:59 - [MESSAGE][PASSED] - 71 options of object 'Object Repository/REALRatings/Greensill/Page_REALrating/GCSE Year' counted

2019-07-30 09:10:59 - [TEST_STEP][PASSED] - GCSEYearCount = 1 + rad.nextInt(GCSEYearTotalOptions - 1): null

2019-07-30 09:10:59 - [TEST_STEP][PASSED] - selectOptionByIndex(findTestObject("REALRatings/Greensill/Page_REALrating/GCSE Year"), GCSEYearCount): All options with index in [55] are selected on object 'Object Repository/REALRatings/Greensill/Page_REALrating/GCSE Year'

2019-07-30 09:11:00 - [MESSAGE][PASSED] - All options with index in [55] are selected on object 'Object Repository/REALRatings/Greensill/Page_REALrating/GCSE Year'

2019-07-30 09:11:00 - [TEST_STEP][PASSED] - MainQualificationTotaloptions = getNumberOfTotalOption(findTestObject("REALRatings/Greensill/Page_REALrating/Main Qualification")): 6 options of object 'Object Repository/REALRatings/Greensill/Page_REALrating/Main Qualification' counted

2019-07-30 09:11:00 - [MESSAGE][PASSED] - 6 options of object 'Object Repository/REALRatings/Greensill/Page_REALrating/Main Qualification' counted

2019-07-30 09:11:00 - [TEST_STEP][PASSED] - MainQualificationCount = 1 + rad.nextInt(MainQualificationTotaloptions - 1): null

2019-07-30 09:11:00 - [TEST_STEP][PASSED] - selectOptionByIndex(findTestObject("REALRatings/Greensill/Page_REALrating/Main Qualification"), MainQualificationCount): All options with index in [3] are selected on object 'Object Repository/REALRatings/Greensill/Page_REALrating/Main Qualification'

2019-07-30 09:11:00 - [MESSAGE][PASSED] - All options with index in [3] are selected on object 'Object Repository/REALRatings/Greensill/Page_REALrating/Main Qualification'

2019-07-30 09:11:00 - [TEST_STEP][PASSED] - if (MainQualificationCount == 1): null

2019-07-30 09:11:00 - [TEST_STEP][PASSED] - else if (MainQualificationCount == 2): null

2019-07-30 09:11:00 - [TEST_STEP][PASSED] - else if (MainQualificationCount == 3): All options with index in [19] are selected on object 'Object Repository/REALRatings/Greensill/Page_REALrating/IB YearThree'

2019-07-30 09:11:00 - [TEST_STEP][PASSED] - IBP1TotalOptions = getNumberOfTotalOption(findTestObject("REALRatings/Greensill/Page_REALrating/IB Points one")): 8 options of object 'Object Repository/REALRatings/Greensill/Page_REALrating/IB Points one' counted

2019-07-30 09:11:00 - [MESSAGE][PASSED] - 8 options of object 'Object Repository/REALRatings/Greensill/Page_REALrating/IB Points one' counted

2019-07-30 09:11:00 - [TEST_STEP][PASSED] - IBP1count = 1 + rad.nextInt(IBP1TotalOptions - 1): null

2019-07-30 09:11:00 - [TEST_STEP][PASSED] - selectOptionByIndex(findTestObject("REALRatings/Greensill/Page_REALrating/IB Points one"), IBP1count): All options with index in [3] are selected on object 'Object Repository/REALRatings/Greensill/Page_REALrating/IB Points one'

2019-07-30 09:11:00 - [MESSAGE][PASSED] - All options with index in [3] are selected on object 'Object Repository/REALRatings/Greensill/Page_REALrating/IB Points one'

2019-07-30 09:11:00 - [TEST_STEP][PASSED] - IBY1TotalPoints = getNumberOfTotalOption(findTestObject("REALRatings/Greensill/Page_REALrating/IB Year One")): 71 options of object 'Object Repository/REALRatings/Greensill/Page_REALrating/IB Year One' counted

2019-07-30 09:11:00 - [MESSAGE][PASSED] - 71 options of object 'Object Repository/REALRatings/Greensill/Page_REALrating/IB Year One' counted

2019-07-30 09:11:00 - [TEST_STEP][PASSED] - IBY1count = 1 + rad.nextInt(IBY1TotalPoints - 1): null

2019-07-30 09:11:00 - [TEST_STEP][PASSED] - selectOptionByIndex(findTestObject("REALRatings/Greensill/Page_REALrating/IB Year One"), IBY1count): All options with index in [26] are selected on object 'Object Repository/REALRatings/Greensill/Page_REALrating/IB Year One'

2019-07-30 09:11:00 - [MESSAGE][PASSED] - All options with index in [26] are selected on object 'Object Repository/REALRatings/Greensill/Page_REALrating/IB Year One'

2019-07-30 09:11:00 - [TEST_STEP][PASSED] - IBP2TotalOptions = getNumberOfTotalOption(findTestObject("REALRatings/Greensill/Page_REALrating/IB Points Two")): 8 options of object 'Object Repository/REALRatings/Greensill/Page_REALrating/IB Points Two' counted

2019-07-30 09:11:00 - [MESSAGE][PASSED] - 8 options of object 'Object Repository/REALRatings/Greensill/Page_REALrating/IB Points Two' counted

2019-07-30 09:11:00 - [TEST_STEP][PASSED] - IBP2count = 1 + rad.nextInt(IBP2TotalOptions - 1): null

2019-07-30 09:11:00 - [TEST_STEP][PASSED] - selectOptionByIndex(findTestObject("REALRatings/Greensill/Page_REALrating/IB Points Two"), IBP2count): All options with index in [3] are selected on object 'Object Repository/REALRatings/Greensill/Page_REALrating/IB Points Two'

2019-07-30 09:11:00 - [MESSAGE][PASSED] - All options with index in [3] are selected on object 'Object Repository/REALRatings/Greensill/Page_REALrating/IB Points Two'

2019-07-30 09:11:00 - [TEST_STEP][PASSED] - delay(2): Delayed 2 second(s)

2019-07-30 09:11:02 - [MESSAGE][PASSED] - Delayed 2 second(s)

2019-07-30 09:11:02 - [TEST_STEP][PASSED] - IBY2TotalOptions = getNumberOfTotalOption(findTestObject("REALRatings/Greensill/Page_REALrating/IB YearTwo")): 71 options of object 'Object Repository/REALRatings/Greensill/Page_REALrating/IB YearTwo' counted

2019-07-30 09:11:03 - [MESSAGE][PASSED] - 71 options of object 'Object Repository/REALRatings/Greensill/Page_REALrating/IB YearTwo' counted

2019-07-30 09:11:03 - [TEST_STEP][PASSED] - IBY2count = 1 + rad.nextInt(IBY2TotalOptions - 1): null

2019-07-30 09:11:03 - [TEST_STEP][PASSED] - selectOptionByIndex(findTestObject("REALRatings/Greensill/Page_REALrating/IB YearTwo"), IBY2count): All options with index in [58] are selected on object 'Object Repository/REALRatings/Greensill/Page_REALrating/IB YearTwo'

2019-07-30 09:11:03 - [MESSAGE][PASSED] - All options with index in [58] are selected on object 'Object Repository/REALRatings/Greensill/Page_REALrating/IB YearTwo'

2019-07-30 09:11:03 - [TEST_STEP][PASSED] - IBP3TotalOptions = getNumberOfTotalOption(findTestObject("REALRatings/Greensill/Page_REALrating/IB Points Three")): 8 options of object 'Object Repository/REALRatings/Greensill/Page_REALrating/IB Points Three' counted

2019-07-30 09:11:03 - [MESSAGE][PASSED] - 8 options of object 'Object Repository/REALRatings/Greensill/Page_REALrating/IB Points Three' counted

2019-07-30 09:11:03 - [TEST_STEP][PASSED] - IBP3count = 1 + rad.nextInt(IBP3TotalOptions - 1): null

2019-07-30 09:11:03 - [TEST_STEP][PASSED] - selectOptionByIndex(findTestObject("REALRatings/Greensill/Page_REALrating/IB Points Three"), IBP3count): All options with index in [4] are selected on object 'Object Repository/REALRatings/Greensill/Page_REALrating/IB Points Three'

2019-07-30 09:11:03 - [MESSAGE][PASSED] - All options with index in [4] are selected on object 'Object Repository/REALRatings/Greensill/Page_REALrating/IB Points Three'

2019-07-30 09:11:03 - [TEST_STEP][PASSED] - IBY3TotalOptions = getNumberOfTotalOption(findTestObject("REALRatings/Greensill/Page_REALrating/IB YearThree")): 71 options of object 'Object Repository/REALRatings/Greensill/Page_REALrating/IB YearThree' counted

2019-07-30 09:11:03 - [MESSAGE][PASSED] - 71 options of object 'Object Repository/REALRatings/Greensill/Page_REALrating/IB YearThree' counted

2019-07-30 09:11:03 - [TEST_STEP][PASSED] - IBY3count = 1 + rad.nextInt(IBY3TotalOptions - 1): null

2019-07-30 09:11:03 - [TEST_STEP][PASSED] - selectOptionByIndex(findTestObject("REALRatings/Greensill/Page_REALrating/IB YearThree"), IBY3count): All options with index in [19] are selected on object 'Object Repository/REALRatings/Greensill/Page_REALrating/IB YearThree'

2019-07-30 09:11:04 - [MESSAGE][PASSED] - All options with index in [19] are selected on object 'Object Repository/REALRatings/Greensill/Page_REALrating/IB YearThree'

2019-07-30 09:11:04 - [TEST_STEP][PASSED] - setText(findTestObject("REALRatings/Greensill/Page_REALrating/A Level School"), findTestData("getEmployable/Applicants").getValue(6, 1)): Text 'Kings Richard School' is set on object 'Object Repository/REALRatings/Greensill/Page_REALrating/A Level School'

2019-07-30 09:11:04 - [MESSAGE][PASSED] - Text 'Kings Richard School' is set on object 'Object Repository/REALRatings/Greensill/Page_REALrating/A Level School'

2019-07-30 09:11:04 - [TEST_STEP][PASSED] - setText(findTestObject("REALRatings/Greensill/Page_REALrating/GCSE School"), findTestData("getEmployable/Applicants").getValue(7, 1)): Text 'Kings Richard School' is set on object 'Object Repository/REALRatings/Greensill/Page_REALrating/GCSE School'

2019-07-30 09:11:04 - [MESSAGE][PASSED] - Text 'Kings Richard School' is set on object 'Object Repository/REALRatings/Greensill/Page_REALrating/GCSE School'

2019-07-30 09:11:04 - [TEST_STEP][PASSED] - setText(findTestObject("REALRatings/Greensill/Page_REALrating/A Level Postalcode"), findTestData("getEmployable/Applicants").getValue(8, 1)): Text 'NW64DN' is set on object 'Object Repository/REALRatings/Greensill/Page_REALrating/A Level Postalcode'

2019-07-30 09:11:04 - [MESSAGE][PASSED] - Text 'NW64DN' is set on object 'Object Repository/REALRatings/Greensill/Page_REALrating/A Level Postalcode'

2019-07-30 09:11:04 - [TEST_STEP][PASSED] - setText(findTestObject("REALRatings/Greensill/Page_REALrating/GCSE Postalcode"), findTestData("getEmployable/Applicants").getValue(9, 1)): Text 'AL60AA' is set on object 'Object Repository/REALRatings/Greensill/Page_REALrating/GCSE Postalcode'

2019-07-30 09:11:04 - [MESSAGE][PASSED] - Text 'AL60AA' is set on object 'Object Repository/REALRatings/Greensill/Page_REALrating/GCSE Postalcode'

2019-07-30 09:11:04 - [TEST_STEP][PASSED] - click(findTestObject("REALRatings/Greensill/Page_REALrating/Gender")): Object: 'Object Repository/REALRatings/Greensill/Page_REALrating/Gender' is clicked on

2019-07-30 09:11:04 - [MESSAGE][PASSED] - Object: 'Object Repository/REALRatings/Greensill/Page_REALrating/Gender' is clicked on

2019-07-30 09:11:04 - [TEST_STEP][PASSED] - click(findTestObject("REALRatings/Greensill/Page_REALrating/TickAnyStatement")): Object: 'Object Repository/REALRatings/Greensill/Page_REALrating/TickAnyStatement' is clicked on

2019-07-30 09:11:05 - [MESSAGE][PASSED] - Object: 'Object Repository/REALRatings/Greensill/Page_REALrating/TickAnyStatement' is clicked on

2019-07-30 09:11:05 - [TEST_STEP][PASSED] - click(findTestObject("REALRatings/Greensill/Page_REALrating/input_By ticking this box I confirm that I agree to the_confirmAgreement")): Object: 'Object Repository/REALRatings/Greensill/Page_REALrating/input_By ticking this box I confirm that I agree to the_confirmAgreement' is clicked on

2019-07-30 09:11:05 - [MESSAGE][PASSED] - Object: 'Object Repository/REALRatings/Greensill/Page_REALrating/input_By ticking this box I confirm that I agree to the_confirmAgreement' is clicked on

2019-07-30 09:11:05 - [TEST_STEP][PASSED] - click(findTestObject("REALRatings/Greensill/Page_REALrating/a_Submit")): Object: 'Object Repository/REALRatings/Greensill/Page_REALrating/a_Submit' is clicked on

2019-07-30 09:11:05 - [MESSAGE][PASSED] - Object: 'Object Repository/REALRatings/Greensill/Page_REALrating/a_Submit' is clicked on

2019-07-30 09:11:05 - [TEST_STEP][PASSED] - delay(5): Delayed 5 second(s)

2019-07-30 09:11:10 - [MESSAGE][PASSED] - Delayed 5 second(s)

2019-07-30 09:11:10 - [TEST_STEP][PASSED] - assert getUrl() == "https://2020-uat.realrating.co.uk/thankyou": Current window's url is: 'https://2020-uat.realrating.co.uk/thankyou'

2019-07-30 09:11:10 - [MESSAGE][PASSED] - Current window's url is: 'https://2020-uat.realrating.co.uk/thankyou'

2019-07-30 09:11:10 - [TEST_STEP][PASSED] - takeScreenshot(): Taking screenshot successfully

2019-07-30 09:11:10 - [MESSAGE][PASSED] - Taking screenshot successfully
[[ATTACHMENT|C:\\Users\\sambhavi\\git\\didactic-octo-spork\\Reports\\REALratings\\2020Delivery\\20190730_091035\\1564458070291.png]]]]></system-out>
         <system-err><![CDATA[]]></system-err>
      </testcase>
      <testcase name="Test Cases/REALratings/2020Delivery/login" classname="Test Cases/REALratings/2020Delivery/login" status="PASSED">
         <system-out><![CDATA[2019-07-30 09:11:10 - [TEST_CASE][PASSED] - Test Cases/REALratings/2020Delivery/login: Test Cases/REALratings/2020Delivery/login

2019-07-30 09:11:10 - [TEST_STEP][PASSED] - comment("2020Delivery - Login"): 2020Delivery - Login

2019-07-30 09:11:10 - [MESSAGE][INFO] - 2020Delivery - Login

2019-07-30 09:11:10 - [TEST_STEP][PASSED] - openBrowser(""): Browser is opened with url: ''

2019-07-30 09:11:10 - [MESSAGE][WARNING] - A browser is already opened. Closing browser and opening a new one

2019-07-30 09:11:11 - [MESSAGE][INFO] - Starting 'Chrome' driver

2019-07-30 09:11:14 - [MESSAGE][PASSED] - Browser is opened with url: ''

2019-07-30 09:11:14 - [TEST_STEP][PASSED] - navigateToUrl("https://2020-uat.realrating.co.uk/login"): Navigate to 'https://2020-uat.realrating.co.uk/login' successfully

2019-07-30 09:11:19 - [MESSAGE][PASSED] - Navigate to 'https://2020-uat.realrating.co.uk/login' successfully

2019-07-30 09:11:19 - [TEST_STEP][PASSED] - maximizeWindow(): Current window maximized

2019-07-30 09:11:20 - [MESSAGE][PASSED] - Current window maximized

2019-07-30 09:11:20 - [TEST_STEP][PASSED] - setText(findTestObject("REALRatings/Greensill/login/Page_RealRating/input_E-Mail Address_email"), "john@upreach.org.uk"): Text 'john@upreach.org.uk' is set on object 'Object Repository/REALRatings/Greensill/login/Page_RealRating/input_E-Mail Address_email'

2019-07-30 09:11:20 - [MESSAGE][PASSED] - Text 'john@upreach.org.uk' is set on object 'Object Repository/REALRatings/Greensill/login/Page_RealRating/input_E-Mail Address_email'

2019-07-30 09:11:20 - [TEST_STEP][PASSED] - setEncryptedText(findTestObject("REALRatings/Greensill/login/Page_RealRating/input_Password_password"), "YPztdU12xyABLAH+eFFt4w=="): Text ****** has been set on object 'Object Repository/REALRatings/Greensill/login/Page_RealRating/input_Password_password'

2019-07-30 09:11:20 - [MESSAGE][PASSED] - Text ****** has been set on object 'Object Repository/REALRatings/Greensill/login/Page_RealRating/input_Password_password'

2019-07-30 09:11:20 - [TEST_STEP][PASSED] - click(findTestObject("REALRatings/Greensill/login/Page_RealRating/button_Login")): Object: 'Object Repository/REALRatings/Greensill/login/Page_RealRating/button_Login' is clicked on

2019-07-30 09:11:22 - [MESSAGE][PASSED] - Object: 'Object Repository/REALRatings/Greensill/login/Page_RealRating/button_Login' is clicked on

2019-07-30 09:11:22 - [TEST_STEP][PASSED] - getAllLinksOnCurrentPage(false, []): Found 16 unique links on the page https://2020-uat.realrating.co.uk/home

2019-07-30 09:11:23 - [MESSAGE][PASSED] - Found 16 unique links on the page https://2020-uat.realrating.co.uk/home

2019-07-30 09:11:23 - [TEST_STEP][PASSED] - verifyAllLinksOnCurrentPageAccessible(false, []): All links on the page 'https://2020-uat.realrating.co.uk/home' are accessible

2019-07-30 09:11:23 - [MESSAGE][PASSED] - Found 16 unique links on the page https://2020-uat.realrating.co.uk/home

2019-07-30 09:11:27 - [MESSAGE][INFO] - HAR: C:\Users\sambhavi\git\didactic-octo-spork\Reports\REALratings\2020Delivery\20190730_091035\requests\main\0.har

2019-07-30 09:11:27 - [MESSAGE][PASSED] - Send request successfully

2019-07-30 09:11:28 - [MESSAGE][INFO] - HAR: C:\Users\sambhavi\git\didactic-octo-spork\Reports\REALratings\2020Delivery\20190730_091035\requests\main\1.har

2019-07-30 09:11:28 - [MESSAGE][PASSED] - Send request successfully

2019-07-30 09:11:29 - [MESSAGE][INFO] - HAR: C:\Users\sambhavi\git\didactic-octo-spork\Reports\REALratings\2020Delivery\20190730_091035\requests\main\2.har

2019-07-30 09:11:29 - [MESSAGE][PASSED] - Send request successfully

2019-07-30 09:11:29 - [MESSAGE][INFO] - HAR: C:\Users\sambhavi\git\didactic-octo-spork\Reports\REALratings\2020Delivery\20190730_091035\requests\main\3.har

2019-07-30 09:11:29 - [MESSAGE][PASSED] - Send request successfully

2019-07-30 09:11:30 - [MESSAGE][INFO] - HAR: C:\Users\sambhavi\git\didactic-octo-spork\Reports\REALratings\2020Delivery\20190730_091035\requests\main\4.har

2019-07-30 09:11:30 - [MESSAGE][PASSED] - Send request successfully

2019-07-30 09:11:31 - [MESSAGE][INFO] - HAR: C:\Users\sambhavi\git\didactic-octo-spork\Reports\REALratings\2020Delivery\20190730_091035\requests\main\5.har

2019-07-30 09:11:31 - [MESSAGE][PASSED] - Send request successfully

2019-07-30 09:11:32 - [MESSAGE][INFO] - HAR: C:\Users\sambhavi\git\didactic-octo-spork\Reports\REALratings\2020Delivery\20190730_091035\requests\main\6.har

2019-07-30 09:11:32 - [MESSAGE][PASSED] - Send request successfully

2019-07-30 09:11:33 - [MESSAGE][INFO] - HAR: C:\Users\sambhavi\git\didactic-octo-spork\Reports\REALratings\2020Delivery\20190730_091035\requests\main\7.har

2019-07-30 09:11:33 - [MESSAGE][PASSED] - Send request successfully

2019-07-30 09:11:33 - [MESSAGE][INFO] - HAR: C:\Users\sambhavi\git\didactic-octo-spork\Reports\REALratings\2020Delivery\20190730_091035\requests\main\8.har

2019-07-30 09:11:34 - [MESSAGE][PASSED] - Send request successfully

2019-07-30 09:11:35 - [MESSAGE][INFO] - HAR: C:\Users\sambhavi\git\didactic-octo-spork\Reports\REALratings\2020Delivery\20190730_091035\requests\main\9.har

2019-07-30 09:11:35 - [MESSAGE][PASSED] - Send request successfully

2019-07-30 09:11:36 - [MESSAGE][INFO] - HAR: C:\Users\sambhavi\git\didactic-octo-spork\Reports\REALratings\2020Delivery\20190730_091035\requests\main\10.har

2019-07-30 09:11:36 - [MESSAGE][PASSED] - Send request successfully

2019-07-30 09:11:36 - [MESSAGE][INFO] - HAR: C:\Users\sambhavi\git\didactic-octo-spork\Reports\REALratings\2020Delivery\20190730_091035\requests\main\11.har

2019-07-30 09:11:36 - [MESSAGE][PASSED] - Send request successfully

2019-07-30 09:11:38 - [MESSAGE][INFO] - HAR: C:\Users\sambhavi\git\didactic-octo-spork\Reports\REALratings\2020Delivery\20190730_091035\requests\main\12.har

2019-07-30 09:11:38 - [MESSAGE][PASSED] - Send request successfully

2019-07-30 09:11:41 - [MESSAGE][INFO] - HAR: C:\Users\sambhavi\git\didactic-octo-spork\Reports\REALratings\2020Delivery\20190730_091035\requests\main\13.har

2019-07-30 09:11:41 - [MESSAGE][PASSED] - Send request successfully

2019-07-30 09:11:41 - [MESSAGE][INFO] - HAR: C:\Users\sambhavi\git\didactic-octo-spork\Reports\REALratings\2020Delivery\20190730_091035\requests\main\14.har

2019-07-30 09:11:41 - [MESSAGE][PASSED] - Send request successfully

2019-07-30 09:11:42 - [MESSAGE][INFO] - HAR: C:\Users\sambhavi\git\didactic-octo-spork\Reports\REALratings\2020Delivery\20190730_091035\requests\main\15.har

2019-07-30 09:11:42 - [MESSAGE][PASSED] - Send request successfully

2019-07-30 09:11:42 - [MESSAGE][PASSED] - All links are accessible

2019-07-30 09:11:42 - [MESSAGE][PASSED] - All links on the page 'https://2020-uat.realrating.co.uk/home' are accessible

2019-07-30 09:11:42 - [TEST_STEP][PASSED] - click(findTestObject("REALRatings/Greensill/login/Page_RealRating/Other Qualifications Tab")): Object: 'Object Repository/REALRatings/Greensill/login/Page_RealRating/Other Qualifications Tab' is clicked on

2019-07-30 09:11:42 - [MESSAGE][PASSED] - Object: 'Object Repository/REALRatings/Greensill/login/Page_RealRating/Other Qualifications Tab' is clicked on

2019-07-30 09:11:42 - [TEST_STEP][PASSED] - getAllLinksOnCurrentPage(false, []): Found 16 unique links on the page https://2020-uat.realrating.co.uk/home

2019-07-30 09:11:42 - [MESSAGE][PASSED] - Found 16 unique links on the page https://2020-uat.realrating.co.uk/home

2019-07-30 09:11:42 - [TEST_STEP][PASSED] - verifyAllLinksOnCurrentPageAccessible(false, []): All links on the page 'https://2020-uat.realrating.co.uk/home' are accessible

2019-07-30 09:11:43 - [MESSAGE][PASSED] - Found 16 unique links on the page https://2020-uat.realrating.co.uk/home

2019-07-30 09:11:44 - [MESSAGE][INFO] - HAR: C:\Users\sambhavi\git\didactic-octo-spork\Reports\REALratings\2020Delivery\20190730_091035\requests\main\16.har

2019-07-30 09:11:44 - [MESSAGE][PASSED] - Send request successfully

2019-07-30 09:11:54 - [MESSAGE][INFO] - HAR: C:\Users\sambhavi\git\didactic-octo-spork\Reports\REALratings\2020Delivery\20190730_091035\requests\main\17.har

2019-07-30 09:11:54 - [MESSAGE][PASSED] - Send request successfully

2019-07-30 09:11:55 - [MESSAGE][INFO] - HAR: C:\Users\sambhavi\git\didactic-octo-spork\Reports\REALratings\2020Delivery\20190730_091035\requests\main\18.har

2019-07-30 09:11:55 - [MESSAGE][PASSED] - Send request successfully

2019-07-30 09:11:56 - [MESSAGE][INFO] - HAR: C:\Users\sambhavi\git\didactic-octo-spork\Reports\REALratings\2020Delivery\20190730_091035\requests\main\19.har

2019-07-30 09:11:56 - [MESSAGE][PASSED] - Send request successfully

2019-07-30 09:11:56 - [MESSAGE][INFO] - HAR: C:\Users\sambhavi\git\didactic-octo-spork\Reports\REALratings\2020Delivery\20190730_091035\requests\main\20.har

2019-07-30 09:11:56 - [MESSAGE][PASSED] - Send request successfully

2019-07-30 09:11:57 - [MESSAGE][INFO] - HAR: C:\Users\sambhavi\git\didactic-octo-spork\Reports\REALratings\2020Delivery\20190730_091035\requests\main\21.har

2019-07-30 09:11:57 - [MESSAGE][PASSED] - Send request successfully

2019-07-30 09:12:07 - [MESSAGE][INFO] - HAR: C:\Users\sambhavi\git\didactic-octo-spork\Reports\REALratings\2020Delivery\20190730_091035\requests\main\22.har

2019-07-30 09:12:07 - [MESSAGE][PASSED] - Send request successfully

2019-07-30 09:12:17 - [MESSAGE][INFO] - HAR: C:\Users\sambhavi\git\didactic-octo-spork\Reports\REALratings\2020Delivery\20190730_091035\requests\main\23.har

2019-07-30 09:12:17 - [MESSAGE][PASSED] - Send request successfully

2019-07-30 09:12:18 - [MESSAGE][INFO] - HAR: C:\Users\sambhavi\git\didactic-octo-spork\Reports\REALratings\2020Delivery\20190730_091035\requests\main\24.har

2019-07-30 09:12:18 - [MESSAGE][PASSED] - Send request successfully

2019-07-30 09:12:19 - [MESSAGE][INFO] - HAR: C:\Users\sambhavi\git\didactic-octo-spork\Reports\REALratings\2020Delivery\20190730_091035\requests\main\25.har

2019-07-30 09:12:19 - [MESSAGE][PASSED] - Send request successfully

2019-07-30 09:12:20 - [MESSAGE][INFO] - HAR: C:\Users\sambhavi\git\didactic-octo-spork\Reports\REALratings\2020Delivery\20190730_091035\requests\main\26.har

2019-07-30 09:12:20 - [MESSAGE][PASSED] - Send request successfully

2019-07-30 09:12:20 - [MESSAGE][INFO] - HAR: C:\Users\sambhavi\git\didactic-octo-spork\Reports\REALratings\2020Delivery\20190730_091035\requests\main\27.har

2019-07-30 09:12:20 - [MESSAGE][PASSED] - Send request successfully

2019-07-30 09:12:21 - [MESSAGE][INFO] - HAR: C:\Users\sambhavi\git\didactic-octo-spork\Reports\REALratings\2020Delivery\20190730_091035\requests\main\28.har

2019-07-30 09:12:21 - [MESSAGE][PASSED] - Send request successfully

2019-07-30 09:12:24 - [MESSAGE][INFO] - HAR: C:\Users\sambhavi\git\didactic-octo-spork\Reports\REALratings\2020Delivery\20190730_091035\requests\main\29.har

2019-07-30 09:12:24 - [MESSAGE][PASSED] - Send request successfully

2019-07-30 09:12:25 - [MESSAGE][INFO] - HAR: C:\Users\sambhavi\git\didactic-octo-spork\Reports\REALratings\2020Delivery\20190730_091035\requests\main\30.har

2019-07-30 09:12:25 - [MESSAGE][PASSED] - Send request successfully

2019-07-30 09:12:25 - [MESSAGE][INFO] - HAR: C:\Users\sambhavi\git\didactic-octo-spork\Reports\REALratings\2020Delivery\20190730_091035\requests\main\31.har

2019-07-30 09:12:25 - [MESSAGE][PASSED] - Send request successfully

2019-07-30 09:12:25 - [MESSAGE][PASSED] - All links are accessible

2019-07-30 09:12:25 - [MESSAGE][PASSED] - All links on the page 'https://2020-uat.realrating.co.uk/home' are accessible

2019-07-30 09:12:25 - [TEST_STEP][PASSED] - click(findTestObject("REALRatings/Greensill/login/Page_RealRating/Profile")): Object: 'Object Repository/REALRatings/Greensill/login/Page_RealRating/Profile' is clicked on

2019-07-30 09:12:25 - [MESSAGE][PASSED] - Object: 'Object Repository/REALRatings/Greensill/login/Page_RealRating/Profile' is clicked on

2019-07-30 09:12:25 - [TEST_STEP][PASSED] - click(findTestObject("REALRatings/Greensill/login/Page_RealRating/Logout")): Object: 'Object Repository/REALRatings/Greensill/login/Page_RealRating/Logout' is clicked on

2019-07-30 09:12:25 - [MESSAGE][PASSED] - Object: 'Object Repository/REALRatings/Greensill/login/Page_RealRating/Logout' is clicked on

2019-07-30 09:12:25 - [TEST_STEP][PASSED] - delay(5): Delayed 5 second(s)

2019-07-30 09:12:30 - [MESSAGE][PASSED] - Delayed 5 second(s)

2019-07-30 09:12:30 - [TEST_STEP][PASSED] - click(findTestObject("REALRatings/Greensill/login/Page_RealRating/button_Logout")): Object: 'Object Repository/REALRatings/Greensill/login/Page_RealRating/button_Logout' is clicked on

2019-07-30 09:12:31 - [MESSAGE][PASSED] - Object: 'Object Repository/REALRatings/Greensill/login/Page_RealRating/button_Logout' is clicked on

2019-07-30 09:12:31 - [TEST_STEP][PASSED] - assert getUrl() == "https://2020-uat.realrating.co.uk/login": Current window's url is: 'https://2020-uat.realrating.co.uk/login'

2019-07-30 09:12:31 - [MESSAGE][PASSED] - Current window's url is: 'https://2020-uat.realrating.co.uk/login']]></system-out>
         <system-err><![CDATA[]]></system-err>
      </testcase>
      <system-out><![CDATA[2019-07-30 09:10:37 - [TEST_SUITE][PASSED] - 2020Delivery: Test Cases/REALratings/2020Delivery/login]]></system-out>
      <system-err><![CDATA[]]></system-err>
   </testsuite>
</testsuites>
