<?xml version="1.0" encoding="UTF-8"?>
<testsuites name="brokenLinksImages" time="55" tests="2" failures="0" errors="0">
   <testsuite name="brokenLinksImages" tests="2" failures="0" errors="0" time="55" timestamp="2019-04-03 09:20:55" hostname="ASHA$ - Asha.jmandigital.in" id="Test Suites/REALrating/brokenLinksImages">
      <properties>
         <property name="deviceName" value=""/>
         <property name="devicePlatform" value=""/>
         <property name="logFolder" value="C:\\Users\\Administrator\\git\\didactic-octo-spork\\Reports\\REALrating\\brokenLinksImages\\20190402_182725"/>
         <property name="logFiles" value="C:\\Users\\Administrator\\git\\didactic-octo-spork\\Reports\\REALrating\\brokenLinksImages\\20190402_182725\\execution0.log"/>
         <property name="attachments" value=""/>
         <property name="hostName" value="ASHA$ - Asha.jmandigital.in"/>
         <property name="os" value="Windows 10 32bit"/>
         <property name="katalonVersion" value="5.8.0.1"/>
         <property name="browser" value="Firefox 47.0"/>
         <property name="hostAddress" value="192.168.0.32"/>
         <property name="sessionId" value="c99f01db-1170-460e-9ea9-04fa1135152b"/>
         <property name="seleniumVersion" value="3.7.1"/>
         <property name="proxyInformation" value="ProxyInformation{proxyOption=NO_PROXY, proxyServerType=HTTP, password=, proxyServerAddress=, proxyServerPort=0}"/>
         <property name="platform" value="Windows 10"/>
      </properties>
      <testcase name="Test Cases/REALratings/REALrating/URL" classname="Test Cases/REALratings/REALrating/URL" status="PASSED">
         <system-out><![CDATA[2019-04-03 09:20:56 - [TEST_CASE][PASSED] - Test Cases/REALratings/REALrating/URL: Test Cases/REALratings/REALrating/URL

2019-04-03 09:20:56 - [TEST_STEP][PASSED] - openBrowser: Browser is opened with url: ''

2019-04-03 09:21:16 - [MESSAGE][PASSED] - Browser is opened with url: ''

2019-04-03 09:21:16 - [TEST_STEP][PASSED] - navigateToUrl: Navigate to 'https://uat.realrating.co.uk/' successfully

2019-04-03 09:21:23 - [MESSAGE][PASSED] - Navigate to 'https://uat.realrating.co.uk/' successfully

2019-04-03 09:21:23 - [TEST_STEP][PASSED] - maximizeWindow: Current window maximized

2019-04-03 09:21:24 - [MESSAGE][PASSED] - Current window maximized]]></system-out>
         <system-err><![CDATA[]]></system-err>
      </testcase>
      <testcase name="Test Cases/REALratings/REALrating/allLinksAllAccessible" classname="Test Cases/REALratings/REALrating/allLinksAllAccessible" status="PASSED">
         <system-out><![CDATA[2019-04-03 09:21:24 - [TEST_CASE][PASSED] - Test Cases/REALratings/REALrating/allLinksAllAccessible: Test Cases/REALratings/REALrating/allLinksAllAccessible

2019-04-03 09:21:24 - [TEST_STEP][PASSED] - verifyAllLinksOnCurrentPageAccessible: All links on the page 'https://uat.realrating.co.uk/' are accessible

2019-04-03 09:21:26 - [MESSAGE][PASSED] - Found 25 unique links on the page https://uat.realrating.co.uk/

2019-04-03 09:21:29 - [MESSAGE][PASSED] - Send request successfully

2019-04-03 09:21:29 - [MESSAGE][PASSED] - Send request successfully

2019-04-03 09:21:30 - [MESSAGE][PASSED] - Send request successfully

2019-04-03 09:21:31 - [MESSAGE][PASSED] - Send request successfully

2019-04-03 09:21:32 - [MESSAGE][PASSED] - Send request successfully

2019-04-03 09:21:34 - [MESSAGE][PASSED] - Send request successfully

2019-04-03 09:21:34 - [MESSAGE][PASSED] - Send request successfully

2019-04-03 09:21:35 - [MESSAGE][PASSED] - Send request successfully

2019-04-03 09:21:36 - [MESSAGE][PASSED] - Send request successfully

2019-04-03 09:21:37 - [MESSAGE][PASSED] - Send request successfully

2019-04-03 09:21:37 - [MESSAGE][PASSED] - Send request successfully

2019-04-03 09:21:38 - [MESSAGE][PASSED] - Send request successfully

2019-04-03 09:21:39 - [MESSAGE][PASSED] - Send request successfully

2019-04-03 09:21:40 - [MESSAGE][PASSED] - Send request successfully

2019-04-03 09:21:43 - [MESSAGE][PASSED] - Send request successfully

2019-04-03 09:21:44 - [MESSAGE][PASSED] - Send request successfully

2019-04-03 09:21:44 - [MESSAGE][PASSED] - Send request successfully

2019-04-03 09:21:45 - [MESSAGE][PASSED] - Send request successfully

2019-04-03 09:21:46 - [MESSAGE][PASSED] - Send request successfully

2019-04-03 09:21:47 - [MESSAGE][PASSED] - Send request successfully

2019-04-03 09:21:47 - [MESSAGE][PASSED] - Send request successfully

2019-04-03 09:21:48 - [MESSAGE][PASSED] - Send request successfully

2019-04-03 09:21:49 - [MESSAGE][PASSED] - Send request successfully

2019-04-03 09:21:49 - [MESSAGE][PASSED] - Send request successfully

2019-04-03 09:21:50 - [MESSAGE][PASSED] - Send request successfully

2019-04-03 09:21:50 - [MESSAGE][PASSED] - All links are accessible

2019-04-03 09:21:50 - [MESSAGE][PASSED] - All links on the page 'https://uat.realrating.co.uk/' are accessible]]></system-out>
         <system-err><![CDATA[]]></system-err>
      </testcase>
      <system-out><![CDATA[2019-04-03 09:20:55 - [TEST_SUITE][PASSED] - brokenLinksImages: Test Cases/REALratings/REALrating/allLinksAllAccessible]]></system-out>
      <system-err><![CDATA[]]></system-err>
   </testsuite>
</testsuites>
