<?xml version="1.0" encoding="UTF-8"?>
<testsuites name="Schroders" time="94" tests="2" failures="0" errors="0">
   <testsuite name="Schroders" tests="2" failures="0" errors="0" time="94" timestamp="2019-07-16 10:18:13" hostname="sambhavi - sambhavi.jmandigital.in" id="Test Suites/REALratings/Schroders">
      <properties>
         <property name="deviceName" value=""/>
         <property name="devicePlatform" value=""/>
         <property name="logFolder" value="C:\\Users\\sambhavi\\git\\didactic-octo-spork\\Reports\\REALratings\\Schroders\\20190716_101810"/>
         <property name="logFiles" value="C:\\Users\\sambhavi\\git\\didactic-octo-spork\\Reports\\REALratings\\Schroders\\20190716_101810\\execution0.log"/>
         <property name="attachments" value="C:\\Users\\sambhavi\\git\\didactic-octo-spork\\Reports\\REALratings\\Schroders\\20190716_101810\\1563252522348.png"/>
         <property name="hostName" value="sambhavi - sambhavi.jmandigital.in"/>
         <property name="os" value="Windows 10 64bit"/>
         <property name="katalonVersion" value="6.0.5.10"/>
         <property name="browser" value="Chrome 75.0.3770.100"/>
         <property name="hostAddress" value="192.168.0.185"/>
         <property name="sessionId" value="c5e728e4370c49d558cd059a24e23589"/>
         <property name="seleniumVersion" value="3.7.1"/>
         <property name="proxyInformation" value="ProxyInformation{proxyOption=NO_PROXY, proxyServerType=HTTP, password=, proxyServerAddress=, proxyServerPort=0}"/>
         <property name="platform" value="Windows 10"/>
      </properties>
      <testcase name="Test Cases/REALratings/Schroders/Form Submission" classname="Test Cases/REALratings/Schroders/Form Submission" status="PASSED">
         <system-out><![CDATA[2019-07-16 10:18:13 - [TEST_CASE][PASSED] - Test Cases/REALratings/Schroders/Form Submission: Test Cases/REALratings/Schroders/Form Submission

2019-07-16 10:18:14 - [TEST_STEP][PASSED] - comment("Schroders - Form Submission"): Schroders - Form Submission

2019-07-16 10:18:14 - [MESSAGE][INFO] - Schroders - Form Submission

2019-07-16 10:18:14 - [TEST_STEP][PASSED] - openBrowser(""): Browser is opened with url: ''

2019-07-16 10:18:15 - [MESSAGE][INFO] - Starting 'Chrome' driver

2019-07-16 10:18:15 - [MESSAGE][INFO] - Action delay is set to 0 seconds

2019-07-16 10:18:21 - [MESSAGE][PASSED] - Browser is opened with url: ''

2019-07-16 10:18:21 - [TEST_STEP][PASSED] - navigateToUrl("https://schroders-uat.realrating.co.uk/"): Navigate to 'https://schroders-uat.realrating.co.uk/' successfully

2019-07-16 10:18:25 - [MESSAGE][PASSED] - Navigate to 'https://schroders-uat.realrating.co.uk/' successfully

2019-07-16 10:18:25 - [TEST_STEP][PASSED] - maximizeWindow(): Current window maximized

2019-07-16 10:18:26 - [MESSAGE][PASSED] - Current window maximized

2019-07-16 10:18:26 - [TEST_STEP][PASSED] - delay(1): Delayed 1 second(s)

2019-07-16 10:18:27 - [MESSAGE][PASSED] - Delayed 1 second(s)

2019-07-16 10:18:27 - [TEST_STEP][PASSED] - rad = new java.util.Random(): null

2019-07-16 10:18:27 - [TEST_STEP][PASSED] - comment("Basic Information"): Basic Information

2019-07-16 10:18:27 - [MESSAGE][INFO] - Basic Information

2019-07-16 10:18:27 - [TEST_STEP][PASSED] - setText(findTestObject("REALRatings/Greensill/Page_REALrating/First Name"), findTestData("getEmployable/Applicants").getValue(1, 1)): Text 'Asha' is set on object 'Object Repository/REALRatings/Greensill/Page_REALrating/First Name'

2019-07-16 10:18:27 - [MESSAGE][PASSED] - Text 'Asha' is set on object 'Object Repository/REALRatings/Greensill/Page_REALrating/First Name'

2019-07-16 10:18:27 - [TEST_STEP][PASSED] - setText(findTestObject("REALRatings/Greensill/Page_REALrating/Last Name"), findTestData("getEmployable/Applicants").getValue(2, 1)): Text 'Rajendran' is set on object 'Object Repository/REALRatings/Greensill/Page_REALrating/Last Name'

2019-07-16 10:18:28 - [MESSAGE][PASSED] - Text 'Rajendran' is set on object 'Object Repository/REALRatings/Greensill/Page_REALrating/Last Name'

2019-07-16 10:18:28 - [TEST_STEP][PASSED] - Email = rad.nextInt(2000): null

2019-07-16 10:18:28 - [TEST_STEP][PASSED] - setText(findTestObject("REALRatings/Greensill/Page_REALrating/University Emailid"), "greensill" + Email + "@test.com"): Text 'greensill1930@test.com' is set on object 'Object Repository/REALRatings/Greensill/Page_REALrating/University Emailid'

2019-07-16 10:18:28 - [MESSAGE][PASSED] - Text 'greensill1930@test.com' is set on object 'Object Repository/REALRatings/Greensill/Page_REALrating/University Emailid'

2019-07-16 10:18:28 - [TEST_STEP][PASSED] - click(findTestObject("REALRatings/Greensill/Page_REALrating/First Next"), STOP_ON_FAILURE): Object: 'Object Repository/REALRatings/Greensill/Page_REALrating/First Next' is clicked on

2019-07-16 10:18:29 - [MESSAGE][PASSED] - Object: 'Object Repository/REALRatings/Greensill/Page_REALrating/First Next' is clicked on

2019-07-16 10:18:29 - [TEST_STEP][PASSED] - delay(2): Delayed 2 second(s)

2019-07-16 10:18:31 - [MESSAGE][PASSED] - Delayed 2 second(s)

2019-07-16 10:18:31 - [TEST_STEP][PASSED] - comment("University Information"): University Information

2019-07-16 10:18:31 - [MESSAGE][INFO] - University Information

2019-07-16 10:18:31 - [TEST_STEP][PASSED] - UniversityTotalOption = getNumberOfTotalOption(findTestObject("REALRatings/Greensill/Page_REALrating/University")): 154 options of object 'Object Repository/REALRatings/Greensill/Page_REALrating/University' counted

2019-07-16 10:18:31 - [MESSAGE][PASSED] - 154 options of object 'Object Repository/REALRatings/Greensill/Page_REALrating/University' counted

2019-07-16 10:18:31 - [TEST_STEP][PASSED] - UniversityCount = 1 + rad.nextInt(UniversityTotalOption - 1): null

2019-07-16 10:18:31 - [TEST_STEP][PASSED] - selectOptionByIndex(findTestObject("REALRatings/Greensill/Page_REALrating/University"), UniversityCount): All options with index in [49] are selected on object 'Object Repository/REALRatings/Greensill/Page_REALrating/University'

2019-07-16 10:18:31 - [MESSAGE][PASSED] - All options with index in [49] are selected on object 'Object Repository/REALRatings/Greensill/Page_REALrating/University'

2019-07-16 10:18:31 - [TEST_STEP][PASSED] - if (UniversityCount == 98): null

2019-07-16 10:18:31 - [TEST_STEP][PASSED] - UniversityCourseTotalOption = getNumberOfTotalOption(findTestObject("REALRatings/Greensill/Page_REALrating/University Course")): 96 options of object 'Object Repository/REALRatings/Greensill/Page_REALrating/University Course' counted

2019-07-16 10:18:31 - [MESSAGE][PASSED] - 96 options of object 'Object Repository/REALRatings/Greensill/Page_REALrating/University Course' counted

2019-07-16 10:18:31 - [TEST_STEP][PASSED] - UniveristyCourseCount = 1 + rad.nextInt(UniversityCourseTotalOption - 1): null

2019-07-16 10:18:31 - [TEST_STEP][PASSED] - selectOptionByIndex(findTestObject("REALRatings/Greensill/Page_REALrating/University Course"), UniveristyCourseCount): All options with index in [51] are selected on object 'Object Repository/REALRatings/Greensill/Page_REALrating/University Course'

2019-07-16 10:18:32 - [MESSAGE][PASSED] - All options with index in [51] are selected on object 'Object Repository/REALRatings/Greensill/Page_REALrating/University Course'

2019-07-16 10:18:32 - [TEST_STEP][PASSED] - if (UniveristyCourseCount == 95): null

2019-07-16 10:18:32 - [TEST_STEP][PASSED] - LengthOfUniversitycourseTotalOptions = getNumberOfTotalOption(findTestObject("REALRatings/Greensill/Page_REALrating/Length Of University Course")): 9 options of object 'Object Repository/REALRatings/Greensill/Page_REALrating/Length Of University Course' counted

2019-07-16 10:18:32 - [MESSAGE][PASSED] - 9 options of object 'Object Repository/REALRatings/Greensill/Page_REALrating/Length Of University Course' counted

2019-07-16 10:18:32 - [TEST_STEP][PASSED] - LengthOfUniversitycount = 1 + rad.nextInt(LengthOfUniversitycourseTotalOptions - 1): null

2019-07-16 10:18:32 - [TEST_STEP][PASSED] - selectOptionByIndex(findTestObject("REALRatings/Greensill/Page_REALrating/Length Of University Course"), LengthOfUniversitycount): All options with index in [4] are selected on object 'Object Repository/REALRatings/Greensill/Page_REALrating/Length Of University Course'

2019-07-16 10:18:32 - [MESSAGE][PASSED] - All options with index in [4] are selected on object 'Object Repository/REALRatings/Greensill/Page_REALrating/Length Of University Course'

2019-07-16 10:18:32 - [TEST_STEP][PASSED] - selectOptionByIndex(findTestObject("REALRatings/Greensill/Page_REALrating/Current Year Of Study"), LengthOfUniversitycount): All options with index in [4] are selected on object 'Object Repository/REALRatings/Greensill/Page_REALrating/Current Year Of Study'

2019-07-16 10:18:32 - [MESSAGE][PASSED] - All options with index in [4] are selected on object 'Object Repository/REALRatings/Greensill/Page_REALrating/Current Year Of Study'

2019-07-16 10:18:32 - [TEST_STEP][PASSED] - click(findTestObject("REALRatings/Schroders/second next")): Object: 'Object Repository/REALRatings/Schroders/second next' is clicked on

2019-07-16 10:18:32 - [MESSAGE][PASSED] - Object: 'Object Repository/REALRatings/Schroders/second next' is clicked on

2019-07-16 10:18:32 - [TEST_STEP][PASSED] - delay(2): Delayed 2 second(s)

2019-07-16 10:18:34 - [MESSAGE][PASSED] - Delayed 2 second(s)

2019-07-16 10:18:34 - [TEST_STEP][PASSED] - comment("Main Qualification Information"): Main Qualification Information

2019-07-16 10:18:34 - [MESSAGE][INFO] - Main Qualification Information

2019-07-16 10:18:34 - [TEST_STEP][PASSED] - ALevelYearTotalOptions = getNumberOfTotalOption(findTestObject("REALRatings/Schroders/Alevelyear")): 71 options of object 'Object Repository/REALRatings/Schroders/Alevelyear' counted

2019-07-16 10:18:35 - [MESSAGE][PASSED] - 71 options of object 'Object Repository/REALRatings/Schroders/Alevelyear' counted

2019-07-16 10:18:35 - [TEST_STEP][PASSED] - ALevelYearcount = 1 + rad.nextInt(ALevelYearTotalOptions - 1): null

2019-07-16 10:18:35 - [TEST_STEP][PASSED] - selectOptionByIndex(findTestObject("REALRatings/Schroders/Alevelyear"), ALevelYearcount): All options with index in [8] are selected on object 'Object Repository/REALRatings/Schroders/Alevelyear'

2019-07-16 10:18:35 - [MESSAGE][PASSED] - All options with index in [8] are selected on object 'Object Repository/REALRatings/Schroders/Alevelyear'

2019-07-16 10:18:35 - [TEST_STEP][PASSED] - GCSEYearTotalOptions = getNumberOfTotalOption(findTestObject("REALRatings/Schroders/Gcse year")): 71 options of object 'Object Repository/REALRatings/Schroders/Gcse year' counted

2019-07-16 10:18:35 - [MESSAGE][PASSED] - 71 options of object 'Object Repository/REALRatings/Schroders/Gcse year' counted

2019-07-16 10:18:35 - [TEST_STEP][PASSED] - GCSEYearCount = 1 + rad.nextInt(GCSEYearTotalOptions - 1): null

2019-07-16 10:18:35 - [TEST_STEP][PASSED] - selectOptionByIndex(findTestObject("REALRatings/Schroders/Gcse year"), GCSEYearCount): All options with index in [7] are selected on object 'Object Repository/REALRatings/Schroders/Gcse year'

2019-07-16 10:18:35 - [MESSAGE][PASSED] - All options with index in [7] are selected on object 'Object Repository/REALRatings/Schroders/Gcse year'

2019-07-16 10:18:35 - [TEST_STEP][PASSED] - MainQualificationTotaloptions = getNumberOfTotalOption(findTestObject("REALRatings/Greensill/Page_REALrating/Main Qualification")): 6 options of object 'Object Repository/REALRatings/Greensill/Page_REALrating/Main Qualification' counted

2019-07-16 10:18:35 - [MESSAGE][PASSED] - 6 options of object 'Object Repository/REALRatings/Greensill/Page_REALrating/Main Qualification' counted

2019-07-16 10:18:35 - [TEST_STEP][PASSED] - MainQualificationCount = 1 + rad.nextInt(MainQualificationTotaloptions - 1): null

2019-07-16 10:18:35 - [TEST_STEP][PASSED] - selectOptionByIndex(findTestObject("REALRatings/Greensill/Page_REALrating/Main Qualification"), MainQualificationCount): All options with index in [4] are selected on object 'Object Repository/REALRatings/Greensill/Page_REALrating/Main Qualification'

2019-07-16 10:18:35 - [MESSAGE][PASSED] - All options with index in [4] are selected on object 'Object Repository/REALRatings/Greensill/Page_REALrating/Main Qualification'

2019-07-16 10:18:35 - [TEST_STEP][PASSED] - if (MainQualificationCount == 1): null

2019-07-16 10:18:35 - [TEST_STEP][PASSED] - else if (MainQualificationCount == 2): null

2019-07-16 10:18:35 - [TEST_STEP][PASSED] - else if (MainQualificationCount == 3): null

2019-07-16 10:18:35 - [TEST_STEP][PASSED] - else if (MainQualificationCount == 4): Text 'other ouualifications ' is set on object 'Object Repository/REALRatings/Greensill/Page_REALrating/Other Qualification'

2019-07-16 10:18:35 - [TEST_STEP][PASSED] - setText(findTestObject("REALRatings/Greensill/Page_REALrating/Other Qualification"), "other ouualifications "): Text 'other ouualifications ' is set on object 'Object Repository/REALRatings/Greensill/Page_REALrating/Other Qualification'

2019-07-16 10:18:35 - [MESSAGE][PASSED] - Text 'other ouualifications ' is set on object 'Object Repository/REALRatings/Greensill/Page_REALrating/Other Qualification'

2019-07-16 10:18:35 - [TEST_STEP][PASSED] - setText(findTestObject("REALRatings/Greensill/Page_REALrating/A Level School"), findTestData("getEmployable/Applicants").getValue(6, 1)): Text 'Kings Richard School' is set on object 'Object Repository/REALRatings/Greensill/Page_REALrating/A Level School'

2019-07-16 10:18:36 - [MESSAGE][PASSED] - Text 'Kings Richard School' is set on object 'Object Repository/REALRatings/Greensill/Page_REALrating/A Level School'

2019-07-16 10:18:36 - [TEST_STEP][PASSED] - setText(findTestObject("REALRatings/Greensill/Page_REALrating/GCSE School"), findTestData("getEmployable/Applicants").getValue(7, 1)): Text 'Kings Richard School' is set on object 'Object Repository/REALRatings/Greensill/Page_REALrating/GCSE School'

2019-07-16 10:18:36 - [MESSAGE][PASSED] - Text 'Kings Richard School' is set on object 'Object Repository/REALRatings/Greensill/Page_REALrating/GCSE School'

2019-07-16 10:18:36 - [TEST_STEP][PASSED] - setText(findTestObject("REALRatings/Greensill/Page_REALrating/A Level Postalcode"), findTestData("getEmployable/Applicants").getValue(8, 1)): Text 'NW64DN' is set on object 'Object Repository/REALRatings/Greensill/Page_REALrating/A Level Postalcode'

2019-07-16 10:18:36 - [MESSAGE][PASSED] - Text 'NW64DN' is set on object 'Object Repository/REALRatings/Greensill/Page_REALrating/A Level Postalcode'

2019-07-16 10:18:36 - [TEST_STEP][PASSED] - setText(findTestObject("REALRatings/Greensill/Page_REALrating/GCSE Postalcode"), findTestData("getEmployable/Applicants").getValue(9, 1)): Text 'AL60AA' is set on object 'Object Repository/REALRatings/Greensill/Page_REALrating/GCSE Postalcode'

2019-07-16 10:18:36 - [MESSAGE][PASSED] - Text 'AL60AA' is set on object 'Object Repository/REALRatings/Greensill/Page_REALrating/GCSE Postalcode'

2019-07-16 10:18:36 - [TEST_STEP][PASSED] - click(findTestObject("REALRatings/Greensill/Page_REALrating/Gender")): Object: 'Object Repository/REALRatings/Greensill/Page_REALrating/Gender' is clicked on

2019-07-16 10:18:36 - [MESSAGE][PASSED] - Object: 'Object Repository/REALRatings/Greensill/Page_REALrating/Gender' is clicked on

2019-07-16 10:18:36 - [TEST_STEP][PASSED] - click(findTestObject("REALRatings/Greensill/Page_REALrating/TickAnyStatement")): Object: 'Object Repository/REALRatings/Greensill/Page_REALrating/TickAnyStatement' is clicked on

2019-07-16 10:18:37 - [MESSAGE][PASSED] - Object: 'Object Repository/REALRatings/Greensill/Page_REALrating/TickAnyStatement' is clicked on

2019-07-16 10:18:37 - [TEST_STEP][PASSED] - click(findTestObject("REALRatings/Greensill/Page_REALrating/input_By ticking this box I confirm that I agree to the_confirmAgreement")): Object: 'Object Repository/REALRatings/Greensill/Page_REALrating/input_By ticking this box I confirm that I agree to the_confirmAgreement' is clicked on

2019-07-16 10:18:37 - [MESSAGE][PASSED] - Object: 'Object Repository/REALRatings/Greensill/Page_REALrating/input_By ticking this box I confirm that I agree to the_confirmAgreement' is clicked on

2019-07-16 10:18:37 - [TEST_STEP][PASSED] - click(findTestObject("REALRatings/Greensill/Page_REALrating/a_Submit")): Object: 'Object Repository/REALRatings/Greensill/Page_REALrating/a_Submit' is clicked on

2019-07-16 10:18:37 - [MESSAGE][PASSED] - Object: 'Object Repository/REALRatings/Greensill/Page_REALrating/a_Submit' is clicked on

2019-07-16 10:18:37 - [TEST_STEP][PASSED] - delay(5): Delayed 5 second(s)

2019-07-16 10:18:42 - [MESSAGE][PASSED] - Delayed 5 second(s)

2019-07-16 10:18:42 - [TEST_STEP][PASSED] - assert getUrl() == "https://schroders-uat.realrating.co.uk/thankyou": Current window's url is: 'https://schroders-uat.realrating.co.uk/thankyou'

2019-07-16 10:18:42 - [MESSAGE][PASSED] - Current window's url is: 'https://schroders-uat.realrating.co.uk/thankyou'

2019-07-16 10:18:42 - [TEST_STEP][PASSED] - takeScreenshot(): Taking screenshot successfully

2019-07-16 10:18:42 - [MESSAGE][PASSED] - Taking screenshot successfully
[[ATTACHMENT|C:\\Users\\sambhavi\\git\\didactic-octo-spork\\Reports\\REALratings\\Schroders\\20190716_101810\\1563252522348.png]]]]></system-out>
         <system-err><![CDATA[]]></system-err>
      </testcase>
      <testcase name="Test Cases/REALratings/Schroders/Login" classname="Test Cases/REALratings/Schroders/Login" status="PASSED">
         <system-out><![CDATA[2019-07-16 10:18:42 - [TEST_CASE][PASSED] - Test Cases/REALratings/Schroders/Login: Test Cases/REALratings/Schroders/Login

2019-07-16 10:18:42 - [TEST_STEP][PASSED] - comment("Schroders - Login"): Schroders - Login

2019-07-16 10:18:43 - [MESSAGE][INFO] - Schroders - Login

2019-07-16 10:18:43 - [TEST_STEP][PASSED] - openBrowser(""): Browser is opened with url: ''

2019-07-16 10:18:43 - [MESSAGE][WARNING] - A browser is already opened. Closing browser and opening a new one

2019-07-16 10:18:43 - [MESSAGE][INFO] - Starting 'Chrome' driver

2019-07-16 10:18:46 - [MESSAGE][PASSED] - Browser is opened with url: ''

2019-07-16 10:18:46 - [TEST_STEP][PASSED] - navigateToUrl("https://schroders-uat.realrating.co.uk/login"): Navigate to 'https://schroders-uat.realrating.co.uk/login' successfully

2019-07-16 10:18:51 - [MESSAGE][PASSED] - Navigate to 'https://schroders-uat.realrating.co.uk/login' successfully

2019-07-16 10:18:51 - [TEST_STEP][PASSED] - maximizeWindow(): Current window maximized

2019-07-16 10:18:52 - [MESSAGE][PASSED] - Current window maximized

2019-07-16 10:18:52 - [TEST_STEP][PASSED] - setText(findTestObject("REALRatings/Greensill/login/Page_RealRating/input_E-Mail Address_email"), "john@upreach.org.uk"): Text 'john@upreach.org.uk' is set on object 'Object Repository/REALRatings/Greensill/login/Page_RealRating/input_E-Mail Address_email'

2019-07-16 10:18:52 - [MESSAGE][PASSED] - Text 'john@upreach.org.uk' is set on object 'Object Repository/REALRatings/Greensill/login/Page_RealRating/input_E-Mail Address_email'

2019-07-16 10:18:52 - [TEST_STEP][PASSED] - setEncryptedText(findTestObject("REALRatings/Greensill/login/Page_RealRating/input_Password_password"), "YPztdU12xyABLAH+eFFt4w=="): Text ****** has been set on object 'Object Repository/REALRatings/Greensill/login/Page_RealRating/input_Password_password'

2019-07-16 10:18:53 - [MESSAGE][PASSED] - Text ****** has been set on object 'Object Repository/REALRatings/Greensill/login/Page_RealRating/input_Password_password'

2019-07-16 10:18:53 - [TEST_STEP][PASSED] - click(findTestObject("REALRatings/Greensill/login/Page_RealRating/button_Login")): Object: 'Object Repository/REALRatings/Greensill/login/Page_RealRating/button_Login' is clicked on

2019-07-16 10:18:55 - [MESSAGE][PASSED] - Object: 'Object Repository/REALRatings/Greensill/login/Page_RealRating/button_Login' is clicked on

2019-07-16 10:18:55 - [TEST_STEP][PASSED] - getAllLinksOnCurrentPage(false, []): Found 16 unique links on the page https://schroders-uat.realrating.co.uk/home

2019-07-16 10:18:55 - [MESSAGE][PASSED] - Found 16 unique links on the page https://schroders-uat.realrating.co.uk/home

2019-07-16 10:18:55 - [TEST_STEP][PASSED] - verifyAllLinksOnCurrentPageAccessible(false, []): All links on the page 'https://schroders-uat.realrating.co.uk/home' are accessible

2019-07-16 10:18:55 - [MESSAGE][PASSED] - Found 16 unique links on the page https://schroders-uat.realrating.co.uk/home

2019-07-16 10:19:01 - [MESSAGE][INFO] - HAR: C:\Users\sambhavi\git\didactic-octo-spork\Reports\REALratings\Schroders\20190716_101810\requests\main\0.har

2019-07-16 10:19:01 - [MESSAGE][PASSED] - Send request successfully

2019-07-16 10:19:04 - [MESSAGE][INFO] - HAR: C:\Users\sambhavi\git\didactic-octo-spork\Reports\REALratings\Schroders\20190716_101810\requests\main\1.har

2019-07-16 10:19:04 - [MESSAGE][PASSED] - Send request successfully

2019-07-16 10:19:04 - [MESSAGE][INFO] - HAR: C:\Users\sambhavi\git\didactic-octo-spork\Reports\REALratings\Schroders\20190716_101810\requests\main\2.har

2019-07-16 10:19:04 - [MESSAGE][PASSED] - Send request successfully

2019-07-16 10:19:05 - [MESSAGE][INFO] - HAR: C:\Users\sambhavi\git\didactic-octo-spork\Reports\REALratings\Schroders\20190716_101810\requests\main\3.har

2019-07-16 10:19:05 - [MESSAGE][PASSED] - Send request successfully

2019-07-16 10:19:06 - [MESSAGE][INFO] - HAR: C:\Users\sambhavi\git\didactic-octo-spork\Reports\REALratings\Schroders\20190716_101810\requests\main\4.har

2019-07-16 10:19:06 - [MESSAGE][PASSED] - Send request successfully

2019-07-16 10:19:07 - [MESSAGE][INFO] - HAR: C:\Users\sambhavi\git\didactic-octo-spork\Reports\REALratings\Schroders\20190716_101810\requests\main\5.har

2019-07-16 10:19:07 - [MESSAGE][PASSED] - Send request successfully

2019-07-16 10:19:08 - [MESSAGE][INFO] - HAR: C:\Users\sambhavi\git\didactic-octo-spork\Reports\REALratings\Schroders\20190716_101810\requests\main\6.har

2019-07-16 10:19:08 - [MESSAGE][PASSED] - Send request successfully

2019-07-16 10:19:09 - [MESSAGE][INFO] - HAR: C:\Users\sambhavi\git\didactic-octo-spork\Reports\REALratings\Schroders\20190716_101810\requests\main\7.har

2019-07-16 10:19:09 - [MESSAGE][PASSED] - Send request successfully

2019-07-16 10:19:10 - [MESSAGE][INFO] - HAR: C:\Users\sambhavi\git\didactic-octo-spork\Reports\REALratings\Schroders\20190716_101810\requests\main\8.har

2019-07-16 10:19:10 - [MESSAGE][PASSED] - Send request successfully

2019-07-16 10:19:11 - [MESSAGE][INFO] - HAR: C:\Users\sambhavi\git\didactic-octo-spork\Reports\REALratings\Schroders\20190716_101810\requests\main\9.har

2019-07-16 10:19:11 - [MESSAGE][PASSED] - Send request successfully

2019-07-16 10:19:13 - [MESSAGE][INFO] - HAR: C:\Users\sambhavi\git\didactic-octo-spork\Reports\REALratings\Schroders\20190716_101810\requests\main\10.har

2019-07-16 10:19:13 - [MESSAGE][PASSED] - Send request successfully

2019-07-16 10:19:13 - [MESSAGE][INFO] - HAR: C:\Users\sambhavi\git\didactic-octo-spork\Reports\REALratings\Schroders\20190716_101810\requests\main\11.har

2019-07-16 10:19:13 - [MESSAGE][PASSED] - Send request successfully

2019-07-16 10:19:16 - [MESSAGE][INFO] - HAR: C:\Users\sambhavi\git\didactic-octo-spork\Reports\REALratings\Schroders\20190716_101810\requests\main\12.har

2019-07-16 10:19:16 - [MESSAGE][PASSED] - Send request successfully

2019-07-16 10:19:19 - [MESSAGE][INFO] - HAR: C:\Users\sambhavi\git\didactic-octo-spork\Reports\REALratings\Schroders\20190716_101810\requests\main\13.har

2019-07-16 10:19:19 - [MESSAGE][PASSED] - Send request successfully

2019-07-16 10:19:20 - [MESSAGE][INFO] - HAR: C:\Users\sambhavi\git\didactic-octo-spork\Reports\REALratings\Schroders\20190716_101810\requests\main\14.har

2019-07-16 10:19:20 - [MESSAGE][PASSED] - Send request successfully

2019-07-16 10:19:21 - [MESSAGE][INFO] - HAR: C:\Users\sambhavi\git\didactic-octo-spork\Reports\REALratings\Schroders\20190716_101810\requests\main\15.har

2019-07-16 10:19:21 - [MESSAGE][PASSED] - Send request successfully

2019-07-16 10:19:21 - [MESSAGE][PASSED] - All links are accessible

2019-07-16 10:19:21 - [MESSAGE][PASSED] - All links on the page 'https://schroders-uat.realrating.co.uk/home' are accessible

2019-07-16 10:19:21 - [TEST_STEP][PASSED] - click(findTestObject("REALRatings/Greensill/login/Page_RealRating/Other Qualifications Tab")): Object: 'Object Repository/REALRatings/Greensill/login/Page_RealRating/Other Qualifications Tab' is clicked on

2019-07-16 10:19:21 - [MESSAGE][PASSED] - Object: 'Object Repository/REALRatings/Greensill/login/Page_RealRating/Other Qualifications Tab' is clicked on

2019-07-16 10:19:21 - [TEST_STEP][PASSED] - getAllLinksOnCurrentPage(false, []): Found 16 unique links on the page https://schroders-uat.realrating.co.uk/home

2019-07-16 10:19:21 - [MESSAGE][PASSED] - Found 16 unique links on the page https://schroders-uat.realrating.co.uk/home

2019-07-16 10:19:21 - [TEST_STEP][PASSED] - verifyAllLinksOnCurrentPageAccessible(false, []): All links on the page 'https://schroders-uat.realrating.co.uk/home' are accessible

2019-07-16 10:19:22 - [MESSAGE][PASSED] - Found 16 unique links on the page https://schroders-uat.realrating.co.uk/home

2019-07-16 10:19:23 - [MESSAGE][INFO] - HAR: C:\Users\sambhavi\git\didactic-octo-spork\Reports\REALratings\Schroders\20190716_101810\requests\main\16.har

2019-07-16 10:19:23 - [MESSAGE][PASSED] - Send request successfully

2019-07-16 10:19:24 - [MESSAGE][INFO] - HAR: C:\Users\sambhavi\git\didactic-octo-spork\Reports\REALratings\Schroders\20190716_101810\requests\main\17.har

2019-07-16 10:19:24 - [MESSAGE][PASSED] - Send request successfully

2019-07-16 10:19:25 - [MESSAGE][INFO] - HAR: C:\Users\sambhavi\git\didactic-octo-spork\Reports\REALratings\Schroders\20190716_101810\requests\main\18.har

2019-07-16 10:19:25 - [MESSAGE][PASSED] - Send request successfully

2019-07-16 10:19:26 - [MESSAGE][INFO] - HAR: C:\Users\sambhavi\git\didactic-octo-spork\Reports\REALratings\Schroders\20190716_101810\requests\main\19.har

2019-07-16 10:19:26 - [MESSAGE][PASSED] - Send request successfully

2019-07-16 10:19:27 - [MESSAGE][INFO] - HAR: C:\Users\sambhavi\git\didactic-octo-spork\Reports\REALratings\Schroders\20190716_101810\requests\main\20.har

2019-07-16 10:19:27 - [MESSAGE][PASSED] - Send request successfully

2019-07-16 10:19:28 - [MESSAGE][INFO] - HAR: C:\Users\sambhavi\git\didactic-octo-spork\Reports\REALratings\Schroders\20190716_101810\requests\main\21.har

2019-07-16 10:19:28 - [MESSAGE][PASSED] - Send request successfully

2019-07-16 10:19:29 - [MESSAGE][INFO] - HAR: C:\Users\sambhavi\git\didactic-octo-spork\Reports\REALratings\Schroders\20190716_101810\requests\main\22.har

2019-07-16 10:19:29 - [MESSAGE][PASSED] - Send request successfully

2019-07-16 10:19:30 - [MESSAGE][INFO] - HAR: C:\Users\sambhavi\git\didactic-octo-spork\Reports\REALratings\Schroders\20190716_101810\requests\main\23.har

2019-07-16 10:19:30 - [MESSAGE][PASSED] - Send request successfully

2019-07-16 10:19:30 - [MESSAGE][INFO] - HAR: C:\Users\sambhavi\git\didactic-octo-spork\Reports\REALratings\Schroders\20190716_101810\requests\main\24.har

2019-07-16 10:19:30 - [MESSAGE][PASSED] - Send request successfully

2019-07-16 10:19:31 - [MESSAGE][INFO] - HAR: C:\Users\sambhavi\git\didactic-octo-spork\Reports\REALratings\Schroders\20190716_101810\requests\main\25.har

2019-07-16 10:19:31 - [MESSAGE][PASSED] - Send request successfully

2019-07-16 10:19:32 - [MESSAGE][INFO] - HAR: C:\Users\sambhavi\git\didactic-octo-spork\Reports\REALratings\Schroders\20190716_101810\requests\main\26.har

2019-07-16 10:19:32 - [MESSAGE][PASSED] - Send request successfully

2019-07-16 10:19:33 - [MESSAGE][INFO] - HAR: C:\Users\sambhavi\git\didactic-octo-spork\Reports\REALratings\Schroders\20190716_101810\requests\main\27.har

2019-07-16 10:19:33 - [MESSAGE][PASSED] - Send request successfully

2019-07-16 10:19:34 - [MESSAGE][INFO] - HAR: C:\Users\sambhavi\git\didactic-octo-spork\Reports\REALratings\Schroders\20190716_101810\requests\main\28.har

2019-07-16 10:19:34 - [MESSAGE][PASSED] - Send request successfully

2019-07-16 10:19:39 - [MESSAGE][INFO] - HAR: C:\Users\sambhavi\git\didactic-octo-spork\Reports\REALratings\Schroders\20190716_101810\requests\main\29.har

2019-07-16 10:19:39 - [MESSAGE][PASSED] - Send request successfully

2019-07-16 10:19:40 - [MESSAGE][INFO] - HAR: C:\Users\sambhavi\git\didactic-octo-spork\Reports\REALratings\Schroders\20190716_101810\requests\main\30.har

2019-07-16 10:19:40 - [MESSAGE][PASSED] - Send request successfully

2019-07-16 10:19:40 - [MESSAGE][INFO] - HAR: C:\Users\sambhavi\git\didactic-octo-spork\Reports\REALratings\Schroders\20190716_101810\requests\main\31.har

2019-07-16 10:19:40 - [MESSAGE][PASSED] - Send request successfully

2019-07-16 10:19:40 - [MESSAGE][PASSED] - All links are accessible

2019-07-16 10:19:40 - [MESSAGE][PASSED] - All links on the page 'https://schroders-uat.realrating.co.uk/home' are accessible

2019-07-16 10:19:40 - [TEST_STEP][PASSED] - click(findTestObject("REALRatings/Greensill/login/Page_RealRating/Profile")): Object: 'Object Repository/REALRatings/Greensill/login/Page_RealRating/Profile' is clicked on

2019-07-16 10:19:40 - [MESSAGE][PASSED] - Object: 'Object Repository/REALRatings/Greensill/login/Page_RealRating/Profile' is clicked on

2019-07-16 10:19:40 - [TEST_STEP][PASSED] - click(findTestObject("REALRatings/Greensill/login/Page_RealRating/Logout")): Object: 'Object Repository/REALRatings/Greensill/login/Page_RealRating/Logout' is clicked on

2019-07-16 10:19:40 - [MESSAGE][PASSED] - Object: 'Object Repository/REALRatings/Greensill/login/Page_RealRating/Logout' is clicked on

2019-07-16 10:19:40 - [TEST_STEP][PASSED] - delay(5): Delayed 5 second(s)

2019-07-16 10:19:45 - [MESSAGE][PASSED] - Delayed 5 second(s)

2019-07-16 10:19:45 - [TEST_STEP][PASSED] - click(findTestObject("REALRatings/Greensill/login/Page_RealRating/button_Logout")): Object: 'Object Repository/REALRatings/Greensill/login/Page_RealRating/button_Logout' is clicked on

2019-07-16 10:19:46 - [MESSAGE][PASSED] - Object: 'Object Repository/REALRatings/Greensill/login/Page_RealRating/button_Logout' is clicked on

2019-07-16 10:19:46 - [TEST_STEP][PASSED] - assert getUrl() == "https://schroders-uat.realrating.co.uk/login": Current window's url is: 'https://schroders-uat.realrating.co.uk/login'

2019-07-16 10:19:46 - [MESSAGE][PASSED] - Current window's url is: 'https://schroders-uat.realrating.co.uk/login']]></system-out>
         <system-err><![CDATA[]]></system-err>
      </testcase>
      <system-out><![CDATA[2019-07-16 10:18:13 - [TEST_SUITE][PASSED] - Schroders: Test Cases/REALratings/Schroders/Login]]></system-out>
      <system-err><![CDATA[]]></system-err>
   </testsuite>
</testsuites>
