<?xml version="1.0" encoding="UTF-8"?>
<testsuites name="brokenLinksImages" time="40" tests="2" failures="0" errors="0">
   <testsuite name="brokenLinksImages" tests="2" failures="0" errors="0" time="40" timestamp="2019-04-03 13:42:41" hostname="ASHA$ - Asha.jmandigital.in" id="Test Suites/REALrating/brokenLinksImages">
      <properties>
         <property name="deviceName" value=""/>
         <property name="devicePlatform" value=""/>
         <property name="logFolder" value="C:\\Users\\Administrator\\git\\didactic-octo-spork\\Reports\\REALrating\\brokenLinksImages\\20190403_130118"/>
         <property name="logFiles" value="C:\\Users\\Administrator\\git\\didactic-octo-spork\\Reports\\REALrating\\brokenLinksImages\\20190403_130118\\execution0.log"/>
         <property name="attachments" value=""/>
         <property name="hostName" value="ASHA$ - Asha.jmandigital.in"/>
         <property name="os" value="Windows 10 32bit"/>
         <property name="katalonVersion" value="5.8.0.1"/>
         <property name="browser" value="Chrome 73.0.3683.86"/>
         <property name="hostAddress" value="192.168.0.32"/>
         <property name="sessionId" value="62b0e43a995c803efd96262c1949d204"/>
         <property name="seleniumVersion" value="3.7.1"/>
         <property name="proxyInformation" value="ProxyInformation{proxyOption=NO_PROXY, proxyServerType=HTTP, password=, proxyServerAddress=, proxyServerPort=0}"/>
         <property name="platform" value="Windows 10"/>
      </properties>
      <testcase name="Test Cases/REALratings/REALrating/URL" classname="Test Cases/REALratings/REALrating/URL" status="PASSED">
         <system-out><![CDATA[2019-04-03 13:42:41 - [TEST_CASE][PASSED] - Test Cases/REALratings/REALrating/URL: Test Cases/REALratings/REALrating/URL

2019-04-03 13:42:41 - [TEST_STEP][PASSED] - openBrowser: Browser is opened with url: ''

2019-04-03 13:42:45 - [MESSAGE][PASSED] - Browser is opened with url: ''

2019-04-03 13:42:45 - [TEST_STEP][PASSED] - navigateToUrl: Navigate to 'https://uat.realrating.co.uk/' successfully

2019-04-03 13:42:53 - [MESSAGE][PASSED] - Navigate to 'https://uat.realrating.co.uk/' successfully

2019-04-03 13:42:53 - [TEST_STEP][PASSED] - maximizeWindow: Current window maximized

2019-04-03 13:42:54 - [MESSAGE][PASSED] - Current window maximized]]></system-out>
         <system-err><![CDATA[]]></system-err>
      </testcase>
      <testcase name="Test Cases/REALratings/REALrating/allLinksAllAccessible" classname="Test Cases/REALratings/REALrating/allLinksAllAccessible" status="PASSED">
         <system-out><![CDATA[2019-04-03 13:42:54 - [TEST_CASE][PASSED] - Test Cases/REALratings/REALrating/allLinksAllAccessible: Test Cases/REALratings/REALrating/allLinksAllAccessible

2019-04-03 13:42:54 - [TEST_STEP][PASSED] - verifyAllLinksOnCurrentPageAccessible: All links on the page 'https://uat.realrating.co.uk/' are accessible

2019-04-03 13:42:55 - [MESSAGE][PASSED] - Found 25 unique links on the page https://uat.realrating.co.uk/

2019-04-03 13:42:57 - [MESSAGE][PASSED] - Send request successfully

2019-04-03 13:42:57 - [MESSAGE][PASSED] - Send request successfully

2019-04-03 13:42:58 - [MESSAGE][PASSED] - Send request successfully

2019-04-03 13:42:59 - [MESSAGE][PASSED] - Send request successfully

2019-04-03 13:43:01 - [MESSAGE][PASSED] - Send request successfully

2019-04-03 13:43:02 - [MESSAGE][PASSED] - Send request successfully

2019-04-03 13:43:03 - [MESSAGE][PASSED] - Send request successfully

2019-04-03 13:43:04 - [MESSAGE][PASSED] - Send request successfully

2019-04-03 13:43:05 - [MESSAGE][PASSED] - Send request successfully

2019-04-03 13:43:05 - [MESSAGE][PASSED] - Send request successfully

2019-04-03 13:43:06 - [MESSAGE][PASSED] - Send request successfully

2019-04-03 13:43:07 - [MESSAGE][PASSED] - Send request successfully

2019-04-03 13:43:08 - [MESSAGE][PASSED] - Send request successfully

2019-04-03 13:43:10 - [MESSAGE][PASSED] - Send request successfully

2019-04-03 13:43:13 - [MESSAGE][PASSED] - Send request successfully

2019-04-03 13:43:14 - [MESSAGE][PASSED] - Send request successfully

2019-04-03 13:43:15 - [MESSAGE][PASSED] - Send request successfully

2019-04-03 13:43:15 - [MESSAGE][PASSED] - Send request successfully

2019-04-03 13:43:16 - [MESSAGE][PASSED] - Send request successfully

2019-04-03 13:43:17 - [MESSAGE][PASSED] - Send request successfully

2019-04-03 13:43:17 - [MESSAGE][PASSED] - Send request successfully

2019-04-03 13:43:18 - [MESSAGE][PASSED] - Send request successfully

2019-04-03 13:43:19 - [MESSAGE][PASSED] - Send request successfully

2019-04-03 13:43:20 - [MESSAGE][PASSED] - Send request successfully

2019-04-03 13:43:20 - [MESSAGE][PASSED] - Send request successfully

2019-04-03 13:43:20 - [MESSAGE][PASSED] - All links are accessible

2019-04-03 13:43:20 - [MESSAGE][PASSED] - All links on the page 'https://uat.realrating.co.uk/' are accessible]]></system-out>
         <system-err><![CDATA[]]></system-err>
      </testcase>
      <system-out><![CDATA[2019-04-03 13:42:41 - [TEST_SUITE][PASSED] - brokenLinksImages: Test Cases/REALratings/REALrating/allLinksAllAccessible]]></system-out>
      <system-err><![CDATA[]]></system-err>
   </testsuite>
</testsuites>
