<?xml version="1.0" encoding="UTF-8"?>
<testsuites name="getEmployable-Intertested-NotMet Criteria" time="178" tests="14" failures="0" errors="0">
   <testsuite name="getEmployable-Intertested-NotMet Criteria" tests="14" failures="0" errors="0" time="178" timestamp="2019-07-23 10:56:44" hostname="sambhavi - sambhavi.jmandigital.in" id="Test Suites/getEmployable/getEmployable-Intertested-NotMet Criteria">
      <properties>
         <property name="deviceName" value=""/>
         <property name="devicePlatform" value=""/>
         <property name="logFolder" value="C:\\Users\\sambhavi\\git\\didactic-octo-spork\\Reports\\getEmployable\\getEmployable-Intertested-NotMet Criteria\\20190723_105642"/>
         <property name="logFiles" value="C:\\Users\\sambhavi\\git\\didactic-octo-spork\\Reports\\getEmployable\\getEmployable-Intertested-NotMet Criteria\\20190723_105642\\execution0.log"/>
         <property name="attachments" value="C:\\Users\\sambhavi\\git\\didactic-octo-spork\\Reports\\getEmployable\\getEmployable-Intertested-NotMet Criteria\\20190723_105642\\1563859781791.png"/>
         <property name="hostName" value="sambhavi - sambhavi.jmandigital.in"/>
         <property name="os" value="Windows 10 64bit"/>
         <property name="katalonVersion" value="6.0.5.10"/>
         <property name="browser" value="Chrome 75.0.3770.142"/>
         <property name="hostAddress" value="192.168.0.185"/>
         <property name="sessionId" value="e3e57142f6720e8ff66b1dae15250691"/>
         <property name="seleniumVersion" value="3.7.1"/>
         <property name="proxyInformation" value="ProxyInformation{proxyOption=NO_PROXY, proxyServerType=HTTP, password=, proxyServerAddress=, proxyServerPort=0}"/>
         <property name="platform" value="Windows 10"/>
      </properties>
      <testcase name="Test Cases/getEmployable/getEmployable Random/launchSite" classname="Test Cases/getEmployable/getEmployable Random/launchSite" status="PASSED">
         <system-out><![CDATA[2019-07-23 10:56:44 - [TEST_CASE][PASSED] - Test Cases/getEmployable/getEmployable Random/launchSite: Test Cases/getEmployable/getEmployable Random/launchSite

2019-07-23 10:56:45 - [TEST_STEP][PASSED] - comment("Opening getEmployable application"): Opening getEmployable application

2019-07-23 10:56:45 - [MESSAGE][INFO] - Opening getEmployable application

2019-07-23 10:56:45 - [TEST_STEP][PASSED] - openBrowser(""): Browser is opened with url: ''

2019-07-23 10:56:45 - [MESSAGE][INFO] - Starting 'Chrome' driver

2019-07-23 10:56:45 - [MESSAGE][INFO] - Action delay is set to 0 seconds

2019-07-23 10:56:48 - [MESSAGE][PASSED] - Browser is opened with url: ''

2019-07-23 10:56:48 - [TEST_STEP][PASSED] - navigateToUrl(findTestData("getEmployable/URL").getValue(1, 1)): Navigate to 'https://uat.getemployable.org/gef-assessment' successfully

2019-07-23 10:56:52 - [MESSAGE][PASSED] - Navigate to 'https://uat.getemployable.org/gef-assessment' successfully

2019-07-23 10:56:52 - [TEST_STEP][PASSED] - maximizeWindow(): Current window maximized

2019-07-23 10:56:53 - [MESSAGE][PASSED] - Current window maximized

2019-07-23 10:56:53 - [TEST_STEP][PASSED] - verifyElementPresent(findTestObject("getEmployable/form"), 10, STOP_ON_FAILURE): Object 'Object Repository/getEmployable/form' is present

2019-07-23 10:56:53 - [MESSAGE][PASSED] - Object 'Object Repository/getEmployable/form' is present

2019-07-23 10:56:53 - [TEST_STEP][PASSED] - delay(5): Delayed 5 second(s)

2019-07-23 10:56:58 - [MESSAGE][PASSED] - Delayed 5 second(s)]]></system-out>
         <system-err><![CDATA[]]></system-err>
      </testcase>
      <testcase name="Test Cases/getEmployable/getEmployable Random/aboutYou" classname="Test Cases/getEmployable/getEmployable Random/aboutYou" status="PASSED">
         <system-out><![CDATA[2019-07-23 10:56:58 - [TEST_CASE][PASSED] - Test Cases/getEmployable/getEmployable Random/aboutYou: Test Cases/getEmployable/getEmployable Random/aboutYou

2019-07-23 10:56:58 - [TEST_STEP][PASSED] - comment("Enter aboutYou page details"): Enter aboutYou page details

2019-07-23 10:56:58 - [MESSAGE][INFO] - Enter aboutYou page details

2019-07-23 10:56:58 - [TEST_STEP][PASSED] - rad = new java.util.Random(): null

2019-07-23 10:56:58 - [TEST_STEP][PASSED] - setText(findTestObject("getEmployable/input_First Name"), findTestData("getEmployable/Applicants").getValue(1, 1)): Text 'Asha' is set on object 'Object Repository/getEmployable/input_First Name'

2019-07-23 10:56:59 - [MESSAGE][PASSED] - Text 'Asha' is set on object 'Object Repository/getEmployable/input_First Name'

2019-07-23 10:56:59 - [TEST_STEP][PASSED] - setText(findTestObject("getEmployable/input_Last name"), findTestData("getEmployable/Applicants").getValue(2, 1)): Text 'Rajendran' is set on object 'Object Repository/getEmployable/input_Last name'

2019-07-23 10:56:59 - [MESSAGE][PASSED] - Text 'Rajendran' is set on object 'Object Repository/getEmployable/input_Last name'

2019-07-23 10:56:59 - [TEST_STEP][PASSED] - Email = rad.nextInt(2000): null

2019-07-23 10:56:59 - [TEST_STEP][PASSED] - setText(findTestObject("getEmployable/input_University Email"), "test" + Email + "@ac.uk"): Text 'test1491@ac.uk' is set on object 'Object Repository/getEmployable/input_University Email'

2019-07-23 10:56:59 - [MESSAGE][PASSED] - Text 'test1491@ac.uk' is set on object 'Object Repository/getEmployable/input_University Email'

2019-07-23 10:56:59 - [TEST_STEP][PASSED] - setText(findTestObject("getEmployable/input_Personal Email"), "personal" + Email + "@test.com"): Text 'personal1491@test.com' is set on object 'Object Repository/getEmployable/input_Personal Email'

2019-07-23 10:56:59 - [MESSAGE][PASSED] - Text 'personal1491@test.com' is set on object 'Object Repository/getEmployable/input_Personal Email'

2019-07-23 10:56:59 - [TEST_STEP][PASSED] - setText(findTestObject("getEmployable/input_Phone Number"), findTestData("getEmployable/Applicants").getValue(5, 1)): Text '08125648521' is set on object 'Object Repository/getEmployable/input_Phone Number'

2019-07-23 10:57:00 - [MESSAGE][PASSED] - Text '08125648521' is set on object 'Object Repository/getEmployable/input_Phone Number'

2019-07-23 10:57:00 - [TEST_STEP][PASSED] - delay(10): Delayed 10 second(s)

2019-07-23 10:57:10 - [MESSAGE][PASSED] - Delayed 10 second(s)

2019-07-23 10:57:10 - [TEST_STEP][PASSED] - click(findTestObject("getEmployable/input_date Of Birth"), STOP_ON_FAILURE): Object: 'Object Repository/getEmployable/input_date Of Birth' is clicked on

2019-07-23 10:57:10 - [MESSAGE][PASSED] - Object: 'Object Repository/getEmployable/input_date Of Birth' is clicked on

2019-07-23 10:57:10 - [TEST_STEP][PASSED] - click(findTestObject("ApplyNow/Page_getEmployable - Assessment Form/a_04")): Object: 'Object Repository/ApplyNow/Page_getEmployable - Assessment Form/a_04' is clicked on

2019-07-23 10:57:11 - [MESSAGE][PASSED] - Object: 'Object Repository/ApplyNow/Page_getEmployable - Assessment Form/a_04' is clicked on

2019-07-23 10:57:11 - [TEST_STEP][PASSED] - delay(5): Delayed 5 second(s)

2019-07-23 10:57:16 - [MESSAGE][PASSED] - Delayed 5 second(s)

2019-07-23 10:57:16 - [TEST_STEP][PASSED] - click(findTestObject("getEmployable/gender")): Object: 'Object Repository/getEmployable/gender' is clicked on

2019-07-23 10:57:16 - [MESSAGE][PASSED] - Object: 'Object Repository/getEmployable/gender' is clicked on

2019-07-23 10:57:16 - [TEST_STEP][PASSED] - click(findTestObject("getEmployable/input_Other_next")): Object: 'Object Repository/getEmployable/input_Other_next' is clicked on

2019-07-23 10:57:16 - [MESSAGE][PASSED] - Object: 'Object Repository/getEmployable/input_Other_next' is clicked on

2019-07-23 10:57:16 - [TEST_STEP][PASSED] - delay(5): Delayed 5 second(s)

2019-07-23 10:57:21 - [MESSAGE][PASSED] - Delayed 5 second(s)]]></system-out>
         <system-err><![CDATA[]]></system-err>
      </testcase>
      <testcase name="Test Cases/getEmployable/getEmployable Random/yourUniversity" classname="Test Cases/getEmployable/getEmployable Random/yourUniversity" status="PASSED">
         <system-out><![CDATA[2019-07-23 10:57:21 - [TEST_CASE][PASSED] - Test Cases/getEmployable/getEmployable Random/yourUniversity: Test Cases/getEmployable/getEmployable Random/yourUniversity

2019-07-23 10:57:21 - [TEST_STEP][PASSED] - comment("Enter Your University Details"): Enter Your University Details

2019-07-23 10:57:21 - [MESSAGE][INFO] - Enter Your University Details

2019-07-23 10:57:21 - [TEST_STEP][PASSED] - UniversityTotalOption = getNumberOfTotalOption(findTestObject("getEmployable/select_University")): 155 options of object 'Object Repository/getEmployable/select_University' counted

2019-07-23 10:57:21 - [MESSAGE][PASSED] - 155 options of object 'Object Repository/getEmployable/select_University' counted

2019-07-23 10:57:21 - [TEST_STEP][PASSED] - rad = new java.util.Random(): null

2019-07-23 10:57:21 - [TEST_STEP][PASSED] - UniversityCount = 1 + rad.nextInt(UniversityTotalOption - 1): null

2019-07-23 10:57:21 - [TEST_STEP][PASSED] - selectOptionByIndex(findTestObject("getEmployable/select_University"), UniversityCount): All options with index in [28] are selected on object 'Object Repository/getEmployable/select_University'

2019-07-23 10:57:22 - [MESSAGE][PASSED] - All options with index in [28] are selected on object 'Object Repository/getEmployable/select_University'

2019-07-23 10:57:22 - [TEST_STEP][PASSED] - UniversityCourseTotalOption = getNumberOfTotalOption(findTestObject("getEmployable/select_UniversityCourse")): 96 options of object 'Object Repository/getEmployable/select_UniversityCourse' counted

2019-07-23 10:57:22 - [MESSAGE][PASSED] - 96 options of object 'Object Repository/getEmployable/select_UniversityCourse' counted

2019-07-23 10:57:22 - [TEST_STEP][PASSED] - UniveristyCourseCount = rad.nextInt(UniversityCourseTotalOption): null

2019-07-23 10:57:22 - [TEST_STEP][PASSED] - selectOptionByIndex(findTestObject("getEmployable/select_UniversityCourse"), UniveristyCourseCount): All options with index in [43] are selected on object 'Object Repository/getEmployable/select_UniversityCourse'

2019-07-23 10:57:22 - [MESSAGE][PASSED] - All options with index in [43] are selected on object 'Object Repository/getEmployable/select_UniversityCourse'

2019-07-23 10:57:22 - [TEST_STEP][PASSED] - if (UniveristyCourseCount == 96): null

2019-07-23 10:57:22 - [TEST_STEP][PASSED] - delay(5): Delayed 5 second(s)

2019-07-23 10:57:27 - [MESSAGE][PASSED] - Delayed 5 second(s)

2019-07-23 10:57:27 - [TEST_STEP][PASSED] - DegreeTotalOptions = getNumberOfTotalOption(findTestObject("getEmployable/select_Degree")): 10 options of object 'Object Repository/getEmployable/select_Degree' counted

2019-07-23 10:57:27 - [MESSAGE][PASSED] - 10 options of object 'Object Repository/getEmployable/select_Degree' counted

2019-07-23 10:57:27 - [TEST_STEP][PASSED] - DegreeCount = 1 + rad.nextInt(DegreeTotalOptions - 1): null

2019-07-23 10:57:27 - [TEST_STEP][PASSED] - selectOptionByIndex(findTestObject("getEmployable/select_Degree"), DegreeCount): All options with index in [9] are selected on object 'Object Repository/getEmployable/select_Degree'

2019-07-23 10:57:27 - [MESSAGE][PASSED] - All options with index in [9] are selected on object 'Object Repository/getEmployable/select_Degree'

2019-07-23 10:57:27 - [TEST_STEP][PASSED] - CourseDurationTotalOptions = getNumberOfTotalOption(findTestObject("getEmployable/select_CourseDuration")): 7 options of object 'Object Repository/getEmployable/select_CourseDuration' counted

2019-07-23 10:57:28 - [MESSAGE][PASSED] - 7 options of object 'Object Repository/getEmployable/select_CourseDuration' counted

2019-07-23 10:57:28 - [TEST_STEP][PASSED] - CourseDurationCount = 1 + rad.nextInt(CourseDurationTotalOptions - 1): null

2019-07-23 10:57:28 - [TEST_STEP][PASSED] - selectOptionByIndex(findTestObject("getEmployable/select_CourseDuration"), CourseDurationCount): All options with index in [1] are selected on object 'Object Repository/getEmployable/select_CourseDuration'

2019-07-23 10:57:28 - [MESSAGE][PASSED] - All options with index in [1] are selected on object 'Object Repository/getEmployable/select_CourseDuration'

2019-07-23 10:57:28 - [TEST_STEP][PASSED] - selectOptionByIndex(findTestObject("getEmployable/select_YearOfStudy"), CourseDurationCount): All options with index in [1] are selected on object 'Object Repository/getEmployable/select_YearOfStudy'

2019-07-23 10:57:28 - [MESSAGE][PASSED] - All options with index in [1] are selected on object 'Object Repository/getEmployable/select_YearOfStudy'

2019-07-23 10:57:28 - [TEST_STEP][PASSED] - click(findTestObject("getEmployable/select_FullTime")): Object: 'Object Repository/getEmployable/select_FullTime' is clicked on

2019-07-23 10:57:28 - [MESSAGE][PASSED] - Object: 'Object Repository/getEmployable/select_FullTime' is clicked on

2019-07-23 10:57:28 - [TEST_STEP][PASSED] - delay(10): Delayed 10 second(s)

2019-07-23 10:57:38 - [MESSAGE][PASSED] - Delayed 10 second(s)

2019-07-23 10:57:38 - [TEST_STEP][PASSED] - click(findTestObject("getEmployable/button_NextUniversity")): Object: 'Object Repository/getEmployable/button_NextUniversity' is clicked on

2019-07-23 10:57:38 - [MESSAGE][PASSED] - Object: 'Object Repository/getEmployable/button_NextUniversity' is clicked on

2019-07-23 10:57:38 - [TEST_STEP][PASSED] - delay(2): Delayed 2 second(s)

2019-07-23 10:57:40 - [MESSAGE][PASSED] - Delayed 2 second(s)]]></system-out>
         <system-err><![CDATA[]]></system-err>
      </testcase>
      <testcase name="Test Cases/getEmployable/getEmployable Random/Employee pages/Emp page 1" classname="Test Cases/getEmployable/getEmployable Random/Employee pages/Emp page 1" status="PASSED">
         <system-out><![CDATA[2019-07-23 10:57:40 - [TEST_CASE][PASSED] - Test Cases/getEmployable/getEmployable Random/Employee pages/Emp page 1: Test Cases/getEmployable/getEmployable Random/Employee pages/Emp page 1

2019-07-23 10:57:40 - [TEST_STEP][PASSED] - comment("Enter Employee page 1 details"): Enter Employee page 1 details

2019-07-23 10:57:40 - [MESSAGE][INFO] - Enter Employee page 1 details

2019-07-23 10:57:40 - [TEST_STEP][PASSED] - click(findTestObject("Employee details/Employee pages/Emp page 1/Page_getEmployable - Assessment Form/input_Under 3 months_option_question_32")): Object: 'Object Repository/Employee details/Employee pages/Emp page 1/Page_getEmployable - Assessment Form/input_Under 3 months_option_question_32' is clicked on

2019-07-23 10:57:40 - [MESSAGE][PASSED] - Object: 'Object Repository/Employee details/Employee pages/Emp page 1/Page_getEmployable - Assessment Form/input_Under 3 months_option_question_32' is clicked on

2019-07-23 10:57:40 - [TEST_STEP][PASSED] - click(findTestObject("Employee details/Employee pages/Emp page 1/Page_getEmployable - Assessment Form/input_Under 3 months_option_question_33")): Object: 'Object Repository/Employee details/Employee pages/Emp page 1/Page_getEmployable - Assessment Form/input_Under 3 months_option_question_33' is clicked on

2019-07-23 10:57:41 - [MESSAGE][PASSED] - Object: 'Object Repository/Employee details/Employee pages/Emp page 1/Page_getEmployable - Assessment Form/input_Under 3 months_option_question_33' is clicked on

2019-07-23 10:57:41 - [TEST_STEP][PASSED] - click(findTestObject("Employee details/Employee pages/Emp page 1/Page_getEmployable - Assessment Form/input_None_option_question_34")): Object: 'Object Repository/Employee details/Employee pages/Emp page 1/Page_getEmployable - Assessment Form/input_None_option_question_34' is clicked on

2019-07-23 10:57:41 - [MESSAGE][PASSED] - Object: 'Object Repository/Employee details/Employee pages/Emp page 1/Page_getEmployable - Assessment Form/input_None_option_question_34' is clicked on

2019-07-23 10:57:41 - [TEST_STEP][PASSED] - click(findTestObject("Employee details/Employee pages/Emp page 1/Page_getEmployable - Assessment Form/input_None_option_question_35")): Object: 'Object Repository/Employee details/Employee pages/Emp page 1/Page_getEmployable - Assessment Form/input_None_option_question_35' is clicked on

2019-07-23 10:57:41 - [MESSAGE][PASSED] - Object: 'Object Repository/Employee details/Employee pages/Emp page 1/Page_getEmployable - Assessment Form/input_None_option_question_35' is clicked on

2019-07-23 10:57:41 - [TEST_STEP][PASSED] - click(findTestObject("Employee details/Employee pages/Emp page 1/Page_getEmployable - Assessment Form/input_Yes typically averaging at least 1-2 hours per week for the last year or more._option_question_36")): Object: 'Object Repository/Employee details/Employee pages/Emp page 1/Page_getEmployable - Assessment Form/input_Yes typically averaging at least 1-2 hours per week for the last year or more._option_question_36' is clicked on

2019-07-23 10:57:41 - [MESSAGE][PASSED] - Object: 'Object Repository/Employee details/Employee pages/Emp page 1/Page_getEmployable - Assessment Form/input_Yes typically averaging at least 1-2 hours per week for the last year or more._option_question_36' is clicked on

2019-07-23 10:57:41 - [TEST_STEP][PASSED] - click(findTestObject("Employee details/Employee pages/Emp page 1/Page_getEmployable - Assessment Form/input_None_option_question_37")): Object: 'Object Repository/Employee details/Employee pages/Emp page 1/Page_getEmployable - Assessment Form/input_None_option_question_37' is clicked on

2019-07-23 10:57:41 - [MESSAGE][PASSED] - Object: 'Object Repository/Employee details/Employee pages/Emp page 1/Page_getEmployable - Assessment Form/input_None_option_question_37' is clicked on

2019-07-23 10:57:41 - [TEST_STEP][PASSED] - click(findTestObject("Employee details/Employee pages/Emp page 1/Page_getEmployable - Assessment Form/input_None_option_question_38")): Object: 'Object Repository/Employee details/Employee pages/Emp page 1/Page_getEmployable - Assessment Form/input_None_option_question_38' is clicked on

2019-07-23 10:57:41 - [MESSAGE][PASSED] - Object: 'Object Repository/Employee details/Employee pages/Emp page 1/Page_getEmployable - Assessment Form/input_None_option_question_38' is clicked on

2019-07-23 10:57:41 - [TEST_STEP][PASSED] - click(findTestObject("Employee details/Employee pages/Emp page 1/Page_getEmployable - Assessment Form/input_None_option_question_39")): Object: 'Object Repository/Employee details/Employee pages/Emp page 1/Page_getEmployable - Assessment Form/input_None_option_question_39' is clicked on

2019-07-23 10:57:41 - [MESSAGE][PASSED] - Object: 'Object Repository/Employee details/Employee pages/Emp page 1/Page_getEmployable - Assessment Form/input_None_option_question_39' is clicked on

2019-07-23 10:57:41 - [TEST_STEP][PASSED] - click(findTestObject("Employee details/Employee pages/Emp page 1/Page_getEmployable - Assessment Form/input_Yes - mainly to work_option_question_40")): Object: 'Object Repository/Employee details/Employee pages/Emp page 1/Page_getEmployable - Assessment Form/input_Yes - mainly to work_option_question_40' is clicked on

2019-07-23 10:57:41 - [MESSAGE][PASSED] - Object: 'Object Repository/Employee details/Employee pages/Emp page 1/Page_getEmployable - Assessment Form/input_Yes - mainly to work_option_question_40' is clicked on

2019-07-23 10:57:41 - [TEST_STEP][PASSED] - click(findTestObject("Employee details/Employee pages/Emp page 1/Page_getEmployable - Assessment Form/input_Interview(s) with Careers Advisor_option_question_41")): Object: 'Object Repository/Employee details/Employee pages/Emp page 1/Page_getEmployable - Assessment Form/input_Interview(s) with Careers Advisor_option_question_41' is clicked on

2019-07-23 10:57:41 - [MESSAGE][PASSED] - Object: 'Object Repository/Employee details/Employee pages/Emp page 1/Page_getEmployable - Assessment Form/input_Interview(s) with Careers Advisor_option_question_41' is clicked on

2019-07-23 10:57:41 - [TEST_STEP][PASSED] - click(findTestObject("Employee details/Employee pages/Emp page 1/Page_getEmployable - Assessment Form/input_Very helpful_followup_question_4")): Object: 'Object Repository/Employee details/Employee pages/Emp page 1/Page_getEmployable - Assessment Form/input_Very helpful_followup_question_4' is clicked on

2019-07-23 10:57:41 - [MESSAGE][PASSED] - Object: 'Object Repository/Employee details/Employee pages/Emp page 1/Page_getEmployable - Assessment Form/input_Very helpful_followup_question_4' is clicked on

2019-07-23 10:57:41 - [TEST_STEP][PASSED] - click(findTestObject("Employee details/Employee pages/Emp page 1/Page_getEmployable - Assessment Form/input_Knowledgable about some relevant careers._option_question_43")): Object: 'Object Repository/Employee details/Employee pages/Emp page 1/Page_getEmployable - Assessment Form/input_Knowledgable about some relevant careers._option_question_43' is clicked on

2019-07-23 10:57:42 - [MESSAGE][PASSED] - Object: 'Object Repository/Employee details/Employee pages/Emp page 1/Page_getEmployable - Assessment Form/input_Knowledgable about some relevant careers._option_question_43' is clicked on

2019-07-23 10:57:42 - [TEST_STEP][PASSED] - click(findTestObject("Employee details/Employee pages/Emp page 1/Page_getEmployable - Assessment Form/input_Yes they helped me a little_option_question_44")): Object: 'Object Repository/Employee details/Employee pages/Emp page 1/Page_getEmployable - Assessment Form/input_Yes they helped me a little_option_question_44' is clicked on

2019-07-23 10:57:42 - [MESSAGE][PASSED] - Object: 'Object Repository/Employee details/Employee pages/Emp page 1/Page_getEmployable - Assessment Form/input_Yes they helped me a little_option_question_44' is clicked on

2019-07-23 10:57:42 - [TEST_STEP][PASSED] - click(findTestObject("Employee details/Employee pages/Emp page 1/Page_getEmployable - Assessment Form/input_My family_option_question_46")): Object: 'Object Repository/Employee details/Employee pages/Emp page 1/Page_getEmployable - Assessment Form/input_My family_option_question_46' is clicked on

2019-07-23 10:57:42 - [MESSAGE][PASSED] - Object: 'Object Repository/Employee details/Employee pages/Emp page 1/Page_getEmployable - Assessment Form/input_My family_option_question_46' is clicked on

2019-07-23 10:57:42 - [TEST_STEP][PASSED] - click(findTestObject("Employee details/Employee pages/Emp page 1/Page_getEmployable - Assessment Form/input_Friends of my family have helped me secure useful work experience._option_question_47")): Object: 'Object Repository/Employee details/Employee pages/Emp page 1/Page_getEmployable - Assessment Form/input_Friends of my family have helped me secure useful work experience._option_question_47' is clicked on

2019-07-23 10:57:42 - [MESSAGE][PASSED] - Object: 'Object Repository/Employee details/Employee pages/Emp page 1/Page_getEmployable - Assessment Form/input_Friends of my family have helped me secure useful work experience._option_question_47' is clicked on

2019-07-23 10:57:42 - [TEST_STEP][PASSED] - click(findTestObject("Employee details/Employee pages/Emp page 1/Page_getEmployable - Assessment Form/span_None of these_fa fa-angle-right fa-2x")): Object: 'Object Repository/Employee details/Employee pages/Emp page 1/Page_getEmployable - Assessment Form/span_None of these_fa fa-angle-right fa-2x' is clicked on

2019-07-23 10:57:42 - [MESSAGE][PASSED] - Object: 'Object Repository/Employee details/Employee pages/Emp page 1/Page_getEmployable - Assessment Form/span_None of these_fa fa-angle-right fa-2x' is clicked on]]></system-out>
         <system-err><![CDATA[]]></system-err>
      </testcase>
      <testcase name="Test Cases/getEmployable/getEmployable Random/Employee pages/Emp page 2" classname="Test Cases/getEmployable/getEmployable Random/Employee pages/Emp page 2" status="PASSED">
         <system-out><![CDATA[2019-07-23 10:57:42 - [TEST_CASE][PASSED] - Test Cases/getEmployable/getEmployable Random/Employee pages/Emp page 2: Test Cases/getEmployable/getEmployable Random/Employee pages/Emp page 2

2019-07-23 10:57:42 - [TEST_STEP][PASSED] - comment("Enter Employee page 2 details"): Enter Employee page 2 details

2019-07-23 10:57:42 - [MESSAGE][INFO] - Enter Employee page 2 details

2019-07-23 10:57:42 - [TEST_STEP][PASSED] - delay(5): Delayed 5 second(s)

2019-07-23 10:57:47 - [MESSAGE][PASSED] - Delayed 5 second(s)

2019-07-23 10:57:47 - [TEST_STEP][PASSED] - click(findTestObject("Employee details/Employee pages/Emp page 2/Page_getEmployable - Assessment Form/input_I dont know much about any careers  suited to me._option_question_19")): Object: 'Object Repository/Employee details/Employee pages/Emp page 2/Page_getEmployable - Assessment Form/input_I dont know much about any careers  suited to me._option_question_19' is clicked on

2019-07-23 10:57:47 - [MESSAGE][PASSED] - Object: 'Object Repository/Employee details/Employee pages/Emp page 2/Page_getEmployable - Assessment Form/input_I dont know much about any careers  suited to me._option_question_19' is clicked on

2019-07-23 10:57:47 - [TEST_STEP][PASSED] - click(findTestObject("Employee details/Employee pages/Emp page 2/Page_getEmployable - Assessment Form/input_concat(No I don  t know which career is best for me.)_option_question_24")): Object: 'Object Repository/Employee details/Employee pages/Emp page 2/Page_getEmployable - Assessment Form/input_concat(No I don  t know which career is best for me.)_option_question_24' is clicked on

2019-07-23 10:57:47 - [MESSAGE][PASSED] - Object: 'Object Repository/Employee details/Employee pages/Emp page 2/Page_getEmployable - Assessment Form/input_concat(No I don  t know which career is best for me.)_option_question_24' is clicked on

2019-07-23 10:57:47 - [TEST_STEP][PASSED] - click(findTestObject("Employee details/Employee pages/Emp page 2/Page_getEmployable - Assessment Form/input_The general application process for graduate jobs (and internships if applicable)._option_question_30")): Object: 'Object Repository/Employee details/Employee pages/Emp page 2/Page_getEmployable - Assessment Form/input_The general application process for graduate jobs (and internships if applicable)._option_question_30' is clicked on

2019-07-23 10:57:47 - [MESSAGE][PASSED] - Object: 'Object Repository/Employee details/Employee pages/Emp page 2/Page_getEmployable - Assessment Form/input_The general application process for graduate jobs (and internships if applicable)._option_question_30' is clicked on

2019-07-23 10:57:47 - [TEST_STEP][PASSED] - click(findTestObject("Employee details/Employee pages/Emp page 2/Page_getEmployable - Assessment Form/input_The career trajectory including how promotion is achieved and the pay at each level._option_question_31")): Object: 'Object Repository/Employee details/Employee pages/Emp page 2/Page_getEmployable - Assessment Form/input_The career trajectory including how promotion is achieved and the pay at each level._option_question_31' is clicked on

2019-07-23 10:57:48 - [MESSAGE][PASSED] - Object: 'Object Repository/Employee details/Employee pages/Emp page 2/Page_getEmployable - Assessment Form/input_The career trajectory including how promotion is achieved and the pay at each level._option_question_31' is clicked on

2019-07-23 10:57:48 - [TEST_STEP][PASSED] - click(findTestObject("Employee details/Employee pages/Emp page 2/Page_getEmployable - Assessment Form/span_Not applicable or none of these_fa fa-angle-right fa-2x")): Object: 'Object Repository/Employee details/Employee pages/Emp page 2/Page_getEmployable - Assessment Form/span_Not applicable or none of these_fa fa-angle-right fa-2x' is clicked on

2019-07-23 10:57:48 - [MESSAGE][PASSED] - Object: 'Object Repository/Employee details/Employee pages/Emp page 2/Page_getEmployable - Assessment Form/span_Not applicable or none of these_fa fa-angle-right fa-2x' is clicked on]]></system-out>
         <system-err><![CDATA[]]></system-err>
      </testcase>
      <testcase name="Test Cases/getEmployable/getEmployable Random/Employee pages/Emp page 3" classname="Test Cases/getEmployable/getEmployable Random/Employee pages/Emp page 3" status="PASSED">
         <system-out><![CDATA[2019-07-23 10:57:48 - [TEST_CASE][PASSED] - Test Cases/getEmployable/getEmployable Random/Employee pages/Emp page 3: Test Cases/getEmployable/getEmployable Random/Employee pages/Emp page 3

2019-07-23 10:57:48 - [TEST_STEP][PASSED] - comment("Enter Employee page 3 details"): Enter Employee page 3 details

2019-07-23 10:57:48 - [MESSAGE][INFO] - Enter Employee page 3 details

2019-07-23 10:57:48 - [TEST_STEP][PASSED] - delay(5): Delayed 5 second(s)

2019-07-23 10:57:53 - [MESSAGE][PASSED] - Delayed 5 second(s)

2019-07-23 10:57:53 - [TEST_STEP][PASSED] - click(findTestObject("getEmployable/Employee details/21-05-2019/Emp page 3/Page_getEmployable - Assessment Form/input_Application  Interview Skills_option_question_50")): Object: 'Object Repository/getEmployable/Employee details/21-05-2019/Emp page 3/Page_getEmployable - Assessment Form/input_Application  Interview Skills_option_question_50' is clicked on

2019-07-23 10:57:53 - [MESSAGE][PASSED] - Object: 'Object Repository/getEmployable/Employee details/21-05-2019/Emp page 3/Page_getEmployable - Assessment Form/input_Application  Interview Skills_option_question_50' is clicked on

2019-07-23 10:57:53 - [TEST_STEP][PASSED] - click(findTestObject("Journey,background details/Emp page 3/Page_getEmployable - Assessment Form/input_No_option_question_51")): Object: 'Object Repository/Journey,background details/Emp page 3/Page_getEmployable - Assessment Form/input_No_option_question_51' is clicked on

2019-07-23 10:57:53 - [MESSAGE][PASSED] - Object: 'Object Repository/Journey,background details/Emp page 3/Page_getEmployable - Assessment Form/input_No_option_question_51' is clicked on

2019-07-23 10:57:53 - [TEST_STEP][PASSED] - click(findTestObject("Journey,background details/Emp page 3/Page_getEmployable - Assessment Form/input_Yes - other technique_option_question_52")): Object: 'Object Repository/Journey,background details/Emp page 3/Page_getEmployable - Assessment Form/input_Yes - other technique_option_question_52' is clicked on

2019-07-23 10:57:53 - [MESSAGE][PASSED] - Object: 'Object Repository/Journey,background details/Emp page 3/Page_getEmployable - Assessment Form/input_Yes - other technique_option_question_52' is clicked on

2019-07-23 10:57:53 - [TEST_STEP][PASSED] - click(findTestObject("Journey,background details/Emp page 3/Page_getEmployable - Assessment Form/span_None of the above_fa fa-angle-right fa-2x")): Object: 'Object Repository/Journey,background details/Emp page 3/Page_getEmployable - Assessment Form/span_None of the above_fa fa-angle-right fa-2x' is clicked on

2019-07-23 10:57:53 - [MESSAGE][PASSED] - Object: 'Object Repository/Journey,background details/Emp page 3/Page_getEmployable - Assessment Form/span_None of the above_fa fa-angle-right fa-2x' is clicked on]]></system-out>
         <system-err><![CDATA[]]></system-err>
      </testcase>
      <testcase name="Test Cases/getEmployable/getEmployable Random/Employee pages/Emp page 4" classname="Test Cases/getEmployable/getEmployable Random/Employee pages/Emp page 4" status="PASSED">
         <system-out><![CDATA[2019-07-23 10:57:53 - [TEST_CASE][PASSED] - Test Cases/getEmployable/getEmployable Random/Employee pages/Emp page 4: Test Cases/getEmployable/getEmployable Random/Employee pages/Emp page 4

2019-07-23 10:57:53 - [TEST_STEP][PASSED] - comment("Enter Employee page 4 details"): Enter Employee page 4 details

2019-07-23 10:57:53 - [MESSAGE][INFO] - Enter Employee page 4 details

2019-07-23 10:57:53 - [TEST_STEP][PASSED] - delay(5): Delayed 5 second(s)

2019-07-23 10:57:58 - [MESSAGE][PASSED] - Delayed 5 second(s)

2019-07-23 10:57:58 - [TEST_STEP][PASSED] - click(findTestObject("Employee details/Employee pages/Emp page 4/Page_getEmployable - Assessment Form/input_Communication_option_question_14")): Object: 'Object Repository/Employee details/Employee pages/Emp page 4/Page_getEmployable - Assessment Form/input_Communication_option_question_14' is clicked on

2019-07-23 10:57:59 - [MESSAGE][PASSED] - Object: 'Object Repository/Employee details/Employee pages/Emp page 4/Page_getEmployable - Assessment Form/input_Communication_option_question_14' is clicked on

2019-07-23 10:57:59 - [TEST_STEP][PASSED] - click(findTestObject("Employee details/Employee pages/Emp page 4/Page_getEmployable - Assessment Form/input_None of these_option_question_15")): Object: 'Object Repository/Employee details/Employee pages/Emp page 4/Page_getEmployable - Assessment Form/input_None of these_option_question_15' is clicked on

2019-07-23 10:57:59 - [MESSAGE][PASSED] - Object: 'Object Repository/Employee details/Employee pages/Emp page 4/Page_getEmployable - Assessment Form/input_None of these_option_question_15' is clicked on

2019-07-23 10:57:59 - [TEST_STEP][PASSED] - click(findTestObject("Employee details/Employee pages/Emp page 4/Page_getEmployable - Assessment Form/input_None of these_option_question_16")): Object: 'Object Repository/Employee details/Employee pages/Emp page 4/Page_getEmployable - Assessment Form/input_None of these_option_question_16' is clicked on

2019-07-23 10:57:59 - [MESSAGE][PASSED] - Object: 'Object Repository/Employee details/Employee pages/Emp page 4/Page_getEmployable - Assessment Form/input_None of these_option_question_16' is clicked on

2019-07-23 10:57:59 - [TEST_STEP][PASSED] - click(findTestObject("Employee details/Employee pages/Emp page 4/Page_getEmployable - Assessment Form/span_I can identify some habits that prevent me working at my best but find it hard to address them._fa fa-angle-right fa-2x")): Object: 'Object Repository/Employee details/Employee pages/Emp page 4/Page_getEmployable - Assessment Form/span_I can identify some habits that prevent me working at my best but find it hard to address them._fa fa-angle-right fa-2x' is clicked on

2019-07-23 10:57:59 - [MESSAGE][PASSED] - Object: 'Object Repository/Employee details/Employee pages/Emp page 4/Page_getEmployable - Assessment Form/span_I can identify some habits that prevent me working at my best but find it hard to address them._fa fa-angle-right fa-2x' is clicked on]]></system-out>
         <system-err><![CDATA[]]></system-err>
      </testcase>
      <testcase name="Test Cases/getEmployable/getEmployable Random/Employee pages/Emp page 5" classname="Test Cases/getEmployable/getEmployable Random/Employee pages/Emp page 5" status="PASSED">
         <system-out><![CDATA[2019-07-23 10:57:59 - [TEST_CASE][PASSED] - Test Cases/getEmployable/getEmployable Random/Employee pages/Emp page 5: Test Cases/getEmployable/getEmployable Random/Employee pages/Emp page 5

2019-07-23 10:57:59 - [TEST_STEP][PASSED] - comment("Enter Employee page 5 details"): Enter Employee page 5 details

2019-07-23 10:57:59 - [MESSAGE][INFO] - Enter Employee page 5 details

2019-07-23 10:57:59 - [TEST_STEP][PASSED] - delay(5): Delayed 5 second(s)

2019-07-23 10:58:04 - [MESSAGE][PASSED] - Delayed 5 second(s)

2019-07-23 10:58:04 - [TEST_STEP][PASSED] - click(findTestObject("Employee details/Employee pages/Emp page 5/Page_getEmployable - Assessment Form/input_Prefect_option_question_1")): Object: 'Object Repository/Employee details/Employee pages/Emp page 5/Page_getEmployable - Assessment Form/input_Prefect_option_question_1' is clicked on

2019-07-23 10:58:04 - [MESSAGE][PASSED] - Object: 'Object Repository/Employee details/Employee pages/Emp page 5/Page_getEmployable - Assessment Form/input_Prefect_option_question_1' is clicked on

2019-07-23 10:58:04 - [TEST_STEP][PASSED] - click(findTestObject("Employee details/Employee pages/Emp page 5/Page_getEmployable - Assessment Form/input_Position on a society committee such as Treasurer or Social Secretary of RAG._option_question_8")): Object: 'Object Repository/Employee details/Employee pages/Emp page 5/Page_getEmployable - Assessment Form/input_Position on a society committee such as Treasurer or Social Secretary of RAG._option_question_8' is clicked on

2019-07-23 10:58:04 - [MESSAGE][PASSED] - Object: 'Object Repository/Employee details/Employee pages/Emp page 5/Page_getEmployable - Assessment Form/input_Position on a society committee such as Treasurer or Social Secretary of RAG._option_question_8' is clicked on

2019-07-23 10:58:04 - [TEST_STEP][PASSED] - click(findTestObject("Employee details/Employee pages/Emp page 5/Page_getEmployable - Assessment Form/input_None_option_question_9")): Object: 'Object Repository/Employee details/Employee pages/Emp page 5/Page_getEmployable - Assessment Form/input_None_option_question_9' is clicked on

2019-07-23 10:58:04 - [MESSAGE][PASSED] - Object: 'Object Repository/Employee details/Employee pages/Emp page 5/Page_getEmployable - Assessment Form/input_None_option_question_9' is clicked on

2019-07-23 10:58:04 - [TEST_STEP][PASSED] - click(findTestObject("Employee details/Employee pages/Emp page 5/Page_getEmployable - Assessment Form/span_Founder of a business or project_fa fa-angle-right fa-2x")): Object: 'Object Repository/Employee details/Employee pages/Emp page 5/Page_getEmployable - Assessment Form/span_Founder of a business or project_fa fa-angle-right fa-2x' is clicked on

2019-07-23 10:58:05 - [MESSAGE][PASSED] - Object: 'Object Repository/Employee details/Employee pages/Emp page 5/Page_getEmployable - Assessment Form/span_Founder of a business or project_fa fa-angle-right fa-2x' is clicked on]]></system-out>
         <system-err><![CDATA[]]></system-err>
      </testcase>
      <testcase name="Test Cases/getEmployable/getEmployable Random/Employee pages/Emp page 6,7" classname="Test Cases/getEmployable/getEmployable Random/Employee pages/Emp page 6,7" status="PASSED">
         <system-out><![CDATA[2019-07-23 10:58:05 - [TEST_CASE][PASSED] - Test Cases/getEmployable/getEmployable Random/Employee pages/Emp page 6,7: Test Cases/getEmployable/getEmployable Random/Employee pages/Emp page 6,7

2019-07-23 10:58:05 - [TEST_STEP][PASSED] - comment("Enter Employee page 6,7 details"): Enter Employee page 6,7 details

2019-07-23 10:58:05 - [MESSAGE][INFO] - Enter Employee page 6,7 details

2019-07-23 10:58:05 - [TEST_STEP][PASSED] - delay(5): Delayed 5 second(s)

2019-07-23 10:58:10 - [MESSAGE][PASSED] - Delayed 5 second(s)

2019-07-23 10:58:10 - [TEST_STEP][PASSED] - click(findTestObject("Journey,background details/Emp page 6,7/Page_getEmployable - Assessment Form/input_Problem Solving  Creativity_option_question_6")): Object: 'Object Repository/Journey,background details/Emp page 6,7/Page_getEmployable - Assessment Form/input_Problem Solving  Creativity_option_question_6' is clicked on

2019-07-23 10:58:10 - [MESSAGE][PASSED] - Object: 'Object Repository/Journey,background details/Emp page 6,7/Page_getEmployable - Assessment Form/input_Problem Solving  Creativity_option_question_6' is clicked on

2019-07-23 10:58:10 - [TEST_STEP][PASSED] - click(findTestObject("Employee details/Employee pages/Emp page 6,7/Page_getEmployable - Assessment Form/input_I am actively involved in a student enterprise club or a consultancy society or programme._option_question_7")): Object: 'Object Repository/Employee details/Employee pages/Emp page 6,7/Page_getEmployable - Assessment Form/input_I am actively involved in a student enterprise club or a consultancy society or programme._option_question_7' is clicked on

2019-07-23 10:58:10 - [MESSAGE][PASSED] - Object: 'Object Repository/Employee details/Employee pages/Emp page 6,7/Page_getEmployable - Assessment Form/input_I am actively involved in a student enterprise club or a consultancy society or programme._option_question_7' is clicked on

2019-07-23 10:58:10 - [TEST_STEP][PASSED] - click(findTestObject("Journey,background details/Emp page 6,7/Page_getEmployable - Assessment Form/span_None of these_fa fa-angle-right fa-2x")): Object: 'Object Repository/Journey,background details/Emp page 6,7/Page_getEmployable - Assessment Form/span_None of these_fa fa-angle-right fa-2x' is clicked on

2019-07-23 10:58:10 - [MESSAGE][PASSED] - Object: 'Object Repository/Journey,background details/Emp page 6,7/Page_getEmployable - Assessment Form/span_None of these_fa fa-angle-right fa-2x' is clicked on

2019-07-23 10:58:10 - [TEST_STEP][PASSED] - delay(5): Delayed 5 second(s)

2019-07-23 10:58:15 - [MESSAGE][PASSED] - Delayed 5 second(s)

2019-07-23 10:58:15 - [TEST_STEP][PASSED] - click(findTestObject("Journey,background details/Emp page 6,7/Page_getEmployable - Assessment Form/input_Professionalism_option_question_48")): Object: 'Object Repository/Journey,background details/Emp page 6,7/Page_getEmployable - Assessment Form/input_Professionalism_option_question_48' is clicked on

2019-07-23 10:58:15 - [MESSAGE][PASSED] - Object: 'Object Repository/Journey,background details/Emp page 6,7/Page_getEmployable - Assessment Form/input_Professionalism_option_question_48' is clicked on

2019-07-23 10:58:15 - [TEST_STEP][PASSED] - click(findTestObject("Journey,background details/Emp page 6,7/Page_getEmployable - Assessment Form/input_None of the above_option_question_49")): Object: 'Object Repository/Journey,background details/Emp page 6,7/Page_getEmployable - Assessment Form/input_None of the above_option_question_49' is clicked on

2019-07-23 10:58:15 - [MESSAGE][PASSED] - Object: 'Object Repository/Journey,background details/Emp page 6,7/Page_getEmployable - Assessment Form/input_None of the above_option_question_49' is clicked on

2019-07-23 10:58:15 - [TEST_STEP][PASSED] - delay(5): Delayed 5 second(s)

2019-07-23 10:58:20 - [MESSAGE][PASSED] - Delayed 5 second(s)

2019-07-23 10:58:20 - [TEST_STEP][PASSED] - click(findTestObject("Journey,background details/Emp page 6,7/Page_getEmployable - Assessment Form/next")): Object: 'Object Repository/Journey,background details/Emp page 6,7/Page_getEmployable - Assessment Form/next' is clicked on

2019-07-23 10:58:20 - [MESSAGE][PASSED] - Object: 'Object Repository/Journey,background details/Emp page 6,7/Page_getEmployable - Assessment Form/next' is clicked on]]></system-out>
         <system-err><![CDATA[]]></system-err>
      </testcase>
      <testcase name="Test Cases/getEmployable/getEmployable Random/Employee pages/Emp page 8,9,10" classname="Test Cases/getEmployable/getEmployable Random/Employee pages/Emp page 8,9,10" status="PASSED">
         <system-out><![CDATA[2019-07-23 10:58:20 - [TEST_CASE][PASSED] - Test Cases/getEmployable/getEmployable Random/Employee pages/Emp page 8,9,10: Test Cases/getEmployable/getEmployable Random/Employee pages/Emp page 8,9,10

2019-07-23 10:58:21 - [TEST_STEP][PASSED] - comment("Enter Employee page 8,9,10 details"): Enter Employee page 8,9,10 details

2019-07-23 10:58:21 - [MESSAGE][INFO] - Enter Employee page 8,9,10 details

2019-07-23 10:58:21 - [TEST_STEP][PASSED] - delay(5): Delayed 5 second(s)

2019-07-23 10:58:26 - [MESSAGE][PASSED] - Delayed 5 second(s)

2019-07-23 10:58:26 - [TEST_STEP][PASSED] - click(findTestObject("Employee details/Employee pages/Emp page 8,9,10/Page_getEmployable - Assessment Form/input_I set myself goals but rarely achieve them._option_question_17")): Object: 'Object Repository/Employee details/Employee pages/Emp page 8,9,10/Page_getEmployable - Assessment Form/input_I set myself goals but rarely achieve them._option_question_17' is clicked on

2019-07-23 10:58:26 - [MESSAGE][PASSED] - Object: 'Object Repository/Employee details/Employee pages/Emp page 8,9,10/Page_getEmployable - Assessment Form/input_I set myself goals but rarely achieve them._option_question_17' is clicked on

2019-07-23 10:58:26 - [TEST_STEP][PASSED] - click(findTestObject("Employee details/Employee pages/Emp page 8,9,10/Page_getEmployable - Assessment Form/input_concat(I wish I hadn  t wasted time attempting it.)_option_question_18")): Object: 'Object Repository/Employee details/Employee pages/Emp page 8,9,10/Page_getEmployable - Assessment Form/input_concat(I wish I hadn  t wasted time attempting it.)_option_question_18' is clicked on

2019-07-23 10:58:26 - [MESSAGE][PASSED] - Object: 'Object Repository/Employee details/Employee pages/Emp page 8,9,10/Page_getEmployable - Assessment Form/input_concat(I wish I hadn  t wasted time attempting it.)_option_question_18' is clicked on

2019-07-23 10:58:26 - [TEST_STEP][PASSED] - click(findTestObject("Employee details/Employee pages/Emp page 8,9,10/Page_getEmployable - Assessment Form/input_I usually eat cakes crisps chocolate or sugary drinks more than twice a day._option_question_20")): Object: 'Object Repository/Employee details/Employee pages/Emp page 8,9,10/Page_getEmployable - Assessment Form/input_I usually eat cakes crisps chocolate or sugary drinks more than twice a day._option_question_20' is clicked on

2019-07-23 10:58:26 - [MESSAGE][PASSED] - Object: 'Object Repository/Employee details/Employee pages/Emp page 8,9,10/Page_getEmployable - Assessment Form/input_I usually eat cakes crisps chocolate or sugary drinks more than twice a day._option_question_20' is clicked on

2019-07-23 10:58:26 - [TEST_STEP][PASSED] - click(findTestObject("Employee details/Employee pages/Emp page 8,9,10/Page_getEmployable - Assessment Form/input_I have high self-esteem._option_question_21")): Object: 'Object Repository/Employee details/Employee pages/Emp page 8,9,10/Page_getEmployable - Assessment Form/input_I have high self-esteem._option_question_21' is clicked on

2019-07-23 10:58:26 - [MESSAGE][PASSED] - Object: 'Object Repository/Employee details/Employee pages/Emp page 8,9,10/Page_getEmployable - Assessment Form/input_I have high self-esteem._option_question_21' is clicked on

2019-07-23 10:58:26 - [TEST_STEP][PASSED] - click(findTestObject("Employee details/Employee pages/Emp page 8,9,10/Page_getEmployable - Assessment Form/span_None of these_fa fa-angle-right fa-2x")): Object: 'Object Repository/Employee details/Employee pages/Emp page 8,9,10/Page_getEmployable - Assessment Form/span_None of these_fa fa-angle-right fa-2x' is clicked on

2019-07-23 10:58:26 - [MESSAGE][PASSED] - Object: 'Object Repository/Employee details/Employee pages/Emp page 8,9,10/Page_getEmployable - Assessment Form/span_None of these_fa fa-angle-right fa-2x' is clicked on

2019-07-23 10:58:26 - [TEST_STEP][PASSED] - delay(5): Delayed 5 second(s)

2019-07-23 10:58:31 - [MESSAGE][PASSED] - Delayed 5 second(s)

2019-07-23 10:58:31 - [TEST_STEP][PASSED] - click(findTestObject("Employee details/Employee pages/Emp page 8,9,10/Page_getEmployable - Assessment Form/input_I would struggle._option_question_22")): Object: 'Object Repository/Employee details/Employee pages/Emp page 8,9,10/Page_getEmployable - Assessment Form/input_I would struggle._option_question_22' is clicked on

2019-07-23 10:58:31 - [MESSAGE][PASSED] - Object: 'Object Repository/Employee details/Employee pages/Emp page 8,9,10/Page_getEmployable - Assessment Form/input_I would struggle._option_question_22' is clicked on

2019-07-23 10:58:31 - [TEST_STEP][PASSED] - click(findTestObject("Employee details/Employee pages/Emp page 8,9,10/Page_getEmployable - Assessment Form/input_concat(I seem to work fine most of the time but I don  t really think about why.)_option_question_23")): Object: 'Object Repository/Employee details/Employee pages/Emp page 8,9,10/Page_getEmployable - Assessment Form/input_concat(I seem to work fine most of the time but I don  t really think about why.)_option_question_23' is clicked on

2019-07-23 10:58:31 - [MESSAGE][PASSED] - Object: 'Object Repository/Employee details/Employee pages/Emp page 8,9,10/Page_getEmployable - Assessment Form/input_concat(I seem to work fine most of the time but I don  t really think about why.)_option_question_23' is clicked on

2019-07-23 10:58:31 - [TEST_STEP][PASSED] - click(findTestObject("Employee details/Employee pages/Emp page 8,9,10/Page_getEmployable - Assessment Form/input_concat(I don  t know  of any habits that adversely affect how I work.)_option_question_26")): Object: 'Object Repository/Employee details/Employee pages/Emp page 8,9,10/Page_getEmployable - Assessment Form/input_concat(I don  t know  of any habits that adversely affect how I work.)_option_question_26' is clicked on

2019-07-23 10:58:31 - [MESSAGE][PASSED] - Object: 'Object Repository/Employee details/Employee pages/Emp page 8,9,10/Page_getEmployable - Assessment Form/input_concat(I don  t know  of any habits that adversely affect how I work.)_option_question_26' is clicked on

2019-07-23 10:58:31 - [TEST_STEP][PASSED] - click(findTestObject("Employee details/Employee pages/Emp page 8,9,10/Page_getEmployable - Assessment Form/input_I consistently use a diary to schedule events._option_question_27")): Object: 'Object Repository/Employee details/Employee pages/Emp page 8,9,10/Page_getEmployable - Assessment Form/input_I consistently use a diary to schedule events._option_question_27' is clicked on

2019-07-23 10:58:31 - [MESSAGE][PASSED] - Object: 'Object Repository/Employee details/Employee pages/Emp page 8,9,10/Page_getEmployable - Assessment Form/input_I consistently use a diary to schedule events._option_question_27' is clicked on

2019-07-23 10:58:31 - [TEST_STEP][PASSED] - click(findTestObject("Employee details/Employee pages/Emp page 8,9,10/Page_getEmployable - Assessment Form/input_concat(I regularly set myself goals but don  t think too much about how I set them.)_option_question_28")): Object: 'Object Repository/Employee details/Employee pages/Emp page 8,9,10/Page_getEmployable - Assessment Form/input_concat(I regularly set myself goals but don  t think too much about how I set them.)_option_question_28' is clicked on

2019-07-23 10:58:32 - [MESSAGE][PASSED] - Object: 'Object Repository/Employee details/Employee pages/Emp page 8,9,10/Page_getEmployable - Assessment Form/input_concat(I regularly set myself goals but don  t think too much about how I set them.)_option_question_28' is clicked on

2019-07-23 10:58:32 - [TEST_STEP][PASSED] - click(findTestObject("Employee details/Employee pages/Emp page 8,9,10/Page_getEmployable - Assessment Form/input_I can find it hard to work with people who work in different ways to me._option_question_29")): Object: 'Object Repository/Employee details/Employee pages/Emp page 8,9,10/Page_getEmployable - Assessment Form/input_I can find it hard to work with people who work in different ways to me._option_question_29' is clicked on

2019-07-23 10:58:32 - [MESSAGE][PASSED] - Object: 'Object Repository/Employee details/Employee pages/Emp page 8,9,10/Page_getEmployable - Assessment Form/input_I can find it hard to work with people who work in different ways to me._option_question_29' is clicked on

2019-07-23 10:58:32 - [TEST_STEP][PASSED] - click(findTestObject("Employee details/Employee pages/Emp page 8,9,10/Page_getEmployable - Assessment Form/input_I would struggle._option_question_53")): Object: 'Object Repository/Employee details/Employee pages/Emp page 8,9,10/Page_getEmployable - Assessment Form/input_I would struggle._option_question_53' is clicked on

2019-07-23 10:58:32 - [MESSAGE][PASSED] - Object: 'Object Repository/Employee details/Employee pages/Emp page 8,9,10/Page_getEmployable - Assessment Form/input_I would struggle._option_question_53' is clicked on

2019-07-23 10:58:32 - [TEST_STEP][PASSED] - click(findTestObject("Employee details/Employee pages/Emp page 8,9,10/Page_getEmployable - Assessment Form/input_I sometimes get stressed and am not sure how I deal with it._option_question_54")): Object: 'Object Repository/Employee details/Employee pages/Emp page 8,9,10/Page_getEmployable - Assessment Form/input_I sometimes get stressed and am not sure how I deal with it._option_question_54' is clicked on

2019-07-23 10:58:32 - [MESSAGE][PASSED] - Object: 'Object Repository/Employee details/Employee pages/Emp page 8,9,10/Page_getEmployable - Assessment Form/input_I sometimes get stressed and am not sure how I deal with it._option_question_54' is clicked on

2019-07-23 10:58:32 - [TEST_STEP][PASSED] - click(findTestObject("Employee details/Employee pages/Emp page 8,9,10/Page_getEmployable - Assessment Form/span_None of these_fa fa-angle-right fa-2x_1")): Object: 'Object Repository/Employee details/Employee pages/Emp page 8,9,10/Page_getEmployable - Assessment Form/span_None of these_fa fa-angle-right fa-2x_1' is clicked on

2019-07-23 10:58:32 - [MESSAGE][PASSED] - Object: 'Object Repository/Employee details/Employee pages/Emp page 8,9,10/Page_getEmployable - Assessment Form/span_None of these_fa fa-angle-right fa-2x_1' is clicked on

2019-07-23 10:58:32 - [TEST_STEP][PASSED] - delay(5): Delayed 5 second(s)

2019-07-23 10:58:37 - [MESSAGE][PASSED] - Delayed 5 second(s)

2019-07-23 10:58:37 - [TEST_STEP][PASSED] - click(findTestObject("Employee details/Employee pages/Emp page 8,9,10/Page_getEmployable - Assessment Form/input_I play a proactive role in group settings._option_question_5")): Object: 'Object Repository/Employee details/Employee pages/Emp page 8,9,10/Page_getEmployable - Assessment Form/input_I play a proactive role in group settings._option_question_5' is clicked on

2019-07-23 10:58:37 - [MESSAGE][PASSED] - Object: 'Object Repository/Employee details/Employee pages/Emp page 8,9,10/Page_getEmployable - Assessment Form/input_I play a proactive role in group settings._option_question_5' is clicked on

2019-07-23 10:58:37 - [TEST_STEP][PASSED] - click(findTestObject("Employee details/Employee pages/Emp page 8,9,10/Page_getEmployable - Assessment Form/input_Sports team_option_question_11")): Object: 'Object Repository/Employee details/Employee pages/Emp page 8,9,10/Page_getEmployable - Assessment Form/input_Sports team_option_question_11' is clicked on

2019-07-23 10:58:37 - [MESSAGE][PASSED] - Object: 'Object Repository/Employee details/Employee pages/Emp page 8,9,10/Page_getEmployable - Assessment Form/input_Sports team_option_question_11' is clicked on

2019-07-23 10:58:37 - [TEST_STEP][PASSED] - click(findTestObject("Employee details/Employee pages/Emp page 8,9,10/Page_getEmployable - Assessment Form/input_I rarely complete the task on time._option_question_13")): Object: 'Object Repository/Employee details/Employee pages/Emp page 8,9,10/Page_getEmployable - Assessment Form/input_I rarely complete the task on time._option_question_13' is clicked on

2019-07-23 10:58:37 - [MESSAGE][PASSED] - Object: 'Object Repository/Employee details/Employee pages/Emp page 8,9,10/Page_getEmployable - Assessment Form/input_I rarely complete the task on time._option_question_13' is clicked on

2019-07-23 10:58:37 - [TEST_STEP][PASSED] - click(findTestObject("Employee details/Employee pages/Emp page 8,9,10/Page_getEmployable - Assessment Form/input_None or Not applicable._next")): Object: 'Object Repository/Employee details/Employee pages/Emp page 8,9,10/Page_getEmployable - Assessment Form/input_None or Not applicable._next' is clicked on

2019-07-23 10:58:37 - [MESSAGE][PASSED] - Object: 'Object Repository/Employee details/Employee pages/Emp page 8,9,10/Page_getEmployable - Assessment Form/input_None or Not applicable._next' is clicked on]]></system-out>
         <system-err><![CDATA[]]></system-err>
      </testcase>
      <testcase name="Test Cases/getEmployable/getEmployable Random/yourCareerArea" classname="Test Cases/getEmployable/getEmployable Random/yourCareerArea" status="PASSED">
         <system-out><![CDATA[2019-07-23 10:58:37 - [TEST_CASE][PASSED] - Test Cases/getEmployable/getEmployable Random/yourCareerArea: Test Cases/getEmployable/getEmployable Random/yourCareerArea

2019-07-23 10:58:38 - [TEST_STEP][PASSED] - comment("Enter CareerArea Details"): Enter CareerArea Details

2019-07-23 10:58:38 - [MESSAGE][INFO] - Enter CareerArea Details

2019-07-23 10:58:38 - [TEST_STEP][PASSED] - delay(5): Delayed 5 second(s)

2019-07-23 10:58:43 - [MESSAGE][PASSED] - Delayed 5 second(s)

2019-07-23 10:58:43 - [TEST_STEP][PASSED] - click(findTestObject("getEmployable/yourCareerArea/careerpage")): Object: 'Object Repository/getEmployable/yourCareerArea/careerpage' is clicked on

2019-07-23 10:58:43 - [MESSAGE][PASSED] - Object: 'Object Repository/getEmployable/yourCareerArea/careerpage' is clicked on

2019-07-23 10:58:43 - [TEST_STEP][PASSED] - delay(5): Delayed 5 second(s)

2019-07-23 10:58:48 - [MESSAGE][PASSED] - Delayed 5 second(s)

2019-07-23 10:58:48 - [TEST_STEP][PASSED] - click(findTestObject("getEmployable/yourCareerArea/next")): Object: 'Object Repository/getEmployable/yourCareerArea/next' is clicked on

2019-07-23 10:58:48 - [MESSAGE][PASSED] - Object: 'Object Repository/getEmployable/yourCareerArea/next' is clicked on]]></system-out>
         <system-err><![CDATA[]]></system-err>
      </testcase>
      <testcase name="Test Cases/getEmployable/getEmployable Random/Journey to University page 1" classname="Test Cases/getEmployable/getEmployable Random/Journey to University page 1" status="PASSED">
         <system-out><![CDATA[2019-07-23 10:58:48 - [TEST_CASE][PASSED] - Test Cases/getEmployable/getEmployable Random/Journey to University page 1: Test Cases/getEmployable/getEmployable Random/Journey to University page 1

2019-07-23 10:58:49 - [TEST_STEP][PASSED] - comment("Enter Journey to University Details"): Enter Journey to University Details

2019-07-23 10:58:49 - [MESSAGE][INFO] - Enter Journey to University Details

2019-07-23 10:58:49 - [TEST_STEP][PASSED] - rad = new java.util.Random(): null

2019-07-23 10:58:49 - [TEST_STEP][PASSED] - Mathyear = getNumberOfTotalOption(findTestObject("Journey,background details/Journey/math grade")): 10 options of object 'Object Repository/Journey,background details/Journey/math grade' counted

2019-07-23 10:58:49 - [MESSAGE][PASSED] - 10 options of object 'Object Repository/Journey,background details/Journey/math grade' counted

2019-07-23 10:58:49 - [TEST_STEP][PASSED] - mathyearcount = 1 + rad.nextInt(Mathyear - 1): null

2019-07-23 10:58:49 - [TEST_STEP][PASSED] - selectOptionByIndex(findTestObject("Journey,background details/Journey/math grade"), mathyearcount): All options with index in [6] are selected on object 'Object Repository/Journey,background details/Journey/math grade'

2019-07-23 10:58:49 - [MESSAGE][PASSED] - All options with index in [6] are selected on object 'Object Repository/Journey,background details/Journey/math grade'

2019-07-23 10:58:49 - [TEST_STEP][PASSED] - englishyear = getNumberOfTotalOption(findTestObject("Journey,background details/Journey/eng grade")): 10 options of object 'Object Repository/Journey,background details/Journey/eng grade' counted

2019-07-23 10:58:49 - [MESSAGE][PASSED] - 10 options of object 'Object Repository/Journey,background details/Journey/eng grade' counted

2019-07-23 10:58:49 - [TEST_STEP][PASSED] - englishyearcount = 1 + rad.nextInt(englishyear - 1): null

2019-07-23 10:58:49 - [TEST_STEP][PASSED] - selectOptionByIndex(findTestObject("Journey,background details/Journey/eng grade"), englishyearcount): All options with index in [9] are selected on object 'Object Repository/Journey,background details/Journey/eng grade'

2019-07-23 10:58:49 - [MESSAGE][PASSED] - All options with index in [9] are selected on object 'Object Repository/Journey,background details/Journey/eng grade'

2019-07-23 10:58:49 - [TEST_STEP][PASSED] - comment("Main Qualification  Information"): Main Qualification  Information

2019-07-23 10:58:49 - [MESSAGE][INFO] - Main Qualification  Information

2019-07-23 10:58:49 - [TEST_STEP][PASSED] - ALevelYearTotalOptions = getNumberOfTotalOption(findTestObject("Journey,background details/Journey/A level complete")): 71 options of object 'Object Repository/Journey,background details/Journey/A level complete' counted

2019-07-23 10:58:50 - [MESSAGE][PASSED] - 71 options of object 'Object Repository/Journey,background details/Journey/A level complete' counted

2019-07-23 10:58:50 - [TEST_STEP][PASSED] - ALevelYearcount = 1 + rad.nextInt(ALevelYearTotalOptions - 1): null

2019-07-23 10:58:50 - [TEST_STEP][PASSED] - selectOptionByIndex(findTestObject("Journey,background details/Journey/A level complete"), ALevelYearcount): All options with index in [7] are selected on object 'Object Repository/Journey,background details/Journey/A level complete'

2019-07-23 10:58:50 - [MESSAGE][PASSED] - All options with index in [7] are selected on object 'Object Repository/Journey,background details/Journey/A level complete'

2019-07-23 10:58:50 - [TEST_STEP][PASSED] - GCSEYearTotalOptions = getNumberOfTotalOption(findTestObject("Journey,background details/Journey/complete gsce")): 71 options of object 'Object Repository/Journey,background details/Journey/complete gsce' counted

2019-07-23 10:58:50 - [MESSAGE][PASSED] - 71 options of object 'Object Repository/Journey,background details/Journey/complete gsce' counted

2019-07-23 10:58:50 - [TEST_STEP][PASSED] - GCSEYearCount = 1 + rad.nextInt(GCSEYearTotalOptions - 1): null

2019-07-23 10:58:50 - [TEST_STEP][PASSED] - selectOptionByIndex(findTestObject("Journey,background details/Journey/complete gsce"), GCSEYearCount): All options with index in [61] are selected on object 'Object Repository/Journey,background details/Journey/complete gsce'

2019-07-23 10:58:51 - [MESSAGE][PASSED] - All options with index in [61] are selected on object 'Object Repository/Journey,background details/Journey/complete gsce'

2019-07-23 10:58:51 - [TEST_STEP][PASSED] - schoolOptions = getNumberOfTotalOption(findTestObject("Journey,background details/Journey/ukschool")): 5 options of object 'Object Repository/Journey,background details/Journey/ukschool' counted

2019-07-23 10:58:51 - [MESSAGE][PASSED] - 5 options of object 'Object Repository/Journey,background details/Journey/ukschool' counted

2019-07-23 10:58:51 - [TEST_STEP][PASSED] - schoolCount = 1 + rad.nextInt(schoolOptions - 1): null

2019-07-23 10:58:51 - [TEST_STEP][PASSED] - selectOptionByIndex(findTestObject("Journey,background details/Journey/ukschool"), schoolCount): All options with index in [1] are selected on object 'Object Repository/Journey,background details/Journey/ukschool'

2019-07-23 10:58:51 - [MESSAGE][PASSED] - All options with index in [1] are selected on object 'Object Repository/Journey,background details/Journey/ukschool'

2019-07-23 10:58:51 - [TEST_STEP][PASSED] - if (schoolCount == 1): Text 'Kings Richard School' is set on object 'Object Repository/Journey,background details/Journey/school2'

2019-07-23 10:58:51 - [TEST_STEP][PASSED] - setText(findTestObject("Journey,background details/Journey/school1"), "Kings Richard School"): Text 'Kings Richard School' is set on object 'Object Repository/Journey,background details/Journey/school1'

2019-07-23 10:58:51 - [MESSAGE][PASSED] - Text 'Kings Richard School' is set on object 'Object Repository/Journey,background details/Journey/school1'

2019-07-23 10:58:51 - [TEST_STEP][PASSED] - setText(findTestObject("Journey,background details/Journey/school2"), "Kings Richard School"): Text 'Kings Richard School' is set on object 'Object Repository/Journey,background details/Journey/school2'

2019-07-23 10:58:52 - [MESSAGE][PASSED] - Text 'Kings Richard School' is set on object 'Object Repository/Journey,background details/Journey/school2'

2019-07-23 10:58:52 - [TEST_STEP][PASSED] - MainQualificationTotaloptions = getNumberOfTotalOption(findTestObject("Journey,background details/Journey/main qualification")): 6 options of object 'Object Repository/Journey,background details/Journey/main qualification' counted

2019-07-23 10:58:52 - [MESSAGE][PASSED] - 6 options of object 'Object Repository/Journey,background details/Journey/main qualification' counted

2019-07-23 10:58:52 - [TEST_STEP][PASSED] - MainQualificationCount = 1 + rad.nextInt(MainQualificationTotaloptions - 1): null

2019-07-23 10:58:52 - [TEST_STEP][PASSED] - selectOptionByIndex(findTestObject("Journey,background details/Journey/main qualification"), MainQualificationCount): All options with index in [4] are selected on object 'Object Repository/Journey,background details/Journey/main qualification'

2019-07-23 10:58:52 - [MESSAGE][PASSED] - All options with index in [4] are selected on object 'Object Repository/Journey,background details/Journey/main qualification'

2019-07-23 10:58:52 - [TEST_STEP][PASSED] - if (MainQualificationCount == 1): null

2019-07-23 10:58:52 - [TEST_STEP][PASSED] - else if (MainQualificationCount == 2): null

2019-07-23 10:58:52 - [TEST_STEP][PASSED] - else if (MainQualificationCount == 3): null

2019-07-23 10:58:52 - [TEST_STEP][PASSED] - else if (MainQualificationCount == 4): Text 'other ouualifications ' is set on object 'Object Repository/Journey,background details/Journey/other text'

2019-07-23 10:58:52 - [TEST_STEP][PASSED] - setText(findTestObject("Journey,background details/Journey/other text"), "other ouualifications "): Text 'other ouualifications ' is set on object 'Object Repository/Journey,background details/Journey/other text'

2019-07-23 10:58:52 - [MESSAGE][PASSED] - Text 'other ouualifications ' is set on object 'Object Repository/Journey,background details/Journey/other text'

2019-07-23 10:58:52 - [TEST_STEP][PASSED] - delay(5): Delayed 5 second(s)

2019-07-23 10:58:57 - [MESSAGE][PASSED] - Delayed 5 second(s)

2019-07-23 10:58:57 - [TEST_STEP][NOT_RUN] - setText(findTestObject("getEmployable (Siftings)/set text"), "abc", CONTINUE_ON_FAILURE): NOT_RUN: setText(findTestObject("getEmployable (Siftings)/set text"), "abc", CONTINUE_ON_FAILURE)

2019-07-23 10:58:57 - [MESSAGE][NOT_RUN] - NOT_RUN: setText(findTestObject("getEmployable (Siftings)/set text"), "abc", CONTINUE_ON_FAILURE)

2019-07-23 10:58:57 - [TEST_STEP][PASSED] - setText(findTestObject("Journey,background details/Journey/post1"), findTestData("getEmployable/Applicants").getValue(8, 1)): Text 'NW64DN' is set on object 'Object Repository/Journey,background details/Journey/post1'

2019-07-23 10:58:57 - [MESSAGE][PASSED] - Text 'NW64DN' is set on object 'Object Repository/Journey,background details/Journey/post1'

2019-07-23 10:58:57 - [TEST_STEP][PASSED] - delay(5): Delayed 5 second(s)

2019-07-23 10:59:02 - [MESSAGE][PASSED] - Delayed 5 second(s)

2019-07-23 10:59:02 - [TEST_STEP][NOT_RUN] - setText(findTestObject("Journey,background details/Journey/post2"), findTestData("getEmployable/Applicants").getValue(9, 1), CONTINUE_ON_FAILURE): NOT_RUN: setText(findTestObject("Journey,background details/Journey/post2"), findTestData("getEmployable/Applicants").getValue(9, 1), CONTINUE_ON_FAILURE)

2019-07-23 10:59:02 - [MESSAGE][NOT_RUN] - NOT_RUN: setText(findTestObject("Journey,background details/Journey/post2"), findTestData("getEmployable/Applicants").getValue(9, 1), CONTINUE_ON_FAILURE)

2019-07-23 10:59:02 - [TEST_STEP][PASSED] - delay(5): Delayed 5 second(s)

2019-07-23 10:59:07 - [MESSAGE][PASSED] - Delayed 5 second(s)

2019-07-23 10:59:07 - [TEST_STEP][PASSED] - click(findTestObject("getEmployable (Siftings)/journey1 next")): Object: 'Object Repository/getEmployable (Siftings)/journey1 next' is clicked on

2019-07-23 10:59:07 - [MESSAGE][PASSED] - Object: 'Object Repository/getEmployable (Siftings)/journey1 next' is clicked on]]></system-out>
         <system-err><![CDATA[]]></system-err>
      </testcase>
      <testcase name="Test Cases/getEmployable/getEmployable Random/Jouney to University page 2" classname="Test Cases/getEmployable/getEmployable Random/Jouney to University page 2" status="PASSED">
         <system-out><![CDATA[2019-07-23 10:59:07 - [TEST_CASE][PASSED] - Test Cases/getEmployable/getEmployable Random/Jouney to University page 2: Test Cases/getEmployable/getEmployable Random/Jouney to University page 2

2019-07-23 10:59:08 - [TEST_STEP][PASSED] - comment("Enter Journey To University page 2 details"): Enter Journey To University page 2 details

2019-07-23 10:59:08 - [MESSAGE][INFO] - Enter Journey To University page 2 details

2019-07-23 10:59:08 - [TEST_STEP][PASSED] - delay(5): Delayed 5 second(s)

2019-07-23 10:59:13 - [MESSAGE][PASSED] - Delayed 5 second(s)

2019-07-23 10:59:13 - [TEST_STEP][PASSED] - click(findTestObject("getEmployable (Siftings)/25000")): Object: 'Object Repository/getEmployable (Siftings)/25000' is clicked on

2019-07-23 10:59:13 - [MESSAGE][PASSED] - Object: 'Object Repository/getEmployable (Siftings)/25000' is clicked on

2019-07-23 10:59:13 - [TEST_STEP][PASSED] - setText(findTestObject("getEmployable/input_Would rather not say_parent_carer_one"), "Houseparent, Residential Warden"): Text 'Houseparent, Residential Warden' is set on object 'Object Repository/getEmployable/input_Would rather not say_parent_carer_one'

2019-07-23 10:59:13 - [MESSAGE][PASSED] - Text 'Houseparent, Residential Warden' is set on object 'Object Repository/getEmployable/input_Would rather not say_parent_carer_one'

2019-07-23 10:59:13 - [TEST_STEP][PASSED] - setText(findTestObject("getEmployable/input_Would rather not say_parent_carer_one"), "Houseparent, Residential Warden"): Text 'Houseparent, Residential Warden' is set on object 'Object Repository/getEmployable/input_Would rather not say_parent_carer_one'

2019-07-23 10:59:14 - [MESSAGE][PASSED] - Text 'Houseparent, Residential Warden' is set on object 'Object Repository/getEmployable/input_Would rather not say_parent_carer_one'

2019-07-23 10:59:14 - [TEST_STEP][PASSED] - click(findTestObject("getEmployable/input_Please tick any statements that apply to you_dis_16")): Object: 'Object Repository/getEmployable/input_Please tick any statements that apply to you_dis_16' is clicked on

2019-07-23 10:59:14 - [MESSAGE][PASSED] - Object: 'Object Repository/getEmployable/input_Please tick any statements that apply to you_dis_16' is clicked on

2019-07-23 10:59:14 - [TEST_STEP][PASSED] - click(findTestObject("getEmployable/input_Please tick any statements that apply to you_dis_17")): Object: 'Object Repository/getEmployable/input_Please tick any statements that apply to you_dis_17' is clicked on

2019-07-23 10:59:14 - [MESSAGE][PASSED] - Object: 'Object Repository/getEmployable/input_Please tick any statements that apply to you_dis_17' is clicked on

2019-07-23 10:59:14 - [TEST_STEP][PASSED] - click(findTestObject("getEmployable/input_Please tick any statements that apply to you_dis_18")): Object: 'Object Repository/getEmployable/input_Please tick any statements that apply to you_dis_18' is clicked on

2019-07-23 10:59:14 - [MESSAGE][PASSED] - Object: 'Object Repository/getEmployable/input_Please tick any statements that apply to you_dis_18' is clicked on

2019-07-23 10:59:14 - [TEST_STEP][PASSED] - click(findTestObject("getEmployable/input_Please tick any statements that apply to you_dis_19")): Object: 'Object Repository/getEmployable/input_Please tick any statements that apply to you_dis_19' is clicked on

2019-07-23 10:59:14 - [MESSAGE][PASSED] - Object: 'Object Repository/getEmployable/input_Please tick any statements that apply to you_dis_19' is clicked on

2019-07-23 10:59:14 - [TEST_STEP][PASSED] - click(findTestObject("getEmployable/input_Please tick any statements that apply to you_dis_22")): Object: 'Object Repository/getEmployable/input_Please tick any statements that apply to you_dis_22' is clicked on

2019-07-23 10:59:14 - [MESSAGE][PASSED] - Object: 'Object Repository/getEmployable/input_Please tick any statements that apply to you_dis_22' is clicked on

2019-07-23 10:59:14 - [TEST_STEP][PASSED] - click(findTestObject("Journey,background details/Journey/friend")): Object: 'Object Repository/Journey,background details/Journey/friend' is clicked on

2019-07-23 10:59:14 - [MESSAGE][PASSED] - Object: 'Object Repository/Journey,background details/Journey/friend' is clicked on

2019-07-23 10:59:14 - [TEST_STEP][PASSED] - delay(5): Delayed 5 second(s)

2019-07-23 10:59:19 - [MESSAGE][PASSED] - Delayed 5 second(s)

2019-07-23 10:59:19 - [TEST_STEP][PASSED] - click(findTestObject("getEmployable/Employee details/21-05-2019/background/background next")): Object: 'Object Repository/getEmployable/Employee details/21-05-2019/background/background next' is clicked on

2019-07-23 10:59:19 - [MESSAGE][PASSED] - Object: 'Object Repository/getEmployable/Employee details/21-05-2019/background/background next' is clicked on]]></system-out>
         <system-err><![CDATA[]]></system-err>
      </testcase>
      <testcase name="Test Cases/getEmployable/getEmployable- Interested not met Criteria/Your background details" classname="Test Cases/getEmployable/getEmployable- Interested not met Criteria/Your background details" status="PASSED">
         <system-out><![CDATA[2019-07-23 10:59:19 - [TEST_CASE][PASSED] - Test Cases/getEmployable/getEmployable- Interested not met Criteria/Your background details: Test Cases/getEmployable/getEmployable- Interested not met Criteria/Your background details

2019-07-23 10:59:20 - [TEST_STEP][PASSED] - comment("Interested - Not met Criteria details"): Interested - Not met Criteria details

2019-07-23 10:59:20 - [MESSAGE][INFO] - Interested - Not met Criteria details

2019-07-23 10:59:20 - [TEST_STEP][PASSED] - delay(5): Delayed 5 second(s)

2019-07-23 10:59:25 - [MESSAGE][PASSED] - Delayed 5 second(s)

2019-07-23 10:59:25 - [TEST_STEP][PASSED] - rad = new java.util.Random(): null

2019-07-23 10:59:25 - [TEST_STEP][PASSED] - ethnicity = getNumberOfTotalOption(findTestObject("getEmployable (Siftings)/ehnicity")): 23 options of object 'Object Repository/getEmployable (Siftings)/ehnicity' counted

2019-07-23 10:59:25 - [MESSAGE][PASSED] - 23 options of object 'Object Repository/getEmployable (Siftings)/ehnicity' counted

2019-07-23 10:59:25 - [TEST_STEP][PASSED] - ethnicitycount = 1 + rad.nextInt(ethnicity - 1): null

2019-07-23 10:59:25 - [TEST_STEP][PASSED] - selectOptionByIndex(findTestObject("getEmployable (Siftings)/ehnicity"), ethnicitycount): All options with index in [15] are selected on object 'Object Repository/getEmployable (Siftings)/ehnicity'

2019-07-23 10:59:25 - [MESSAGE][PASSED] - All options with index in [15] are selected on object 'Object Repository/getEmployable (Siftings)/ehnicity'

2019-07-23 10:59:25 - [TEST_STEP][PASSED] - sexualorientation = getNumberOfTotalOption(findTestObject("getEmployable/Employee details/21-05-2019/background/sexual orientation")): 6 options of object 'Object Repository/getEmployable/Employee details/21-05-2019/background/sexual orientation' counted

2019-07-23 10:59:25 - [MESSAGE][PASSED] - 6 options of object 'Object Repository/getEmployable/Employee details/21-05-2019/background/sexual orientation' counted

2019-07-23 10:59:25 - [TEST_STEP][PASSED] - sexualorientationcount = 1 + rad.nextInt(sexualorientation - 1): null

2019-07-23 10:59:25 - [TEST_STEP][PASSED] - selectOptionByIndex(findTestObject("getEmployable/Employee details/21-05-2019/background/sexual orientation"), sexualorientationcount): All options with index in [3] are selected on object 'Object Repository/getEmployable/Employee details/21-05-2019/background/sexual orientation'

2019-07-23 10:59:25 - [MESSAGE][PASSED] - All options with index in [3] are selected on object 'Object Repository/getEmployable/Employee details/21-05-2019/background/sexual orientation'

2019-07-23 10:59:25 - [TEST_STEP][PASSED] - religion = getNumberOfTotalOption(findTestObject("getEmployable/Employee details/21-05-2019/background/religion")): 10 options of object 'Object Repository/getEmployable/Employee details/21-05-2019/background/religion' counted

2019-07-23 10:59:25 - [MESSAGE][PASSED] - 10 options of object 'Object Repository/getEmployable/Employee details/21-05-2019/background/religion' counted

2019-07-23 10:59:25 - [TEST_STEP][PASSED] - religioncount = 1 + rad.nextInt(religion - 1): null

2019-07-23 10:59:25 - [TEST_STEP][PASSED] - selectOptionByIndex(findTestObject("getEmployable/Employee details/21-05-2019/background/religion"), religioncount): All options with index in [4] are selected on object 'Object Repository/getEmployable/Employee details/21-05-2019/background/religion'

2019-07-23 10:59:25 - [MESSAGE][PASSED] - All options with index in [4] are selected on object 'Object Repository/getEmployable/Employee details/21-05-2019/background/religion'

2019-07-23 10:59:25 - [TEST_STEP][PASSED] - maritalstatus = getNumberOfTotalOption(findTestObject("getEmployable/Employee details/21-05-2019/background/Page_getEmployable - Assessment Form/marital status")): 6 options of object 'Object Repository/getEmployable/Employee details/21-05-2019/background/Page_getEmployable - Assessment Form/marital status' counted

2019-07-23 10:59:25 - [MESSAGE][PASSED] - 6 options of object 'Object Repository/getEmployable/Employee details/21-05-2019/background/Page_getEmployable - Assessment Form/marital status' counted

2019-07-23 10:59:25 - [TEST_STEP][PASSED] - maritalstatuscount = 1 + rad.nextInt(maritalstatus - 1): null

2019-07-23 10:59:25 - [TEST_STEP][PASSED] - selectOptionByIndex(findTestObject("getEmployable/Employee details/21-05-2019/background/Page_getEmployable - Assessment Form/marital status"), maritalstatuscount): All options with index in [2] are selected on object 'Object Repository/getEmployable/Employee details/21-05-2019/background/Page_getEmployable - Assessment Form/marital status'

2019-07-23 10:59:25 - [MESSAGE][PASSED] - All options with index in [2] are selected on object 'Object Repository/getEmployable/Employee details/21-05-2019/background/Page_getEmployable - Assessment Form/marital status'

2019-07-23 10:59:25 - [TEST_STEP][PASSED] - Disability = getNumberOfTotalOption(findTestObject("getEmployable/Employee details/21-05-2019/background/Page_getEmployable - Assessment Form/Disability")): 4 options of object 'Object Repository/getEmployable/Employee details/21-05-2019/background/Page_getEmployable - Assessment Form/Disability' counted

2019-07-23 10:59:26 - [MESSAGE][PASSED] - 4 options of object 'Object Repository/getEmployable/Employee details/21-05-2019/background/Page_getEmployable - Assessment Form/Disability' counted

2019-07-23 10:59:26 - [TEST_STEP][PASSED] - Disabilitycount = 1 + rad.nextInt(Disability - 1): null

2019-07-23 10:59:26 - [TEST_STEP][PASSED] - selectOptionByIndex(findTestObject("getEmployable/Employee details/21-05-2019/background/Page_getEmployable - Assessment Form/Disability"), Disabilitycount): All options with index in [3] are selected on object 'Object Repository/getEmployable/Employee details/21-05-2019/background/Page_getEmployable - Assessment Form/Disability'

2019-07-23 10:59:26 - [MESSAGE][PASSED] - All options with index in [3] are selected on object 'Object Repository/getEmployable/Employee details/21-05-2019/background/Page_getEmployable - Assessment Form/Disability'

2019-07-23 10:59:26 - [TEST_STEP][PASSED] - click(findTestObject("getEmployable/Employee details/21-05-2019/background/Page_getEmployable - Assessment Form/interested")): Object: 'Object Repository/getEmployable/Employee details/21-05-2019/background/Page_getEmployable - Assessment Form/interested' is clicked on

2019-07-23 10:59:26 - [MESSAGE][PASSED] - Object: 'Object Repository/getEmployable/Employee details/21-05-2019/background/Page_getEmployable - Assessment Form/interested' is clicked on

2019-07-23 10:59:26 - [TEST_STEP][PASSED] - delay(5): Delayed 5 second(s)

2019-07-23 10:59:31 - [MESSAGE][PASSED] - Delayed 5 second(s)

2019-07-23 10:59:31 - [TEST_STEP][PASSED] - click(findTestObject("getEmployable (Siftings)/Not met criteria")): Object: 'Object Repository/getEmployable (Siftings)/Not met criteria' is clicked on

2019-07-23 10:59:31 - [MESSAGE][PASSED] - Object: 'Object Repository/getEmployable (Siftings)/Not met criteria' is clicked on

2019-07-23 10:59:31 - [TEST_STEP][PASSED] - click(findTestObject("getEmployable/Employee details/21-05-2019/background/Tick1")): Object: 'Object Repository/getEmployable/Employee details/21-05-2019/background/Tick1' is clicked on

2019-07-23 10:59:31 - [MESSAGE][PASSED] - Object: 'Object Repository/getEmployable/Employee details/21-05-2019/background/Tick1' is clicked on

2019-07-23 10:59:31 - [TEST_STEP][PASSED] - click(findTestObject("getEmployable/Employee details/21-05-2019/background/Tick2")): Object: 'Object Repository/getEmployable/Employee details/21-05-2019/background/Tick2' is clicked on

2019-07-23 10:59:31 - [MESSAGE][PASSED] - Object: 'Object Repository/getEmployable/Employee details/21-05-2019/background/Tick2' is clicked on

2019-07-23 10:59:31 - [TEST_STEP][PASSED] - delay(5): Delayed 5 second(s)

2019-07-23 10:59:36 - [MESSAGE][PASSED] - Delayed 5 second(s)

2019-07-23 10:59:36 - [TEST_STEP][PASSED] - click(findTestObject("getEmployable/Employee details/21-05-2019/background/Submit")): Object: 'Object Repository/getEmployable/Employee details/21-05-2019/background/Submit' is clicked on

2019-07-23 10:59:36 - [MESSAGE][PASSED] - Object: 'Object Repository/getEmployable/Employee details/21-05-2019/background/Submit' is clicked on

2019-07-23 10:59:36 - [TEST_STEP][PASSED] - delay(5): Delayed 5 second(s)

2019-07-23 10:59:41 - [MESSAGE][PASSED] - Delayed 5 second(s)

2019-07-23 10:59:41 - [TEST_STEP][PASSED] - verifyTextPresent("Congratulations on completing the Employability Assessment!", false): Text 'Congratulations on completing the Employability Assessment!' is present on page 

2019-07-23 10:59:41 - [MESSAGE][PASSED] - Text 'Congratulations on completing the Employability Assessment!' is present on page 

2019-07-23 10:59:41 - [TEST_STEP][PASSED] - takeScreenshot(): Taking screenshot successfully

2019-07-23 10:59:42 - [MESSAGE][PASSED] - Taking screenshot successfully
[[ATTACHMENT|C:\\Users\\sambhavi\\git\\didactic-octo-spork\\Reports\\getEmployable\\getEmployable-Intertested-NotMet Criteria\\20190723_105642\\1563859781791.png]]]]></system-out>
         <system-err><![CDATA[]]></system-err>
      </testcase>
      <system-out><![CDATA[2019-07-23 10:56:44 - [TEST_SUITE][PASSED] - getEmployable-Intertested-NotMet Criteria: Test Cases/getEmployable/getEmployable- Interested not met Criteria/Your background details]]></system-out>
      <system-err><![CDATA[]]></system-err>
   </testsuite>
</testsuites>
