<?xml version="1.0" encoding="UTF-8"?>
<testsuites name="NorthHighland" time="86" tests="2" failures="0" errors="0">
   <testsuite name="NorthHighland" tests="2" failures="0" errors="0" time="86" timestamp="2019-07-02 10:21:40" hostname="sambhavi - sambhavi.jmandigital.in" id="Test Suites/REALratings/NorthHighland">
      <properties>
         <property name="deviceName" value=""/>
         <property name="devicePlatform" value=""/>
         <property name="logFolder" value="C:\\Users\\sambhavi\\git\\didactic-octo-spork\\Reports\\REALratings\\NorthHighland\\20190702_102138"/>
         <property name="logFiles" value="C:\\Users\\sambhavi\\git\\didactic-octo-spork\\Reports\\REALratings\\NorthHighland\\20190702_102138\\execution0.log"/>
         <property name="attachments" value="C:\\Users\\sambhavi\\git\\didactic-octo-spork\\Reports\\REALratings\\NorthHighland\\20190702_102138\\1562043124340.png"/>
         <property name="hostName" value="sambhavi - sambhavi.jmandigital.in"/>
         <property name="os" value="Windows 10 64bit"/>
         <property name="katalonVersion" value="6.0.5.10"/>
         <property name="browser" value="Chrome 75.0.3770.100"/>
         <property name="hostAddress" value="192.168.0.185"/>
         <property name="sessionId" value="d2118be0e9a83f1058b42b836d1926f5"/>
         <property name="seleniumVersion" value="3.7.1"/>
         <property name="proxyInformation" value="ProxyInformation{proxyOption=NO_PROXY, proxyServerType=HTTP, password=, proxyServerAddress=, proxyServerPort=0}"/>
         <property name="platform" value="Windows 10"/>
      </properties>
      <testcase name="Test Cases/REALratings/NorthHighland/formSubmission" classname="Test Cases/REALratings/NorthHighland/formSubmission" status="PASSED">
         <system-out><![CDATA[2019-07-02 10:21:40 - [TEST_CASE][PASSED] - Test Cases/REALratings/NorthHighland/formSubmission: Test Cases/REALratings/NorthHighland/formSubmission

2019-07-02 10:21:41 - [TEST_STEP][PASSED] - openBrowser(""): Browser is opened with url: ''

2019-07-02 10:21:42 - [MESSAGE][INFO] - Starting 'Chrome' driver

2019-07-02 10:21:42 - [MESSAGE][INFO] - Action delay is set to 0 seconds

2019-07-02 10:21:45 - [MESSAGE][PASSED] - Browser is opened with url: ''

2019-07-02 10:21:45 - [TEST_STEP][PASSED] - navigateToUrl("https://nh-uat.realrating.co.uk/"): Navigate to 'https://nh-uat.realrating.co.uk/' successfully

2019-07-02 10:21:49 - [MESSAGE][PASSED] - Navigate to 'https://nh-uat.realrating.co.uk/' successfully

2019-07-02 10:21:49 - [TEST_STEP][PASSED] - maximizeWindow(): Current window maximized

2019-07-02 10:21:50 - [MESSAGE][PASSED] - Current window maximized

2019-07-02 10:21:50 - [TEST_STEP][PASSED] - rad = new java.util.Random(): null

2019-07-02 10:21:50 - [TEST_STEP][PASSED] - comment("Basic Information"): Basic Information

2019-07-02 10:21:50 - [MESSAGE][INFO] - Basic Information

2019-07-02 10:21:50 - [TEST_STEP][PASSED] - setText(findTestObject("REALRatings/NorthHighland/Page_REALrating/First Name"), findTestData("getEmployable/Applicants").getValue(1, 1)): Text 'Asha' is set on object 'Object Repository/REALRatings/NorthHighland/Page_REALrating/First Name'

2019-07-02 10:21:50 - [MESSAGE][PASSED] - Text 'Asha' is set on object 'Object Repository/REALRatings/NorthHighland/Page_REALrating/First Name'

2019-07-02 10:21:50 - [TEST_STEP][PASSED] - setText(findTestObject("REALRatings/NorthHighland/Page_REALrating/Last Name"), findTestData("getEmployable/Applicants").getValue(2, 1)): Text 'Rajendran' is set on object 'Object Repository/REALRatings/NorthHighland/Page_REALrating/Last Name'

2019-07-02 10:21:50 - [MESSAGE][PASSED] - Text 'Rajendran' is set on object 'Object Repository/REALRatings/NorthHighland/Page_REALrating/Last Name'

2019-07-02 10:21:50 - [TEST_STEP][PASSED] - Email = rad.nextInt(2000): null

2019-07-02 10:21:50 - [TEST_STEP][PASSED] - setText(findTestObject("REALRatings/NorthHighland/Page_REALrating/University Emailid"), "nh" + Email + "@test.com"): Text 'nh115@test.com' is set on object 'Object Repository/REALRatings/NorthHighland/Page_REALrating/University Emailid'

2019-07-02 10:21:51 - [MESSAGE][PASSED] - Text 'nh115@test.com' is set on object 'Object Repository/REALRatings/NorthHighland/Page_REALrating/University Emailid'

2019-07-02 10:21:51 - [TEST_STEP][PASSED] - click(findTestObject("REALRatings/NorthHighland/Page_REALrating/First Next"), STOP_ON_FAILURE): Object: 'Object Repository/REALRatings/NorthHighland/Page_REALrating/First Next' is clicked on

2019-07-02 10:21:51 - [MESSAGE][PASSED] - Object: 'Object Repository/REALRatings/NorthHighland/Page_REALrating/First Next' is clicked on

2019-07-02 10:21:51 - [TEST_STEP][PASSED] - comment("Main Qualifications"): Main Qualifications

2019-07-02 10:21:51 - [MESSAGE][INFO] - Main Qualifications

2019-07-02 10:21:51 - [TEST_STEP][PASSED] - ALevelYearTotalOptions = getNumberOfTotalOption(findTestObject("REALRatings/NorthHighland/Page_REALrating/A Level Year")): 71 options of object 'Object Repository/REALRatings/NorthHighland/Page_REALrating/A Level Year' counted

2019-07-02 10:21:51 - [MESSAGE][PASSED] - 71 options of object 'Object Repository/REALRatings/NorthHighland/Page_REALrating/A Level Year' counted

2019-07-02 10:21:51 - [TEST_STEP][PASSED] - ALevelYearcount = 1 + rad.nextInt(ALevelYearTotalOptions - 1): null

2019-07-02 10:21:51 - [TEST_STEP][PASSED] - selectOptionByIndex(findTestObject("REALRatings/NorthHighland/Page_REALrating/A Level Year"), ALevelYearcount): All options with index in [35] are selected on object 'Object Repository/REALRatings/NorthHighland/Page_REALrating/A Level Year'

2019-07-02 10:21:51 - [MESSAGE][PASSED] - All options with index in [35] are selected on object 'Object Repository/REALRatings/NorthHighland/Page_REALrating/A Level Year'

2019-07-02 10:21:51 - [TEST_STEP][PASSED] - GCSEYearTotalOptions = getNumberOfTotalOption(findTestObject("REALRatings/NorthHighland/Page_REALrating/GCSE Year")): 71 options of object 'Object Repository/REALRatings/NorthHighland/Page_REALrating/GCSE Year' counted

2019-07-02 10:21:51 - [MESSAGE][PASSED] - 71 options of object 'Object Repository/REALRatings/NorthHighland/Page_REALrating/GCSE Year' counted

2019-07-02 10:21:51 - [TEST_STEP][PASSED] - GCSEYearCount = 1 + rad.nextInt(GCSEYearTotalOptions - 1): null

2019-07-02 10:21:51 - [TEST_STEP][PASSED] - selectOptionByIndex(findTestObject("REALRatings/NorthHighland/Page_REALrating/GCSE Year"), GCSEYearCount): All options with index in [4] are selected on object 'Object Repository/REALRatings/NorthHighland/Page_REALrating/GCSE Year'

2019-07-02 10:21:52 - [MESSAGE][PASSED] - All options with index in [4] are selected on object 'Object Repository/REALRatings/NorthHighland/Page_REALrating/GCSE Year'

2019-07-02 10:21:52 - [TEST_STEP][PASSED] - MainQualificationTotaloptions = getNumberOfTotalOption(findTestObject("REALRatings/NorthHighland/Page_REALrating/Main Qualification")): 6 options of object 'Object Repository/REALRatings/NorthHighland/Page_REALrating/Main Qualification' counted

2019-07-02 10:21:52 - [MESSAGE][PASSED] - 6 options of object 'Object Repository/REALRatings/NorthHighland/Page_REALrating/Main Qualification' counted

2019-07-02 10:21:52 - [TEST_STEP][PASSED] - MainQualificationCount = 1 + rad.nextInt(MainQualificationTotaloptions - 1): null

2019-07-02 10:21:52 - [TEST_STEP][PASSED] - selectOptionByIndex(findTestObject("REALRatings/NorthHighland/Page_REALrating/Main Qualification"), MainQualificationCount): All options with index in [5] are selected on object 'Object Repository/REALRatings/NorthHighland/Page_REALrating/Main Qualification'

2019-07-02 10:21:52 - [MESSAGE][PASSED] - All options with index in [5] are selected on object 'Object Repository/REALRatings/NorthHighland/Page_REALrating/Main Qualification'

2019-07-02 10:21:52 - [TEST_STEP][PASSED] - delay(5): Delayed 5 second(s)

2019-07-02 10:21:57 - [MESSAGE][PASSED] - Delayed 5 second(s)

2019-07-02 10:21:57 - [TEST_STEP][PASSED] - if (MainQualificationCount == 1): null

2019-07-02 10:21:57 - [TEST_STEP][PASSED] - else if (MainQualificationCount == 2): null

2019-07-02 10:21:57 - [TEST_STEP][PASSED] - else if (MainQualificationCount == 3): null

2019-07-02 10:21:57 - [TEST_STEP][PASSED] - else if (MainQualificationCount == 4): null

2019-07-02 10:21:57 - [TEST_STEP][PASSED] - else if (MainQualificationCount == 5): All options with index in [13] are selected on object 'Object Repository/REALRatings/NorthHighland/Page_REALrating/HE Year'

2019-07-02 10:21:57 - [TEST_STEP][PASSED] - setText(findTestObject("REALRatings/NorthHighland/Page_REALrating/HE Title"), "hemathshe course"): Text 'hemathshe course' is set on object 'Object Repository/REALRatings/NorthHighland/Page_REALrating/HE Title'

2019-07-02 10:21:57 - [MESSAGE][PASSED] - Text 'hemathshe course' is set on object 'Object Repository/REALRatings/NorthHighland/Page_REALrating/HE Title'

2019-07-02 10:21:57 - [TEST_STEP][PASSED] - HEGradeTotalOptions = getNumberOfTotalOption(findTestObject("REALRatings/NorthHighland/Page_REALrating/HE Grade")): 10 options of object 'Object Repository/REALRatings/NorthHighland/Page_REALrating/HE Grade' counted

2019-07-02 10:21:57 - [MESSAGE][PASSED] - 10 options of object 'Object Repository/REALRatings/NorthHighland/Page_REALrating/HE Grade' counted

2019-07-02 10:21:57 - [TEST_STEP][PASSED] - HEGradeCount = 1 + rad.nextInt(HEGradeTotalOptions - 1): null

2019-07-02 10:21:57 - [TEST_STEP][PASSED] - selectOptionByIndex(findTestObject("REALRatings/NorthHighland/Page_REALrating/HE Grade"), HEGradeCount): All options with index in [5] are selected on object 'Object Repository/REALRatings/NorthHighland/Page_REALrating/HE Grade'

2019-07-02 10:21:57 - [MESSAGE][PASSED] - All options with index in [5] are selected on object 'Object Repository/REALRatings/NorthHighland/Page_REALrating/HE Grade'

2019-07-02 10:21:57 - [TEST_STEP][PASSED] - HEYearTotalOptions = getNumberOfTotalOption(findTestObject("REALRatings/NorthHighland/Page_REALrating/HE Year")): 71 options of object 'Object Repository/REALRatings/NorthHighland/Page_REALrating/HE Year' counted

2019-07-02 10:21:57 - [MESSAGE][PASSED] - 71 options of object 'Object Repository/REALRatings/NorthHighland/Page_REALrating/HE Year' counted

2019-07-02 10:21:57 - [TEST_STEP][PASSED] - HEYearCount = 1 + rad.nextInt(HEYearTotalOptions - 1): null

2019-07-02 10:21:57 - [TEST_STEP][PASSED] - selectOptionByIndex(findTestObject("REALRatings/NorthHighland/Page_REALrating/HE Year"), HEYearCount): All options with index in [13] are selected on object 'Object Repository/REALRatings/NorthHighland/Page_REALrating/HE Year'

2019-07-02 10:21:58 - [MESSAGE][PASSED] - All options with index in [13] are selected on object 'Object Repository/REALRatings/NorthHighland/Page_REALrating/HE Year'

2019-07-02 10:21:58 - [TEST_STEP][PASSED] - setText(findTestObject("REALRatings/NorthHighland/Page_REALrating/A Level School"), findTestData("getEmployable/Applicants").getValue(6, 1)): Text 'Kings Richard School' is set on object 'Object Repository/REALRatings/NorthHighland/Page_REALrating/A Level School'

2019-07-02 10:21:58 - [MESSAGE][PASSED] - Text 'Kings Richard School' is set on object 'Object Repository/REALRatings/NorthHighland/Page_REALrating/A Level School'

2019-07-02 10:21:58 - [TEST_STEP][PASSED] - setText(findTestObject("REALRatings/NorthHighland/Page_REALrating/GCSE School"), findTestData("getEmployable/Applicants").getValue(7, 1)): Text 'Kings Richard School' is set on object 'Object Repository/REALRatings/NorthHighland/Page_REALrating/GCSE School'

2019-07-02 10:21:58 - [MESSAGE][PASSED] - Text 'Kings Richard School' is set on object 'Object Repository/REALRatings/NorthHighland/Page_REALrating/GCSE School'

2019-07-02 10:21:58 - [TEST_STEP][PASSED] - click(findTestObject("REALRatings/NorthHighland/Page_REALrating/Gender")): Object: 'Object Repository/REALRatings/NorthHighland/Page_REALrating/Gender' is clicked on

2019-07-02 10:21:58 - [MESSAGE][PASSED] - Object: 'Object Repository/REALRatings/NorthHighland/Page_REALrating/Gender' is clicked on

2019-07-02 10:21:58 - [TEST_STEP][PASSED] - setText(findTestObject("REALRatings/NorthHighland/Page_REALrating/ALevelPostcode"), findTestData("getEmployable/Applicants").getValue(8, 1)): Text 'NW64DN' is set on object 'Object Repository/REALRatings/NorthHighland/Page_REALrating/ALevelPostcode'

2019-07-02 10:21:58 - [MESSAGE][PASSED] - Text 'NW64DN' is set on object 'Object Repository/REALRatings/NorthHighland/Page_REALrating/ALevelPostcode'

2019-07-02 10:21:58 - [TEST_STEP][PASSED] - setText(findTestObject("REALRatings/NorthHighland/Page_REALrating/GCSEPostcode"), findTestData("getEmployable/Applicants").getValue(9, 1)): Text 'AL60AA' is set on object 'Object Repository/REALRatings/NorthHighland/Page_REALrating/GCSEPostcode'

2019-07-02 10:21:58 - [MESSAGE][PASSED] - Text 'AL60AA' is set on object 'Object Repository/REALRatings/NorthHighland/Page_REALrating/GCSEPostcode'

2019-07-02 10:21:58 - [TEST_STEP][PASSED] - click(findTestObject("REALRatings/NorthHighland/Page_REALrating/TickAnyStatement")): Object: 'Object Repository/REALRatings/NorthHighland/Page_REALrating/TickAnyStatement' is clicked on

2019-07-02 10:21:59 - [MESSAGE][PASSED] - Object: 'Object Repository/REALRatings/NorthHighland/Page_REALrating/TickAnyStatement' is clicked on

2019-07-02 10:21:59 - [TEST_STEP][PASSED] - click(findTestObject("REALRatings/NorthHighland/Page_REALrating/ConfirmAggreement")): Object: 'Object Repository/REALRatings/NorthHighland/Page_REALrating/ConfirmAggreement' is clicked on

2019-07-02 10:21:59 - [MESSAGE][PASSED] - Object: 'Object Repository/REALRatings/NorthHighland/Page_REALrating/ConfirmAggreement' is clicked on

2019-07-02 10:21:59 - [TEST_STEP][PASSED] - click(findTestObject("REALRatings/NorthHighland/Page_REALrating/Submit")): Object: 'Object Repository/REALRatings/NorthHighland/Page_REALrating/Submit' is clicked on

2019-07-02 10:21:59 - [MESSAGE][PASSED] - Object: 'Object Repository/REALRatings/NorthHighland/Page_REALrating/Submit' is clicked on

2019-07-02 10:21:59 - [TEST_STEP][PASSED] - delay(5): Delayed 5 second(s)

2019-07-02 10:22:04 - [MESSAGE][PASSED] - Delayed 5 second(s)

2019-07-02 10:22:04 - [TEST_STEP][PASSED] - assert getUrl() == "https://nh-uat.realrating.co.uk/thankyou": Current window's url is: 'https://nh-uat.realrating.co.uk/thankyou'

2019-07-02 10:22:04 - [MESSAGE][PASSED] - Current window's url is: 'https://nh-uat.realrating.co.uk/thankyou'

2019-07-02 10:22:04 - [TEST_STEP][PASSED] - takeScreenshot(): Taking screenshot successfully

2019-07-02 10:22:04 - [MESSAGE][PASSED] - Taking screenshot successfully
[[ATTACHMENT|C:\\Users\\sambhavi\\git\\didactic-octo-spork\\Reports\\REALratings\\NorthHighland\\20190702_102138\\1562043124340.png]]]]></system-out>
         <system-err><![CDATA[]]></system-err>
      </testcase>
      <testcase name="Test Cases/REALratings/NorthHighland/login" classname="Test Cases/REALratings/NorthHighland/login" status="PASSED">
         <system-out><![CDATA[2019-07-02 10:22:04 - [TEST_CASE][PASSED] - Test Cases/REALratings/NorthHighland/login: Test Cases/REALratings/NorthHighland/login

2019-07-02 10:22:04 - [TEST_STEP][PASSED] - openBrowser(""): Browser is opened with url: ''

2019-07-02 10:22:04 - [MESSAGE][WARNING] - A browser is already opened. Closing browser and opening a new one

2019-07-02 10:22:05 - [MESSAGE][INFO] - Starting 'Chrome' driver

2019-07-02 10:22:08 - [MESSAGE][PASSED] - Browser is opened with url: ''

2019-07-02 10:22:08 - [TEST_STEP][PASSED] - navigateToUrl("https://nh-uat.realrating.co.uk/login"): Navigate to 'https://nh-uat.realrating.co.uk/login' successfully

2019-07-02 10:22:11 - [MESSAGE][PASSED] - Navigate to 'https://nh-uat.realrating.co.uk/login' successfully

2019-07-02 10:22:11 - [TEST_STEP][PASSED] - maximizeWindow(): Current window maximized

2019-07-02 10:22:12 - [MESSAGE][PASSED] - Current window maximized

2019-07-02 10:22:12 - [TEST_STEP][PASSED] - setText(findTestObject("REALRatings/Greensill/login/Page_RealRating/input_E-Mail Address_email"), "john@upreach.org.uk"): Text 'john@upreach.org.uk' is set on object 'Object Repository/REALRatings/Greensill/login/Page_RealRating/input_E-Mail Address_email'

2019-07-02 10:22:13 - [MESSAGE][PASSED] - Text 'john@upreach.org.uk' is set on object 'Object Repository/REALRatings/Greensill/login/Page_RealRating/input_E-Mail Address_email'

2019-07-02 10:22:13 - [TEST_STEP][PASSED] - setEncryptedText(findTestObject("REALRatings/Greensill/login/Page_RealRating/input_Password_password"), "YPztdU12xyABLAH+eFFt4w=="): Text ****** has been set on object 'Object Repository/REALRatings/Greensill/login/Page_RealRating/input_Password_password'

2019-07-02 10:22:13 - [MESSAGE][PASSED] - Text ****** has been set on object 'Object Repository/REALRatings/Greensill/login/Page_RealRating/input_Password_password'

2019-07-02 10:22:13 - [TEST_STEP][PASSED] - click(findTestObject("REALRatings/Greensill/login/Page_RealRating/button_Login")): Object: 'Object Repository/REALRatings/Greensill/login/Page_RealRating/button_Login' is clicked on

2019-07-02 10:22:15 - [MESSAGE][PASSED] - Object: 'Object Repository/REALRatings/Greensill/login/Page_RealRating/button_Login' is clicked on

2019-07-02 10:22:15 - [TEST_STEP][PASSED] - getAllLinksOnCurrentPage(false, []): Found 16 unique links on the page https://nh-uat.realrating.co.uk/home

2019-07-02 10:22:15 - [MESSAGE][PASSED] - Found 16 unique links on the page https://nh-uat.realrating.co.uk/home

2019-07-02 10:22:15 - [TEST_STEP][PASSED] - verifyAllLinksOnCurrentPageAccessible(false, []): All links on the page 'https://nh-uat.realrating.co.uk/home' are accessible

2019-07-02 10:22:15 - [MESSAGE][PASSED] - Found 16 unique links on the page https://nh-uat.realrating.co.uk/home

2019-07-02 10:22:19 - [MESSAGE][INFO] - HAR: C:\Users\sambhavi\git\didactic-octo-spork\Reports\REALratings\NorthHighland\20190702_102138\requests\main\0.har

2019-07-02 10:22:19 - [MESSAGE][PASSED] - Send request successfully

2019-07-02 10:22:20 - [MESSAGE][INFO] - HAR: C:\Users\sambhavi\git\didactic-octo-spork\Reports\REALratings\NorthHighland\20190702_102138\requests\main\1.har

2019-07-02 10:22:20 - [MESSAGE][PASSED] - Send request successfully

2019-07-02 10:22:21 - [MESSAGE][INFO] - HAR: C:\Users\sambhavi\git\didactic-octo-spork\Reports\REALratings\NorthHighland\20190702_102138\requests\main\2.har

2019-07-02 10:22:21 - [MESSAGE][PASSED] - Send request successfully

2019-07-02 10:22:21 - [MESSAGE][INFO] - HAR: C:\Users\sambhavi\git\didactic-octo-spork\Reports\REALratings\NorthHighland\20190702_102138\requests\main\3.har

2019-07-02 10:22:21 - [MESSAGE][PASSED] - Send request successfully

2019-07-02 10:22:22 - [MESSAGE][INFO] - HAR: C:\Users\sambhavi\git\didactic-octo-spork\Reports\REALratings\NorthHighland\20190702_102138\requests\main\4.har

2019-07-02 10:22:22 - [MESSAGE][PASSED] - Send request successfully

2019-07-02 10:22:23 - [MESSAGE][INFO] - HAR: C:\Users\sambhavi\git\didactic-octo-spork\Reports\REALratings\NorthHighland\20190702_102138\requests\main\5.har

2019-07-02 10:22:23 - [MESSAGE][PASSED] - Send request successfully

2019-07-02 10:22:24 - [MESSAGE][INFO] - HAR: C:\Users\sambhavi\git\didactic-octo-spork\Reports\REALratings\NorthHighland\20190702_102138\requests\main\6.har

2019-07-02 10:22:24 - [MESSAGE][PASSED] - Send request successfully

2019-07-02 10:22:25 - [MESSAGE][INFO] - HAR: C:\Users\sambhavi\git\didactic-octo-spork\Reports\REALratings\NorthHighland\20190702_102138\requests\main\7.har

2019-07-02 10:22:25 - [MESSAGE][PASSED] - Send request successfully

2019-07-02 10:22:25 - [MESSAGE][INFO] - HAR: C:\Users\sambhavi\git\didactic-octo-spork\Reports\REALratings\NorthHighland\20190702_102138\requests\main\8.har

2019-07-02 10:22:25 - [MESSAGE][PASSED] - Send request successfully

2019-07-02 10:22:27 - [MESSAGE][INFO] - HAR: C:\Users\sambhavi\git\didactic-octo-spork\Reports\REALratings\NorthHighland\20190702_102138\requests\main\9.har

2019-07-02 10:22:27 - [MESSAGE][PASSED] - Send request successfully

2019-07-02 10:22:28 - [MESSAGE][INFO] - HAR: C:\Users\sambhavi\git\didactic-octo-spork\Reports\REALratings\NorthHighland\20190702_102138\requests\main\10.har

2019-07-02 10:22:28 - [MESSAGE][PASSED] - Send request successfully

2019-07-02 10:22:28 - [MESSAGE][INFO] - HAR: C:\Users\sambhavi\git\didactic-octo-spork\Reports\REALratings\NorthHighland\20190702_102138\requests\main\11.har

2019-07-02 10:22:28 - [MESSAGE][PASSED] - Send request successfully

2019-07-02 10:22:29 - [MESSAGE][INFO] - HAR: C:\Users\sambhavi\git\didactic-octo-spork\Reports\REALratings\NorthHighland\20190702_102138\requests\main\12.har

2019-07-02 10:22:29 - [MESSAGE][PASSED] - Send request successfully

2019-07-02 10:22:32 - [MESSAGE][INFO] - HAR: C:\Users\sambhavi\git\didactic-octo-spork\Reports\REALratings\NorthHighland\20190702_102138\requests\main\13.har

2019-07-02 10:22:32 - [MESSAGE][PASSED] - Send request successfully

2019-07-02 10:22:32 - [MESSAGE][INFO] - HAR: C:\Users\sambhavi\git\didactic-octo-spork\Reports\REALratings\NorthHighland\20190702_102138\requests\main\14.har

2019-07-02 10:22:32 - [MESSAGE][PASSED] - Send request successfully

2019-07-02 10:22:33 - [MESSAGE][INFO] - HAR: C:\Users\sambhavi\git\didactic-octo-spork\Reports\REALratings\NorthHighland\20190702_102138\requests\main\15.har

2019-07-02 10:22:33 - [MESSAGE][PASSED] - Send request successfully

2019-07-02 10:22:33 - [MESSAGE][PASSED] - All links are accessible

2019-07-02 10:22:33 - [MESSAGE][PASSED] - All links on the page 'https://nh-uat.realrating.co.uk/home' are accessible

2019-07-02 10:22:33 - [TEST_STEP][PASSED] - click(findTestObject("REALRatings/Greensill/login/Page_RealRating/Other Qualifications Tab")): Object: 'Object Repository/REALRatings/Greensill/login/Page_RealRating/Other Qualifications Tab' is clicked on

2019-07-02 10:22:33 - [MESSAGE][PASSED] - Object: 'Object Repository/REALRatings/Greensill/login/Page_RealRating/Other Qualifications Tab' is clicked on

2019-07-02 10:22:33 - [TEST_STEP][PASSED] - getAllLinksOnCurrentPage(false, []): Found 16 unique links on the page https://nh-uat.realrating.co.uk/home

2019-07-02 10:22:33 - [MESSAGE][PASSED] - Found 16 unique links on the page https://nh-uat.realrating.co.uk/home

2019-07-02 10:22:33 - [TEST_STEP][PASSED] - verifyAllLinksOnCurrentPageAccessible(false, []): All links on the page 'https://nh-uat.realrating.co.uk/home' are accessible

2019-07-02 10:22:34 - [MESSAGE][PASSED] - Found 16 unique links on the page https://nh-uat.realrating.co.uk/home

2019-07-02 10:22:35 - [MESSAGE][INFO] - HAR: C:\Users\sambhavi\git\didactic-octo-spork\Reports\REALratings\NorthHighland\20190702_102138\requests\main\16.har

2019-07-02 10:22:35 - [MESSAGE][PASSED] - Send request successfully

2019-07-02 10:22:36 - [MESSAGE][INFO] - HAR: C:\Users\sambhavi\git\didactic-octo-spork\Reports\REALratings\NorthHighland\20190702_102138\requests\main\17.har

2019-07-02 10:22:36 - [MESSAGE][PASSED] - Send request successfully

2019-07-02 10:22:36 - [MESSAGE][INFO] - HAR: C:\Users\sambhavi\git\didactic-octo-spork\Reports\REALratings\NorthHighland\20190702_102138\requests\main\18.har

2019-07-02 10:22:36 - [MESSAGE][PASSED] - Send request successfully

2019-07-02 10:22:37 - [MESSAGE][INFO] - HAR: C:\Users\sambhavi\git\didactic-octo-spork\Reports\REALratings\NorthHighland\20190702_102138\requests\main\19.har

2019-07-02 10:22:37 - [MESSAGE][PASSED] - Send request successfully

2019-07-02 10:22:38 - [MESSAGE][INFO] - HAR: C:\Users\sambhavi\git\didactic-octo-spork\Reports\REALratings\NorthHighland\20190702_102138\requests\main\20.har

2019-07-02 10:22:38 - [MESSAGE][PASSED] - Send request successfully

2019-07-02 10:22:38 - [MESSAGE][INFO] - HAR: C:\Users\sambhavi\git\didactic-octo-spork\Reports\REALratings\NorthHighland\20190702_102138\requests\main\21.har

2019-07-02 10:22:39 - [MESSAGE][PASSED] - Send request successfully

2019-07-02 10:22:49 - [MESSAGE][INFO] - HAR: C:\Users\sambhavi\git\didactic-octo-spork\Reports\REALratings\NorthHighland\20190702_102138\requests\main\22.har

2019-07-02 10:22:49 - [MESSAGE][PASSED] - Send request successfully

2019-07-02 10:22:49 - [MESSAGE][INFO] - HAR: C:\Users\sambhavi\git\didactic-octo-spork\Reports\REALratings\NorthHighland\20190702_102138\requests\main\23.har

2019-07-02 10:22:49 - [MESSAGE][PASSED] - Send request successfully

2019-07-02 10:22:50 - [MESSAGE][INFO] - HAR: C:\Users\sambhavi\git\didactic-octo-spork\Reports\REALratings\NorthHighland\20190702_102138\requests\main\24.har

2019-07-02 10:22:50 - [MESSAGE][PASSED] - Send request successfully

2019-07-02 10:22:51 - [MESSAGE][INFO] - HAR: C:\Users\sambhavi\git\didactic-octo-spork\Reports\REALratings\NorthHighland\20190702_102138\requests\main\25.har

2019-07-02 10:22:51 - [MESSAGE][PASSED] - Send request successfully

2019-07-02 10:22:52 - [MESSAGE][INFO] - HAR: C:\Users\sambhavi\git\didactic-octo-spork\Reports\REALratings\NorthHighland\20190702_102138\requests\main\26.har

2019-07-02 10:22:52 - [MESSAGE][PASSED] - Send request successfully

2019-07-02 10:22:53 - [MESSAGE][INFO] - HAR: C:\Users\sambhavi\git\didactic-octo-spork\Reports\REALratings\NorthHighland\20190702_102138\requests\main\27.har

2019-07-02 10:22:53 - [MESSAGE][PASSED] - Send request successfully

2019-07-02 10:22:55 - [MESSAGE][INFO] - HAR: C:\Users\sambhavi\git\didactic-octo-spork\Reports\REALratings\NorthHighland\20190702_102138\requests\main\28.har

2019-07-02 10:22:55 - [MESSAGE][PASSED] - Send request successfully

2019-07-02 10:22:59 - [MESSAGE][INFO] - HAR: C:\Users\sambhavi\git\didactic-octo-spork\Reports\REALratings\NorthHighland\20190702_102138\requests\main\29.har

2019-07-02 10:22:59 - [MESSAGE][PASSED] - Send request successfully

2019-07-02 10:22:59 - [MESSAGE][INFO] - HAR: C:\Users\sambhavi\git\didactic-octo-spork\Reports\REALratings\NorthHighland\20190702_102138\requests\main\30.har

2019-07-02 10:22:59 - [MESSAGE][PASSED] - Send request successfully

2019-07-02 10:23:00 - [MESSAGE][INFO] - HAR: C:\Users\sambhavi\git\didactic-octo-spork\Reports\REALratings\NorthHighland\20190702_102138\requests\main\31.har

2019-07-02 10:23:00 - [MESSAGE][PASSED] - Send request successfully

2019-07-02 10:23:00 - [MESSAGE][PASSED] - All links are accessible

2019-07-02 10:23:00 - [MESSAGE][PASSED] - All links on the page 'https://nh-uat.realrating.co.uk/home' are accessible

2019-07-02 10:23:00 - [TEST_STEP][PASSED] - click(findTestObject("REALRatings/Greensill/login/Page_RealRating/Profile")): Object: 'Object Repository/REALRatings/Greensill/login/Page_RealRating/Profile' is clicked on

2019-07-02 10:23:00 - [MESSAGE][PASSED] - Object: 'Object Repository/REALRatings/Greensill/login/Page_RealRating/Profile' is clicked on

2019-07-02 10:23:00 - [TEST_STEP][PASSED] - click(findTestObject("REALRatings/Greensill/login/Page_RealRating/Logout")): Object: 'Object Repository/REALRatings/Greensill/login/Page_RealRating/Logout' is clicked on

2019-07-02 10:23:00 - [MESSAGE][PASSED] - Object: 'Object Repository/REALRatings/Greensill/login/Page_RealRating/Logout' is clicked on

2019-07-02 10:23:00 - [TEST_STEP][PASSED] - delay(5): Delayed 5 second(s)

2019-07-02 10:23:05 - [MESSAGE][PASSED] - Delayed 5 second(s)

2019-07-02 10:23:05 - [TEST_STEP][PASSED] - click(findTestObject("REALRatings/Greensill/login/Page_RealRating/button_Logout")): Object: 'Object Repository/REALRatings/Greensill/login/Page_RealRating/button_Logout' is clicked on

2019-07-02 10:23:06 - [MESSAGE][PASSED] - Object: 'Object Repository/REALRatings/Greensill/login/Page_RealRating/button_Logout' is clicked on

2019-07-02 10:23:06 - [TEST_STEP][PASSED] - assert getUrl() == "https://nh-uat.realrating.co.uk/login": Current window's url is: 'https://nh-uat.realrating.co.uk/login'

2019-07-02 10:23:06 - [MESSAGE][PASSED] - Current window's url is: 'https://nh-uat.realrating.co.uk/login']]></system-out>
         <system-err><![CDATA[]]></system-err>
      </testcase>
      <system-out><![CDATA[2019-07-02 10:21:40 - [TEST_SUITE][PASSED] - NorthHighland: Test Cases/REALratings/NorthHighland/login]]></system-out>
      <system-err><![CDATA[]]></system-err>
   </testsuite>
</testsuites>
