<?xml version="1.0" encoding="UTF-8"?>
<testsuites name="getEMploayable" time="222" tests="1" failures="0" errors="0">
   <testsuite name="getEMploayable" tests="1" failures="0" errors="0" time="222" timestamp="2019-05-21 19:31:05" hostname="sambhavi - sambhavi.jmandigital.in" id="Test Suites/Get Employable/getEMploayable">
      <properties>
         <property name="deviceName" value=""/>
         <property name="devicePlatform" value=""/>
         <property name="logFolder" value="C:\\Users\\sambhavi\\git\\didactic-octo-spork\\Reports\\Get Employable\\getEMploayable\\20190521_193104"/>
         <property name="logFiles" value="C:\\Users\\sambhavi\\git\\didactic-octo-spork\\Reports\\Get Employable\\getEMploayable\\20190521_193104\\execution0.log"/>
         <property name="attachments" value=""/>
         <property name="hostName" value="sambhavi - sambhavi.jmandigital.in"/>
         <property name="os" value="Windows 10 64bit"/>
         <property name="katalonVersion" value="6.0.5.10"/>
         <property name="browser" value="Chrome 74.0.3729.157"/>
         <property name="hostAddress" value="192.168.0.185"/>
         <property name="sessionId" value="f91df16634368c272663c32c3f0edc0e"/>
         <property name="seleniumVersion" value="3.7.1"/>
         <property name="proxyInformation" value="ProxyInformation{proxyOption=NO_PROXY, proxyServerType=HTTP, password=, proxyServerAddress=, proxyServerPort=0}"/>
         <property name="platform" value="Windows 10"/>
      </properties>
      <testcase name="Test Cases/getEmployable/background" classname="Test Cases/getEmployable/background" status="PASSED">
         <system-out><![CDATA[2019-05-21 19:31:06 - [TEST_CASE][PASSED] - Test Cases/getEmployable/background: Test Cases/getEmployable/background

2019-05-21 19:31:06 - [TEST_STEP][NOT_RUN] - callTestCase(findTestCase("getEmployable/journryToUniveristy"), [:], STOP_ON_FAILURE): NOT_RUN: callTestCase(findTestCase("getEmployable/journryToUniveristy"), [:], STOP_ON_FAILURE)

2019-05-21 19:31:06 - [MESSAGE][NOT_RUN] - NOT_RUN: callTestCase(findTestCase("getEmployable/journryToUniveristy"), [:], STOP_ON_FAILURE)

2019-05-21 19:31:06 - [TEST_STEP][PASSED] - callTestCase(findTestCase("getEmployable/yourCareerArea"), [:], STOP_ON_FAILURE): Call Test Case 'Test Cases/getEmployable/yourCareerArea' successfully

2019-05-21 19:31:07 - [TEST_CASE][PASSED] - Test Cases/getEmployable/yourCareerArea: Test Cases/getEmployable/yourCareerArea

2019-05-21 19:31:07 - [TEST_STEP][PASSED] - callTestCase(findTestCase("getEmployable/emp8"), [:], STOP_ON_FAILURE): Call Test Case 'Test Cases/getEmployable/emp8' successfully

2019-05-21 19:31:07 - [TEST_CASE][PASSED] - Test Cases/getEmployable/emp8: Test Cases/getEmployable/emp8

2019-05-21 19:31:07 - [TEST_STEP][PASSED] - callTestCase(findTestCase("getEmployable/emp6"), [:], STOP_ON_FAILURE): Call Test Case 'Test Cases/getEmployable/emp6' successfully

2019-05-21 19:31:07 - [TEST_CASE][PASSED] - Test Cases/getEmployable/emp6: Test Cases/getEmployable/emp6

2019-05-21 19:31:07 - [TEST_STEP][PASSED] - callTestCase(findTestCase("getEmployable/emp5"), [:], STOP_ON_FAILURE): Call Test Case 'Test Cases/getEmployable/emp5' successfully

2019-05-21 19:31:08 - [TEST_CASE][PASSED] - Test Cases/getEmployable/emp5: Test Cases/getEmployable/emp5

2019-05-21 19:31:08 - [TEST_STEP][PASSED] - callTestCase(findTestCase("getEmployable/emp4"), [:], STOP_ON_FAILURE): Call Test Case 'Test Cases/getEmployable/emp4' successfully

2019-05-21 19:31:08 - [TEST_CASE][PASSED] - Test Cases/getEmployable/emp4: Test Cases/getEmployable/emp4

2019-05-21 19:31:08 - [TEST_STEP][PASSED] - callTestCase(findTestCase("getEmployable/emp3"), [:], STOP_ON_FAILURE): Call Test Case 'Test Cases/getEmployable/emp3' successfully

2019-05-21 19:31:08 - [TEST_CASE][PASSED] - Test Cases/getEmployable/emp3: Test Cases/getEmployable/emp3

2019-05-21 19:31:08 - [TEST_STEP][PASSED] - callTestCase(findTestCase("getEmployable/emp2"), [:], STOP_ON_FAILURE): Call Test Case 'Test Cases/getEmployable/emp2' successfully

2019-05-21 19:31:08 - [TEST_CASE][PASSED] - Test Cases/getEmployable/emp2: Test Cases/getEmployable/emp2

2019-05-21 19:31:08 - [TEST_STEP][PASSED] - callTestCase(findTestCase("getEmployable/Emp1"), [:], STOP_ON_FAILURE): Call Test Case 'Test Cases/getEmployable/Emp1' successfully

2019-05-21 19:31:08 - [TEST_CASE][PASSED] - Test Cases/getEmployable/Emp1: Test Cases/getEmployable/Emp1

2019-05-21 19:31:09 - [TEST_STEP][PASSED] - callTestCase(findTestCase("getEmployable/yourUniversity"), [:], STOP_ON_FAILURE): Call Test Case 'Test Cases/getEmployable/yourUniversity' successfully

2019-05-21 19:31:09 - [TEST_CASE][PASSED] - Test Cases/getEmployable/yourUniversity: Test Cases/getEmployable/yourUniversity

2019-05-21 19:31:09 - [TEST_STEP][PASSED] - callTestCase(findTestCase("getEmployable/aboutYou"), [:], STOP_ON_FAILURE): Call Test Case 'Test Cases/getEmployable/aboutYou' successfully

2019-05-21 19:31:09 - [TEST_CASE][PASSED] - Test Cases/getEmployable/aboutYou: Test Cases/getEmployable/aboutYou

2019-05-21 19:31:09 - [TEST_STEP][PASSED] - callTestCase(findTestCase("getEmployable/launchSite"), [:], STOP_ON_FAILURE): Call Test Case 'Test Cases/getEmployable/launchSite' successfully

2019-05-21 19:31:09 - [TEST_CASE][PASSED] - Test Cases/getEmployable/launchSite: Test Cases/getEmployable/launchSite

2019-05-21 19:31:10 - [TEST_STEP][PASSED] - openBrowser(""): Browser is opened with url: ''

2019-05-21 19:31:10 - [MESSAGE][INFO] - Starting 'Chrome' driver

2019-05-21 19:31:10 - [MESSAGE][INFO] - Action delay is set to 0 seconds

2019-05-21 19:31:13 - [MESSAGE][PASSED] - Browser is opened with url: ''

2019-05-21 19:31:13 - [TEST_STEP][PASSED] - navigateToUrl(findTestData("getEmployable/URL").getValue(1, 1)): Navigate to 'https://uat.getemployable.org/gef-assessment' successfully

2019-05-21 19:31:16 - [MESSAGE][PASSED] - Navigate to 'https://uat.getemployable.org/gef-assessment' successfully

2019-05-21 19:31:16 - [TEST_STEP][PASSED] - maximizeWindow(): Current window maximized

2019-05-21 19:31:17 - [MESSAGE][PASSED] - Current window maximized

2019-05-21 19:31:17 - [TEST_STEP][PASSED] - verifyElementPresent(findTestObject("getEmployable/form"), 10, STOP_ON_FAILURE): Object 'Object Repository/getEmployable/form' is present

2019-05-21 19:31:17 - [MESSAGE][PASSED] - Object 'Object Repository/getEmployable/form' is present

2019-05-21 19:31:17 - [TEST_STEP][PASSED] - delay(5): Delayed 5 second(s)

2019-05-21 19:31:22 - [MESSAGE][PASSED] - Delayed 5 second(s)

2019-05-21 19:31:22 - [MESSAGE][PASSED] - Call Test Case 'Test Cases/getEmployable/launchSite' successfully

2019-05-21 19:31:22 - [TEST_STEP][PASSED] - setText(findTestObject("getEmployable/input_First Name"), findTestData("getEmployable/Applicants").getValue(1, 1)): Text 'Asha' is set on object 'Object Repository/getEmployable/input_First Name'

2019-05-21 19:31:22 - [MESSAGE][PASSED] - Text 'Asha' is set on object 'Object Repository/getEmployable/input_First Name'

2019-05-21 19:31:22 - [TEST_STEP][PASSED] - setText(findTestObject("getEmployable/input_Last name"), findTestData("getEmployable/Applicants").getValue(2, 1)): Text 'Rajendran' is set on object 'Object Repository/getEmployable/input_Last name'

2019-05-21 19:31:23 - [MESSAGE][PASSED] - Text 'Rajendran' is set on object 'Object Repository/getEmployable/input_Last name'

2019-05-21 19:31:23 - [TEST_STEP][PASSED] - setText(findTestObject("getEmployable/input_University Email"), findTestData("getEmployable/Applicants").getValue(3, 1)): Text 'asharajendran4@test.ac.uk' is set on object 'Object Repository/getEmployable/input_University Email'

2019-05-21 19:31:23 - [MESSAGE][PASSED] - Text 'asharajendran4@test.ac.uk' is set on object 'Object Repository/getEmployable/input_University Email'

2019-05-21 19:31:23 - [TEST_STEP][PASSED] - setText(findTestObject("getEmployable/input_Personal Email"), findTestData("getEmployable/Applicants").getValue(4, 1)): Text 'asharajendran@gmail.com' is set on object 'Object Repository/getEmployable/input_Personal Email'

2019-05-21 19:31:24 - [MESSAGE][PASSED] - Text 'asharajendran@gmail.com' is set on object 'Object Repository/getEmployable/input_Personal Email'

2019-05-21 19:31:24 - [TEST_STEP][PASSED] - setText(findTestObject("getEmployable/input_Phone Number"), findTestData("getEmployable/Applicants").getValue(5, 1)): Text '08125648521' is set on object 'Object Repository/getEmployable/input_Phone Number'

2019-05-21 19:31:24 - [MESSAGE][PASSED] - Text '08125648521' is set on object 'Object Repository/getEmployable/input_Phone Number'

2019-05-21 19:31:24 - [TEST_STEP][PASSED] - delay(5): Delayed 5 second(s)

2019-05-21 19:31:29 - [MESSAGE][PASSED] - Delayed 5 second(s)

2019-05-21 19:31:29 - [TEST_STEP][PASSED] - click(findTestObject("getEmployable/input_date Of Birth")): Object: 'Object Repository/getEmployable/input_date Of Birth' is clicked on

2019-05-21 19:31:29 - [MESSAGE][PASSED] - Object: 'Object Repository/getEmployable/input_date Of Birth' is clicked on

2019-05-21 19:31:29 - [TEST_STEP][PASSED] - click(findTestObject("ApplyNow/Page_getEmployable - Assessment Form/a_04")): Object: 'Object Repository/ApplyNow/Page_getEmployable - Assessment Form/a_04' is clicked on

2019-05-21 19:31:30 - [MESSAGE][PASSED] - Object: 'Object Repository/ApplyNow/Page_getEmployable - Assessment Form/a_04' is clicked on

2019-05-21 19:31:30 - [TEST_STEP][PASSED] - delay(5): Delayed 5 second(s)

2019-05-21 19:31:35 - [MESSAGE][PASSED] - Delayed 5 second(s)

2019-05-21 19:31:35 - [TEST_STEP][PASSED] - click(findTestObject("getEmployable/label_Female")): Object: 'Object Repository/getEmployable/label_Female' is clicked on

2019-05-21 19:31:35 - [MESSAGE][PASSED] - Object: 'Object Repository/getEmployable/label_Female' is clicked on

2019-05-21 19:31:35 - [TEST_STEP][PASSED] - click(findTestObject("getEmployable/input_Other_next")): Object: 'Object Repository/getEmployable/input_Other_next' is clicked on

2019-05-21 19:31:35 - [MESSAGE][PASSED] - Object: 'Object Repository/getEmployable/input_Other_next' is clicked on

2019-05-21 19:31:35 - [TEST_STEP][PASSED] - delay(5): Delayed 5 second(s)

2019-05-21 19:31:40 - [MESSAGE][PASSED] - Delayed 5 second(s)

2019-05-21 19:31:40 - [MESSAGE][PASSED] - Call Test Case 'Test Cases/getEmployable/aboutYou' successfully

2019-05-21 19:31:40 - [TEST_STEP][PASSED] - UniversityTotalOption = getNumberOfTotalOption(findTestObject("getEmployable/select_University")): 155 options of object 'Object Repository/getEmployable/select_University' counted

2019-05-21 19:31:40 - [MESSAGE][PASSED] - 155 options of object 'Object Repository/getEmployable/select_University' counted

2019-05-21 19:31:40 - [TEST_STEP][PASSED] - rad = new java.util.Random(): null

2019-05-21 19:31:40 - [TEST_STEP][PASSED] - UniversityCount = rad.nextInt(UniversityTotalOption): null

2019-05-21 19:31:40 - [TEST_STEP][PASSED] - selectOptionByIndex(findTestObject("getEmployable/select_University"), UniversityCount): All options with index in [87] are selected on object 'Object Repository/getEmployable/select_University'

2019-05-21 19:31:41 - [MESSAGE][PASSED] - All options with index in [87] are selected on object 'Object Repository/getEmployable/select_University'

2019-05-21 19:31:41 - [TEST_STEP][PASSED] - UniversityCourseTotalOption = getNumberOfTotalOption(findTestObject("getEmployable/select_UniversityCourse")): 96 options of object 'Object Repository/getEmployable/select_UniversityCourse' counted

2019-05-21 19:31:41 - [MESSAGE][PASSED] - 96 options of object 'Object Repository/getEmployable/select_UniversityCourse' counted

2019-05-21 19:31:41 - [TEST_STEP][PASSED] - UniveristyCourseCount = rad.nextInt(UniversityCourseTotalOption): null

2019-05-21 19:31:41 - [TEST_STEP][PASSED] - selectOptionByIndex(findTestObject("getEmployable/select_UniversityCourse"), UniveristyCourseCount): All options with index in [24] are selected on object 'Object Repository/getEmployable/select_UniversityCourse'

2019-05-21 19:31:41 - [MESSAGE][PASSED] - All options with index in [24] are selected on object 'Object Repository/getEmployable/select_UniversityCourse'

2019-05-21 19:31:41 - [TEST_STEP][PASSED] - if (UniveristyCourseCount == 94): null

2019-05-21 19:31:41 - [TEST_STEP][PASSED] - delay(5): Delayed 5 second(s)

2019-05-21 19:31:47 - [MESSAGE][PASSED] - Delayed 5 second(s)

2019-05-21 19:31:47 - [TEST_STEP][PASSED] - DegreeTotalOptions = getNumberOfTotalOption(findTestObject("getEmployable/select_Degree")): 10 options of object 'Object Repository/getEmployable/select_Degree' counted

2019-05-21 19:31:47 - [MESSAGE][PASSED] - 10 options of object 'Object Repository/getEmployable/select_Degree' counted

2019-05-21 19:31:47 - [TEST_STEP][PASSED] - DegreeCount = rad.nextInt(DegreeTotalOptions): null

2019-05-21 19:31:47 - [TEST_STEP][PASSED] - selectOptionByIndex(findTestObject("getEmployable/select_Degree"), DegreeCount): All options with index in [9] are selected on object 'Object Repository/getEmployable/select_Degree'

2019-05-21 19:31:47 - [MESSAGE][PASSED] - All options with index in [9] are selected on object 'Object Repository/getEmployable/select_Degree'

2019-05-21 19:31:47 - [TEST_STEP][PASSED] - CourseDurationTotalOptions = getNumberOfTotalOption(findTestObject("getEmployable/select_CourseDuration")): 7 options of object 'Object Repository/getEmployable/select_CourseDuration' counted

2019-05-21 19:31:47 - [MESSAGE][PASSED] - 7 options of object 'Object Repository/getEmployable/select_CourseDuration' counted

2019-05-21 19:31:47 - [TEST_STEP][PASSED] - CourseDurationCount = rad.nextInt(CourseDurationTotalOptions): null

2019-05-21 19:31:47 - [TEST_STEP][PASSED] - selectOptionByIndex(findTestObject("getEmployable/select_CourseDuration"), CourseDurationCount): All options with index in [3] are selected on object 'Object Repository/getEmployable/select_CourseDuration'

2019-05-21 19:31:47 - [MESSAGE][PASSED] - All options with index in [3] are selected on object 'Object Repository/getEmployable/select_CourseDuration'

2019-05-21 19:31:47 - [TEST_STEP][PASSED] - selectOptionByIndex(findTestObject("getEmployable/select_YearOfStudy"), CourseDurationCount): All options with index in [3] are selected on object 'Object Repository/getEmployable/select_YearOfStudy'

2019-05-21 19:31:47 - [MESSAGE][PASSED] - All options with index in [3] are selected on object 'Object Repository/getEmployable/select_YearOfStudy'

2019-05-21 19:31:47 - [TEST_STEP][PASSED] - click(findTestObject("getEmployable/select_FullTime")): Object: 'Object Repository/getEmployable/select_FullTime' is clicked on

2019-05-21 19:31:47 - [MESSAGE][PASSED] - Object: 'Object Repository/getEmployable/select_FullTime' is clicked on

2019-05-21 19:31:47 - [TEST_STEP][PASSED] - delay(10): Delayed 10 second(s)

2019-05-21 19:31:57 - [MESSAGE][PASSED] - Delayed 10 second(s)

2019-05-21 19:31:57 - [TEST_STEP][PASSED] - click(findTestObject("getEmployable/button_NextUniversity")): Object: 'Object Repository/getEmployable/button_NextUniversity' is clicked on

2019-05-21 19:31:57 - [MESSAGE][PASSED] - Object: 'Object Repository/getEmployable/button_NextUniversity' is clicked on

2019-05-21 19:31:57 - [TEST_STEP][PASSED] - delay(2): Delayed 2 second(s)

2019-05-21 19:31:59 - [MESSAGE][PASSED] - Delayed 2 second(s)

2019-05-21 19:31:59 - [MESSAGE][PASSED] - Call Test Case 'Test Cases/getEmployable/yourUniversity' successfully

2019-05-21 19:31:59 - [TEST_STEP][PASSED] - click(findTestObject("Object Repository/emp1/Page_getEmployable - Assessment Form/input_Under 3 months_option_question_32")): Object: 'Object Repository/emp1/Page_getEmployable - Assessment Form/input_Under 3 months_option_question_32' is clicked on

2019-05-21 19:32:00 - [MESSAGE][PASSED] - Object: 'Object Repository/emp1/Page_getEmployable - Assessment Form/input_Under 3 months_option_question_32' is clicked on

2019-05-21 19:32:00 - [TEST_STEP][PASSED] - click(findTestObject("Object Repository/emp1/Page_getEmployable - Assessment Form/input_Under 3 months_option_question_33")): Object: 'Object Repository/emp1/Page_getEmployable - Assessment Form/input_Under 3 months_option_question_33' is clicked on

2019-05-21 19:32:00 - [MESSAGE][PASSED] - Object: 'Object Repository/emp1/Page_getEmployable - Assessment Form/input_Under 3 months_option_question_33' is clicked on

2019-05-21 19:32:00 - [TEST_STEP][PASSED] - click(findTestObject("Object Repository/emp1/Page_getEmployable - Assessment Form/input_None_option_question_34")): Object: 'Object Repository/emp1/Page_getEmployable - Assessment Form/input_None_option_question_34' is clicked on

2019-05-21 19:32:00 - [MESSAGE][PASSED] - Object: 'Object Repository/emp1/Page_getEmployable - Assessment Form/input_None_option_question_34' is clicked on

2019-05-21 19:32:00 - [TEST_STEP][PASSED] - click(findTestObject("Object Repository/emp1/Page_getEmployable - Assessment Form/input_None_option_question_35")): Object: 'Object Repository/emp1/Page_getEmployable - Assessment Form/input_None_option_question_35' is clicked on

2019-05-21 19:32:00 - [MESSAGE][PASSED] - Object: 'Object Repository/emp1/Page_getEmployable - Assessment Form/input_None_option_question_35' is clicked on

2019-05-21 19:32:00 - [TEST_STEP][PASSED] - click(findTestObject("Object Repository/emp1/Page_getEmployable - Assessment Form/input_Yes typically averaging at least 1-2 hours per week for the last year or more._option_question_36")): Object: 'Object Repository/emp1/Page_getEmployable - Assessment Form/input_Yes typically averaging at least 1-2 hours per week for the last year or more._option_question_36' is clicked on

2019-05-21 19:32:00 - [MESSAGE][PASSED] - Object: 'Object Repository/emp1/Page_getEmployable - Assessment Form/input_Yes typically averaging at least 1-2 hours per week for the last year or more._option_question_36' is clicked on

2019-05-21 19:32:00 - [TEST_STEP][PASSED] - click(findTestObject("Object Repository/emp1/Page_getEmployable - Assessment Form/input_None_option_question_37")): Object: 'Object Repository/emp1/Page_getEmployable - Assessment Form/input_None_option_question_37' is clicked on

2019-05-21 19:32:00 - [MESSAGE][PASSED] - Object: 'Object Repository/emp1/Page_getEmployable - Assessment Form/input_None_option_question_37' is clicked on

2019-05-21 19:32:00 - [TEST_STEP][PASSED] - click(findTestObject("Object Repository/emp1/Page_getEmployable - Assessment Form/input_None_option_question_38")): Object: 'Object Repository/emp1/Page_getEmployable - Assessment Form/input_None_option_question_38' is clicked on

2019-05-21 19:32:00 - [MESSAGE][PASSED] - Object: 'Object Repository/emp1/Page_getEmployable - Assessment Form/input_None_option_question_38' is clicked on

2019-05-21 19:32:00 - [TEST_STEP][PASSED] - click(findTestObject("Object Repository/emp1/Page_getEmployable - Assessment Form/input_None_option_question_39")): Object: 'Object Repository/emp1/Page_getEmployable - Assessment Form/input_None_option_question_39' is clicked on

2019-05-21 19:32:00 - [MESSAGE][PASSED] - Object: 'Object Repository/emp1/Page_getEmployable - Assessment Form/input_None_option_question_39' is clicked on

2019-05-21 19:32:00 - [TEST_STEP][PASSED] - click(findTestObject("Object Repository/emp1/Page_getEmployable - Assessment Form/input_Yes - mainly to work_option_question_40")): Object: 'Object Repository/emp1/Page_getEmployable - Assessment Form/input_Yes - mainly to work_option_question_40' is clicked on

2019-05-21 19:32:00 - [MESSAGE][PASSED] - Object: 'Object Repository/emp1/Page_getEmployable - Assessment Form/input_Yes - mainly to work_option_question_40' is clicked on

2019-05-21 19:32:00 - [TEST_STEP][PASSED] - click(findTestObject("Object Repository/emp1/Page_getEmployable - Assessment Form/input_Interview(s) with Careers Advisor_option_question_41")): Object: 'Object Repository/emp1/Page_getEmployable - Assessment Form/input_Interview(s) with Careers Advisor_option_question_41' is clicked on

2019-05-21 19:32:00 - [MESSAGE][PASSED] - Object: 'Object Repository/emp1/Page_getEmployable - Assessment Form/input_Interview(s) with Careers Advisor_option_question_41' is clicked on

2019-05-21 19:32:00 - [TEST_STEP][PASSED] - click(findTestObject("Object Repository/emp1/Page_getEmployable - Assessment Form/input_Very helpful_followup_question_4")): Object: 'Object Repository/emp1/Page_getEmployable - Assessment Form/input_Very helpful_followup_question_4' is clicked on

2019-05-21 19:32:01 - [MESSAGE][PASSED] - Object: 'Object Repository/emp1/Page_getEmployable - Assessment Form/input_Very helpful_followup_question_4' is clicked on

2019-05-21 19:32:01 - [TEST_STEP][PASSED] - click(findTestObject("Object Repository/emp1/Page_getEmployable - Assessment Form/input_Knowledgable about some relevant careers._option_question_43")): Object: 'Object Repository/emp1/Page_getEmployable - Assessment Form/input_Knowledgable about some relevant careers._option_question_43' is clicked on

2019-05-21 19:32:01 - [MESSAGE][PASSED] - Object: 'Object Repository/emp1/Page_getEmployable - Assessment Form/input_Knowledgable about some relevant careers._option_question_43' is clicked on

2019-05-21 19:32:01 - [TEST_STEP][PASSED] - click(findTestObject("Object Repository/emp1/Page_getEmployable - Assessment Form/input_Yes they helped me a little_option_question_44")): Object: 'Object Repository/emp1/Page_getEmployable - Assessment Form/input_Yes they helped me a little_option_question_44' is clicked on

2019-05-21 19:32:01 - [MESSAGE][PASSED] - Object: 'Object Repository/emp1/Page_getEmployable - Assessment Form/input_Yes they helped me a little_option_question_44' is clicked on

2019-05-21 19:32:01 - [TEST_STEP][PASSED] - click(findTestObject("Object Repository/emp1/Page_getEmployable - Assessment Form/input_My family_option_question_46")): Object: 'Object Repository/emp1/Page_getEmployable - Assessment Form/input_My family_option_question_46' is clicked on

2019-05-21 19:32:01 - [MESSAGE][PASSED] - Object: 'Object Repository/emp1/Page_getEmployable - Assessment Form/input_My family_option_question_46' is clicked on

2019-05-21 19:32:01 - [TEST_STEP][PASSED] - click(findTestObject("Object Repository/emp1/Page_getEmployable - Assessment Form/input_Friends of my family have helped me secure useful work experience._option_question_47")): Object: 'Object Repository/emp1/Page_getEmployable - Assessment Form/input_Friends of my family have helped me secure useful work experience._option_question_47' is clicked on

2019-05-21 19:32:01 - [MESSAGE][PASSED] - Object: 'Object Repository/emp1/Page_getEmployable - Assessment Form/input_Friends of my family have helped me secure useful work experience._option_question_47' is clicked on

2019-05-21 19:32:01 - [TEST_STEP][PASSED] - click(findTestObject("Object Repository/emp1/Page_getEmployable - Assessment Form/span_None of these_fa fa-angle-right fa-2x")): Object: 'Object Repository/emp1/Page_getEmployable - Assessment Form/span_None of these_fa fa-angle-right fa-2x' is clicked on

2019-05-21 19:32:01 - [MESSAGE][PASSED] - Object: 'Object Repository/emp1/Page_getEmployable - Assessment Form/span_None of these_fa fa-angle-right fa-2x' is clicked on

2019-05-21 19:32:01 - [MESSAGE][PASSED] - Call Test Case 'Test Cases/getEmployable/Emp1' successfully

2019-05-21 19:32:01 - [TEST_STEP][PASSED] - delay(5): Delayed 5 second(s)

2019-05-21 19:32:06 - [MESSAGE][PASSED] - Delayed 5 second(s)

2019-05-21 19:32:06 - [TEST_STEP][PASSED] - click(findTestObject("emp2/Page_getEmployable - Assessment Form/input_I dont know much about any careers  suited to me._option_question_19")): Object: 'Object Repository/emp2/Page_getEmployable - Assessment Form/input_I dont know much about any careers  suited to me._option_question_19' is clicked on

2019-05-21 19:32:06 - [MESSAGE][PASSED] - Object: 'Object Repository/emp2/Page_getEmployable - Assessment Form/input_I dont know much about any careers  suited to me._option_question_19' is clicked on

2019-05-21 19:32:06 - [TEST_STEP][PASSED] - click(findTestObject("emp2/Page_getEmployable - Assessment Form/input_concat(No I don  t know which career is best for me.)_option_question_24")): Object: 'Object Repository/emp2/Page_getEmployable - Assessment Form/input_concat(No I don  t know which career is best for me.)_option_question_24' is clicked on

2019-05-21 19:32:06 - [MESSAGE][PASSED] - Object: 'Object Repository/emp2/Page_getEmployable - Assessment Form/input_concat(No I don  t know which career is best for me.)_option_question_24' is clicked on

2019-05-21 19:32:06 - [TEST_STEP][PASSED] - click(findTestObject("emp2/Page_getEmployable - Assessment Form/input_The general application process for graduate jobs (and internships if applicable)._option_question_30")): Object: 'Object Repository/emp2/Page_getEmployable - Assessment Form/input_The general application process for graduate jobs (and internships if applicable)._option_question_30' is clicked on

2019-05-21 19:32:06 - [MESSAGE][PASSED] - Object: 'Object Repository/emp2/Page_getEmployable - Assessment Form/input_The general application process for graduate jobs (and internships if applicable)._option_question_30' is clicked on

2019-05-21 19:32:06 - [TEST_STEP][PASSED] - click(findTestObject("emp2/Page_getEmployable - Assessment Form/input_The career trajectory including how promotion is achieved and the pay at each level._option_question_31")): Object: 'Object Repository/emp2/Page_getEmployable - Assessment Form/input_The career trajectory including how promotion is achieved and the pay at each level._option_question_31' is clicked on

2019-05-21 19:32:06 - [MESSAGE][PASSED] - Object: 'Object Repository/emp2/Page_getEmployable - Assessment Form/input_The career trajectory including how promotion is achieved and the pay at each level._option_question_31' is clicked on

2019-05-21 19:32:06 - [TEST_STEP][PASSED] - click(findTestObject("emp2/Page_getEmployable - Assessment Form/span_Not applicable or none of these_fa fa-angle-right fa-2x")): Object: 'Object Repository/emp2/Page_getEmployable - Assessment Form/span_Not applicable or none of these_fa fa-angle-right fa-2x' is clicked on

2019-05-21 19:32:07 - [MESSAGE][PASSED] - Object: 'Object Repository/emp2/Page_getEmployable - Assessment Form/span_Not applicable or none of these_fa fa-angle-right fa-2x' is clicked on

2019-05-21 19:32:07 - [MESSAGE][PASSED] - Call Test Case 'Test Cases/getEmployable/emp2' successfully

2019-05-21 19:32:07 - [TEST_STEP][PASSED] - delay(5): Delayed 5 second(s)

2019-05-21 19:32:12 - [MESSAGE][PASSED] - Delayed 5 second(s)

2019-05-21 19:32:12 - [TEST_STEP][PASSED] - click(findTestObject("Object Repository/emp3/Page_getEmployable - Assessment Form/input_Application  Interview Skills_option_question_50")): Object: 'Object Repository/emp3/Page_getEmployable - Assessment Form/input_Application  Interview Skills_option_question_50' is clicked on

2019-05-21 19:32:12 - [MESSAGE][PASSED] - Object: 'Object Repository/emp3/Page_getEmployable - Assessment Form/input_Application  Interview Skills_option_question_50' is clicked on

2019-05-21 19:32:12 - [TEST_STEP][PASSED] - click(findTestObject("Object Repository/emp3/Page_getEmployable - Assessment Form/input_No_option_question_51")): Object: 'Object Repository/emp3/Page_getEmployable - Assessment Form/input_No_option_question_51' is clicked on

2019-05-21 19:32:12 - [MESSAGE][PASSED] - Object: 'Object Repository/emp3/Page_getEmployable - Assessment Form/input_No_option_question_51' is clicked on

2019-05-21 19:32:12 - [TEST_STEP][PASSED] - click(findTestObject("Object Repository/emp3/Page_getEmployable - Assessment Form/input_Yes - other technique_option_question_52")): Object: 'Object Repository/emp3/Page_getEmployable - Assessment Form/input_Yes - other technique_option_question_52' is clicked on

2019-05-21 19:32:12 - [MESSAGE][PASSED] - Object: 'Object Repository/emp3/Page_getEmployable - Assessment Form/input_Yes - other technique_option_question_52' is clicked on

2019-05-21 19:32:12 - [TEST_STEP][PASSED] - click(findTestObject("Object Repository/emp3/Page_getEmployable - Assessment Form/span_None of the above_fa fa-angle-right fa-2x")): Object: 'Object Repository/emp3/Page_getEmployable - Assessment Form/span_None of the above_fa fa-angle-right fa-2x' is clicked on

2019-05-21 19:32:12 - [MESSAGE][PASSED] - Object: 'Object Repository/emp3/Page_getEmployable - Assessment Form/span_None of the above_fa fa-angle-right fa-2x' is clicked on

2019-05-21 19:32:12 - [MESSAGE][PASSED] - Call Test Case 'Test Cases/getEmployable/emp3' successfully

2019-05-21 19:32:12 - [TEST_STEP][PASSED] - delay(5): Delayed 5 second(s)

2019-05-21 19:32:17 - [MESSAGE][PASSED] - Delayed 5 second(s)

2019-05-21 19:32:17 - [TEST_STEP][PASSED] - click(findTestObject("Object Repository/emp4/Page_getEmployable - Assessment Form/input_Communication_option_question_14")): Object: 'Object Repository/emp4/Page_getEmployable - Assessment Form/input_Communication_option_question_14' is clicked on

2019-05-21 19:32:17 - [MESSAGE][PASSED] - Object: 'Object Repository/emp4/Page_getEmployable - Assessment Form/input_Communication_option_question_14' is clicked on

2019-05-21 19:32:17 - [TEST_STEP][PASSED] - click(findTestObject("Object Repository/emp4/Page_getEmployable - Assessment Form/input_None of these_option_question_15")): Object: 'Object Repository/emp4/Page_getEmployable - Assessment Form/input_None of these_option_question_15' is clicked on

2019-05-21 19:32:17 - [MESSAGE][PASSED] - Object: 'Object Repository/emp4/Page_getEmployable - Assessment Form/input_None of these_option_question_15' is clicked on

2019-05-21 19:32:17 - [TEST_STEP][PASSED] - click(findTestObject("Object Repository/emp4/Page_getEmployable - Assessment Form/input_None of these_option_question_16")): Object: 'Object Repository/emp4/Page_getEmployable - Assessment Form/input_None of these_option_question_16' is clicked on

2019-05-21 19:32:17 - [MESSAGE][PASSED] - Object: 'Object Repository/emp4/Page_getEmployable - Assessment Form/input_None of these_option_question_16' is clicked on

2019-05-21 19:32:17 - [TEST_STEP][PASSED] - click(findTestObject("Object Repository/emp4/Page_getEmployable - Assessment Form/span_I can identify some habits that prevent me working at my best but find it hard to address them._fa fa-angle-right fa-2x")): Object: 'Object Repository/emp4/Page_getEmployable - Assessment Form/span_I can identify some habits that prevent me working at my best but find it hard to address them._fa fa-angle-right fa-2x' is clicked on

2019-05-21 19:32:17 - [MESSAGE][PASSED] - Object: 'Object Repository/emp4/Page_getEmployable - Assessment Form/span_I can identify some habits that prevent me working at my best but find it hard to address them._fa fa-angle-right fa-2x' is clicked on

2019-05-21 19:32:17 - [MESSAGE][PASSED] - Call Test Case 'Test Cases/getEmployable/emp4' successfully

2019-05-21 19:32:17 - [TEST_STEP][PASSED] - delay(5): Delayed 5 second(s)

2019-05-21 19:32:22 - [MESSAGE][PASSED] - Delayed 5 second(s)

2019-05-21 19:32:22 - [TEST_STEP][PASSED] - click(findTestObject("Object Repository/emp5/Page_getEmployable - Assessment Form/input_Prefect_option_question_1")): Object: 'Object Repository/emp5/Page_getEmployable - Assessment Form/input_Prefect_option_question_1' is clicked on

2019-05-21 19:32:22 - [MESSAGE][PASSED] - Object: 'Object Repository/emp5/Page_getEmployable - Assessment Form/input_Prefect_option_question_1' is clicked on

2019-05-21 19:32:22 - [TEST_STEP][PASSED] - click(findTestObject("Object Repository/emp5/Page_getEmployable - Assessment Form/input_Position on a society committee such as Treasurer or Social Secretary of RAG._option_question_8")): Object: 'Object Repository/emp5/Page_getEmployable - Assessment Form/input_Position on a society committee such as Treasurer or Social Secretary of RAG._option_question_8' is clicked on

2019-05-21 19:32:23 - [MESSAGE][PASSED] - Object: 'Object Repository/emp5/Page_getEmployable - Assessment Form/input_Position on a society committee such as Treasurer or Social Secretary of RAG._option_question_8' is clicked on

2019-05-21 19:32:23 - [TEST_STEP][PASSED] - click(findTestObject("Object Repository/emp5/Page_getEmployable - Assessment Form/input_None_option_question_9")): Object: 'Object Repository/emp5/Page_getEmployable - Assessment Form/input_None_option_question_9' is clicked on

2019-05-21 19:32:23 - [MESSAGE][PASSED] - Object: 'Object Repository/emp5/Page_getEmployable - Assessment Form/input_None_option_question_9' is clicked on

2019-05-21 19:32:23 - [TEST_STEP][PASSED] - click(findTestObject("Object Repository/emp5/Page_getEmployable - Assessment Form/span_Founder of a business or project_fa fa-angle-right fa-2x")): Object: 'Object Repository/emp5/Page_getEmployable - Assessment Form/span_Founder of a business or project_fa fa-angle-right fa-2x' is clicked on

2019-05-21 19:32:23 - [MESSAGE][PASSED] - Object: 'Object Repository/emp5/Page_getEmployable - Assessment Form/span_Founder of a business or project_fa fa-angle-right fa-2x' is clicked on

2019-05-21 19:32:23 - [MESSAGE][PASSED] - Call Test Case 'Test Cases/getEmployable/emp5' successfully

2019-05-21 19:32:23 - [TEST_STEP][PASSED] - delay(5): Delayed 5 second(s)

2019-05-21 19:32:28 - [MESSAGE][PASSED] - Delayed 5 second(s)

2019-05-21 19:32:28 - [TEST_STEP][PASSED] - click(findTestObject("Object Repository/emp6.7/Page_getEmployable - Assessment Form/input_Problem Solving  Creativity_option_question_6")): Object: 'Object Repository/emp6.7/Page_getEmployable - Assessment Form/input_Problem Solving  Creativity_option_question_6' is clicked on

2019-05-21 19:32:28 - [MESSAGE][PASSED] - Object: 'Object Repository/emp6.7/Page_getEmployable - Assessment Form/input_Problem Solving  Creativity_option_question_6' is clicked on

2019-05-21 19:32:28 - [TEST_STEP][PASSED] - click(findTestObject("Object Repository/emp6.7/Page_getEmployable - Assessment Form/input_I am actively involved in a student enterprise club or a consultancy society or programme._option_question_7")): Object: 'Object Repository/emp6.7/Page_getEmployable - Assessment Form/input_I am actively involved in a student enterprise club or a consultancy society or programme._option_question_7' is clicked on

2019-05-21 19:32:28 - [MESSAGE][PASSED] - Object: 'Object Repository/emp6.7/Page_getEmployable - Assessment Form/input_I am actively involved in a student enterprise club or a consultancy society or programme._option_question_7' is clicked on

2019-05-21 19:32:28 - [TEST_STEP][PASSED] - click(findTestObject("Object Repository/emp6.7/Page_getEmployable - Assessment Form/span_None of these_fa fa-angle-right fa-2x")): Object: 'Object Repository/emp6.7/Page_getEmployable - Assessment Form/span_None of these_fa fa-angle-right fa-2x' is clicked on

2019-05-21 19:32:28 - [MESSAGE][PASSED] - Object: 'Object Repository/emp6.7/Page_getEmployable - Assessment Form/span_None of these_fa fa-angle-right fa-2x' is clicked on

2019-05-21 19:32:28 - [TEST_STEP][PASSED] - delay(5): Delayed 5 second(s)

2019-05-21 19:32:33 - [MESSAGE][PASSED] - Delayed 5 second(s)

2019-05-21 19:32:33 - [TEST_STEP][PASSED] - click(findTestObject("Object Repository/emp6.7/Page_getEmployable - Assessment Form/input_Professionalism_option_question_48")): Object: 'Object Repository/emp6.7/Page_getEmployable - Assessment Form/input_Professionalism_option_question_48' is clicked on

2019-05-21 19:32:33 - [MESSAGE][PASSED] - Object: 'Object Repository/emp6.7/Page_getEmployable - Assessment Form/input_Professionalism_option_question_48' is clicked on

2019-05-21 19:32:33 - [TEST_STEP][PASSED] - click(findTestObject("Object Repository/emp6.7/Page_getEmployable - Assessment Form/input_None of the above_option_question_49")): Object: 'Object Repository/emp6.7/Page_getEmployable - Assessment Form/input_None of the above_option_question_49' is clicked on

2019-05-21 19:32:33 - [MESSAGE][PASSED] - Object: 'Object Repository/emp6.7/Page_getEmployable - Assessment Form/input_None of the above_option_question_49' is clicked on

2019-05-21 19:32:33 - [TEST_STEP][PASSED] - delay(5): Delayed 5 second(s)

2019-05-21 19:32:38 - [MESSAGE][PASSED] - Delayed 5 second(s)

2019-05-21 19:32:38 - [TEST_STEP][PASSED] - click(findTestObject("back/next")): Object: 'Object Repository/back/next' is clicked on

2019-05-21 19:32:38 - [MESSAGE][PASSED] - Object: 'Object Repository/back/next' is clicked on

2019-05-21 19:32:38 - [MESSAGE][PASSED] - Call Test Case 'Test Cases/getEmployable/emp6' successfully

2019-05-21 19:32:38 - [TEST_STEP][PASSED] - delay(5): Delayed 5 second(s)

2019-05-21 19:32:43 - [MESSAGE][PASSED] - Delayed 5 second(s)

2019-05-21 19:32:43 - [TEST_STEP][PASSED] - click(findTestObject("Object Repository/emp10/Page_getEmployable - Assessment Form/input_I set myself goals but rarely achieve them._option_question_17")): Object: 'Object Repository/emp10/Page_getEmployable - Assessment Form/input_I set myself goals but rarely achieve them._option_question_17' is clicked on

2019-05-21 19:32:43 - [MESSAGE][PASSED] - Object: 'Object Repository/emp10/Page_getEmployable - Assessment Form/input_I set myself goals but rarely achieve them._option_question_17' is clicked on

2019-05-21 19:32:43 - [TEST_STEP][PASSED] - click(findTestObject("Object Repository/emp10/Page_getEmployable - Assessment Form/input_concat(I wish I hadn  t wasted time attempting it.)_option_question_18")): Object: 'Object Repository/emp10/Page_getEmployable - Assessment Form/input_concat(I wish I hadn  t wasted time attempting it.)_option_question_18' is clicked on

2019-05-21 19:32:43 - [MESSAGE][PASSED] - Object: 'Object Repository/emp10/Page_getEmployable - Assessment Form/input_concat(I wish I hadn  t wasted time attempting it.)_option_question_18' is clicked on

2019-05-21 19:32:43 - [TEST_STEP][PASSED] - click(findTestObject("Object Repository/emp10/Page_getEmployable - Assessment Form/input_I usually eat cakes crisps chocolate or sugary drinks more than twice a day._option_question_20")): Object: 'Object Repository/emp10/Page_getEmployable - Assessment Form/input_I usually eat cakes crisps chocolate or sugary drinks more than twice a day._option_question_20' is clicked on

2019-05-21 19:32:44 - [MESSAGE][PASSED] - Object: 'Object Repository/emp10/Page_getEmployable - Assessment Form/input_I usually eat cakes crisps chocolate or sugary drinks more than twice a day._option_question_20' is clicked on

2019-05-21 19:32:44 - [TEST_STEP][PASSED] - click(findTestObject("Object Repository/emp10/Page_getEmployable - Assessment Form/input_I have high self-esteem._option_question_21")): Object: 'Object Repository/emp10/Page_getEmployable - Assessment Form/input_I have high self-esteem._option_question_21' is clicked on

2019-05-21 19:32:44 - [MESSAGE][PASSED] - Object: 'Object Repository/emp10/Page_getEmployable - Assessment Form/input_I have high self-esteem._option_question_21' is clicked on

2019-05-21 19:32:44 - [TEST_STEP][PASSED] - click(findTestObject("Object Repository/emp10/Page_getEmployable - Assessment Form/span_None of these_fa fa-angle-right fa-2x")): Object: 'Object Repository/emp10/Page_getEmployable - Assessment Form/span_None of these_fa fa-angle-right fa-2x' is clicked on

2019-05-21 19:32:44 - [MESSAGE][PASSED] - Object: 'Object Repository/emp10/Page_getEmployable - Assessment Form/span_None of these_fa fa-angle-right fa-2x' is clicked on

2019-05-21 19:32:44 - [TEST_STEP][PASSED] - delay(5): Delayed 5 second(s)

2019-05-21 19:32:49 - [MESSAGE][PASSED] - Delayed 5 second(s)

2019-05-21 19:32:49 - [TEST_STEP][PASSED] - click(findTestObject("Object Repository/emp10/Page_getEmployable - Assessment Form/input_I would struggle._option_question_22")): Object: 'Object Repository/emp10/Page_getEmployable - Assessment Form/input_I would struggle._option_question_22' is clicked on

2019-05-21 19:32:49 - [MESSAGE][PASSED] - Object: 'Object Repository/emp10/Page_getEmployable - Assessment Form/input_I would struggle._option_question_22' is clicked on

2019-05-21 19:32:49 - [TEST_STEP][PASSED] - click(findTestObject("Object Repository/emp10/Page_getEmployable - Assessment Form/input_concat(I seem to work fine most of the time but I don  t really think about why.)_option_question_23")): Object: 'Object Repository/emp10/Page_getEmployable - Assessment Form/input_concat(I seem to work fine most of the time but I don  t really think about why.)_option_question_23' is clicked on

2019-05-21 19:32:49 - [MESSAGE][PASSED] - Object: 'Object Repository/emp10/Page_getEmployable - Assessment Form/input_concat(I seem to work fine most of the time but I don  t really think about why.)_option_question_23' is clicked on

2019-05-21 19:32:49 - [TEST_STEP][PASSED] - click(findTestObject("Object Repository/emp10/Page_getEmployable - Assessment Form/input_concat(I don  t know  of any habits that adversely affect how I work.)_option_question_26")): Object: 'Object Repository/emp10/Page_getEmployable - Assessment Form/input_concat(I don  t know  of any habits that adversely affect how I work.)_option_question_26' is clicked on

2019-05-21 19:32:49 - [MESSAGE][PASSED] - Object: 'Object Repository/emp10/Page_getEmployable - Assessment Form/input_concat(I don  t know  of any habits that adversely affect how I work.)_option_question_26' is clicked on

2019-05-21 19:32:49 - [TEST_STEP][PASSED] - click(findTestObject("Object Repository/emp10/Page_getEmployable - Assessment Form/input_I consistently use a diary to schedule events._option_question_27")): Object: 'Object Repository/emp10/Page_getEmployable - Assessment Form/input_I consistently use a diary to schedule events._option_question_27' is clicked on

2019-05-21 19:32:49 - [MESSAGE][PASSED] - Object: 'Object Repository/emp10/Page_getEmployable - Assessment Form/input_I consistently use a diary to schedule events._option_question_27' is clicked on

2019-05-21 19:32:49 - [TEST_STEP][PASSED] - click(findTestObject("Object Repository/emp10/Page_getEmployable - Assessment Form/input_concat(I regularly set myself goals but don  t think too much about how I set them.)_option_question_28")): Object: 'Object Repository/emp10/Page_getEmployable - Assessment Form/input_concat(I regularly set myself goals but don  t think too much about how I set them.)_option_question_28' is clicked on

2019-05-21 19:32:49 - [MESSAGE][PASSED] - Object: 'Object Repository/emp10/Page_getEmployable - Assessment Form/input_concat(I regularly set myself goals but don  t think too much about how I set them.)_option_question_28' is clicked on

2019-05-21 19:32:49 - [TEST_STEP][PASSED] - click(findTestObject("Object Repository/emp10/Page_getEmployable - Assessment Form/input_I can find it hard to work with people who work in different ways to me._option_question_29")): Object: 'Object Repository/emp10/Page_getEmployable - Assessment Form/input_I can find it hard to work with people who work in different ways to me._option_question_29' is clicked on

2019-05-21 19:32:49 - [MESSAGE][PASSED] - Object: 'Object Repository/emp10/Page_getEmployable - Assessment Form/input_I can find it hard to work with people who work in different ways to me._option_question_29' is clicked on

2019-05-21 19:32:49 - [TEST_STEP][PASSED] - click(findTestObject("Object Repository/emp10/Page_getEmployable - Assessment Form/input_I would struggle._option_question_53")): Object: 'Object Repository/emp10/Page_getEmployable - Assessment Form/input_I would struggle._option_question_53' is clicked on

2019-05-21 19:32:49 - [MESSAGE][PASSED] - Object: 'Object Repository/emp10/Page_getEmployable - Assessment Form/input_I would struggle._option_question_53' is clicked on

2019-05-21 19:32:49 - [TEST_STEP][PASSED] - click(findTestObject("Object Repository/emp10/Page_getEmployable - Assessment Form/input_I sometimes get stressed and am not sure how I deal with it._option_question_54")): Object: 'Object Repository/emp10/Page_getEmployable - Assessment Form/input_I sometimes get stressed and am not sure how I deal with it._option_question_54' is clicked on

2019-05-21 19:32:50 - [MESSAGE][PASSED] - Object: 'Object Repository/emp10/Page_getEmployable - Assessment Form/input_I sometimes get stressed and am not sure how I deal with it._option_question_54' is clicked on

2019-05-21 19:32:50 - [TEST_STEP][PASSED] - click(findTestObject("Object Repository/emp10/Page_getEmployable - Assessment Form/span_None of these_fa fa-angle-right fa-2x_1")): Object: 'Object Repository/emp10/Page_getEmployable - Assessment Form/span_None of these_fa fa-angle-right fa-2x_1' is clicked on

2019-05-21 19:32:50 - [MESSAGE][PASSED] - Object: 'Object Repository/emp10/Page_getEmployable - Assessment Form/span_None of these_fa fa-angle-right fa-2x_1' is clicked on

2019-05-21 19:32:50 - [TEST_STEP][PASSED] - delay(5): Delayed 5 second(s)

2019-05-21 19:32:55 - [MESSAGE][PASSED] - Delayed 5 second(s)

2019-05-21 19:32:55 - [TEST_STEP][PASSED] - click(findTestObject("Object Repository/emp10/Page_getEmployable - Assessment Form/input_I play a proactive role in group settings._option_question_5")): Object: 'Object Repository/emp10/Page_getEmployable - Assessment Form/input_I play a proactive role in group settings._option_question_5' is clicked on

2019-05-21 19:32:55 - [MESSAGE][PASSED] - Object: 'Object Repository/emp10/Page_getEmployable - Assessment Form/input_I play a proactive role in group settings._option_question_5' is clicked on

2019-05-21 19:32:55 - [TEST_STEP][PASSED] - click(findTestObject("Object Repository/emp10/Page_getEmployable - Assessment Form/input_Sports team_option_question_11")): Object: 'Object Repository/emp10/Page_getEmployable - Assessment Form/input_Sports team_option_question_11' is clicked on

2019-05-21 19:32:55 - [MESSAGE][PASSED] - Object: 'Object Repository/emp10/Page_getEmployable - Assessment Form/input_Sports team_option_question_11' is clicked on

2019-05-21 19:32:55 - [TEST_STEP][PASSED] - click(findTestObject("Object Repository/emp10/Page_getEmployable - Assessment Form/input_I rarely complete the task on time._option_question_13")): Object: 'Object Repository/emp10/Page_getEmployable - Assessment Form/input_I rarely complete the task on time._option_question_13' is clicked on

2019-05-21 19:32:55 - [MESSAGE][PASSED] - Object: 'Object Repository/emp10/Page_getEmployable - Assessment Form/input_I rarely complete the task on time._option_question_13' is clicked on

2019-05-21 19:32:55 - [TEST_STEP][PASSED] - click(findTestObject("Object Repository/emp10/Page_getEmployable - Assessment Form/input_None or Not applicable._next")): Object: 'Object Repository/emp10/Page_getEmployable - Assessment Form/input_None or Not applicable._next' is clicked on

2019-05-21 19:32:55 - [MESSAGE][PASSED] - Object: 'Object Repository/emp10/Page_getEmployable - Assessment Form/input_None or Not applicable._next' is clicked on

2019-05-21 19:32:55 - [MESSAGE][PASSED] - Call Test Case 'Test Cases/getEmployable/emp8' successfully

2019-05-21 19:32:55 - [TEST_STEP][PASSED] - delay(5): Delayed 5 second(s)

2019-05-21 19:33:00 - [MESSAGE][PASSED] - Delayed 5 second(s)

2019-05-21 19:33:00 - [TEST_STEP][PASSED] - click(findTestObject("getEmployable/yourCareerArea/careerpage")): Object: 'Object Repository/getEmployable/yourCareerArea/careerpage' is clicked on

2019-05-21 19:33:00 - [MESSAGE][PASSED] - Object: 'Object Repository/getEmployable/yourCareerArea/careerpage' is clicked on

2019-05-21 19:33:00 - [TEST_STEP][PASSED] - delay(5): Delayed 5 second(s)

2019-05-21 19:33:05 - [MESSAGE][PASSED] - Delayed 5 second(s)

2019-05-21 19:33:05 - [TEST_STEP][PASSED] - click(findTestObject("getEmployable/yourCareerArea/next")): Object: 'Object Repository/getEmployable/yourCareerArea/next' is clicked on

2019-05-21 19:33:05 - [MESSAGE][PASSED] - Object: 'Object Repository/getEmployable/yourCareerArea/next' is clicked on

2019-05-21 19:33:05 - [MESSAGE][PASSED] - Call Test Case 'Test Cases/getEmployable/yourCareerArea' successfully

2019-05-21 19:33:05 - [TEST_STEP][PASSED] - delay(100): Delayed 100 second(s)

2019-05-21 19:34:45 - [MESSAGE][PASSED] - Delayed 100 second(s)

2019-05-21 19:34:45 - [TEST_STEP][PASSED] - click(findTestObject("back/ehnicity")): Object: 'Object Repository/back/ehnicity' is clicked on

2019-05-21 19:34:45 - [MESSAGE][PASSED] - Object: 'Object Repository/back/ehnicity' is clicked on

2019-05-21 19:34:45 - [TEST_STEP][PASSED] - click(findTestObject("back/ethnicty click")): Object: 'Object Repository/back/ethnicty click' is clicked on

2019-05-21 19:34:46 - [MESSAGE][PASSED] - Object: 'Object Repository/back/ethnicty click' is clicked on

2019-05-21 19:34:46 - [TEST_STEP][PASSED] - selectOptionByValue(findTestObject("Object Repository/Page_getEmployable - Assessment Form/select_HeterosexualstraightGay womanlesbianGay manBisexualPrefer not to say"), "PREFER_NOT_TO_SAY", true): All options with value 'PREFER_NOT_TO_SAY' are selected in object 'Object Repository/Page_getEmployable - Assessment Form/select_HeterosexualstraightGay womanlesbianGay manBisexualPrefer not to say'  using regular expression

2019-05-21 19:34:46 - [MESSAGE][PASSED] - All options with value 'PREFER_NOT_TO_SAY' are selected in object 'Object Repository/Page_getEmployable - Assessment Form/select_HeterosexualstraightGay womanlesbianGay manBisexualPrefer not to say'  using regular expression

2019-05-21 19:34:46 - [TEST_STEP][PASSED] - selectOptionByValue(findTestObject("Object Repository/Page_getEmployable - Assessment Form/select_No religionBuddhistChristianHinduJewishMuslimSikhAny other religionPrefer not to say"), "HINDU", true): All options with value 'HINDU' are selected in object 'Object Repository/Page_getEmployable - Assessment Form/select_No religionBuddhistChristianHinduJewishMuslimSikhAny other religionPrefer not to say'  using regular expression

2019-05-21 19:34:46 - [MESSAGE][PASSED] - All options with value 'HINDU' are selected in object 'Object Repository/Page_getEmployable - Assessment Form/select_No religionBuddhistChristianHinduJewishMuslimSikhAny other religionPrefer not to say'  using regular expression

2019-05-21 19:34:46 - [TEST_STEP][PASSED] - selectOptionByValue(findTestObject("Object Repository/Page_getEmployable - Assessment Form/select_DivorcedMarriedSingleWidowedPrefer not to say"), "SINGLE", true): All options with value 'SINGLE' are selected in object 'Object Repository/Page_getEmployable - Assessment Form/select_DivorcedMarriedSingleWidowedPrefer not to say'  using regular expression

2019-05-21 19:34:46 - [MESSAGE][PASSED] - All options with value 'SINGLE' are selected in object 'Object Repository/Page_getEmployable - Assessment Form/select_DivorcedMarriedSingleWidowedPrefer not to say'  using regular expression

2019-05-21 19:34:46 - [TEST_STEP][PASSED] - selectOptionByValue(findTestObject("Object Repository/Page_getEmployable - Assessment Form/select_Yes                                                     No                                                     Prefer not to say"), "YES", true): All options with value 'YES' are selected in object 'Object Repository/Page_getEmployable - Assessment Form/select_Yes                                                     No                                                     Prefer not to say'  using regular expression

2019-05-21 19:34:46 - [MESSAGE][PASSED] - All options with value 'YES' are selected in object 'Object Repository/Page_getEmployable - Assessment Form/select_Yes                                                     No                                                     Prefer not to say'  using regular expression

2019-05-21 19:34:46 - [TEST_STEP][PASSED] - click(findTestObject("Object Repository/Page_getEmployable - Assessment Form/input_Free online Career Courses and practice tests_443")): Object: 'Object Repository/Page_getEmployable - Assessment Form/input_Free online Career Courses and practice tests_443' is clicked on

2019-05-21 19:34:47 - [MESSAGE][PASSED] - Object: 'Object Repository/Page_getEmployable - Assessment Form/input_Free online Career Courses and practice tests_443' is clicked on

2019-05-21 19:34:47 - [TEST_STEP][PASSED] - click(findTestObject("Object Repository/Page_getEmployable - Assessment Form/input_I am not interested proceed to my Personal Employability Report._terms_condition")): Object: 'Object Repository/Page_getEmployable - Assessment Form/input_I am not interested proceed to my Personal Employability Report._terms_condition' is clicked on

2019-05-21 19:34:47 - [MESSAGE][PASSED] - Object: 'Object Repository/Page_getEmployable - Assessment Form/input_I am not interested proceed to my Personal Employability Report._terms_condition' is clicked on

2019-05-21 19:34:47 - [TEST_STEP][PASSED] - click(findTestObject("Journey/submit")): Object: 'Object Repository/Journey/submit' is clicked on

2019-05-21 19:34:47 - [MESSAGE][PASSED] - Object: 'Object Repository/Journey/submit' is clicked on]]></system-out>
         <system-err><![CDATA[]]></system-err>
      </testcase>
      <system-out><![CDATA[2019-05-21 19:31:05 - [TEST_SUITE][PASSED] - getEMploayable: Test Cases/getEmployable/background]]></system-out>
      <system-err><![CDATA[]]></system-err>
   </testsuite>
</testsuites>
