<?xml version="1.0" encoding="UTF-8"?>
<testsuites name="FCLP" time="80" tests="2" failures="0" errors="0">
   <testsuite name="FCLP" tests="2" failures="0" errors="0" time="80" timestamp="2019-07-02 10:53:42" hostname="sambhavi - sambhavi.jmandigital.in" id="Test Suites/REALratings/FCLP">
      <properties>
         <property name="deviceName" value=""/>
         <property name="devicePlatform" value=""/>
         <property name="logFolder" value="C:\\Users\\sambhavi\\git\\didactic-octo-spork\\Reports\\REALratings\\FCLP\\20190702_105340"/>
         <property name="logFiles" value="C:\\Users\\sambhavi\\git\\didactic-octo-spork\\Reports\\REALratings\\FCLP\\20190702_105340\\execution0.log"/>
         <property name="attachments" value="C:\\Users\\sambhavi\\git\\didactic-octo-spork\\Reports\\REALratings\\FCLP\\20190702_105340\\1562045051100.png"/>
         <property name="hostName" value="sambhavi - sambhavi.jmandigital.in"/>
         <property name="os" value="Windows 10 64bit"/>
         <property name="katalonVersion" value="6.0.5.10"/>
         <property name="browser" value="Chrome 75.0.3770.100"/>
         <property name="hostAddress" value="192.168.0.185"/>
         <property name="sessionId" value="e02bf2a8297996778686c1e8ab8653fb"/>
         <property name="seleniumVersion" value="3.7.1"/>
         <property name="proxyInformation" value="ProxyInformation{proxyOption=NO_PROXY, proxyServerType=HTTP, password=, proxyServerAddress=, proxyServerPort=0}"/>
         <property name="platform" value="Windows 10"/>
      </properties>
      <testcase name="Test Cases/REALratings/FCLP/formSubmission" classname="Test Cases/REALratings/FCLP/formSubmission" status="PASSED">
         <system-out><![CDATA[2019-07-02 10:53:42 - [TEST_CASE][PASSED] - Test Cases/REALratings/FCLP/formSubmission: Test Cases/REALratings/FCLP/formSubmission

2019-07-02 10:53:44 - [TEST_STEP][PASSED] - openBrowser(""): Browser is opened with url: ''

2019-07-02 10:53:44 - [MESSAGE][INFO] - Starting 'Chrome' driver

2019-07-02 10:53:44 - [MESSAGE][INFO] - Action delay is set to 0 seconds

2019-07-02 10:53:48 - [MESSAGE][PASSED] - Browser is opened with url: ''

2019-07-02 10:53:48 - [TEST_STEP][PASSED] - myDriver = getWebDriver(): null

2019-07-02 10:53:48 - [TEST_STEP][PASSED] - navigateToUrl("https://fclp-uat.realrating.co.uk/"): Navigate to 'https://fclp-uat.realrating.co.uk/' successfully

2019-07-02 10:53:51 - [MESSAGE][PASSED] - Navigate to 'https://fclp-uat.realrating.co.uk/' successfully

2019-07-02 10:53:51 - [TEST_STEP][PASSED] - maximizeWindow(): Current window maximized

2019-07-02 10:53:53 - [MESSAGE][PASSED] - Current window maximized

2019-07-02 10:53:53 - [TEST_STEP][PASSED] - rad = new java.util.Random(): null

2019-07-02 10:53:53 - [TEST_STEP][PASSED] - comment("Basic and University  Information"): Basic and University  Information

2019-07-02 10:53:53 - [MESSAGE][INFO] - Basic and University  Information

2019-07-02 10:53:53 - [TEST_STEP][PASSED] - setText(findTestObject("REALRatings/FCLP/Page_REALrating/First Name"), "asha"): Text 'asha' is set on object 'Object Repository/REALRatings/FCLP/Page_REALrating/First Name'

2019-07-02 10:53:53 - [MESSAGE][PASSED] - Text 'asha' is set on object 'Object Repository/REALRatings/FCLP/Page_REALrating/First Name'

2019-07-02 10:53:53 - [TEST_STEP][PASSED] - setText(findTestObject("REALRatings/FCLP/Page_REALrating/Last Name"), "rajednran"): Text 'rajednran' is set on object 'Object Repository/REALRatings/FCLP/Page_REALrating/Last Name'

2019-07-02 10:53:53 - [MESSAGE][PASSED] - Text 'rajednran' is set on object 'Object Repository/REALRatings/FCLP/Page_REALrating/Last Name'

2019-07-02 10:53:53 - [TEST_STEP][PASSED] - emailid = rad.nextInt(2000): null

2019-07-02 10:53:53 - [TEST_STEP][PASSED] - setText(findTestObject("REALRatings/FCLP/Page_REALrating/Univrsity Emaid"), "fclp" + emailid + "@test.com"): Text 'fclp866@test.com' is set on object 'Object Repository/REALRatings/FCLP/Page_REALrating/Univrsity Emaid'

2019-07-02 10:53:54 - [MESSAGE][PASSED] - Text 'fclp866@test.com' is set on object 'Object Repository/REALRatings/FCLP/Page_REALrating/Univrsity Emaid'

2019-07-02 10:53:54 - [TEST_STEP][PASSED] - UniversityTotalOption = getNumberOfTotalOption(findTestObject("REALRatings/FCLP/Page_REALrating/University")): 154 options of object 'Object Repository/REALRatings/FCLP/Page_REALrating/University' counted

2019-07-02 10:53:54 - [MESSAGE][PASSED] - 154 options of object 'Object Repository/REALRatings/FCLP/Page_REALrating/University' counted

2019-07-02 10:53:54 - [TEST_STEP][PASSED] - UniversityCount = 1 + rad.nextInt(UniversityTotalOption - 1): null

2019-07-02 10:53:54 - [TEST_STEP][PASSED] - selectOptionByIndex(findTestObject("REALRatings/FCLP/Page_REALrating/University"), UniversityCount): All options with index in [65] are selected on object 'Object Repository/REALRatings/FCLP/Page_REALrating/University'

2019-07-02 10:53:54 - [MESSAGE][PASSED] - All options with index in [65] are selected on object 'Object Repository/REALRatings/FCLP/Page_REALrating/University'

2019-07-02 10:53:54 - [TEST_STEP][PASSED] - if (UniversityCount == 98): null

2019-07-02 10:53:54 - [TEST_STEP][PASSED] - UniversityCourseTotalOption = getNumberOfTotalOption(findTestObject("REALRatings/FCLP/Page_REALrating/University Course")): 96 options of object 'Object Repository/REALRatings/FCLP/Page_REALrating/University Course' counted

2019-07-02 10:53:54 - [MESSAGE][PASSED] - 96 options of object 'Object Repository/REALRatings/FCLP/Page_REALrating/University Course' counted

2019-07-02 10:53:54 - [TEST_STEP][PASSED] - UniveristyCourseCount = 1 + rad.nextInt(UniversityCourseTotalOption - 1): null

2019-07-02 10:53:54 - [TEST_STEP][PASSED] - selectOptionByIndex(findTestObject("REALRatings/FCLP/Page_REALrating/University Course"), UniveristyCourseCount): All options with index in [2] are selected on object 'Object Repository/REALRatings/FCLP/Page_REALrating/University Course'

2019-07-02 10:53:55 - [MESSAGE][PASSED] - All options with index in [2] are selected on object 'Object Repository/REALRatings/FCLP/Page_REALrating/University Course'

2019-07-02 10:53:55 - [TEST_STEP][PASSED] - if (UniveristyCourseCount == 95): null

2019-07-02 10:53:55 - [TEST_STEP][PASSED] - GraduationYearTotalOptions = getNumberOfTotalOption(findTestObject("REALRatings/FCLP/Page_REALrating/Graduation Year")): 17 options of object 'Object Repository/REALRatings/FCLP/Page_REALrating/Graduation Year' counted

2019-07-02 10:53:55 - [MESSAGE][PASSED] - 17 options of object 'Object Repository/REALRatings/FCLP/Page_REALrating/Graduation Year' counted

2019-07-02 10:53:55 - [TEST_STEP][PASSED] - GraduationYearcount = 1 + rad.nextInt(GraduationYearTotalOptions - 1): null

2019-07-02 10:53:55 - [TEST_STEP][PASSED] - selectOptionByIndex(findTestObject("REALRatings/FCLP/Page_REALrating/Graduation Year"), GraduationYearcount): All options with index in [8] are selected on object 'Object Repository/REALRatings/FCLP/Page_REALrating/Graduation Year'

2019-07-02 10:53:55 - [MESSAGE][PASSED] - All options with index in [8] are selected on object 'Object Repository/REALRatings/FCLP/Page_REALrating/Graduation Year'

2019-07-02 10:53:55 - [TEST_STEP][PASSED] - GradeYearTotalOptions = getNumberOfTotalOption(findTestObject("REALRatings/FCLP/Page_REALrating/Grade 21")): 3 options of object 'Object Repository/REALRatings/FCLP/Page_REALrating/Grade 21' counted

2019-07-02 10:53:55 - [MESSAGE][PASSED] - 3 options of object 'Object Repository/REALRatings/FCLP/Page_REALrating/Grade 21' counted

2019-07-02 10:53:55 - [TEST_STEP][PASSED] - GradeYearcount = 1 + rad.nextInt(GradeYearTotalOptions - 1): null

2019-07-02 10:53:55 - [TEST_STEP][PASSED] - selectOptionByIndex(findTestObject("REALRatings/FCLP/Page_REALrating/Grade 21"), GradeYearcount): All options with index in [1] are selected on object 'Object Repository/REALRatings/FCLP/Page_REALrating/Grade 21'

2019-07-02 10:53:55 - [MESSAGE][PASSED] - All options with index in [1] are selected on object 'Object Repository/REALRatings/FCLP/Page_REALrating/Grade 21'

2019-07-02 10:53:55 - [TEST_STEP][PASSED] - GradeEnglishYearTotalOptions = getNumberOfTotalOption(findTestObject("REALRatings/FCLP/Page_REALrating/Grade B English")): 3 options of object 'Object Repository/REALRatings/FCLP/Page_REALrating/Grade B English' counted

2019-07-02 10:53:55 - [MESSAGE][PASSED] - 3 options of object 'Object Repository/REALRatings/FCLP/Page_REALrating/Grade B English' counted

2019-07-02 10:53:55 - [TEST_STEP][PASSED] - GradeEnglishYearcount = 1 + rad.nextInt(GradeEnglishYearTotalOptions - 1): null

2019-07-02 10:53:55 - [TEST_STEP][PASSED] - selectOptionByIndex(findTestObject("REALRatings/FCLP/Page_REALrating/Grade B English"), GradeEnglishYearcount): All options with index in [2] are selected on object 'Object Repository/REALRatings/FCLP/Page_REALrating/Grade B English'

2019-07-02 10:53:55 - [MESSAGE][PASSED] - All options with index in [2] are selected on object 'Object Repository/REALRatings/FCLP/Page_REALrating/Grade B English'

2019-07-02 10:53:55 - [TEST_STEP][PASSED] - delay(2): Delayed 2 second(s)

2019-07-02 10:53:57 - [MESSAGE][PASSED] - Delayed 2 second(s)

2019-07-02 10:53:57 - [TEST_STEP][PASSED] - selectOptionByIndex(findTestObject("REALRatings/FCLP/Page_REALrating/Grade B Maths"), GradeEnglishYearcount): All options with index in [2] are selected on object 'Object Repository/REALRatings/FCLP/Page_REALrating/Grade B Maths'

2019-07-02 10:53:57 - [MESSAGE][PASSED] - All options with index in [2] are selected on object 'Object Repository/REALRatings/FCLP/Page_REALrating/Grade B Maths'

2019-07-02 10:53:57 - [TEST_STEP][PASSED] - click(findTestObject("REALRatings/FCLP/Page_REALrating/a_Next")): Object: 'Object Repository/REALRatings/FCLP/Page_REALrating/a_Next' is clicked on

2019-07-02 10:53:57 - [MESSAGE][PASSED] - Object: 'Object Repository/REALRatings/FCLP/Page_REALrating/a_Next' is clicked on

2019-07-02 10:53:57 - [TEST_STEP][PASSED] - delay(2): Delayed 2 second(s)

2019-07-02 10:53:59 - [MESSAGE][PASSED] - Delayed 2 second(s)

2019-07-02 10:53:59 - [TEST_STEP][PASSED] - comment("Main Qualification Information"): Main Qualification Information

2019-07-02 10:53:59 - [MESSAGE][INFO] - Main Qualification Information

2019-07-02 10:53:59 - [TEST_STEP][PASSED] - ALevelYearTotalOptions = getNumberOfTotalOption(findTestObject("REALRatings/FCLP/Page_REALrating/A Level Year")): 71 options of object 'Object Repository/REALRatings/FCLP/Page_REALrating/A Level Year' counted

2019-07-02 10:53:59 - [MESSAGE][PASSED] - 71 options of object 'Object Repository/REALRatings/FCLP/Page_REALrating/A Level Year' counted

2019-07-02 10:53:59 - [TEST_STEP][PASSED] - ALevelYearcount = 1 + rad.nextInt(ALevelYearTotalOptions - 1): null

2019-07-02 10:53:59 - [TEST_STEP][PASSED] - selectOptionByIndex(findTestObject("REALRatings/FCLP/Page_REALrating/A Level Year"), ALevelYearcount): All options with index in [40] are selected on object 'Object Repository/REALRatings/FCLP/Page_REALrating/A Level Year'

2019-07-02 10:54:00 - [MESSAGE][PASSED] - All options with index in [40] are selected on object 'Object Repository/REALRatings/FCLP/Page_REALrating/A Level Year'

2019-07-02 10:54:00 - [TEST_STEP][PASSED] - GCSEYearTotalOptions = getNumberOfTotalOption(findTestObject("REALRatings/FCLP/Page_REALrating/GCSE Year")): 71 options of object 'Object Repository/REALRatings/FCLP/Page_REALrating/GCSE Year' counted

2019-07-02 10:54:00 - [MESSAGE][PASSED] - 71 options of object 'Object Repository/REALRatings/FCLP/Page_REALrating/GCSE Year' counted

2019-07-02 10:54:00 - [TEST_STEP][PASSED] - GCSEYearCount = 1 + rad.nextInt(GCSEYearTotalOptions - 1): null

2019-07-02 10:54:00 - [TEST_STEP][PASSED] - selectOptionByIndex(findTestObject("REALRatings/FCLP/Page_REALrating/GCSE Year"), GCSEYearCount): All options with index in [11] are selected on object 'Object Repository/REALRatings/FCLP/Page_REALrating/GCSE Year'

2019-07-02 10:54:00 - [MESSAGE][PASSED] - All options with index in [11] are selected on object 'Object Repository/REALRatings/FCLP/Page_REALrating/GCSE Year'

2019-07-02 10:54:00 - [TEST_STEP][PASSED] - MainQualificationTotaloptions = getNumberOfTotalOption(findTestObject("REALRatings/Greensill/Page_REALrating/Main Qualification")): 6 options of object 'Object Repository/REALRatings/Greensill/Page_REALrating/Main Qualification' counted

2019-07-02 10:54:00 - [MESSAGE][PASSED] - 6 options of object 'Object Repository/REALRatings/Greensill/Page_REALrating/Main Qualification' counted

2019-07-02 10:54:00 - [TEST_STEP][PASSED] - MainQualificationCount = 1 + rad.nextInt(MainQualificationTotaloptions - 1): null

2019-07-02 10:54:00 - [TEST_STEP][PASSED] - selectOptionByIndex(findTestObject("REALRatings/Greensill/Page_REALrating/Main Qualification"), MainQualificationCount): All options with index in [4] are selected on object 'Object Repository/REALRatings/Greensill/Page_REALrating/Main Qualification'

2019-07-02 10:54:00 - [MESSAGE][PASSED] - All options with index in [4] are selected on object 'Object Repository/REALRatings/Greensill/Page_REALrating/Main Qualification'

2019-07-02 10:54:00 - [TEST_STEP][PASSED] - if (MainQualificationCount == 1): null

2019-07-02 10:54:00 - [TEST_STEP][PASSED] - else if (MainQualificationCount == 2): null

2019-07-02 10:54:00 - [TEST_STEP][PASSED] - else if (MainQualificationCount == 3): null

2019-07-02 10:54:00 - [TEST_STEP][PASSED] - else if (MainQualificationCount == 4): Text 'other ouualifications ' is set on object 'Object Repository/REALRatings/Greensill/Page_REALrating/Other Qualification'

2019-07-02 10:54:00 - [TEST_STEP][PASSED] - setText(findTestObject("REALRatings/Greensill/Page_REALrating/Other Qualification"), "other ouualifications "): Text 'other ouualifications ' is set on object 'Object Repository/REALRatings/Greensill/Page_REALrating/Other Qualification'

2019-07-02 10:54:00 - [MESSAGE][PASSED] - Text 'other ouualifications ' is set on object 'Object Repository/REALRatings/Greensill/Page_REALrating/Other Qualification'

2019-07-02 10:54:00 - [TEST_STEP][PASSED] - setText(findTestObject("REALRatings/Greensill/Page_REALrating/A Level School"), findTestData("getEmployable/Applicants").getValue(6, 1)): Text 'Kings Richard School' is set on object 'Object Repository/REALRatings/Greensill/Page_REALrating/A Level School'

2019-07-02 10:54:01 - [MESSAGE][PASSED] - Text 'Kings Richard School' is set on object 'Object Repository/REALRatings/Greensill/Page_REALrating/A Level School'

2019-07-02 10:54:01 - [TEST_STEP][PASSED] - setText(findTestObject("REALRatings/Greensill/Page_REALrating/GCSE School"), findTestData("getEmployable/Applicants").getValue(7, 1)): Text 'Kings Richard School' is set on object 'Object Repository/REALRatings/Greensill/Page_REALrating/GCSE School'

2019-07-02 10:54:01 - [MESSAGE][PASSED] - Text 'Kings Richard School' is set on object 'Object Repository/REALRatings/Greensill/Page_REALrating/GCSE School'

2019-07-02 10:54:01 - [TEST_STEP][PASSED] - setText(findTestObject("REALRatings/Greensill/Page_REALrating/A Level Postalcode"), findTestData("getEmployable/Applicants").getValue(8, 1)): Text 'NW64DN' is set on object 'Object Repository/REALRatings/Greensill/Page_REALrating/A Level Postalcode'

2019-07-02 10:54:01 - [MESSAGE][PASSED] - Text 'NW64DN' is set on object 'Object Repository/REALRatings/Greensill/Page_REALrating/A Level Postalcode'

2019-07-02 10:54:01 - [TEST_STEP][PASSED] - setText(findTestObject("REALRatings/Greensill/Page_REALrating/GCSE Postalcode"), findTestData("getEmployable/Applicants").getValue(9, 1)): Text 'AL60AA' is set on object 'Object Repository/REALRatings/Greensill/Page_REALrating/GCSE Postalcode'

2019-07-02 10:54:02 - [MESSAGE][PASSED] - Text 'AL60AA' is set on object 'Object Repository/REALRatings/Greensill/Page_REALrating/GCSE Postalcode'

2019-07-02 10:54:02 - [TEST_STEP][PASSED] - click(findTestObject("REALRatings/Greensill/Page_REALrating/TickAnyStatement")): Object: 'Object Repository/REALRatings/Greensill/Page_REALrating/TickAnyStatement' is clicked on

2019-07-02 10:54:02 - [MESSAGE][PASSED] - Object: 'Object Repository/REALRatings/Greensill/Page_REALrating/TickAnyStatement' is clicked on

2019-07-02 10:54:02 - [TEST_STEP][PASSED] - click(findTestObject("REALRatings/FCLP/Page_REALrating/Second Next")): Object: 'Object Repository/REALRatings/FCLP/Page_REALrating/Second Next' is clicked on

2019-07-02 10:54:02 - [MESSAGE][PASSED] - Object: 'Object Repository/REALRatings/FCLP/Page_REALrating/Second Next' is clicked on

2019-07-02 10:54:02 - [TEST_STEP][PASSED] - delay(2): Delayed 2 second(s)

2019-07-02 10:54:04 - [MESSAGE][PASSED] - Delayed 2 second(s)

2019-07-02 10:54:04 - [TEST_STEP][PASSED] - comment("Background Information"): Background Information

2019-07-02 10:54:04 - [MESSAGE][INFO] - Background Information

2019-07-02 10:54:04 - [TEST_STEP][PASSED] - click(findTestObject("REALRatings/FCLP/Page_REALrating/confirm agreement")): Object: 'Object Repository/REALRatings/FCLP/Page_REALrating/confirm agreement' is clicked on

2019-07-02 10:54:04 - [MESSAGE][PASSED] - Object: 'Object Repository/REALRatings/FCLP/Page_REALrating/confirm agreement' is clicked on

2019-07-02 10:54:04 - [TEST_STEP][PASSED] - EthnicTotalOptions = getNumberOfTotalOption(findTestObject("REALRatings/FCLP/Page_REALrating/Ethnic Group"), STOP_ON_FAILURE): 23 options of object 'Object Repository/REALRatings/FCLP/Page_REALrating/Ethnic Group' counted

2019-07-02 10:54:04 - [MESSAGE][PASSED] - 23 options of object 'Object Repository/REALRatings/FCLP/Page_REALrating/Ethnic Group' counted

2019-07-02 10:54:04 - [TEST_STEP][PASSED] - EthnicCount = 1 + rad.nextInt(EthnicTotalOptions - 1): null

2019-07-02 10:54:04 - [TEST_STEP][PASSED] - selectOptionByIndex(findTestObject("REALRatings/FCLP/Page_REALrating/Ethnic Group"), EthnicCount): All options with index in [13] are selected on object 'Object Repository/REALRatings/FCLP/Page_REALrating/Ethnic Group'

2019-07-02 10:54:04 - [MESSAGE][PASSED] - All options with index in [13] are selected on object 'Object Repository/REALRatings/FCLP/Page_REALrating/Ethnic Group'

2019-07-02 10:54:04 - [TEST_STEP][PASSED] - setText(findTestObject("REALRatings/FCLP/Page_REALrating/input_What is your ethnic group_parent_carer"), "ethnicparent group"): Text 'ethnicparent group' is set on object 'Object Repository/REALRatings/FCLP/Page_REALrating/input_What is your ethnic group_parent_carer'

2019-07-02 10:54:04 - [MESSAGE][PASSED] - Text 'ethnicparent group' is set on object 'Object Repository/REALRatings/FCLP/Page_REALrating/input_What is your ethnic group_parent_carer'

2019-07-02 10:54:04 - [TEST_STEP][PASSED] - GenderTotalOptions = getNumberOfTotalOption(findTestObject("REALRatings/FCLP/Page_REALrating/Gender"), STOP_ON_FAILURE): 5 options of object 'Object Repository/REALRatings/FCLP/Page_REALrating/Gender' counted

2019-07-02 10:54:04 - [MESSAGE][PASSED] - 5 options of object 'Object Repository/REALRatings/FCLP/Page_REALrating/Gender' counted

2019-07-02 10:54:04 - [TEST_STEP][PASSED] - GenderCount = 1 + rad.nextInt(GenderTotalOptions - 1): null

2019-07-02 10:54:04 - [TEST_STEP][PASSED] - selectOptionByIndex(findTestObject("REALRatings/FCLP/Page_REALrating/Gender"), GenderCount): All options with index in [4] are selected on object 'Object Repository/REALRatings/FCLP/Page_REALrating/Gender'

2019-07-02 10:54:04 - [MESSAGE][PASSED] - All options with index in [4] are selected on object 'Object Repository/REALRatings/FCLP/Page_REALrating/Gender'

2019-07-02 10:54:04 - [TEST_STEP][PASSED] - if (GenderCount == 3): null

2019-07-02 10:54:04 - [TEST_STEP][PASSED] - ReligionTotalOptions = getNumberOfTotalOption(findTestObject("REALRatings/FCLP/Page_REALrating/Religion")): 10 options of object 'Object Repository/REALRatings/FCLP/Page_REALrating/Religion' counted

2019-07-02 10:54:04 - [MESSAGE][PASSED] - 10 options of object 'Object Repository/REALRatings/FCLP/Page_REALrating/Religion' counted

2019-07-02 10:54:04 - [TEST_STEP][PASSED] - ReligionCount = 1 + rad.nextInt(ReligionTotalOptions - 1): null

2019-07-02 10:54:04 - [TEST_STEP][PASSED] - selectOptionByIndex(findTestObject("REALRatings/FCLP/Page_REALrating/Religion"), ReligionCount): All options with index in [9] are selected on object 'Object Repository/REALRatings/FCLP/Page_REALrating/Religion'

2019-07-02 10:54:05 - [MESSAGE][PASSED] - All options with index in [9] are selected on object 'Object Repository/REALRatings/FCLP/Page_REALrating/Religion'

2019-07-02 10:54:05 - [TEST_STEP][PASSED] - if (ReligionCount == 8): null

2019-07-02 10:54:05 - [TEST_STEP][PASSED] - BirthTotalOptions = getNumberOfTotalOption(findTestObject("REALRatings/FCLP/Page_REALrating/Birth Gender")): 4 options of object 'Object Repository/REALRatings/FCLP/Page_REALrating/Birth Gender' counted

2019-07-02 10:54:05 - [MESSAGE][PASSED] - 4 options of object 'Object Repository/REALRatings/FCLP/Page_REALrating/Birth Gender' counted

2019-07-02 10:54:05 - [TEST_STEP][PASSED] - BirthCount = 1 + rad.nextInt(BirthTotalOptions - 1): null

2019-07-02 10:54:05 - [TEST_STEP][PASSED] - selectOptionByIndex(findTestObject("REALRatings/FCLP/Page_REALrating/Birth Gender"), BirthCount): All options with index in [2] are selected on object 'Object Repository/REALRatings/FCLP/Page_REALrating/Birth Gender'

2019-07-02 10:54:05 - [MESSAGE][PASSED] - All options with index in [2] are selected on object 'Object Repository/REALRatings/FCLP/Page_REALrating/Birth Gender'

2019-07-02 10:54:05 - [TEST_STEP][PASSED] - SexualTotalOptions = getNumberOfTotalOption(findTestObject("REALRatings/FCLP/Page_REALrating/Sexual Orientation")): 7 options of object 'Object Repository/REALRatings/FCLP/Page_REALrating/Sexual Orientation' counted

2019-07-02 10:54:05 - [MESSAGE][PASSED] - 7 options of object 'Object Repository/REALRatings/FCLP/Page_REALrating/Sexual Orientation' counted

2019-07-02 10:54:05 - [TEST_STEP][PASSED] - SexualCount = 1 + rad.nextInt(SexualTotalOptions - 1): null

2019-07-02 10:54:05 - [TEST_STEP][PASSED] - selectOptionByIndex(findTestObject("REALRatings/FCLP/Page_REALrating/Sexual Orientation"), SexualCount): All options with index in [5] are selected on object 'Object Repository/REALRatings/FCLP/Page_REALrating/Sexual Orientation'

2019-07-02 10:54:05 - [MESSAGE][PASSED] - All options with index in [5] are selected on object 'Object Repository/REALRatings/FCLP/Page_REALrating/Sexual Orientation'

2019-07-02 10:54:05 - [TEST_STEP][PASSED] - if (SexualCount == 5): Text 'other sexual ' is set on object 'Object Repository/REALRatings/FCLP/Page_REALrating/input_Other Orientation_sexual_orientation'

2019-07-02 10:54:05 - [TEST_STEP][PASSED] - setText(findTestObject("REALRatings/FCLP/Page_REALrating/input_Other Orientation_sexual_orientation"), "other sexual "): Text 'other sexual ' is set on object 'Object Repository/REALRatings/FCLP/Page_REALrating/input_Other Orientation_sexual_orientation'

2019-07-02 10:54:05 - [MESSAGE][PASSED] - Text 'other sexual ' is set on object 'Object Repository/REALRatings/FCLP/Page_REALrating/input_Other Orientation_sexual_orientation'

2019-07-02 10:54:05 - [TEST_STEP][PASSED] - ImpairmentTotalOptions = getNumberOfTotalOption(findTestObject("REALRatings/FCLP/Page_REALrating/Impairment")): 11 options of object 'Object Repository/REALRatings/FCLP/Page_REALrating/Impairment' counted

2019-07-02 10:54:05 - [MESSAGE][PASSED] - 11 options of object 'Object Repository/REALRatings/FCLP/Page_REALrating/Impairment' counted

2019-07-02 10:54:05 - [TEST_STEP][PASSED] - ImpairmentCount = 1 + rad.nextInt(ImpairmentTotalOptions - 1): null

2019-07-02 10:54:05 - [TEST_STEP][PASSED] - selectOptionByIndex(findTestObject("REALRatings/FCLP/Page_REALrating/Impairment"), ImpairmentCount): All options with index in [6] are selected on object 'Object Repository/REALRatings/FCLP/Page_REALrating/Impairment'

2019-07-02 10:54:05 - [MESSAGE][PASSED] - All options with index in [6] are selected on object 'Object Repository/REALRatings/FCLP/Page_REALrating/Impairment'

2019-07-02 10:54:05 - [TEST_STEP][PASSED] - if (ImpairmentCount == 9): null

2019-07-02 10:54:05 - [TEST_STEP][PASSED] - click(findTestObject("REALRatings/FCLP/Page_REALrating/a_Submit")): Object: 'Object Repository/REALRatings/FCLP/Page_REALrating/a_Submit' is clicked on

2019-07-02 10:54:06 - [MESSAGE][PASSED] - Object: 'Object Repository/REALRatings/FCLP/Page_REALrating/a_Submit' is clicked on

2019-07-02 10:54:06 - [TEST_STEP][PASSED] - delay(5): Delayed 5 second(s)

2019-07-02 10:54:11 - [MESSAGE][PASSED] - Delayed 5 second(s)

2019-07-02 10:54:11 - [TEST_STEP][PASSED] - assert getUrl() == "https://fclp-uat.realrating.co.uk/thankyou": Current window's url is: 'https://fclp-uat.realrating.co.uk/thankyou'

2019-07-02 10:54:11 - [MESSAGE][PASSED] - Current window's url is: 'https://fclp-uat.realrating.co.uk/thankyou'

2019-07-02 10:54:11 - [TEST_STEP][PASSED] - takeScreenshot(): Taking screenshot successfully

2019-07-02 10:54:11 - [MESSAGE][PASSED] - Taking screenshot successfully
[[ATTACHMENT|C:\\Users\\sambhavi\\git\\didactic-octo-spork\\Reports\\REALratings\\FCLP\\20190702_105340\\1562045051100.png]]]]></system-out>
         <system-err><![CDATA[]]></system-err>
      </testcase>
      <testcase name="Test Cases/REALratings/FCLP/login" classname="Test Cases/REALratings/FCLP/login" status="PASSED">
         <system-out><![CDATA[2019-07-02 10:54:11 - [TEST_CASE][PASSED] - Test Cases/REALratings/FCLP/login: Test Cases/REALratings/FCLP/login

2019-07-02 10:54:11 - [TEST_STEP][PASSED] - openBrowser(""): Browser is opened with url: ''

2019-07-02 10:54:11 - [MESSAGE][WARNING] - A browser is already opened. Closing browser and opening a new one

2019-07-02 10:54:12 - [MESSAGE][INFO] - Starting 'Chrome' driver

2019-07-02 10:54:14 - [MESSAGE][PASSED] - Browser is opened with url: ''

2019-07-02 10:54:14 - [TEST_STEP][PASSED] - navigateToUrl("https://fclp-uat.realrating.co.uk/login"): Navigate to 'https://fclp-uat.realrating.co.uk/login' successfully

2019-07-02 10:54:17 - [MESSAGE][PASSED] - Navigate to 'https://fclp-uat.realrating.co.uk/login' successfully

2019-07-02 10:54:17 - [TEST_STEP][PASSED] - maximizeWindow(): Current window maximized

2019-07-02 10:54:18 - [MESSAGE][PASSED] - Current window maximized

2019-07-02 10:54:18 - [TEST_STEP][PASSED] - setText(findTestObject("REALRatings/Greensill/login/Page_RealRating/input_E-Mail Address_email"), "john@upreach.org.uk"): Text 'john@upreach.org.uk' is set on object 'Object Repository/REALRatings/Greensill/login/Page_RealRating/input_E-Mail Address_email'

2019-07-02 10:54:18 - [MESSAGE][PASSED] - Text 'john@upreach.org.uk' is set on object 'Object Repository/REALRatings/Greensill/login/Page_RealRating/input_E-Mail Address_email'

2019-07-02 10:54:18 - [TEST_STEP][PASSED] - setEncryptedText(findTestObject("REALRatings/Greensill/login/Page_RealRating/input_Password_password"), "YPztdU12xyABLAH+eFFt4w=="): Text ****** has been set on object 'Object Repository/REALRatings/Greensill/login/Page_RealRating/input_Password_password'

2019-07-02 10:54:19 - [MESSAGE][PASSED] - Text ****** has been set on object 'Object Repository/REALRatings/Greensill/login/Page_RealRating/input_Password_password'

2019-07-02 10:54:19 - [TEST_STEP][PASSED] - click(findTestObject("REALRatings/Greensill/login/Page_RealRating/button_Login")): Object: 'Object Repository/REALRatings/Greensill/login/Page_RealRating/button_Login' is clicked on

2019-07-02 10:54:22 - [MESSAGE][PASSED] - Object: 'Object Repository/REALRatings/Greensill/login/Page_RealRating/button_Login' is clicked on

2019-07-02 10:54:22 - [TEST_STEP][PASSED] - getAllLinksOnCurrentPage(false, []): Found 16 unique links on the page https://fclp-uat.realrating.co.uk/home

2019-07-02 10:54:23 - [MESSAGE][PASSED] - Found 16 unique links on the page https://fclp-uat.realrating.co.uk/home

2019-07-02 10:54:23 - [TEST_STEP][PASSED] - verifyAllLinksOnCurrentPageAccessible(false, []): All links on the page 'https://fclp-uat.realrating.co.uk/home' are accessible

2019-07-02 10:54:23 - [MESSAGE][PASSED] - Found 16 unique links on the page https://fclp-uat.realrating.co.uk/home

2019-07-02 10:54:25 - [MESSAGE][INFO] - HAR: C:\Users\sambhavi\git\didactic-octo-spork\Reports\REALratings\FCLP\20190702_105340\requests\main\0.har

2019-07-02 10:54:26 - [MESSAGE][PASSED] - Send request successfully

2019-07-02 10:54:26 - [MESSAGE][INFO] - HAR: C:\Users\sambhavi\git\didactic-octo-spork\Reports\REALratings\FCLP\20190702_105340\requests\main\1.har

2019-07-02 10:54:26 - [MESSAGE][PASSED] - Send request successfully

2019-07-02 10:54:27 - [MESSAGE][INFO] - HAR: C:\Users\sambhavi\git\didactic-octo-spork\Reports\REALratings\FCLP\20190702_105340\requests\main\2.har

2019-07-02 10:54:27 - [MESSAGE][PASSED] - Send request successfully

2019-07-02 10:54:27 - [MESSAGE][INFO] - HAR: C:\Users\sambhavi\git\didactic-octo-spork\Reports\REALratings\FCLP\20190702_105340\requests\main\3.har

2019-07-02 10:54:27 - [MESSAGE][PASSED] - Send request successfully

2019-07-02 10:54:28 - [MESSAGE][INFO] - HAR: C:\Users\sambhavi\git\didactic-octo-spork\Reports\REALratings\FCLP\20190702_105340\requests\main\4.har

2019-07-02 10:54:28 - [MESSAGE][PASSED] - Send request successfully

2019-07-02 10:54:29 - [MESSAGE][INFO] - HAR: C:\Users\sambhavi\git\didactic-octo-spork\Reports\REALratings\FCLP\20190702_105340\requests\main\5.har

2019-07-02 10:54:29 - [MESSAGE][PASSED] - Send request successfully

2019-07-02 10:54:30 - [MESSAGE][INFO] - HAR: C:\Users\sambhavi\git\didactic-octo-spork\Reports\REALratings\FCLP\20190702_105340\requests\main\6.har

2019-07-02 10:54:30 - [MESSAGE][PASSED] - Send request successfully

2019-07-02 10:54:31 - [MESSAGE][INFO] - HAR: C:\Users\sambhavi\git\didactic-octo-spork\Reports\REALratings\FCLP\20190702_105340\requests\main\7.har

2019-07-02 10:54:31 - [MESSAGE][PASSED] - Send request successfully

2019-07-02 10:54:31 - [MESSAGE][INFO] - HAR: C:\Users\sambhavi\git\didactic-octo-spork\Reports\REALratings\FCLP\20190702_105340\requests\main\8.har

2019-07-02 10:54:31 - [MESSAGE][PASSED] - Send request successfully

2019-07-02 10:54:32 - [MESSAGE][INFO] - HAR: C:\Users\sambhavi\git\didactic-octo-spork\Reports\REALratings\FCLP\20190702_105340\requests\main\9.har

2019-07-02 10:54:32 - [MESSAGE][PASSED] - Send request successfully

2019-07-02 10:54:34 - [MESSAGE][INFO] - HAR: C:\Users\sambhavi\git\didactic-octo-spork\Reports\REALratings\FCLP\20190702_105340\requests\main\10.har

2019-07-02 10:54:34 - [MESSAGE][PASSED] - Send request successfully

2019-07-02 10:54:34 - [MESSAGE][INFO] - HAR: C:\Users\sambhavi\git\didactic-octo-spork\Reports\REALratings\FCLP\20190702_105340\requests\main\11.har

2019-07-02 10:54:34 - [MESSAGE][PASSED] - Send request successfully

2019-07-02 10:54:36 - [MESSAGE][INFO] - HAR: C:\Users\sambhavi\git\didactic-octo-spork\Reports\REALratings\FCLP\20190702_105340\requests\main\12.har

2019-07-02 10:54:36 - [MESSAGE][PASSED] - Send request successfully

2019-07-02 10:54:38 - [MESSAGE][INFO] - HAR: C:\Users\sambhavi\git\didactic-octo-spork\Reports\REALratings\FCLP\20190702_105340\requests\main\13.har

2019-07-02 10:54:38 - [MESSAGE][PASSED] - Send request successfully

2019-07-02 10:54:39 - [MESSAGE][INFO] - HAR: C:\Users\sambhavi\git\didactic-octo-spork\Reports\REALratings\FCLP\20190702_105340\requests\main\14.har

2019-07-02 10:54:39 - [MESSAGE][PASSED] - Send request successfully

2019-07-02 10:54:39 - [MESSAGE][INFO] - HAR: C:\Users\sambhavi\git\didactic-octo-spork\Reports\REALratings\FCLP\20190702_105340\requests\main\15.har

2019-07-02 10:54:39 - [MESSAGE][PASSED] - Send request successfully

2019-07-02 10:54:39 - [MESSAGE][PASSED] - All links are accessible

2019-07-02 10:54:39 - [MESSAGE][PASSED] - All links on the page 'https://fclp-uat.realrating.co.uk/home' are accessible

2019-07-02 10:54:39 - [TEST_STEP][PASSED] - click(findTestObject("REALRatings/Greensill/login/Page_RealRating/Other Qualifications Tab")): Object: 'Object Repository/REALRatings/Greensill/login/Page_RealRating/Other Qualifications Tab' is clicked on

2019-07-02 10:54:39 - [MESSAGE][PASSED] - Object: 'Object Repository/REALRatings/Greensill/login/Page_RealRating/Other Qualifications Tab' is clicked on

2019-07-02 10:54:39 - [TEST_STEP][PASSED] - getAllLinksOnCurrentPage(false, []): Found 16 unique links on the page https://fclp-uat.realrating.co.uk/home

2019-07-02 10:54:40 - [MESSAGE][PASSED] - Found 16 unique links on the page https://fclp-uat.realrating.co.uk/home

2019-07-02 10:54:40 - [TEST_STEP][PASSED] - verifyAllLinksOnCurrentPageAccessible(false, []): All links on the page 'https://fclp-uat.realrating.co.uk/home' are accessible

2019-07-02 10:54:40 - [MESSAGE][PASSED] - Found 16 unique links on the page https://fclp-uat.realrating.co.uk/home

2019-07-02 10:54:41 - [MESSAGE][INFO] - HAR: C:\Users\sambhavi\git\didactic-octo-spork\Reports\REALratings\FCLP\20190702_105340\requests\main\16.har

2019-07-02 10:54:41 - [MESSAGE][PASSED] - Send request successfully

2019-07-02 10:54:42 - [MESSAGE][INFO] - HAR: C:\Users\sambhavi\git\didactic-octo-spork\Reports\REALratings\FCLP\20190702_105340\requests\main\17.har

2019-07-02 10:54:42 - [MESSAGE][PASSED] - Send request successfully

2019-07-02 10:54:43 - [MESSAGE][INFO] - HAR: C:\Users\sambhavi\git\didactic-octo-spork\Reports\REALratings\FCLP\20190702_105340\requests\main\18.har

2019-07-02 10:54:43 - [MESSAGE][PASSED] - Send request successfully

2019-07-02 10:54:43 - [MESSAGE][INFO] - HAR: C:\Users\sambhavi\git\didactic-octo-spork\Reports\REALratings\FCLP\20190702_105340\requests\main\19.har

2019-07-02 10:54:43 - [MESSAGE][PASSED] - Send request successfully

2019-07-02 10:54:44 - [MESSAGE][INFO] - HAR: C:\Users\sambhavi\git\didactic-octo-spork\Reports\REALratings\FCLP\20190702_105340\requests\main\20.har

2019-07-02 10:54:44 - [MESSAGE][PASSED] - Send request successfully

2019-07-02 10:54:45 - [MESSAGE][INFO] - HAR: C:\Users\sambhavi\git\didactic-octo-spork\Reports\REALratings\FCLP\20190702_105340\requests\main\21.har

2019-07-02 10:54:45 - [MESSAGE][PASSED] - Send request successfully

2019-07-02 10:54:46 - [MESSAGE][INFO] - HAR: C:\Users\sambhavi\git\didactic-octo-spork\Reports\REALratings\FCLP\20190702_105340\requests\main\22.har

2019-07-02 10:54:46 - [MESSAGE][PASSED] - Send request successfully

2019-07-02 10:54:47 - [MESSAGE][INFO] - HAR: C:\Users\sambhavi\git\didactic-octo-spork\Reports\REALratings\FCLP\20190702_105340\requests\main\23.har

2019-07-02 10:54:47 - [MESSAGE][PASSED] - Send request successfully

2019-07-02 10:54:47 - [MESSAGE][INFO] - HAR: C:\Users\sambhavi\git\didactic-octo-spork\Reports\REALratings\FCLP\20190702_105340\requests\main\24.har

2019-07-02 10:54:47 - [MESSAGE][PASSED] - Send request successfully

2019-07-02 10:54:48 - [MESSAGE][INFO] - HAR: C:\Users\sambhavi\git\didactic-octo-spork\Reports\REALratings\FCLP\20190702_105340\requests\main\25.har

2019-07-02 10:54:48 - [MESSAGE][PASSED] - Send request successfully

2019-07-02 10:54:49 - [MESSAGE][INFO] - HAR: C:\Users\sambhavi\git\didactic-octo-spork\Reports\REALratings\FCLP\20190702_105340\requests\main\26.har

2019-07-02 10:54:49 - [MESSAGE][PASSED] - Send request successfully

2019-07-02 10:54:50 - [MESSAGE][INFO] - HAR: C:\Users\sambhavi\git\didactic-octo-spork\Reports\REALratings\FCLP\20190702_105340\requests\main\27.har

2019-07-02 10:54:50 - [MESSAGE][PASSED] - Send request successfully

2019-07-02 10:54:51 - [MESSAGE][INFO] - HAR: C:\Users\sambhavi\git\didactic-octo-spork\Reports\REALratings\FCLP\20190702_105340\requests\main\28.har

2019-07-02 10:54:51 - [MESSAGE][PASSED] - Send request successfully

2019-07-02 10:54:55 - [MESSAGE][INFO] - HAR: C:\Users\sambhavi\git\didactic-octo-spork\Reports\REALratings\FCLP\20190702_105340\requests\main\29.har

2019-07-02 10:54:55 - [MESSAGE][PASSED] - Send request successfully

2019-07-02 10:54:55 - [MESSAGE][INFO] - HAR: C:\Users\sambhavi\git\didactic-octo-spork\Reports\REALratings\FCLP\20190702_105340\requests\main\30.har

2019-07-02 10:54:56 - [MESSAGE][PASSED] - Send request successfully

2019-07-02 10:54:56 - [MESSAGE][INFO] - HAR: C:\Users\sambhavi\git\didactic-octo-spork\Reports\REALratings\FCLP\20190702_105340\requests\main\31.har

2019-07-02 10:54:56 - [MESSAGE][PASSED] - Send request successfully

2019-07-02 10:54:56 - [MESSAGE][PASSED] - All links are accessible

2019-07-02 10:54:56 - [MESSAGE][PASSED] - All links on the page 'https://fclp-uat.realrating.co.uk/home' are accessible

2019-07-02 10:54:56 - [TEST_STEP][PASSED] - click(findTestObject("REALRatings/Greensill/login/Page_RealRating/Profile")): Object: 'Object Repository/REALRatings/Greensill/login/Page_RealRating/Profile' is clicked on

2019-07-02 10:54:56 - [MESSAGE][PASSED] - Object: 'Object Repository/REALRatings/Greensill/login/Page_RealRating/Profile' is clicked on

2019-07-02 10:54:56 - [TEST_STEP][PASSED] - click(findTestObject("REALRatings/Greensill/login/Page_RealRating/Logout")): Object: 'Object Repository/REALRatings/Greensill/login/Page_RealRating/Logout' is clicked on

2019-07-02 10:54:56 - [MESSAGE][PASSED] - Object: 'Object Repository/REALRatings/Greensill/login/Page_RealRating/Logout' is clicked on

2019-07-02 10:54:56 - [TEST_STEP][PASSED] - delay(5): Delayed 5 second(s)

2019-07-02 10:55:01 - [MESSAGE][PASSED] - Delayed 5 second(s)

2019-07-02 10:55:01 - [TEST_STEP][PASSED] - click(findTestObject("REALRatings/Greensill/login/Page_RealRating/button_Logout")): Object: 'Object Repository/REALRatings/Greensill/login/Page_RealRating/button_Logout' is clicked on

2019-07-02 10:55:02 - [MESSAGE][PASSED] - Object: 'Object Repository/REALRatings/Greensill/login/Page_RealRating/button_Logout' is clicked on

2019-07-02 10:55:02 - [TEST_STEP][PASSED] - assert getUrl() == "https://fclp-uat.realrating.co.uk/login": Current window's url is: 'https://fclp-uat.realrating.co.uk/login'

2019-07-02 10:55:02 - [MESSAGE][PASSED] - Current window's url is: 'https://fclp-uat.realrating.co.uk/login']]></system-out>
         <system-err><![CDATA[]]></system-err>
      </testcase>
      <system-out><![CDATA[2019-07-02 10:53:42 - [TEST_SUITE][PASSED] - FCLP: Test Cases/REALratings/FCLP/login]]></system-out>
      <system-err><![CDATA[]]></system-err>
   </testsuite>
</testsuites>
