<?xml version="1.0" encoding="UTF-8"?>
<testsuites name="CIL" time="92" tests="2" failures="0" errors="0">
   <testsuite name="CIL" tests="2" failures="0" errors="0" time="92" timestamp="2019-07-02 10:18:50" hostname="sambhavi - sambhavi.jmandigital.in" id="Test Suites/REALratings/CIL">
      <properties>
         <property name="deviceName" value=""/>
         <property name="devicePlatform" value=""/>
         <property name="logFolder" value="C:\\Users\\sambhavi\\git\\didactic-octo-spork\\Reports\\REALratings\\CIL\\20190702_101848"/>
         <property name="logFiles" value="C:\\Users\\sambhavi\\git\\didactic-octo-spork\\Reports\\REALratings\\CIL\\20190702_101848\\execution0.log"/>
         <property name="attachments" value="C:\\Users\\sambhavi\\git\\didactic-octo-spork\\Reports\\REALratings\\CIL\\20190702_101848\\1562042958345.png"/>
         <property name="hostName" value="sambhavi - sambhavi.jmandigital.in"/>
         <property name="os" value="Windows 10 64bit"/>
         <property name="katalonVersion" value="6.0.5.10"/>
         <property name="browser" value="Chrome 75.0.3770.100"/>
         <property name="hostAddress" value="192.168.0.185"/>
         <property name="sessionId" value="d00d5a57d04c0315e1add8d9b8bbd487"/>
         <property name="seleniumVersion" value="3.7.1"/>
         <property name="proxyInformation" value="ProxyInformation{proxyOption=NO_PROXY, proxyServerType=HTTP, password=, proxyServerAddress=, proxyServerPort=0}"/>
         <property name="platform" value="Windows 10"/>
      </properties>
      <testcase name="Test Cases/REALratings/CIL/Form Submission" classname="Test Cases/REALratings/CIL/Form Submission" status="PASSED">
         <system-out><![CDATA[2019-07-02 10:18:51 - [TEST_CASE][PASSED] - Test Cases/REALratings/CIL/Form Submission: Test Cases/REALratings/CIL/Form Submission

2019-07-02 10:18:52 - [TEST_STEP][PASSED] - comment("CIL REAlrating - Form Submission"): CIL REAlrating - Form Submission

2019-07-02 10:18:52 - [MESSAGE][INFO] - CIL REAlrating - Form Submission

2019-07-02 10:18:52 - [TEST_STEP][PASSED] - openBrowser(""): Browser is opened with url: ''

2019-07-02 10:18:52 - [MESSAGE][INFO] - Starting 'Chrome' driver

2019-07-02 10:18:52 - [MESSAGE][INFO] - Action delay is set to 0 seconds

2019-07-02 10:18:56 - [MESSAGE][PASSED] - Browser is opened with url: ''

2019-07-02 10:18:56 - [TEST_STEP][PASSED] - navigateToUrl("https://uat-cil.realrating.co.uk/"): Navigate to 'https://uat-cil.realrating.co.uk/' successfully

2019-07-02 10:19:00 - [MESSAGE][PASSED] - Navigate to 'https://uat-cil.realrating.co.uk/' successfully

2019-07-02 10:19:00 - [TEST_STEP][PASSED] - maximizeWindow(): Current window maximized

2019-07-02 10:19:01 - [MESSAGE][PASSED] - Current window maximized

2019-07-02 10:19:01 - [TEST_STEP][PASSED] - rad = new java.util.Random(): null

2019-07-02 10:19:01 - [TEST_STEP][PASSED] - comment("Basic Information"): Basic Information

2019-07-02 10:19:01 - [MESSAGE][INFO] - Basic Information

2019-07-02 10:19:01 - [TEST_STEP][PASSED] - setText(findTestObject("REALRatings/NorthHighland/Page_REALrating/First Name"), findTestData("getEmployable/Applicants").getValue(1, 1)): Text 'Asha' is set on object 'Object Repository/REALRatings/NorthHighland/Page_REALrating/First Name'

2019-07-02 10:19:01 - [MESSAGE][PASSED] - Text 'Asha' is set on object 'Object Repository/REALRatings/NorthHighland/Page_REALrating/First Name'

2019-07-02 10:19:01 - [TEST_STEP][PASSED] - setText(findTestObject("REALRatings/NorthHighland/Page_REALrating/Last Name"), findTestData("getEmployable/Applicants").getValue(2, 1)): Text 'Rajendran' is set on object 'Object Repository/REALRatings/NorthHighland/Page_REALrating/Last Name'

2019-07-02 10:19:01 - [MESSAGE][PASSED] - Text 'Rajendran' is set on object 'Object Repository/REALRatings/NorthHighland/Page_REALrating/Last Name'

2019-07-02 10:19:01 - [TEST_STEP][PASSED] - Email = rad.nextInt(2000): null

2019-07-02 10:19:01 - [TEST_STEP][PASSED] - setText(findTestObject("REALRatings/NorthHighland/Page_REALrating/University Emailid"), "nh" + Email + "@test.com"): Text 'nh286@test.com' is set on object 'Object Repository/REALRatings/NorthHighland/Page_REALrating/University Emailid'

2019-07-02 10:19:02 - [MESSAGE][PASSED] - Text 'nh286@test.com' is set on object 'Object Repository/REALRatings/NorthHighland/Page_REALrating/University Emailid'

2019-07-02 10:19:02 - [TEST_STEP][PASSED] - click(findTestObject("REALRatings/NorthHighland/Page_REALrating/First Next"), STOP_ON_FAILURE): Object: 'Object Repository/REALRatings/NorthHighland/Page_REALrating/First Next' is clicked on

2019-07-02 10:19:02 - [MESSAGE][PASSED] - Object: 'Object Repository/REALRatings/NorthHighland/Page_REALrating/First Next' is clicked on

2019-07-02 10:19:02 - [TEST_STEP][PASSED] - comment("Main Qualifications"): Main Qualifications

2019-07-02 10:19:02 - [MESSAGE][INFO] - Main Qualifications

2019-07-02 10:19:02 - [TEST_STEP][PASSED] - ALevelYearTotalOptions = getNumberOfTotalOption(findTestObject("REALRatings/NorthHighland/Page_REALrating/A Level Year")): 71 options of object 'Object Repository/REALRatings/NorthHighland/Page_REALrating/A Level Year' counted

2019-07-02 10:19:02 - [MESSAGE][PASSED] - 71 options of object 'Object Repository/REALRatings/NorthHighland/Page_REALrating/A Level Year' counted

2019-07-02 10:19:02 - [TEST_STEP][PASSED] - ALevelYearcount = 1 + rad.nextInt(ALevelYearTotalOptions - 1): null

2019-07-02 10:19:02 - [TEST_STEP][PASSED] - selectOptionByIndex(findTestObject("REALRatings/NorthHighland/Page_REALrating/A Level Year"), ALevelYearcount): All options with index in [37] are selected on object 'Object Repository/REALRatings/NorthHighland/Page_REALrating/A Level Year'

2019-07-02 10:19:02 - [MESSAGE][PASSED] - All options with index in [37] are selected on object 'Object Repository/REALRatings/NorthHighland/Page_REALrating/A Level Year'

2019-07-02 10:19:03 - [TEST_STEP][PASSED] - GCSEYearTotalOptions = getNumberOfTotalOption(findTestObject("REALRatings/NorthHighland/Page_REALrating/GCSE Year")): 71 options of object 'Object Repository/REALRatings/NorthHighland/Page_REALrating/GCSE Year' counted

2019-07-02 10:19:03 - [MESSAGE][PASSED] - 71 options of object 'Object Repository/REALRatings/NorthHighland/Page_REALrating/GCSE Year' counted

2019-07-02 10:19:03 - [TEST_STEP][PASSED] - GCSEYearCount = 1 + rad.nextInt(GCSEYearTotalOptions - 1): null

2019-07-02 10:19:03 - [TEST_STEP][PASSED] - selectOptionByIndex(findTestObject("REALRatings/NorthHighland/Page_REALrating/GCSE Year"), GCSEYearCount): All options with index in [64] are selected on object 'Object Repository/REALRatings/NorthHighland/Page_REALrating/GCSE Year'

2019-07-02 10:19:03 - [MESSAGE][PASSED] - All options with index in [64] are selected on object 'Object Repository/REALRatings/NorthHighland/Page_REALrating/GCSE Year'

2019-07-02 10:19:03 - [TEST_STEP][PASSED] - MainQualificationTotaloptions = getNumberOfTotalOption(findTestObject("REALRatings/NorthHighland/Page_REALrating/Main Qualification")): 6 options of object 'Object Repository/REALRatings/NorthHighland/Page_REALrating/Main Qualification' counted

2019-07-02 10:19:03 - [MESSAGE][PASSED] - 6 options of object 'Object Repository/REALRatings/NorthHighland/Page_REALrating/Main Qualification' counted

2019-07-02 10:19:03 - [TEST_STEP][PASSED] - MainQualificationCount = 1 + rad.nextInt(MainQualificationTotaloptions - 1): null

2019-07-02 10:19:03 - [TEST_STEP][PASSED] - selectOptionByIndex(findTestObject("REALRatings/NorthHighland/Page_REALrating/Main Qualification"), MainQualificationCount): All options with index in [1] are selected on object 'Object Repository/REALRatings/NorthHighland/Page_REALrating/Main Qualification'

2019-07-02 10:19:03 - [MESSAGE][PASSED] - All options with index in [1] are selected on object 'Object Repository/REALRatings/NorthHighland/Page_REALrating/Main Qualification'

2019-07-02 10:19:03 - [TEST_STEP][PASSED] - delay(5): Delayed 5 second(s)

2019-07-02 10:19:08 - [MESSAGE][PASSED] - Delayed 5 second(s)

2019-07-02 10:19:08 - [TEST_STEP][PASSED] - if (MainQualificationCount == 1): All options with index in [3] are selected on object 'Object Repository/REALRatings/NorthHighland/Page_REALrating/Year Three'

2019-07-02 10:19:08 - [TEST_STEP][PASSED] - setText(findTestObject("REALRatings/NorthHighland/Page_REALrating/Title One"), "Further Mathematics"): Text 'Further Mathematics' is set on object 'Object Repository/REALRatings/NorthHighland/Page_REALrating/Title One'

2019-07-02 10:19:09 - [MESSAGE][PASSED] - Text 'Further Mathematics' is set on object 'Object Repository/REALRatings/NorthHighland/Page_REALrating/Title One'

2019-07-02 10:19:09 - [TEST_STEP][PASSED] - Grade1TotalOptions = getNumberOfTotalOption(findTestObject("REALRatings/NorthHighland/Page_REALrating/Grade One")): 10 options of object 'Object Repository/REALRatings/NorthHighland/Page_REALrating/Grade One' counted

2019-07-02 10:19:09 - [MESSAGE][PASSED] - 10 options of object 'Object Repository/REALRatings/NorthHighland/Page_REALrating/Grade One' counted

2019-07-02 10:19:09 - [TEST_STEP][PASSED] - Grade1 = 1 + rad.nextInt(Grade1TotalOptions - 1): null

2019-07-02 10:19:09 - [TEST_STEP][PASSED] - selectOptionByIndex(findTestObject("REALRatings/NorthHighland/Page_REALrating/Grade One"), Grade1): All options with index in [6] are selected on object 'Object Repository/REALRatings/NorthHighland/Page_REALrating/Grade One'

2019-07-02 10:19:09 - [MESSAGE][PASSED] - All options with index in [6] are selected on object 'Object Repository/REALRatings/NorthHighland/Page_REALrating/Grade One'

2019-07-02 10:19:09 - [TEST_STEP][PASSED] - Year1TotalOptions = getNumberOfTotalOption(findTestObject("REALRatings/NorthHighland/Page_REALrating/Year One")): 71 options of object 'Object Repository/REALRatings/NorthHighland/Page_REALrating/Year One' counted

2019-07-02 10:19:09 - [MESSAGE][PASSED] - 71 options of object 'Object Repository/REALRatings/NorthHighland/Page_REALrating/Year One' counted

2019-07-02 10:19:09 - [TEST_STEP][PASSED] - Year1 = 1 + rad.nextInt(Year1TotalOptions - 1): null

2019-07-02 10:19:09 - [TEST_STEP][PASSED] - selectOptionByIndex(findTestObject("REALRatings/NorthHighland/Page_REALrating/Year One"), Year1): All options with index in [66] are selected on object 'Object Repository/REALRatings/NorthHighland/Page_REALrating/Year One'

2019-07-02 10:19:10 - [MESSAGE][PASSED] - All options with index in [66] are selected on object 'Object Repository/REALRatings/NorthHighland/Page_REALrating/Year One'

2019-07-02 10:19:10 - [TEST_STEP][PASSED] - setText(findTestObject("REALRatings/NorthHighland/Page_REALrating/Title Two"), "Computer Science"): Text 'Computer Science' is set on object 'Object Repository/REALRatings/NorthHighland/Page_REALrating/Title Two'

2019-07-02 10:19:10 - [MESSAGE][PASSED] - Text 'Computer Science' is set on object 'Object Repository/REALRatings/NorthHighland/Page_REALrating/Title Two'

2019-07-02 10:19:10 - [TEST_STEP][PASSED] - Grade2TotalOptions = getNumberOfTotalOption(findTestObject("REALRatings/NorthHighland/Page_REALrating/Grade Two")): 10 options of object 'Object Repository/REALRatings/NorthHighland/Page_REALrating/Grade Two' counted

2019-07-02 10:19:10 - [MESSAGE][PASSED] - 10 options of object 'Object Repository/REALRatings/NorthHighland/Page_REALrating/Grade Two' counted

2019-07-02 10:19:10 - [TEST_STEP][PASSED] - Grade2 = 1 + rad.nextInt(Grade2TotalOptions - 1): null

2019-07-02 10:19:10 - [TEST_STEP][PASSED] - selectOptionByIndex(findTestObject("REALRatings/NorthHighland/Page_REALrating/Grade Two"), Grade2): All options with index in [7] are selected on object 'Object Repository/REALRatings/NorthHighland/Page_REALrating/Grade Two'

2019-07-02 10:19:10 - [MESSAGE][PASSED] - All options with index in [7] are selected on object 'Object Repository/REALRatings/NorthHighland/Page_REALrating/Grade Two'

2019-07-02 10:19:10 - [TEST_STEP][PASSED] - Year2TotalOptions = getNumberOfTotalOption(findTestObject("REALRatings/NorthHighland/Page_REALrating/Year Two")): 71 options of object 'Object Repository/REALRatings/NorthHighland/Page_REALrating/Year Two' counted

2019-07-02 10:19:10 - [MESSAGE][PASSED] - 71 options of object 'Object Repository/REALRatings/NorthHighland/Page_REALrating/Year Two' counted

2019-07-02 10:19:10 - [TEST_STEP][PASSED] - Year2 = 1 + rad.nextInt(Year2TotalOptions - 1): null

2019-07-02 10:19:10 - [TEST_STEP][PASSED] - selectOptionByIndex(findTestObject("REALRatings/NorthHighland/Page_REALrating/Year Two"), Year2): All options with index in [14] are selected on object 'Object Repository/REALRatings/NorthHighland/Page_REALrating/Year Two'

2019-07-02 10:19:11 - [MESSAGE][PASSED] - All options with index in [14] are selected on object 'Object Repository/REALRatings/NorthHighland/Page_REALrating/Year Two'

2019-07-02 10:19:11 - [TEST_STEP][PASSED] - setText(findTestObject("REALRatings/NorthHighland/Page_REALrating/Title Three"), "Further Mathematics"): Text 'Further Mathematics' is set on object 'Object Repository/REALRatings/NorthHighland/Page_REALrating/Title Three'

2019-07-02 10:19:11 - [MESSAGE][PASSED] - Text 'Further Mathematics' is set on object 'Object Repository/REALRatings/NorthHighland/Page_REALrating/Title Three'

2019-07-02 10:19:11 - [TEST_STEP][PASSED] - Grade3TotalOptions = getNumberOfTotalOption(findTestObject("REALRatings/NorthHighland/Page_REALrating/Grade Three")): 10 options of object 'Object Repository/REALRatings/NorthHighland/Page_REALrating/Grade Three' counted

2019-07-02 10:19:11 - [MESSAGE][PASSED] - 10 options of object 'Object Repository/REALRatings/NorthHighland/Page_REALrating/Grade Three' counted

2019-07-02 10:19:11 - [TEST_STEP][PASSED] - Grade3 = 1 + rad.nextInt(Grade3TotalOptions - 1): null

2019-07-02 10:19:11 - [TEST_STEP][PASSED] - selectOptionByIndex(findTestObject("REALRatings/NorthHighland/Page_REALrating/Grade Three"), Grade3): All options with index in [7] are selected on object 'Object Repository/REALRatings/NorthHighland/Page_REALrating/Grade Three'

2019-07-02 10:19:11 - [MESSAGE][PASSED] - All options with index in [7] are selected on object 'Object Repository/REALRatings/NorthHighland/Page_REALrating/Grade Three'

2019-07-02 10:19:11 - [TEST_STEP][PASSED] - Year3TotalOptions = getNumberOfTotalOption(findTestObject("REALRatings/NorthHighland/Page_REALrating/Year Three")): 71 options of object 'Object Repository/REALRatings/NorthHighland/Page_REALrating/Year Three' counted

2019-07-02 10:19:11 - [MESSAGE][PASSED] - 71 options of object 'Object Repository/REALRatings/NorthHighland/Page_REALrating/Year Three' counted

2019-07-02 10:19:11 - [TEST_STEP][PASSED] - Year3 = 1 + rad.nextInt(Year3TotalOptions - 1): null

2019-07-02 10:19:11 - [TEST_STEP][PASSED] - selectOptionByIndex(findTestObject("REALRatings/NorthHighland/Page_REALrating/Year Three"), Year3): All options with index in [3] are selected on object 'Object Repository/REALRatings/NorthHighland/Page_REALrating/Year Three'

2019-07-02 10:19:11 - [MESSAGE][PASSED] - All options with index in [3] are selected on object 'Object Repository/REALRatings/NorthHighland/Page_REALrating/Year Three'

2019-07-02 10:19:11 - [TEST_STEP][PASSED] - setText(findTestObject("REALRatings/NorthHighland/Page_REALrating/A Level School"), findTestData("getEmployable/Applicants").getValue(6, 1)): Text 'Kings Richard School' is set on object 'Object Repository/REALRatings/NorthHighland/Page_REALrating/A Level School'

2019-07-02 10:19:12 - [MESSAGE][PASSED] - Text 'Kings Richard School' is set on object 'Object Repository/REALRatings/NorthHighland/Page_REALrating/A Level School'

2019-07-02 10:19:12 - [TEST_STEP][PASSED] - setText(findTestObject("REALRatings/NorthHighland/Page_REALrating/GCSE School"), findTestData("getEmployable/Applicants").getValue(7, 1)): Text 'Kings Richard School' is set on object 'Object Repository/REALRatings/NorthHighland/Page_REALrating/GCSE School'

2019-07-02 10:19:12 - [MESSAGE][PASSED] - Text 'Kings Richard School' is set on object 'Object Repository/REALRatings/NorthHighland/Page_REALrating/GCSE School'

2019-07-02 10:19:12 - [TEST_STEP][PASSED] - click(findTestObject("REALRatings/NorthHighland/Page_REALrating/Gender")): Object: 'Object Repository/REALRatings/NorthHighland/Page_REALrating/Gender' is clicked on

2019-07-02 10:19:12 - [MESSAGE][PASSED] - Object: 'Object Repository/REALRatings/NorthHighland/Page_REALrating/Gender' is clicked on

2019-07-02 10:19:12 - [TEST_STEP][PASSED] - setText(findTestObject("REALRatings/NorthHighland/Page_REALrating/ALevelPostcode"), findTestData("getEmployable/Applicants").getValue(8, 1)): Text 'NW64DN' is set on object 'Object Repository/REALRatings/NorthHighland/Page_REALrating/ALevelPostcode'

2019-07-02 10:19:12 - [MESSAGE][PASSED] - Text 'NW64DN' is set on object 'Object Repository/REALRatings/NorthHighland/Page_REALrating/ALevelPostcode'

2019-07-02 10:19:12 - [TEST_STEP][PASSED] - setText(findTestObject("REALRatings/NorthHighland/Page_REALrating/GCSEPostcode"), findTestData("getEmployable/Applicants").getValue(9, 1)): Text 'AL60AA' is set on object 'Object Repository/REALRatings/NorthHighland/Page_REALrating/GCSEPostcode'

2019-07-02 10:19:12 - [MESSAGE][PASSED] - Text 'AL60AA' is set on object 'Object Repository/REALRatings/NorthHighland/Page_REALrating/GCSEPostcode'

2019-07-02 10:19:12 - [TEST_STEP][PASSED] - click(findTestObject("REALRatings/NorthHighland/Page_REALrating/TickAnyStatement")): Object: 'Object Repository/REALRatings/NorthHighland/Page_REALrating/TickAnyStatement' is clicked on

2019-07-02 10:19:13 - [MESSAGE][PASSED] - Object: 'Object Repository/REALRatings/NorthHighland/Page_REALrating/TickAnyStatement' is clicked on

2019-07-02 10:19:13 - [TEST_STEP][PASSED] - click(findTestObject("REALRatings/NorthHighland/Page_REALrating/ConfirmAggreement")): Object: 'Object Repository/REALRatings/NorthHighland/Page_REALrating/ConfirmAggreement' is clicked on

2019-07-02 10:19:13 - [MESSAGE][PASSED] - Object: 'Object Repository/REALRatings/NorthHighland/Page_REALrating/ConfirmAggreement' is clicked on

2019-07-02 10:19:13 - [TEST_STEP][PASSED] - click(findTestObject("REALRatings/NorthHighland/Page_REALrating/Submit")): Object: 'Object Repository/REALRatings/NorthHighland/Page_REALrating/Submit' is clicked on

2019-07-02 10:19:13 - [MESSAGE][PASSED] - Object: 'Object Repository/REALRatings/NorthHighland/Page_REALrating/Submit' is clicked on

2019-07-02 10:19:13 - [TEST_STEP][PASSED] - delay(5): Delayed 5 second(s)

2019-07-02 10:19:18 - [MESSAGE][PASSED] - Delayed 5 second(s)

2019-07-02 10:19:18 - [TEST_STEP][PASSED] - assert getUrl() == "https://uat-cil.realrating.co.uk/thankyou": Current window's url is: 'https://uat-cil.realrating.co.uk/thankyou'

2019-07-02 10:19:18 - [MESSAGE][PASSED] - Current window's url is: 'https://uat-cil.realrating.co.uk/thankyou'

2019-07-02 10:19:18 - [TEST_STEP][PASSED] - takeScreenshot(): Taking screenshot successfully

2019-07-02 10:19:18 - [MESSAGE][PASSED] - Taking screenshot successfully
[[ATTACHMENT|C:\\Users\\sambhavi\\git\\didactic-octo-spork\\Reports\\REALratings\\CIL\\20190702_101848\\1562042958345.png]]]]></system-out>
         <system-err><![CDATA[]]></system-err>
      </testcase>
      <testcase name="Test Cases/REALratings/CIL/Login" classname="Test Cases/REALratings/CIL/Login" status="PASSED">
         <system-out><![CDATA[2019-07-02 10:19:18 - [TEST_CASE][PASSED] - Test Cases/REALratings/CIL/Login: Test Cases/REALratings/CIL/Login

2019-07-02 10:19:18 - [TEST_STEP][PASSED] - comment("CIL- Login"): CIL- Login

2019-07-02 10:19:18 - [MESSAGE][INFO] - CIL- Login

2019-07-02 10:19:18 - [TEST_STEP][PASSED] - openBrowser(""): Browser is opened with url: ''

2019-07-02 10:19:18 - [MESSAGE][WARNING] - A browser is already opened. Closing browser and opening a new one

2019-07-02 10:19:19 - [MESSAGE][INFO] - Starting 'Chrome' driver

2019-07-02 10:19:22 - [MESSAGE][PASSED] - Browser is opened with url: ''

2019-07-02 10:19:22 - [TEST_STEP][PASSED] - navigateToUrl("https://uat-cil.realrating.co.uk/login"): Navigate to 'https://uat-cil.realrating.co.uk/login' successfully

2019-07-02 10:19:25 - [MESSAGE][PASSED] - Navigate to 'https://uat-cil.realrating.co.uk/login' successfully

2019-07-02 10:19:25 - [TEST_STEP][PASSED] - maximizeWindow(): Current window maximized

2019-07-02 10:19:26 - [MESSAGE][PASSED] - Current window maximized

2019-07-02 10:19:26 - [TEST_STEP][PASSED] - setText(findTestObject("REALRatings/Greensill/login/Page_RealRating/input_E-Mail Address_email"), "john@upreach.org.uk"): Text 'john@upreach.org.uk' is set on object 'Object Repository/REALRatings/Greensill/login/Page_RealRating/input_E-Mail Address_email'

2019-07-02 10:19:26 - [MESSAGE][PASSED] - Text 'john@upreach.org.uk' is set on object 'Object Repository/REALRatings/Greensill/login/Page_RealRating/input_E-Mail Address_email'

2019-07-02 10:19:26 - [TEST_STEP][PASSED] - setEncryptedText(findTestObject("REALRatings/Greensill/login/Page_RealRating/input_Password_password"), "YPztdU12xyABLAH+eFFt4w=="): Text ****** has been set on object 'Object Repository/REALRatings/Greensill/login/Page_RealRating/input_Password_password'

2019-07-02 10:19:26 - [MESSAGE][PASSED] - Text ****** has been set on object 'Object Repository/REALRatings/Greensill/login/Page_RealRating/input_Password_password'

2019-07-02 10:19:26 - [TEST_STEP][PASSED] - click(findTestObject("REALRatings/Greensill/login/Page_RealRating/button_Login")): Object: 'Object Repository/REALRatings/Greensill/login/Page_RealRating/button_Login' is clicked on

2019-07-02 10:19:29 - [MESSAGE][PASSED] - Object: 'Object Repository/REALRatings/Greensill/login/Page_RealRating/button_Login' is clicked on

2019-07-02 10:19:29 - [TEST_STEP][PASSED] - getAllLinksOnCurrentPage(false, []): Found 16 unique links on the page https://uat-cil.realrating.co.uk/home

2019-07-02 10:19:29 - [MESSAGE][PASSED] - Found 16 unique links on the page https://uat-cil.realrating.co.uk/home

2019-07-02 10:19:29 - [TEST_STEP][PASSED] - verifyAllLinksOnCurrentPageAccessible(false, []): All links on the page 'https://uat-cil.realrating.co.uk/home' are accessible

2019-07-02 10:19:29 - [MESSAGE][PASSED] - Found 16 unique links on the page https://uat-cil.realrating.co.uk/home

2019-07-02 10:19:34 - [MESSAGE][INFO] - HAR: C:\Users\sambhavi\git\didactic-octo-spork\Reports\REALratings\CIL\20190702_101848\requests\main\0.har

2019-07-02 10:19:34 - [MESSAGE][PASSED] - Send request successfully

2019-07-02 10:19:35 - [MESSAGE][INFO] - HAR: C:\Users\sambhavi\git\didactic-octo-spork\Reports\REALratings\CIL\20190702_101848\requests\main\1.har

2019-07-02 10:19:35 - [MESSAGE][PASSED] - Send request successfully

2019-07-02 10:19:35 - [MESSAGE][INFO] - HAR: C:\Users\sambhavi\git\didactic-octo-spork\Reports\REALratings\CIL\20190702_101848\requests\main\2.har

2019-07-02 10:19:36 - [MESSAGE][PASSED] - Send request successfully

2019-07-02 10:19:36 - [MESSAGE][INFO] - HAR: C:\Users\sambhavi\git\didactic-octo-spork\Reports\REALratings\CIL\20190702_101848\requests\main\3.har

2019-07-02 10:19:36 - [MESSAGE][PASSED] - Send request successfully

2019-07-02 10:19:37 - [MESSAGE][INFO] - HAR: C:\Users\sambhavi\git\didactic-octo-spork\Reports\REALratings\CIL\20190702_101848\requests\main\4.har

2019-07-02 10:19:37 - [MESSAGE][PASSED] - Send request successfully

2019-07-02 10:19:38 - [MESSAGE][INFO] - HAR: C:\Users\sambhavi\git\didactic-octo-spork\Reports\REALratings\CIL\20190702_101848\requests\main\5.har

2019-07-02 10:19:38 - [MESSAGE][PASSED] - Send request successfully

2019-07-02 10:19:39 - [MESSAGE][INFO] - HAR: C:\Users\sambhavi\git\didactic-octo-spork\Reports\REALratings\CIL\20190702_101848\requests\main\6.har

2019-07-02 10:19:39 - [MESSAGE][PASSED] - Send request successfully

2019-07-02 10:19:40 - [MESSAGE][INFO] - HAR: C:\Users\sambhavi\git\didactic-octo-spork\Reports\REALratings\CIL\20190702_101848\requests\main\7.har

2019-07-02 10:19:40 - [MESSAGE][PASSED] - Send request successfully

2019-07-02 10:19:41 - [MESSAGE][INFO] - HAR: C:\Users\sambhavi\git\didactic-octo-spork\Reports\REALratings\CIL\20190702_101848\requests\main\8.har

2019-07-02 10:19:41 - [MESSAGE][PASSED] - Send request successfully

2019-07-02 10:19:41 - [MESSAGE][INFO] - HAR: C:\Users\sambhavi\git\didactic-octo-spork\Reports\REALratings\CIL\20190702_101848\requests\main\9.har

2019-07-02 10:19:42 - [MESSAGE][PASSED] - Send request successfully

2019-07-02 10:19:42 - [MESSAGE][INFO] - HAR: C:\Users\sambhavi\git\didactic-octo-spork\Reports\REALratings\CIL\20190702_101848\requests\main\10.har

2019-07-02 10:19:42 - [MESSAGE][PASSED] - Send request successfully

2019-07-02 10:19:52 - [MESSAGE][INFO] - HAR: C:\Users\sambhavi\git\didactic-octo-spork\Reports\REALratings\CIL\20190702_101848\requests\main\11.har

2019-07-02 10:19:52 - [MESSAGE][PASSED] - Send request successfully

2019-07-02 10:19:54 - [MESSAGE][INFO] - HAR: C:\Users\sambhavi\git\didactic-octo-spork\Reports\REALratings\CIL\20190702_101848\requests\main\12.har

2019-07-02 10:19:54 - [MESSAGE][PASSED] - Send request successfully

2019-07-02 10:19:56 - [MESSAGE][INFO] - HAR: C:\Users\sambhavi\git\didactic-octo-spork\Reports\REALratings\CIL\20190702_101848\requests\main\13.har

2019-07-02 10:19:56 - [MESSAGE][PASSED] - Send request successfully

2019-07-02 10:19:57 - [MESSAGE][INFO] - HAR: C:\Users\sambhavi\git\didactic-octo-spork\Reports\REALratings\CIL\20190702_101848\requests\main\14.har

2019-07-02 10:19:57 - [MESSAGE][PASSED] - Send request successfully

2019-07-02 10:19:57 - [MESSAGE][INFO] - HAR: C:\Users\sambhavi\git\didactic-octo-spork\Reports\REALratings\CIL\20190702_101848\requests\main\15.har

2019-07-02 10:19:57 - [MESSAGE][PASSED] - Send request successfully

2019-07-02 10:19:57 - [MESSAGE][PASSED] - All links are accessible

2019-07-02 10:19:57 - [MESSAGE][PASSED] - All links on the page 'https://uat-cil.realrating.co.uk/home' are accessible

2019-07-02 10:19:57 - [TEST_STEP][PASSED] - click(findTestObject("REALRatings/Greensill/login/Page_RealRating/Other Qualifications Tab")): Object: 'Object Repository/REALRatings/Greensill/login/Page_RealRating/Other Qualifications Tab' is clicked on

2019-07-02 10:19:57 - [MESSAGE][PASSED] - Object: 'Object Repository/REALRatings/Greensill/login/Page_RealRating/Other Qualifications Tab' is clicked on

2019-07-02 10:19:57 - [TEST_STEP][PASSED] - getAllLinksOnCurrentPage(false, []): Found 16 unique links on the page https://uat-cil.realrating.co.uk/home

2019-07-02 10:19:58 - [MESSAGE][PASSED] - Found 16 unique links on the page https://uat-cil.realrating.co.uk/home

2019-07-02 10:19:58 - [TEST_STEP][PASSED] - verifyAllLinksOnCurrentPageAccessible(false, []): All links on the page 'https://uat-cil.realrating.co.uk/home' are accessible

2019-07-02 10:19:58 - [MESSAGE][PASSED] - Found 16 unique links on the page https://uat-cil.realrating.co.uk/home

2019-07-02 10:20:01 - [MESSAGE][INFO] - HAR: C:\Users\sambhavi\git\didactic-octo-spork\Reports\REALratings\CIL\20190702_101848\requests\main\16.har

2019-07-02 10:20:01 - [MESSAGE][PASSED] - Send request successfully

2019-07-02 10:20:02 - [MESSAGE][INFO] - HAR: C:\Users\sambhavi\git\didactic-octo-spork\Reports\REALratings\CIL\20190702_101848\requests\main\17.har

2019-07-02 10:20:02 - [MESSAGE][PASSED] - Send request successfully

2019-07-02 10:20:02 - [MESSAGE][INFO] - HAR: C:\Users\sambhavi\git\didactic-octo-spork\Reports\REALratings\CIL\20190702_101848\requests\main\18.har

2019-07-02 10:20:02 - [MESSAGE][PASSED] - Send request successfully

2019-07-02 10:20:03 - [MESSAGE][INFO] - HAR: C:\Users\sambhavi\git\didactic-octo-spork\Reports\REALratings\CIL\20190702_101848\requests\main\19.har

2019-07-02 10:20:03 - [MESSAGE][PASSED] - Send request successfully

2019-07-02 10:20:04 - [MESSAGE][INFO] - HAR: C:\Users\sambhavi\git\didactic-octo-spork\Reports\REALratings\CIL\20190702_101848\requests\main\20.har

2019-07-02 10:20:04 - [MESSAGE][PASSED] - Send request successfully

2019-07-02 10:20:04 - [MESSAGE][INFO] - HAR: C:\Users\sambhavi\git\didactic-octo-spork\Reports\REALratings\CIL\20190702_101848\requests\main\21.har

2019-07-02 10:20:04 - [MESSAGE][PASSED] - Send request successfully

2019-07-02 10:20:05 - [MESSAGE][INFO] - HAR: C:\Users\sambhavi\git\didactic-octo-spork\Reports\REALratings\CIL\20190702_101848\requests\main\22.har

2019-07-02 10:20:05 - [MESSAGE][PASSED] - Send request successfully

2019-07-02 10:20:07 - [MESSAGE][INFO] - HAR: C:\Users\sambhavi\git\didactic-octo-spork\Reports\REALratings\CIL\20190702_101848\requests\main\23.har

2019-07-02 10:20:07 - [MESSAGE][PASSED] - Send request successfully

2019-07-02 10:20:07 - [MESSAGE][INFO] - HAR: C:\Users\sambhavi\git\didactic-octo-spork\Reports\REALratings\CIL\20190702_101848\requests\main\24.har

2019-07-02 10:20:07 - [MESSAGE][PASSED] - Send request successfully

2019-07-02 10:20:08 - [MESSAGE][INFO] - HAR: C:\Users\sambhavi\git\didactic-octo-spork\Reports\REALratings\CIL\20190702_101848\requests\main\25.har

2019-07-02 10:20:08 - [MESSAGE][PASSED] - Send request successfully

2019-07-02 10:20:09 - [MESSAGE][INFO] - HAR: C:\Users\sambhavi\git\didactic-octo-spork\Reports\REALratings\CIL\20190702_101848\requests\main\26.har

2019-07-02 10:20:09 - [MESSAGE][PASSED] - Send request successfully

2019-07-02 10:20:10 - [MESSAGE][INFO] - HAR: C:\Users\sambhavi\git\didactic-octo-spork\Reports\REALratings\CIL\20190702_101848\requests\main\27.har

2019-07-02 10:20:10 - [MESSAGE][PASSED] - Send request successfully

2019-07-02 10:20:11 - [MESSAGE][INFO] - HAR: C:\Users\sambhavi\git\didactic-octo-spork\Reports\REALratings\CIL\20190702_101848\requests\main\28.har

2019-07-02 10:20:11 - [MESSAGE][PASSED] - Send request successfully

2019-07-02 10:20:14 - [MESSAGE][INFO] - HAR: C:\Users\sambhavi\git\didactic-octo-spork\Reports\REALratings\CIL\20190702_101848\requests\main\29.har

2019-07-02 10:20:14 - [MESSAGE][PASSED] - Send request successfully

2019-07-02 10:20:15 - [MESSAGE][INFO] - HAR: C:\Users\sambhavi\git\didactic-octo-spork\Reports\REALratings\CIL\20190702_101848\requests\main\30.har

2019-07-02 10:20:15 - [MESSAGE][PASSED] - Send request successfully

2019-07-02 10:20:15 - [MESSAGE][INFO] - HAR: C:\Users\sambhavi\git\didactic-octo-spork\Reports\REALratings\CIL\20190702_101848\requests\main\31.har

2019-07-02 10:20:15 - [MESSAGE][PASSED] - Send request successfully

2019-07-02 10:20:15 - [MESSAGE][PASSED] - All links are accessible

2019-07-02 10:20:15 - [MESSAGE][PASSED] - All links on the page 'https://uat-cil.realrating.co.uk/home' are accessible

2019-07-02 10:20:15 - [TEST_STEP][PASSED] - click(findTestObject("REALRatings/Greensill/login/Page_RealRating/Profile")): Object: 'Object Repository/REALRatings/Greensill/login/Page_RealRating/Profile' is clicked on

2019-07-02 10:20:15 - [MESSAGE][PASSED] - Object: 'Object Repository/REALRatings/Greensill/login/Page_RealRating/Profile' is clicked on

2019-07-02 10:20:15 - [TEST_STEP][PASSED] - click(findTestObject("REALRatings/Greensill/login/Page_RealRating/Logout")): Object: 'Object Repository/REALRatings/Greensill/login/Page_RealRating/Logout' is clicked on

2019-07-02 10:20:15 - [MESSAGE][PASSED] - Object: 'Object Repository/REALRatings/Greensill/login/Page_RealRating/Logout' is clicked on

2019-07-02 10:20:15 - [TEST_STEP][PASSED] - delay(5): Delayed 5 second(s)

2019-07-02 10:20:21 - [MESSAGE][PASSED] - Delayed 5 second(s)

2019-07-02 10:20:21 - [TEST_STEP][PASSED] - click(findTestObject("REALRatings/Greensill/login/Page_RealRating/button_Logout")): Object: 'Object Repository/REALRatings/Greensill/login/Page_RealRating/button_Logout' is clicked on

2019-07-02 10:20:21 - [MESSAGE][PASSED] - Object: 'Object Repository/REALRatings/Greensill/login/Page_RealRating/button_Logout' is clicked on

2019-07-02 10:20:21 - [TEST_STEP][PASSED] - assert getUrl() == "https://uat-cil.realrating.co.uk/login": Current window's url is: 'https://uat-cil.realrating.co.uk/login'

2019-07-02 10:20:21 - [MESSAGE][PASSED] - Current window's url is: 'https://uat-cil.realrating.co.uk/login']]></system-out>
         <system-err><![CDATA[]]></system-err>
      </testcase>
      <system-out><![CDATA[2019-07-02 10:18:50 - [TEST_SUITE][PASSED] - CIL: Test Cases/REALratings/CIL/Login]]></system-out>
      <system-err><![CDATA[]]></system-err>
   </testsuite>
</testsuites>
